<?xml version="1.0" encoding="UTF-8"?>
<testsuite name="org.xlbean.writer.XlBeanWriterTest" tests="3" skipped="0" failures="0" errors="0" timestamp="2017-07-24T11:43:24" hostname="DESKTOP-F58CKQI" time="0.836">
  <properties/>
  <testcase name="test_write_with_bean_definition2" classname="org.xlbean.writer.XlBeanWriterTest" time="0.394"/>
  <testcase name="test_write_with_bean_definition" classname="org.xlbean.writer.XlBeanWriterTest" time="0.109"/>
  <testcase name="test_write" classname="org.xlbean.writer.XlBeanWriterTest" time="0.331"/>
  <system-out><![CDATA[20:43:24.739 [Test worker] DEBUG o.x.d.ExcelR1C1DefinitionLoader - Start loading table definition from sheet presidents
20:43:24.741 [Test worker] INFO  o.x.d.ExcelR1C1DefinitionLoader - Loaded table definition from sheet presidents [2 msec]
20:43:24.898 [Test worker] DEBUG org.xlbean.data.ExcelDataSaver - Start saving data: definitions.definitions
20:43:24.926 [Test worker] INFO  org.xlbean.data.ExcelDataSaver - Saved data: definitions.definitions [28 msec]
20:43:24.926 [Test worker] DEBUG org.xlbean.data.ExcelDataSaver - Start saving data: $definition_0_60
20:43:24.928 [Test worker] INFO  org.xlbean.data.ExcelDataSaver - Saved data: $definition_0_60 [2 msec]
20:43:24.929 [Test worker] DEBUG org.xlbean.data.ExcelDataSaver - Start saving data: $definition_0_38
20:43:24.930 [Test worker] INFO  org.xlbean.data.ExcelDataSaver - Saved data: $definition_0_38 [1 msec]
20:43:24.930 [Test worker] DEBUG org.xlbean.data.ExcelDataSaver - Start saving data: $definition_0_56
20:43:24.930 [Test worker] INFO  org.xlbean.data.ExcelDataSaver - Saved data: $definition_0_56 [0 msec]
20:43:24.931 [Test worker] DEBUG org.xlbean.data.ExcelDataSaver - Start saving data: $definition_0_59
20:43:24.931 [Test worker] INFO  org.xlbean.data.ExcelDataSaver - Saved data: $definition_0_59 [0 msec]
20:43:24.932 [Test worker] DEBUG org.xlbean.data.ExcelDataSaver - Start saving data: $definition_0_24
20:43:24.933 [Test worker] INFO  org.xlbean.data.ExcelDataSaver - Saved data: $definition_0_24 [1 msec]
20:43:24.933 [Test worker] DEBUG org.xlbean.data.ExcelDataSaver - Start saving data: $definition_0_47
20:43:24.934 [Test worker] INFO  org.xlbean.data.ExcelDataSaver - Saved data: $definition_0_47 [1 msec]
20:43:24.934 [Test worker] DEBUG org.xlbean.data.ExcelDataSaver - Start saving data: $definition_0_51
20:43:24.935 [Test worker] INFO  org.xlbean.data.ExcelDataSaver - Saved data: $definition_0_51 [1 msec]
20:43:24.935 [Test worker] DEBUG org.xlbean.data.ExcelDataSaver - Start saving data: $definition_0_2
20:43:24.936 [Test worker] INFO  org.xlbean.data.ExcelDataSaver - Saved data: $definition_0_2 [1 msec]
20:43:24.936 [Test worker] DEBUG org.xlbean.data.ExcelDataSaver - Start saving data: $definition_0_16
20:43:24.937 [Test worker] INFO  org.xlbean.data.ExcelDataSaver - Saved data: $definition_0_16 [1 msec]
20:43:24.937 [Test worker] DEBUG org.xlbean.data.ExcelDataSaver - Start saving data: $definition_0_21
20:43:24.937 [Test worker] INFO  org.xlbean.data.ExcelDataSaver - Saved data: $definition_0_21 [0 msec]
20:43:24.937 [Test worker] DEBUG org.xlbean.data.ExcelDataSaver - Start saving data: $definition_0_41
20:43:24.938 [Test worker] INFO  org.xlbean.data.ExcelDataSaver - Saved data: $definition_0_41 [1 msec]
20:43:24.938 [Test worker] DEBUG org.xlbean.data.ExcelDataSaver - Start saving data: $definition_0_26
20:43:24.939 [Test worker] INFO  org.xlbean.data.ExcelDataSaver - Saved data: $definition_0_26 [1 msec]
20:43:24.939 [Test worker] DEBUG org.xlbean.data.ExcelDataSaver - Start saving data: $definition_0_50
20:43:24.940 [Test worker] INFO  org.xlbean.data.ExcelDataSaver - Saved data: $definition_0_50 [1 msec]
20:43:24.940 [Test worker] DEBUG org.xlbean.data.ExcelDataSaver - Start saving data: $definition_0_35
20:43:24.941 [Test worker] INFO  org.xlbean.data.ExcelDataSaver - Saved data: $definition_0_35 [1 msec]
20:43:24.941 [Test worker] DEBUG org.xlbean.data.ExcelDataSaver - Start saving data: $definition_0_32
20:43:24.942 [Test worker] INFO  org.xlbean.data.ExcelDataSaver - Saved data: $definition_0_32 [1 msec]
20:43:24.942 [Test worker] DEBUG org.xlbean.data.ExcelDataSaver - Start saving data: $definition_0_9
20:43:24.942 [Test worker] INFO  org.xlbean.data.ExcelDataSaver - Saved data: $definition_0_9 [0 msec]
20:43:24.942 [Test worker] DEBUG org.xlbean.data.ExcelDataSaver - Start saving data: $definition_0_8
20:43:24.943 [Test worker] INFO  org.xlbean.data.ExcelDataSaver - Saved data: $definition_0_8 [1 msec]
20:43:24.944 [Test worker] DEBUG org.xlbean.data.ExcelDataSaver - Start saving data: $definition_0_42
20:43:24.944 [Test worker] INFO  org.xlbean.data.ExcelDataSaver - Saved data: $definition_0_42 [0 msec]
20:43:24.944 [Test worker] DEBUG org.xlbean.data.ExcelDataSaver - Start saving data: $definition_0_54
20:43:24.945 [Test worker] INFO  org.xlbean.data.ExcelDataSaver - Saved data: $definition_0_54 [1 msec]
20:43:24.945 [Test worker] DEBUG org.xlbean.data.ExcelDataSaver - Start saving data: $definition_0_23
20:43:24.946 [Test worker] INFO  org.xlbean.data.ExcelDataSaver - Saved data: $definition_0_23 [1 msec]
20:43:24.946 [Test worker] DEBUG org.xlbean.data.ExcelDataSaver - Start saving data: $definition_0_25
20:43:24.946 [Test worker] INFO  org.xlbean.data.ExcelDataSaver - Saved data: $definition_0_25 [0 msec]
20:43:24.946 [Test worker] DEBUG org.xlbean.data.ExcelDataSaver - Start saving data: $definition_0_18
20:43:24.947 [Test worker] INFO  org.xlbean.data.ExcelDataSaver - Saved data: $definition_0_18 [1 msec]
20:43:24.947 [Test worker] DEBUG org.xlbean.data.ExcelDataSaver - Start saving data: $definition_0_48
20:43:24.947 [Test worker] INFO  org.xlbean.data.ExcelDataSaver - Saved data: $definition_0_48 [0 msec]
20:43:24.947 [Test worker] DEBUG org.xlbean.data.ExcelDataSaver - Start saving data: $definition_0_3
20:43:24.948 [Test worker] INFO  org.xlbean.data.ExcelDataSaver - Saved data: $definition_0_3 [1 msec]
20:43:24.948 [Test worker] DEBUG org.xlbean.data.ExcelDataSaver - Start saving data: $definition_0_30
20:43:24.948 [Test worker] INFO  org.xlbean.data.ExcelDataSaver - Saved data: $definition_0_30 [0 msec]
20:43:24.948 [Test worker] DEBUG org.xlbean.data.ExcelDataSaver - Start saving data: $definition_0_31
20:43:24.949 [Test worker] INFO  org.xlbean.data.ExcelDataSaver - Saved data: $definition_0_31 [1 msec]
20:43:24.949 [Test worker] DEBUG org.xlbean.data.ExcelDataSaver - Start saving data: $definition_0_45
20:43:24.949 [Test worker] INFO  org.xlbean.data.ExcelDataSaver - Saved data: $definition_0_45 [0 msec]
20:43:24.949 [Test worker] DEBUG org.xlbean.data.ExcelDataSaver - Start saving data: $definition_0_17
20:43:24.950 [Test worker] INFO  org.xlbean.data.ExcelDataSaver - Saved data: $definition_0_17 [1 msec]
20:43:24.950 [Test worker] DEBUG org.xlbean.data.ExcelDataSaver - Start saving data: $definition_0_55
20:43:24.951 [Test worker] INFO  org.xlbean.data.ExcelDataSaver - Saved data: $definition_0_55 [1 msec]
20:43:24.951 [Test worker] DEBUG org.xlbean.data.ExcelDataSaver - Start saving data: $definition_0_20
20:43:24.952 [Test worker] INFO  org.xlbean.data.ExcelDataSaver - Saved data: $definition_0_20 [1 msec]
20:43:24.952 [Test worker] DEBUG org.xlbean.data.ExcelDataSaver - Start saving data: $definition_0_4
20:43:24.952 [Test worker] INFO  org.xlbean.data.ExcelDataSaver - Saved data: $definition_0_4 [0 msec]
20:43:24.952 [Test worker] DEBUG org.xlbean.data.ExcelDataSaver - Start saving data: $definition_0_28
20:43:24.953 [Test worker] INFO  org.xlbean.data.ExcelDataSaver - Saved data: $definition_0_28 [1 msec]
20:43:24.953 [Test worker] DEBUG org.xlbean.data.ExcelDataSaver - Start saving data: $definition_0_12
20:43:24.954 [Test worker] INFO  org.xlbean.data.ExcelDataSaver - Saved data: $definition_0_12 [1 msec]
20:43:24.954 [Test worker] DEBUG org.xlbean.data.ExcelDataSaver - Start saving data: $definition_0_10
20:43:24.955 [Test worker] INFO  org.xlbean.data.ExcelDataSaver - Saved data: $definition_0_10 [1 msec]
20:43:24.955 [Test worker] DEBUG org.xlbean.data.ExcelDataSaver - Start saving data: $definition_0_39
20:43:24.955 [Test worker] INFO  org.xlbean.data.ExcelDataSaver - Saved data: $definition_0_39 [0 msec]
20:43:24.955 [Test worker] DEBUG org.xlbean.data.ExcelDataSaver - Start saving data: $definition_0_29
20:43:24.956 [Test worker] INFO  org.xlbean.data.ExcelDataSaver - Saved data: $definition_0_29 [1 msec]
20:43:24.956 [Test worker] DEBUG org.xlbean.data.ExcelDataSaver - Start saving data: $definition_0_46
20:43:24.957 [Test worker] INFO  org.xlbean.data.ExcelDataSaver - Saved data: $definition_0_46 [1 msec]
20:43:24.957 [Test worker] DEBUG org.xlbean.data.ExcelDataSaver - Start saving data: $definition_0_43
20:43:24.957 [Test worker] INFO  org.xlbean.data.ExcelDataSaver - Saved data: $definition_0_43 [0 msec]
20:43:24.957 [Test worker] DEBUG org.xlbean.data.ExcelDataSaver - Start saving data: $definition_0_7
20:43:24.958 [Test worker] INFO  org.xlbean.data.ExcelDataSaver - Saved data: $definition_0_7 [1 msec]
20:43:24.958 [Test worker] DEBUG org.xlbean.data.ExcelDataSaver - Start saving data: $definition_0_44
20:43:24.958 [Test worker] INFO  org.xlbean.data.ExcelDataSaver - Saved data: $definition_0_44 [0 msec]
20:43:24.958 [Test worker] DEBUG org.xlbean.data.ExcelDataSaver - Start saving data: $definition_0_49
20:43:24.959 [Test worker] INFO  org.xlbean.data.ExcelDataSaver - Saved data: $definition_0_49 [1 msec]
20:43:24.959 [Test worker] DEBUG org.xlbean.data.ExcelDataSaver - Start saving data: $definition_0_57
20:43:24.960 [Test worker] INFO  org.xlbean.data.ExcelDataSaver - Saved data: $definition_0_57 [1 msec]
20:43:24.961 [Test worker] DEBUG org.xlbean.data.ExcelDataSaver - Start saving data: $definition_0_34
20:43:24.962 [Test worker] INFO  org.xlbean.data.ExcelDataSaver - Saved data: $definition_0_34 [1 msec]
20:43:24.962 [Test worker] DEBUG org.xlbean.data.ExcelDataSaver - Start saving data: $definition_0_53
20:43:24.963 [Test worker] INFO  org.xlbean.data.ExcelDataSaver - Saved data: $definition_0_53 [1 msec]
20:43:24.963 [Test worker] DEBUG org.xlbean.data.ExcelDataSaver - Start saving data: $definition_0_58
20:43:24.963 [Test worker] INFO  org.xlbean.data.ExcelDataSaver - Saved data: $definition_0_58 [0 msec]
20:43:24.964 [Test worker] DEBUG org.xlbean.data.ExcelDataSaver - Start saving data: $definition_0_13
20:43:24.964 [Test worker] INFO  org.xlbean.data.ExcelDataSaver - Saved data: $definition_0_13 [0 msec]
20:43:24.964 [Test worker] DEBUG org.xlbean.data.ExcelDataSaver - Start saving data: $definition_0_40
20:43:24.965 [Test worker] INFO  org.xlbean.data.ExcelDataSaver - Saved data: $definition_0_40 [1 msec]
20:43:24.965 [Test worker] DEBUG org.xlbean.data.ExcelDataSaver - Start saving data: $definition_0_27
20:43:24.966 [Test worker] INFO  org.xlbean.data.ExcelDataSaver - Saved data: $definition_0_27 [1 msec]
20:43:24.966 [Test worker] DEBUG org.xlbean.data.ExcelDataSaver - Start saving data: $definition_0_22
20:43:24.967 [Test worker] INFO  org.xlbean.data.ExcelDataSaver - Saved data: $definition_0_22 [1 msec]
20:43:24.967 [Test worker] DEBUG org.xlbean.data.ExcelDataSaver - Start saving data: $definition_0_19
20:43:24.967 [Test worker] INFO  org.xlbean.data.ExcelDataSaver - Saved data: $definition_0_19 [0 msec]
20:43:24.968 [Test worker] DEBUG org.xlbean.data.ExcelDataSaver - Start saving data: $definition_0_36
20:43:24.968 [Test worker] INFO  org.xlbean.data.ExcelDataSaver - Saved data: $definition_0_36 [0 msec]
20:43:24.969 [Test worker] DEBUG org.xlbean.data.ExcelDataSaver - Start saving data: $definition_0_14
20:43:24.969 [Test worker] INFO  org.xlbean.data.ExcelDataSaver - Saved data: $definition_0_14 [0 msec]
20:43:24.970 [Test worker] DEBUG org.xlbean.data.ExcelDataSaver - Start saving data: $definition_0_37
20:43:24.970 [Test worker] INFO  org.xlbean.data.ExcelDataSaver - Saved data: $definition_0_37 [0 msec]
20:43:24.971 [Test worker] DEBUG org.xlbean.data.ExcelDataSaver - Start saving data: $definition_0_52
20:43:24.971 [Test worker] INFO  org.xlbean.data.ExcelDataSaver - Saved data: $definition_0_52 [0 msec]
20:43:24.972 [Test worker] DEBUG org.xlbean.data.ExcelDataSaver - Start saving data: $definition_0_33
20:43:24.972 [Test worker] INFO  org.xlbean.data.ExcelDataSaver - Saved data: $definition_0_33 [0 msec]
20:43:24.973 [Test worker] DEBUG org.xlbean.data.ExcelDataSaver - Start saving data: $definition_0_5
20:43:24.973 [Test worker] INFO  org.xlbean.data.ExcelDataSaver - Saved data: $definition_0_5 [0 msec]
20:43:24.973 [Test worker] DEBUG org.xlbean.data.ExcelDataSaver - Start saving data: $definition_0_15
20:43:24.974 [Test worker] INFO  org.xlbean.data.ExcelDataSaver - Saved data: $definition_0_15 [1 msec]
20:43:24.974 [Test worker] DEBUG org.xlbean.data.ExcelDataSaver - Start saving data: $definition_0_6
20:43:24.974 [Test worker] INFO  org.xlbean.data.ExcelDataSaver - Saved data: $definition_0_6 [0 msec]
20:43:24.975 [Test worker] DEBUG org.xlbean.data.ExcelDataSaver - Start saving data: $definition_0_11
20:43:24.976 [Test worker] INFO  org.xlbean.data.ExcelDataSaver - Saved data: $definition_0_11 [1 msec]
20:43:24.976 [Test worker] DEBUG org.xlbean.data.ExcelDataSaver - Start saving data: $definition_1_0
20:43:24.976 [Test worker] INFO  org.xlbean.data.ExcelDataSaver - Saved data: $definition_1_0 [0 msec]
20:43:25.109 [Test worker] DEBUG o.x.d.ExcelR1C1DefinitionLoader - Start loading table definition from sheet presidents
20:43:25.112 [Test worker] INFO  o.x.d.ExcelR1C1DefinitionLoader - Loaded table definition from sheet presidents [3 msec]
20:43:25.112 [Test worker] DEBUG org.xlbean.data.ExcelDataLoader - Start loading data: presidents
20:43:25.115 [Test worker] TRACE org.xlbean.data.TableValueLoader - {name=John F. Kennedy, inOfficeTo=1963/11/22 00:00:00.000, numberOfDaysInOffice=1036.0, dateOfBirth=1917/05/29 00:00:00.000, inOfficeFrom=1961/01/20 00:00:00.000, stateOfBirth=Massachusetts}
20:43:25.117 [Test worker] TRACE org.xlbean.data.TableValueLoader - {name=Lyndon B. Johnson, inOfficeTo=1969/01/20 00:00:00.000, numberOfDaysInOffice=1886.0, dateOfBirth=1908/08/27 00:00:00.000, inOfficeFrom=1963/11/22 00:00:00.000, stateOfBirth=Texas}
20:43:25.119 [Test worker] TRACE org.xlbean.data.TableValueLoader - {name=Richard M. Nixon, inOfficeTo=1974/08/09 00:00:00.000, numberOfDaysInOffice=2027.0, dateOfBirth=1913/01/09 00:00:00.000, inOfficeFrom=1969/01/20 00:00:00.000, stateOfBirth=California}
20:43:25.120 [Test worker] TRACE org.xlbean.data.TableValueLoader - {name=Gerald R. Ford, inOfficeTo=1977/01/20 00:00:00.000, numberOfDaysInOffice=895.0, dateOfBirth=1913/07/14 00:00:00.000, inOfficeFrom=1974/08/09 00:00:00.000, stateOfBirth=Nebraska}
20:43:25.121 [Test worker] TRACE org.xlbean.data.TableValueLoader - {name=Jimmy Carter, inOfficeTo=1981/01/20 00:00:00.000, numberOfDaysInOffice=1461.0, dateOfBirth=1924/10/01 00:00:00.000, inOfficeFrom=1977/01/20 00:00:00.000, stateOfBirth=Georgia}
20:43:25.122 [Test worker] TRACE org.xlbean.data.TableValueLoader - {name=Ronald Reagan, inOfficeTo=1989/01/20 00:00:00.000, numberOfDaysInOffice=2922.0, dateOfBirth=1911/02/06 00:00:00.000, inOfficeFrom=1981/01/20 00:00:00.000, stateOfBirth=Illinois}
20:43:25.123 [Test worker] TRACE org.xlbean.data.TableValueLoader - {name=George H. W. Bush, inOfficeTo=1993/01/20 00:00:00.000, numberOfDaysInOffice=1461.0, dateOfBirth=1924/06/12 00:00:00.000, inOfficeFrom=1989/01/20 00:00:00.000, stateOfBirth=Massachusetts}
20:43:25.125 [Test worker] TRACE org.xlbean.data.TableValueLoader - {name=Bill Clinton, inOfficeTo=2001/01/20 00:00:00.000, numberOfDaysInOffice=2922.0, dateOfBirth=1946/08/19 00:00:00.000, inOfficeFrom=1993/01/20 00:00:00.000, stateOfBirth=Arkansas}
20:43:25.126 [Test worker] TRACE org.xlbean.data.TableValueLoader - {name=George W. Bush, inOfficeTo=2009/01/20 00:00:00.000, numberOfDaysInOffice=2922.0, dateOfBirth=1946/07/06 00:00:00.000, inOfficeFrom=2001/01/20 00:00:00.000, stateOfBirth=Connecticut}
20:43:25.127 [Test worker] TRACE org.xlbean.data.TableValueLoader - {name=Barack Obama, inOfficeTo=2017/01/20 00:00:00.000, numberOfDaysInOffice=2922.0, dateOfBirth=1961/08/04 00:00:00.000, inOfficeFrom=2009/01/20 00:00:00.000, stateOfBirth=Hawaii}
20:43:25.128 [Test worker] TRACE org.xlbean.data.TableValueLoader - {name=Donald Trump, dateOfBirth=1946/06/14 00:00:00.000, inOfficeFrom=2017/01/20 00:00:00.000, stateOfBirth=New York}
20:43:25.128 [Test worker] TRACE org.xlbean.data.TableValueLoader - {}
20:43:25.129 [Test worker] INFO  org.xlbean.data.ExcelDataLoader - Loaded data: presidents [17 msec]
20:43:25.129 [Test worker] DEBUG org.xlbean.data.ExcelDataLoader - Start loading data: name
20:43:25.129 [Test worker] TRACE org.xlbean.data.SingleValueLoader - United States of America
20:43:25.130 [Test worker] INFO  org.xlbean.data.ExcelDataLoader - Loaded data: name [1 msec]
20:43:25.130 [Test worker] DEBUG org.xlbean.data.ExcelDataLoader - Start loading data: stats.totalArea
20:43:25.130 [Test worker] TRACE org.xlbean.data.SingleValueLoader - 9833520.0
20:43:25.130 [Test worker] INFO  org.xlbean.data.ExcelDataLoader - Loaded data: stats.totalArea [0 msec]
20:43:25.130 [Test worker] DEBUG org.xlbean.data.ExcelDataLoader - Start loading data: stats.gdp
20:43:25.131 [Test worker] TRACE org.xlbean.data.SingleValueLoader - 18558000000000000
20:43:25.131 [Test worker] INFO  org.xlbean.data.ExcelDataLoader - Loaded data: stats.gdp [1 msec]
20:43:25.138 [Test worker] DEBUG org.xlbean.data.ExcelDataSaver - Start saving data: name
20:43:25.139 [Test worker] INFO  org.xlbean.data.ExcelDataSaver - Saved data: name [1 msec]
20:43:25.139 [Test worker] DEBUG org.xlbean.data.ExcelDataSaver - Start saving data: presidents
20:43:25.157 [Test worker] INFO  org.xlbean.data.ExcelDataSaver - Saved data: presidents [18 msec]
20:43:25.157 [Test worker] DEBUG org.xlbean.data.ExcelDataSaver - Start saving data: stats.gdp
20:43:25.157 [Test worker] INFO  org.xlbean.data.ExcelDataSaver - Saved data: stats.gdp [0 msec]
20:43:25.157 [Test worker] DEBUG org.xlbean.data.ExcelDataSaver - Start saving data: stats.totalArea
20:43:25.157 [Test worker] INFO  org.xlbean.data.ExcelDataSaver - Saved data: stats.totalArea [0 msec]
20:43:25.157 [Test worker] DEBUG org.xlbean.data.ExcelDataSaver - Start saving data: $definition_1_0
20:43:25.158 [Test worker] INFO  org.xlbean.data.ExcelDataSaver - Saved data: $definition_1_0 [1 msec]
20:43:25.158 [Test worker] DEBUG org.xlbean.data.ExcelDataSaver - Start saving data: $definition_0_1
20:43:25.159 [Test worker] INFO  org.xlbean.data.ExcelDataSaver - Saved data: $definition_0_1 [1 msec]
20:43:25.159 [Test worker] DEBUG org.xlbean.data.ExcelDataSaver - Start saving data: $definition_0_5
20:43:25.159 [Test worker] INFO  org.xlbean.data.ExcelDataSaver - Saved data: $definition_0_5 [0 msec]
20:43:25.159 [Test worker] DEBUG org.xlbean.data.ExcelDataSaver - Start saving data: $definition_0_4
20:43:25.160 [Test worker] INFO  org.xlbean.data.ExcelDataSaver - Saved data: $definition_0_4 [1 msec]
20:43:25.160 [Test worker] DEBUG org.xlbean.data.ExcelDataSaver - Start saving data: $definition_0_6
20:43:25.160 [Test worker] INFO  org.xlbean.data.ExcelDataSaver - Saved data: $definition_0_6 [0 msec]
20:43:25.160 [Test worker] DEBUG org.xlbean.data.ExcelDataSaver - Start saving data: $definition_0_2
20:43:25.160 [Test worker] INFO  org.xlbean.data.ExcelDataSaver - Saved data: $definition_0_2 [0 msec]
20:43:25.161 [Test worker] DEBUG org.xlbean.data.ExcelDataSaver - Start saving data: $definition_0_3
20:43:25.161 [Test worker] INFO  org.xlbean.data.ExcelDataSaver - Saved data: $definition_0_3 [0 msec]
20:43:25.161 [Test worker] DEBUG org.xlbean.data.ExcelDataSaver - Start saving data: $definition_0_7
20:43:25.162 [Test worker] INFO  org.xlbean.data.ExcelDataSaver - Saved data: $definition_0_7 [1 msec]
20:43:25.162 [Test worker] DEBUG org.xlbean.data.ExcelDataSaver - Start saving data: $definition_2_0
20:43:25.163 [Test worker] INFO  org.xlbean.data.ExcelDataSaver - Saved data: $definition_2_0 [1 msec]
20:43:25.163 [Test worker] DEBUG org.xlbean.data.ExcelDataSaver - Start saving data: $definition_3_0
20:43:25.163 [Test worker] INFO  org.xlbean.data.ExcelDataSaver - Saved data: $definition_3_0 [0 msec]
20:43:25.266 [Test worker] DEBUG o.x.d.ExcelR1C1DefinitionLoader - Start loading table definition from sheet format
20:43:25.268 [Test worker] INFO  o.x.d.ExcelR1C1DefinitionLoader - Loaded table definition from sheet format [2 msec]
20:43:25.268 [Test worker] DEBUG o.x.d.ExcelR1C1DefinitionLoader - Start loading table definition from sheet formatForceString
20:43:25.271 [Test worker] INFO  o.x.d.ExcelR1C1DefinitionLoader - Loaded table definition from sheet formatForceString [3 msec]
20:43:25.271 [Test worker] DEBUG org.xlbean.data.ExcelDataLoader - Start loading data: format
20:43:25.273 [Test worker] TRACE org.xlbean.data.TableValueLoader - {date=2017/03/18 00:00:00.000, number=12345.6789, string=abcde, percentage=0.1, currency=100.12, id=1.0, accounting=100.12, time=06:55:00.000, user=2017/03/18 00:00:00.000}
20:43:25.274 [Test worker] TRACE org.xlbean.data.TableValueLoader - {date=2017/03/18 00:00:00.000, number=12345.6789, string=12345, percentage=1.1, currency=100.12, id=2.0, accounting=100.12, time=06:55:00.000, user=2017/03/18 00:00:00.000}
20:43:25.278 [Test worker] TRACE org.xlbean.data.TableValueLoader - {date=2017/03/18 00:00:00.000, number=12345.6789, currency=100.12, id=3.0, accounting=100.12, time=06:55:00.000, user=06:59:00.000}
20:43:25.282 [Test worker] TRACE org.xlbean.data.TableValueLoader - {date=2017/03/18 00:00:00.000, number=12345.6789, currency=100.12, id=4.0, time=06:55:00.000, user=06:59:00.000}
20:43:25.283 [Test worker] TRACE org.xlbean.data.TableValueLoader - {date=2017/03/18 00:00:00.000, number=12345.6789, currency=100.12, id=5.0, time=06:55:00.000, user=1234.0}
20:43:25.283 [Test worker] TRACE org.xlbean.data.TableValueLoader - {date=2017/03/18 00:00:00.000, number=12345.6789, currency=100.12, id=6.0, time=06:55:00.000}
20:43:25.284 [Test worker] TRACE org.xlbean.data.TableValueLoader - {date=2017/03/18 00:00:00.000, number=12345.6789, currency=100.12, id=7.0, time=06:55:00.000}
20:43:25.284 [Test worker] TRACE org.xlbean.data.TableValueLoader - {date=2017/03/18 00:00:00.000, number=12345.6789, currency=100.12, id=8.0, time=06:55:00.000}
20:43:25.285 [Test worker] TRACE org.xlbean.data.TableValueLoader - {date=2017/03/18 00:00:00.000, number=12345.6789, currency=100.12, id=9.0, time=06:55:00.000}
20:43:25.285 [Test worker] TRACE org.xlbean.data.TableValueLoader - {date=2017/03/18 00:00:00.000, number=12345.6789, id=10.0, time=06:55:00.000}
20:43:25.286 [Test worker] TRACE org.xlbean.data.TableValueLoader - {date=2017/03/18 00:00:00.000, number=12345.6789, id=11.0}
20:43:25.286 [Test worker] TRACE org.xlbean.data.TableValueLoader - {date=2017/03/18 00:00:00.000, number=1.0, id=12.0}
20:43:25.289 [Test worker] TRACE org.xlbean.data.TableValueLoader - {date=2017/03/18 00:00:00.000, id=13.0}
20:43:25.289 [Test worker] TRACE org.xlbean.data.TableValueLoader - {date=2017/03/18 00:00:00.000, id=14.0}
20:43:25.290 [Test worker] TRACE org.xlbean.data.TableValueLoader - {date=2017/03/18 00:00:00.000, id=15.0}
20:43:25.290 [Test worker] TRACE org.xlbean.data.TableValueLoader - {}
20:43:25.290 [Test worker] INFO  org.xlbean.data.ExcelDataLoader - Loaded data: format [19 msec]
20:43:25.291 [Test worker] DEBUG org.xlbean.data.ExcelDataLoader - Start loading data: formatStr
20:43:25.306 [Test worker] TRACE org.xlbean.data.TableValueLoader - {date=3/18/17, number=12345.6789, string=abcde, percentage=10%, currency=¥100, id=1.0, accounting=¥   100, time=6:55:00 午前, user=2017}
20:43:25.310 [Test worker] TRACE org.xlbean.data.TableValueLoader - {date=土曜日, 3月 18, 2017, number=12346, string=12345, percentage=110.0%, currency=¥100, id=2.0, accounting=¥   100.120, time=6:55, user=3}
20:43:25.313 [Test worker] TRACE org.xlbean.data.TableValueLoader - {date=2017"年"3"月"18"日", number=12346, currency=¥100, id=3.0, accounting=100, time=6:55 午前, user=6}
20:43:25.315 [Test worker] TRACE org.xlbean.data.TableValueLoader - {date=2017"年"3"月", number=12346, currency=¥100, id=4.0, time=6:55:00, user=659}
20:43:25.318 [Test worker] TRACE org.xlbean.data.TableValueLoader - {date=3"月"18"日", number=12346, currency=¥100, id=5.0, time=6:55:00 午前, user=1234.000}
20:43:25.320 [Test worker] TRACE org.xlbean.data.TableValueLoader - {date=2017/3/18, number=12346, currency=¥100, id=6.0, time=1899/12/31 6:55 午前}
20:43:25.322 [Test worker] TRACE org.xlbean.data.TableValueLoader - {date=2017/3/18 12:00 午前, number=12346, currency=¥100.12, id=7.0, time=1899/12/31 6:55}
20:43:25.323 [Test worker] TRACE org.xlbean.data.TableValueLoader - {date=2017/3/18 0:00, number=12346, currency=$100.12, id=8.0, time=0.2881944444444445}
20:43:25.325 [Test worker] TRACE org.xlbean.data.TableValueLoader - {date=3/18, number=12346, currency=100.12, id=9.0, time=0.2881944444444445}
20:43:25.327 [Test worker] TRACE org.xlbean.data.TableValueLoader - {date=03/18/17, number=12345.68, id=10.0, time=6:55}
20:43:25.329 [Test worker] TRACE org.xlbean.data.TableValueLoader - {date=18-3, number=12,346, id=11.0, time=}
20:43:25.330 [Test worker] TRACE org.xlbean.data.TableValueLoader - {date=3-17, number=1, id=12.0, time=}
20:43:25.331 [Test worker] TRACE org.xlbean.data.TableValueLoader - {date=3月-17, id=13.0, time=}
20:43:25.332 [Test worker] TRACE org.xlbean.data.TableValueLoader - {date=3, id=14.0, time=}
20:43:25.333 [Test worker] TRACE org.xlbean.data.TableValueLoader - {date=3-17, id=15.0, time=}
20:43:25.333 [Test worker] TRACE org.xlbean.data.TableValueLoader - {date=}
20:43:25.334 [Test worker] INFO  org.xlbean.data.ExcelDataLoader - Loaded data: formatStr [43 msec]
{formatStr=[{date=3/18/17, number=12345.6789, string=abcde, percentage=10%, currency=¥100, id=1.0, accounting=¥   100, time=6:55:00 午前, user=2017}, {date=土曜日, 3月 18, 2017, number=12346, string=12345, percentage=110.0%, currency=¥100, id=2.0, accounting=¥   100.120, time=6:55, user=3}, {date=2017"年"3"月"18"日", number=12346, currency=¥100, id=3.0, accounting=100, time=6:55 午前, user=6}, {date=2017"年"3"月", number=12346, currency=¥100, id=4.0, time=6:55:00, user=659}, {date=3"月"18"日", number=12346, currency=¥100, id=5.0, time=6:55:00 午前, user=1234.000}, {date=2017/3/18, number=12346, currency=¥100, id=6.0, time=1899/12/31 6:55 午前}, {date=2017/3/18 12:00 午前, number=12346, currency=¥100.12, id=7.0, time=1899/12/31 6:55}, {date=2017/3/18 0:00, number=12346, currency=$100.12, id=8.0, time=0.2881944444444445}, {date=3/18, number=12346, currency=100.12, id=9.0, time=0.2881944444444445}, {date=03/18/17, number=12345.68, id=10.0, time=6:55}, {date=18-3, number=12,346, id=11.0, time=}, {date=3-17, number=1, id=12.0, time=}, {date=3月-17, id=13.0, time=}, {date=3, id=14.0, time=}, {date=3-17, id=15.0, time=}], format=[{date=2017/03/18 00:00:00.000, number=12345.6789, string=abcde, percentage=0.1, currency=100.12, id=1.0, accounting=100.12, time=06:55:00.000, user=2017/03/18 00:00:00.000}, {date=2017/03/18 00:00:00.000, number=12345.6789, string=12345, percentage=1.1, currency=100.12, id=2.0, accounting=100.12, time=06:55:00.000, user=2017/03/18 00:00:00.000}, {date=2017/03/18 00:00:00.000, number=12345.6789, currency=100.12, id=3.0, accounting=100.12, time=06:55:00.000, user=06:59:00.000}, {date=2017/03/18 00:00:00.000, number=12345.6789, currency=100.12, id=4.0, time=06:55:00.000, user=06:59:00.000}, {date=2017/03/18 00:00:00.000, number=12345.6789, currency=100.12, id=5.0, time=06:55:00.000, user=1234.0}, {date=2017/03/18 00:00:00.000, number=12345.6789, currency=100.12, id=6.0, time=06:55:00.000}, {date=2017/03/18 00:00:00.000, number=12345.6789, currency=100.12, id=7.0, time=06:55:00.000}, {date=2017/03/18 00:00:00.000, number=12345.6789, currency=100.12, id=8.0, time=06:55:00.000}, {date=2017/03/18 00:00:00.000, number=12345.6789, currency=100.12, id=9.0, time=06:55:00.000}, {date=2017/03/18 00:00:00.000, number=12345.6789, id=10.0, time=06:55:00.000}, {date=2017/03/18 00:00:00.000, number=12345.6789, id=11.0}, {date=2017/03/18 00:00:00.000, number=1.0, id=12.0}, {date=2017/03/18 00:00:00.000, id=13.0}, {date=2017/03/18 00:00:00.000, id=14.0}, {date=2017/03/18 00:00:00.000, id=15.0}]}
20:43:25.371 [Test worker] DEBUG o.x.d.ExcelR1C1DefinitionLoader - Start loading table definition from sheet format
20:43:25.376 [Test worker] INFO  o.x.d.ExcelR1C1DefinitionLoader - Loaded table definition from sheet format [5 msec]
20:43:25.376 [Test worker] DEBUG o.x.d.ExcelR1C1DefinitionLoader - Start loading table definition from sheet formatForceString
20:43:25.378 [Test worker] INFO  o.x.d.ExcelR1C1DefinitionLoader - Loaded table definition from sheet formatForceString [2 msec]
20:43:25.378 [Test worker] DEBUG org.xlbean.data.ExcelDataSaver - Start saving data: format
20:43:25.390 [Test worker] INFO  org.xlbean.data.ExcelDataSaver - Saved data: format [12 msec]
20:43:25.392 [Test worker] DEBUG org.xlbean.data.ExcelDataSaver - Start saving data: formatStr
20:43:25.406 [Test worker] INFO  org.xlbean.data.ExcelDataSaver - Saved data: formatStr [14 msec]
]]></system-out>
  <system-err><![CDATA[]]></system-err>
</testsuite>
