<?xml version="1.0" encoding="UTF-8"?>
<testsuite name="org.xlbean.reader.XlBeanReaderTest" tests="7" skipped="0" failures="0" errors="0" timestamp="2017-07-24T11:43:13" hostname="DESKTOP-F58CKQI" time="11.202">
  <properties/>
  <testcase name="testCommentDefinitionReader" classname="org.xlbean.reader.XlBeanReaderTest" time="2.758"/>
  <testcase name="testBeanMapping" classname="org.xlbean.reader.XlBeanReaderTest" time="0.152"/>
  <testcase name="testIndex" classname="org.xlbean.reader.XlBeanReaderTest" time="6.542"/>
  <testcase name="testBigData" classname="org.xlbean.reader.XlBeanReaderTest" time="1.171"/>
  <testcase name="testIndexedListColumn" classname="org.xlbean.reader.XlBeanReaderTest" time="0.054"/>
  <testcase name="testFormat" classname="org.xlbean.reader.XlBeanReaderTest" time="0.281"/>
  <testcase name="testConvertFromObjectToXlBean" classname="org.xlbean.reader.XlBeanReaderTest" time="0.234"/>
  <system-out><![CDATA[20:43:15.505 [Test worker] DEBUG o.x.d.ExcelR1C1DefinitionLoader - Start loading table definition from sheet presidents
20:43:15.556 [Test worker] INFO  o.x.d.ExcelR1C1DefinitionLoader - Loaded table definition from sheet presidents [54 msec]
20:43:15.639 [Test worker] DEBUG org.xlbean.data.ExcelDataLoader - Start loading data: name
20:43:15.669 [Test worker] TRACE org.xlbean.data.SingleValueLoader - United States of America
20:43:15.673 [Test worker] INFO  org.xlbean.data.ExcelDataLoader - Loaded data: name [34 msec]
20:43:15.782 [Test worker] DEBUG org.xlbean.data.ExcelDataLoader - Start loading data: stats.totalArea
20:43:15.784 [Test worker] TRACE org.xlbean.data.SingleValueLoader - 9833520.0
20:43:15.785 [Test worker] INFO  org.xlbean.data.ExcelDataLoader - Loaded data: stats.totalArea [3 msec]
20:43:15.786 [Test worker] DEBUG org.xlbean.data.ExcelDataLoader - Start loading data: stats.gdp
20:43:16.013 [Test worker] TRACE org.xlbean.data.SingleValueLoader - 18558000000000000
20:43:16.014 [Test worker] INFO  org.xlbean.data.ExcelDataLoader - Loaded data: stats.gdp [228 msec]
20:43:16.014 [Test worker] DEBUG org.xlbean.data.ExcelDataLoader - Start loading data: presidents
20:43:16.062 [Test worker] TRACE org.xlbean.data.TableValueLoader - {name=John F. Kennedy, inOfficeTo=1963/11/22 00:00:00.000, numberOfDaysInOffice=1036.0, dateOfBirth=1917/05/29 00:00:00.000, inOfficeFrom=1961/01/20 00:00:00.000, ~=1036.0, stateOfBirth=Massachusetts}
20:43:16.070 [Test worker] TRACE org.xlbean.data.TableValueLoader - {name=Lyndon B. Johnson, inOfficeTo=1969/01/20 00:00:00.000, numberOfDaysInOffice=1886.0, dateOfBirth=1908/08/27 00:00:00.000, inOfficeFrom=1963/11/22 00:00:00.000, ~=1886.0, stateOfBirth=Texas}
20:43:16.079 [Test worker] TRACE org.xlbean.data.TableValueLoader - {name=Richard M. Nixon, inOfficeTo=1974/08/09 00:00:00.000, numberOfDaysInOffice=2027.0, dateOfBirth=1913/01/09 00:00:00.000, inOfficeFrom=1969/01/20 00:00:00.000, ~=2027.0, stateOfBirth=California}
20:43:16.085 [Test worker] TRACE org.xlbean.data.TableValueLoader - {name=Gerald R. Ford, inOfficeTo=1977/01/20 00:00:00.000, numberOfDaysInOffice=895.0, dateOfBirth=1913/07/14 00:00:00.000, inOfficeFrom=1974/08/09 00:00:00.000, ~=895.0, stateOfBirth=Nebraska}
20:43:16.092 [Test worker] TRACE org.xlbean.data.TableValueLoader - {name=Jimmy Carter, inOfficeTo=1981/01/20 00:00:00.000, numberOfDaysInOffice=1461.0, dateOfBirth=1924/10/01 00:00:00.000, inOfficeFrom=1977/01/20 00:00:00.000, ~=1461.0, stateOfBirth=Georgia}
20:43:16.104 [Test worker] TRACE org.xlbean.data.TableValueLoader - {name=Ronald Reagan, inOfficeTo=1989/01/20 00:00:00.000, numberOfDaysInOffice=2922.0, dateOfBirth=1911/02/06 00:00:00.000, inOfficeFrom=1981/01/20 00:00:00.000, ~=2922.0, stateOfBirth=Illinois}
20:43:16.109 [Test worker] TRACE org.xlbean.data.TableValueLoader - {name=George H. W. Bush, inOfficeTo=1993/01/20 00:00:00.000, numberOfDaysInOffice=1461.0, dateOfBirth=1924/06/12 00:00:00.000, inOfficeFrom=1989/01/20 00:00:00.000, ~=1461.0, stateOfBirth=Massachusetts}
20:43:16.115 [Test worker] TRACE org.xlbean.data.TableValueLoader - {name=Bill Clinton, inOfficeTo=2001/01/20 00:00:00.000, numberOfDaysInOffice=2922.0, dateOfBirth=1946/08/19 00:00:00.000, inOfficeFrom=1993/01/20 00:00:00.000, ~=2922.0, stateOfBirth=Arkansas}
20:43:16.124 [Test worker] TRACE org.xlbean.data.TableValueLoader - {name=George W. Bush, inOfficeTo=2009/01/20 00:00:00.000, numberOfDaysInOffice=2922.0, dateOfBirth=1946/07/06 00:00:00.000, inOfficeFrom=2001/01/20 00:00:00.000, ~=2922.0, stateOfBirth=Connecticut}
20:43:16.177 [Test worker] TRACE org.xlbean.data.TableValueLoader - {name=Barack Obama, inOfficeTo=2017/01/20 00:00:00.000, numberOfDaysInOffice=2922.0, dateOfBirth=1961/08/04 00:00:00.000, inOfficeFrom=2009/01/20 00:00:00.000, ~=2922.0, stateOfBirth=Hawaii}
20:43:16.183 [Test worker] TRACE org.xlbean.data.TableValueLoader - {name=Donald Trump, dateOfBirth=1946/06/14 00:00:00.000, inOfficeFrom=2017/01/20 00:00:00.000, stateOfBirth=New York}
20:43:16.184 [Test worker] TRACE org.xlbean.data.TableValueLoader - {}
20:43:16.186 [Test worker] INFO  org.xlbean.data.ExcelDataLoader - Loaded data: presidents [172 msec]
20:43:16.298 [Test worker] DEBUG o.x.d.ExcelR1C1DefinitionLoader - Start loading table definition from sheet presidents
20:43:16.318 [Test worker] INFO  o.x.d.ExcelR1C1DefinitionLoader - Loaded table definition from sheet presidents [20 msec]
20:43:16.319 [Test worker] DEBUG org.xlbean.data.ExcelDataLoader - Start loading data: presidents
20:43:16.321 [Test worker] TRACE org.xlbean.data.TableValueLoader - {name=John F. Kennedy, inOfficeTo=1963/11/22 00:00:00.000, numberOfDaysInOffice=1036.0, dateOfBirth=1917/05/29 00:00:00.000, inOfficeFrom=1961/01/20 00:00:00.000, stateOfBirth=Massachusetts}
20:43:16.323 [Test worker] TRACE org.xlbean.data.TableValueLoader - {name=Lyndon B. Johnson, inOfficeTo=1969/01/20 00:00:00.000, numberOfDaysInOffice=1886.0, dateOfBirth=1908/08/27 00:00:00.000, inOfficeFrom=1963/11/22 00:00:00.000, stateOfBirth=Texas}
20:43:16.326 [Test worker] TRACE org.xlbean.data.TableValueLoader - {name=Richard M. Nixon, inOfficeTo=1974/08/09 00:00:00.000, numberOfDaysInOffice=2027.0, dateOfBirth=1913/01/09 00:00:00.000, inOfficeFrom=1969/01/20 00:00:00.000, stateOfBirth=California}
20:43:16.334 [Test worker] TRACE org.xlbean.data.TableValueLoader - {name=Gerald R. Ford, inOfficeTo=1977/01/20 00:00:00.000, numberOfDaysInOffice=895.0, dateOfBirth=1913/07/14 00:00:00.000, inOfficeFrom=1974/08/09 00:00:00.000, stateOfBirth=Nebraska}
20:43:16.340 [Test worker] TRACE org.xlbean.data.TableValueLoader - {name=Jimmy Carter, inOfficeTo=1981/01/20 00:00:00.000, numberOfDaysInOffice=1461.0, dateOfBirth=1924/10/01 00:00:00.000, inOfficeFrom=1977/01/20 00:00:00.000, stateOfBirth=Georgia}
20:43:16.344 [Test worker] TRACE org.xlbean.data.TableValueLoader - {name=Ronald Reagan, inOfficeTo=1989/01/20 00:00:00.000, numberOfDaysInOffice=2922.0, dateOfBirth=1911/02/06 00:00:00.000, inOfficeFrom=1981/01/20 00:00:00.000, stateOfBirth=Illinois}
20:43:16.347 [Test worker] TRACE org.xlbean.data.TableValueLoader - {name=George H. W. Bush, inOfficeTo=1993/01/20 00:00:00.000, numberOfDaysInOffice=1461.0, dateOfBirth=1924/06/12 00:00:00.000, inOfficeFrom=1989/01/20 00:00:00.000, stateOfBirth=Massachusetts}
20:43:16.349 [Test worker] TRACE org.xlbean.data.TableValueLoader - {name=Bill Clinton, inOfficeTo=2001/01/20 00:00:00.000, numberOfDaysInOffice=2922.0, dateOfBirth=1946/08/19 00:00:00.000, inOfficeFrom=1993/01/20 00:00:00.000, stateOfBirth=Arkansas}
20:43:16.355 [Test worker] TRACE org.xlbean.data.TableValueLoader - {name=George W. Bush, inOfficeTo=2009/01/20 00:00:00.000, numberOfDaysInOffice=2922.0, dateOfBirth=1946/07/06 00:00:00.000, inOfficeFrom=2001/01/20 00:00:00.000, stateOfBirth=Connecticut}
20:43:16.357 [Test worker] TRACE org.xlbean.data.TableValueLoader - {name=Barack Obama, inOfficeTo=2017/01/20 00:00:00.000, numberOfDaysInOffice=2922.0, dateOfBirth=1961/08/04 00:00:00.000, inOfficeFrom=2009/01/20 00:00:00.000, stateOfBirth=Hawaii}
20:43:16.359 [Test worker] TRACE org.xlbean.data.TableValueLoader - {name=Donald Trump, dateOfBirth=1946/06/14 00:00:00.000, inOfficeFrom=2017/01/20 00:00:00.000, stateOfBirth=New York}
20:43:16.360 [Test worker] TRACE org.xlbean.data.TableValueLoader - {}
20:43:16.360 [Test worker] INFO  org.xlbean.data.ExcelDataLoader - Loaded data: presidents [42 msec]
20:43:16.360 [Test worker] DEBUG org.xlbean.data.ExcelDataLoader - Start loading data: name
20:43:16.363 [Test worker] TRACE org.xlbean.data.SingleValueLoader - United States of America
20:43:16.363 [Test worker] INFO  org.xlbean.data.ExcelDataLoader - Loaded data: name [3 msec]
20:43:16.363 [Test worker] DEBUG org.xlbean.data.ExcelDataLoader - Start loading data: stats.totalArea
20:43:16.364 [Test worker] TRACE org.xlbean.data.SingleValueLoader - 9833520.0
20:43:16.364 [Test worker] INFO  org.xlbean.data.ExcelDataLoader - Loaded data: stats.totalArea [1 msec]
20:43:16.365 [Test worker] DEBUG org.xlbean.data.ExcelDataLoader - Start loading data: stats.gdp
20:43:16.368 [Test worker] TRACE org.xlbean.data.SingleValueLoader - 18558000000000000
20:43:16.368 [Test worker] INFO  org.xlbean.data.ExcelDataLoader - Loaded data: stats.gdp [4 msec]
{stats={gdp=18558000000000000, totalArea=9833520.0}, presidents=[{name=John F. Kennedy, inOfficeTo=1963/11/22 00:00:00.000, numberOfDaysInOffice=1036.0, dateOfBirth=1917/05/29 00:00:00.000, inOfficeFrom=1961/01/20 00:00:00.000, stateOfBirth=Massachusetts}, {name=Lyndon B. Johnson, inOfficeTo=1969/01/20 00:00:00.000, numberOfDaysInOffice=1886.0, dateOfBirth=1908/08/27 00:00:00.000, inOfficeFrom=1963/11/22 00:00:00.000, stateOfBirth=Texas}, {name=Richard M. Nixon, inOfficeTo=1974/08/09 00:00:00.000, numberOfDaysInOffice=2027.0, dateOfBirth=1913/01/09 00:00:00.000, inOfficeFrom=1969/01/20 00:00:00.000, stateOfBirth=California}, {name=Gerald R. Ford, inOfficeTo=1977/01/20 00:00:00.000, numberOfDaysInOffice=895.0, dateOfBirth=1913/07/14 00:00:00.000, inOfficeFrom=1974/08/09 00:00:00.000, stateOfBirth=Nebraska}, {name=Jimmy Carter, inOfficeTo=1981/01/20 00:00:00.000, numberOfDaysInOffice=1461.0, dateOfBirth=1924/10/01 00:00:00.000, inOfficeFrom=1977/01/20 00:00:00.000, stateOfBirth=Georgia}, {name=Ronald Reagan, inOfficeTo=1989/01/20 00:00:00.000, numberOfDaysInOffice=2922.0, dateOfBirth=1911/02/06 00:00:00.000, inOfficeFrom=1981/01/20 00:00:00.000, stateOfBirth=Illinois}, {name=George H. W. Bush, inOfficeTo=1993/01/20 00:00:00.000, numberOfDaysInOffice=1461.0, dateOfBirth=1924/06/12 00:00:00.000, inOfficeFrom=1989/01/20 00:00:00.000, stateOfBirth=Massachusetts}, {name=Bill Clinton, inOfficeTo=2001/01/20 00:00:00.000, numberOfDaysInOffice=2922.0, dateOfBirth=1946/08/19 00:00:00.000, inOfficeFrom=1993/01/20 00:00:00.000, stateOfBirth=Arkansas}, {name=George W. Bush, inOfficeTo=2009/01/20 00:00:00.000, numberOfDaysInOffice=2922.0, dateOfBirth=1946/07/06 00:00:00.000, inOfficeFrom=2001/01/20 00:00:00.000, stateOfBirth=Connecticut}, {name=Barack Obama, inOfficeTo=2017/01/20 00:00:00.000, numberOfDaysInOffice=2922.0, dateOfBirth=1961/08/04 00:00:00.000, inOfficeFrom=2009/01/20 00:00:00.000, stateOfBirth=Hawaii}, {name=Donald Trump, dateOfBirth=1946/06/14 00:00:00.000, inOfficeFrom=2017/01/20 00:00:00.000, stateOfBirth=New York}], name=United States of America}
20:43:17.072 [Test worker] DEBUG o.x.d.ExcelR1C1DefinitionLoader - Start loading table definition from sheet bigtable
20:43:17.080 [Test worker] INFO  o.x.d.ExcelR1C1DefinitionLoader - Loaded table definition from sheet bigtable [8 msec]
20:43:17.080 [Test worker] DEBUG org.xlbean.data.ExcelDataLoader - Start loading data: bigtable
20:43:17.086 [Test worker] TRACE org.xlbean.data.TableValueLoader - {aaa=1.0, ccc=-10000.0, bbb=1000.0, ddd=456.12345}
20:43:17.116 [Test worker] TRACE org.xlbean.data.TableValueLoader - {aaa=2.0, ccc=-10001.0, bbb=1001.0, ddd=456.22345}
20:43:17.129 [Test worker] TRACE org.xlbean.data.TableValueLoader - {aaa=3.0, ccc=-10002.0, bbb=1002.0, ddd=456.32345000000004}
20:43:17.132 [Test worker] TRACE org.xlbean.data.TableValueLoader - {aaa=4.0, ccc=-10003.0, bbb=1003.0, ddd=456.42345000000006}
20:43:17.135 [Test worker] TRACE org.xlbean.data.TableValueLoader - {aaa=5.0, ccc=-10004.0, bbb=1004.0, ddd=456.5234500000001}
20:43:17.139 [Test worker] TRACE org.xlbean.data.TableValueLoader - {aaa=6.0, ccc=-10005.0, bbb=1005.0, ddd=456.6234500000001}
20:43:17.141 [Test worker] TRACE org.xlbean.data.TableValueLoader - {aaa=7.0, ccc=-10006.0, bbb=1006.0, ddd=456.7234500000001}
20:43:17.146 [Test worker] TRACE org.xlbean.data.TableValueLoader - {aaa=8.0, ccc=-10007.0, bbb=1007.0, ddd=456.82345000000015}
20:43:17.148 [Test worker] TRACE org.xlbean.data.TableValueLoader - {aaa=9.0, ccc=-10008.0, bbb=1008.0, ddd=456.9234500000002}
20:43:17.153 [Test worker] TRACE org.xlbean.data.TableValueLoader - {aaa=10.0, ccc=-10009.0, bbb=1009.0, ddd=457.0234500000002}
20:43:17.156 [Test worker] TRACE org.xlbean.data.TableValueLoader - {aaa=11.0, ccc=-10010.0, bbb=1010.0, ddd=457.1234500000002}
20:43:17.160 [Test worker] TRACE org.xlbean.data.TableValueLoader - {aaa=12.0, ccc=-10011.0, bbb=1011.0, ddd=457.22345000000024}
20:43:17.163 [Test worker] TRACE org.xlbean.data.TableValueLoader - {aaa=13.0, ccc=-10012.0, bbb=1012.0, ddd=457.32345000000026}
20:43:17.167 [Test worker] TRACE org.xlbean.data.TableValueLoader - {aaa=14.0, ccc=-10013.0, bbb=1013.0, ddd=457.4234500000003}
20:43:17.171 [Test worker] TRACE org.xlbean.data.TableValueLoader - {aaa=15.0, ccc=-10014.0, bbb=1014.0, ddd=457.5234500000003}
20:43:17.174 [Test worker] TRACE org.xlbean.data.TableValueLoader - {aaa=16.0, ccc=-10015.0, bbb=1015.0, ddd=457.62345000000033}
20:43:17.178 [Test worker] TRACE org.xlbean.data.TableValueLoader - {aaa=17.0, ccc=-10016.0, bbb=1016.0, ddd=457.72345000000035}
20:43:17.183 [Test worker] TRACE org.xlbean.data.TableValueLoader - {aaa=18.0, ccc=-10017.0, bbb=1017.0, ddd=457.8234500000004}
20:43:17.191 [Test worker] TRACE org.xlbean.data.TableValueLoader - {aaa=19.0, ccc=-10018.0, bbb=1018.0, ddd=457.9234500000004}
20:43:17.208 [Test worker] TRACE org.xlbean.data.TableValueLoader - {aaa=20.0, ccc=-10019.0, bbb=1019.0, ddd=458.0234500000004}
20:43:17.211 [Test worker] TRACE org.xlbean.data.TableValueLoader - {aaa=21.0, ccc=-10020.0, bbb=1020.0, ddd=458.12345000000045}
20:43:17.213 [Test worker] TRACE org.xlbean.data.TableValueLoader - {aaa=22.0, ccc=-10021.0, bbb=1021.0, ddd=458.22345000000047}
20:43:17.216 [Test worker] TRACE org.xlbean.data.TableValueLoader - {aaa=23.0, ccc=-10022.0, bbb=1022.0, ddd=458.3234500000005}
20:43:17.220 [Test worker] TRACE org.xlbean.data.TableValueLoader - {aaa=24.0, ccc=-10023.0, bbb=1023.0, ddd=458.4234500000005}
20:43:17.222 [Test worker] TRACE org.xlbean.data.TableValueLoader - {aaa=25.0, ccc=-10024.0, bbb=1024.0, ddd=458.52345000000054}
20:43:17.224 [Test worker] TRACE org.xlbean.data.TableValueLoader - {aaa=26.0, ccc=-10025.0, bbb=1025.0, ddd=458.62345000000056}
20:43:17.226 [Test worker] TRACE org.xlbean.data.TableValueLoader - {aaa=27.0, ccc=-10026.0, bbb=1026.0, ddd=458.7234500000006}
20:43:17.229 [Test worker] TRACE org.xlbean.data.TableValueLoader - {aaa=28.0, ccc=-10027.0, bbb=1027.0, ddd=458.8234500000006}
20:43:17.230 [Test worker] TRACE org.xlbean.data.TableValueLoader - {aaa=29.0, ccc=-10028.0, bbb=1028.0, ddd=458.9234500000006}
20:43:17.233 [Test worker] TRACE org.xlbean.data.TableValueLoader - {aaa=30.0, ccc=-10029.0, bbb=1029.0, ddd=459.02345000000065}
20:43:17.238 [Test worker] TRACE org.xlbean.data.TableValueLoader - {aaa=31.0, ccc=-10030.0, bbb=1030.0, ddd=459.1234500000007}
20:43:17.243 [Test worker] TRACE org.xlbean.data.TableValueLoader - {aaa=32.0, ccc=-10031.0, bbb=1031.0, ddd=459.2234500000007}
20:43:17.245 [Test worker] TRACE org.xlbean.data.TableValueLoader - {aaa=33.0, ccc=-10032.0, bbb=1032.0, ddd=459.3234500000007}
20:43:17.249 [Test worker] TRACE org.xlbean.data.TableValueLoader - {aaa=34.0, ccc=-10033.0, bbb=1033.0, ddd=459.42345000000074}
20:43:17.251 [Test worker] TRACE org.xlbean.data.TableValueLoader - {aaa=35.0, ccc=-10034.0, bbb=1034.0, ddd=459.52345000000076}
20:43:17.253 [Test worker] TRACE org.xlbean.data.TableValueLoader - {aaa=36.0, ccc=-10035.0, bbb=1035.0, ddd=459.6234500000008}
20:43:17.255 [Test worker] TRACE org.xlbean.data.TableValueLoader - {aaa=37.0, ccc=-10036.0, bbb=1036.0, ddd=459.7234500000008}
20:43:17.257 [Test worker] TRACE org.xlbean.data.TableValueLoader - {aaa=38.0, ccc=-10037.0, bbb=1037.0, ddd=459.82345000000083}
20:43:17.259 [Test worker] TRACE org.xlbean.data.TableValueLoader - {aaa=39.0, ccc=-10038.0, bbb=1038.0, ddd=459.92345000000086}
20:43:17.262 [Test worker] TRACE org.xlbean.data.TableValueLoader - {aaa=40.0, ccc=-10039.0, bbb=1039.0, ddd=460.0234500000009}
20:43:17.264 [Test worker] TRACE org.xlbean.data.TableValueLoader - {aaa=41.0, ccc=-10040.0, bbb=1040.0, ddd=460.1234500000009}
20:43:17.267 [Test worker] TRACE org.xlbean.data.TableValueLoader - {aaa=42.0, ccc=-10041.0, bbb=1041.0, ddd=460.2234500000009}
20:43:17.271 [Test worker] TRACE org.xlbean.data.TableValueLoader - {aaa=43.0, ccc=-10042.0, bbb=1042.0, ddd=460.32345000000095}
20:43:17.274 [Test worker] TRACE org.xlbean.data.TableValueLoader - {aaa=44.0, ccc=-10043.0, bbb=1043.0, ddd=460.42345000000097}
20:43:17.276 [Test worker] TRACE org.xlbean.data.TableValueLoader - {aaa=45.0, ccc=-10044.0, bbb=1044.0, ddd=460.523450000001}
20:43:17.278 [Test worker] TRACE org.xlbean.data.TableValueLoader - {aaa=46.0, ccc=-10045.0, bbb=1045.0, ddd=460.623450000001}
20:43:17.279 [Test worker] TRACE org.xlbean.data.TableValueLoader - {aaa=47.0, ccc=-10046.0, bbb=1046.0, ddd=460.72345000000104}
20:43:17.281 [Test worker] TRACE org.xlbean.data.TableValueLoader - {aaa=48.0, ccc=-10047.0, bbb=1047.0, ddd=460.82345000000106}
20:43:17.282 [Test worker] TRACE org.xlbean.data.TableValueLoader - {aaa=49.0, ccc=-10048.0, bbb=1048.0, ddd=460.9234500000011}
20:43:17.285 [Test worker] TRACE org.xlbean.data.TableValueLoader - {aaa=50.0, ccc=-10049.0, bbb=1049.0, ddd=461.0234500000011}
20:43:17.287 [Test worker] TRACE org.xlbean.data.TableValueLoader - {aaa=51.0, ccc=-10050.0, bbb=1050.0, ddd=461.1234500000011}
20:43:17.288 [Test worker] TRACE org.xlbean.data.TableValueLoader - {aaa=52.0, ccc=-10051.0, bbb=1051.0, ddd=461.22345000000115}
20:43:17.290 [Test worker] TRACE org.xlbean.data.TableValueLoader - {aaa=53.0, ccc=-10052.0, bbb=1052.0, ddd=461.3234500000012}
20:43:17.292 [Test worker] TRACE org.xlbean.data.TableValueLoader - {aaa=54.0, ccc=-10053.0, bbb=1053.0, ddd=461.4234500000012}
20:43:17.293 [Test worker] TRACE org.xlbean.data.TableValueLoader - {aaa=55.0, ccc=-10054.0, bbb=1054.0, ddd=461.5234500000012}
20:43:17.295 [Test worker] TRACE org.xlbean.data.TableValueLoader - {aaa=56.0, ccc=-10055.0, bbb=1055.0, ddd=461.62345000000124}
20:43:17.297 [Test worker] TRACE org.xlbean.data.TableValueLoader - {aaa=57.0, ccc=-10056.0, bbb=1056.0, ddd=461.72345000000126}
20:43:17.298 [Test worker] TRACE org.xlbean.data.TableValueLoader - {aaa=58.0, ccc=-10057.0, bbb=1057.0, ddd=461.8234500000013}
20:43:17.300 [Test worker] TRACE org.xlbean.data.TableValueLoader - {aaa=59.0, ccc=-10058.0, bbb=1058.0, ddd=461.9234500000013}
20:43:17.303 [Test worker] TRACE org.xlbean.data.TableValueLoader - {aaa=60.0, ccc=-10059.0, bbb=1059.0, ddd=462.02345000000133}
20:43:17.305 [Test worker] TRACE org.xlbean.data.TableValueLoader - {aaa=61.0, ccc=-10060.0, bbb=1060.0, ddd=462.12345000000136}
20:43:17.307 [Test worker] TRACE org.xlbean.data.TableValueLoader - {aaa=62.0, ccc=-10061.0, bbb=1061.0, ddd=462.2234500000014}
20:43:17.309 [Test worker] TRACE org.xlbean.data.TableValueLoader - {aaa=63.0, ccc=-10062.0, bbb=1062.0, ddd=462.3234500000014}
20:43:17.310 [Test worker] TRACE org.xlbean.data.TableValueLoader - {aaa=64.0, ccc=-10063.0, bbb=1063.0, ddd=462.4234500000014}
20:43:17.312 [Test worker] TRACE org.xlbean.data.TableValueLoader - {aaa=65.0, ccc=-10064.0, bbb=1064.0, ddd=462.52345000000145}
20:43:17.314 [Test worker] TRACE org.xlbean.data.TableValueLoader - {aaa=66.0, ccc=-10065.0, bbb=1065.0, ddd=462.62345000000147}
20:43:17.316 [Test worker] TRACE org.xlbean.data.TableValueLoader - {aaa=67.0, ccc=-10066.0, bbb=1066.0, ddd=462.7234500000015}
20:43:17.319 [Test worker] TRACE org.xlbean.data.TableValueLoader - {aaa=68.0, ccc=-10067.0, bbb=1067.0, ddd=462.8234500000015}
20:43:17.324 [Test worker] TRACE org.xlbean.data.TableValueLoader - {aaa=69.0, ccc=-10068.0, bbb=1068.0, ddd=462.92345000000154}
20:43:17.332 [Test worker] TRACE org.xlbean.data.TableValueLoader - {aaa=70.0, ccc=-10069.0, bbb=1069.0, ddd=463.02345000000156}
20:43:17.337 [Test worker] TRACE org.xlbean.data.TableValueLoader - {aaa=71.0, ccc=-10070.0, bbb=1070.0, ddd=463.1234500000016}
20:43:17.346 [Test worker] TRACE org.xlbean.data.TableValueLoader - {aaa=72.0, ccc=-10071.0, bbb=1071.0, ddd=463.2234500000016}
20:43:17.349 [Test worker] TRACE org.xlbean.data.TableValueLoader - {aaa=73.0, ccc=-10072.0, bbb=1072.0, ddd=463.3234500000016}
20:43:17.352 [Test worker] TRACE org.xlbean.data.TableValueLoader - {aaa=74.0, ccc=-10073.0, bbb=1073.0, ddd=463.42345000000165}
20:43:17.355 [Test worker] TRACE org.xlbean.data.TableValueLoader - {aaa=75.0, ccc=-10074.0, bbb=1074.0, ddd=463.5234500000017}
20:43:17.359 [Test worker] TRACE org.xlbean.data.TableValueLoader - {aaa=76.0, ccc=-10075.0, bbb=1075.0, ddd=463.6234500000017}
20:43:17.361 [Test worker] TRACE org.xlbean.data.TableValueLoader - {aaa=77.0, ccc=-10076.0, bbb=1076.0, ddd=463.7234500000017}
20:43:17.363 [Test worker] TRACE org.xlbean.data.TableValueLoader - {aaa=78.0, ccc=-10077.0, bbb=1077.0, ddd=463.82345000000174}
20:43:17.365 [Test worker] TRACE org.xlbean.data.TableValueLoader - {aaa=79.0, ccc=-10078.0, bbb=1078.0, ddd=463.92345000000176}
20:43:17.367 [Test worker] TRACE org.xlbean.data.TableValueLoader - {aaa=80.0, ccc=-10079.0, bbb=1079.0, ddd=464.0234500000018}
20:43:17.369 [Test worker] TRACE org.xlbean.data.TableValueLoader - {aaa=81.0, ccc=-10080.0, bbb=1080.0, ddd=464.1234500000018}
20:43:17.371 [Test worker] TRACE org.xlbean.data.TableValueLoader - {aaa=82.0, ccc=-10081.0, bbb=1081.0, ddd=464.22345000000183}
20:43:17.374 [Test worker] TRACE org.xlbean.data.TableValueLoader - {aaa=83.0, ccc=-10082.0, bbb=1082.0, ddd=464.32345000000186}
20:43:17.376 [Test worker] TRACE org.xlbean.data.TableValueLoader - {aaa=84.0, ccc=-10083.0, bbb=1083.0, ddd=464.4234500000019}
20:43:17.377 [Test worker] TRACE org.xlbean.data.TableValueLoader - {aaa=85.0, ccc=-10084.0, bbb=1084.0, ddd=464.5234500000019}
20:43:17.380 [Test worker] TRACE org.xlbean.data.TableValueLoader - {aaa=86.0, ccc=-10085.0, bbb=1085.0, ddd=464.6234500000019}
20:43:17.384 [Test worker] TRACE org.xlbean.data.TableValueLoader - {aaa=87.0, ccc=-10086.0, bbb=1086.0, ddd=464.72345000000195}
20:43:17.387 [Test worker] TRACE org.xlbean.data.TableValueLoader - {aaa=88.0, ccc=-10087.0, bbb=1087.0, ddd=464.82345000000197}
20:43:17.389 [Test worker] TRACE org.xlbean.data.TableValueLoader - {aaa=89.0, ccc=-10088.0, bbb=1088.0, ddd=464.923450000002}
20:43:17.391 [Test worker] TRACE org.xlbean.data.TableValueLoader - {aaa=90.0, ccc=-10089.0, bbb=1089.0, ddd=465.023450000002}
20:43:17.393 [Test worker] TRACE org.xlbean.data.TableValueLoader - {aaa=91.0, ccc=-10090.0, bbb=1090.0, ddd=465.12345000000204}
20:43:17.395 [Test worker] TRACE org.xlbean.data.TableValueLoader - {aaa=92.0, ccc=-10091.0, bbb=1091.0, ddd=465.22345000000206}
20:43:17.397 [Test worker] TRACE org.xlbean.data.TableValueLoader - {aaa=93.0, ccc=-10092.0, bbb=1092.0, ddd=465.3234500000021}
20:43:17.398 [Test worker] TRACE org.xlbean.data.TableValueLoader - {aaa=94.0, ccc=-10093.0, bbb=1093.0, ddd=465.4234500000021}
20:43:17.399 [Test worker] TRACE org.xlbean.data.TableValueLoader - {aaa=95.0, ccc=-10094.0, bbb=1094.0, ddd=465.52345000000213}
20:43:17.401 [Test worker] TRACE org.xlbean.data.TableValueLoader - {aaa=96.0, ccc=-10095.0, bbb=1095.0, ddd=465.62345000000215}
20:43:17.405 [Test worker] TRACE org.xlbean.data.TableValueLoader - {aaa=97.0, ccc=-10096.0, bbb=1096.0, ddd=465.7234500000022}
20:43:17.406 [Test worker] TRACE org.xlbean.data.TableValueLoader - {aaa=98.0, ccc=-10097.0, bbb=1097.0, ddd=465.8234500000022}
20:43:17.408 [Test worker] TRACE org.xlbean.data.TableValueLoader - {aaa=99.0, ccc=-10098.0, bbb=1098.0, ddd=465.9234500000022}
20:43:17.409 [Test worker] TRACE org.xlbean.data.TableValueLoader - {aaa=100.0, ccc=-10099.0, bbb=1099.0, ddd=466.02345000000224}
20:43:17.410 [Test worker] TRACE org.xlbean.data.TableValueLoader - {aaa=101.0, ccc=-10100.0, bbb=1100.0, ddd=466.12345000000226}
20:43:17.412 [Test worker] TRACE org.xlbean.data.TableValueLoader - {aaa=102.0, ccc=-10101.0, bbb=1101.0, ddd=466.2234500000023}
20:43:17.413 [Test worker] TRACE org.xlbean.data.TableValueLoader - {aaa=103.0, ccc=-10102.0, bbb=1102.0, ddd=466.3234500000023}
20:43:17.414 [Test worker] TRACE org.xlbean.data.TableValueLoader - {aaa=104.0, ccc=-10103.0, bbb=1103.0, ddd=466.42345000000233}
20:43:17.426 [Test worker] TRACE org.xlbean.data.TableValueLoader - {aaa=105.0, ccc=-10104.0, bbb=1104.0, ddd=466.52345000000236}
20:43:17.428 [Test worker] TRACE org.xlbean.data.TableValueLoader - {aaa=106.0, ccc=-10105.0, bbb=1105.0, ddd=466.6234500000024}
20:43:17.432 [Test worker] TRACE org.xlbean.data.TableValueLoader - {aaa=107.0, ccc=-10106.0, bbb=1106.0, ddd=466.7234500000024}
20:43:17.502 [Test worker] TRACE org.xlbean.data.TableValueLoader - {aaa=108.0, ccc=-10107.0, bbb=1107.0, ddd=466.8234500000024}
20:43:17.508 [Test worker] TRACE org.xlbean.data.TableValueLoader - {aaa=109.0, ccc=-10108.0, bbb=1108.0, ddd=466.92345000000245}
20:43:17.515 [Test worker] TRACE org.xlbean.data.TableValueLoader - {aaa=110.0, ccc=-10109.0, bbb=1109.0, ddd=467.02345000000247}
20:43:17.517 [Test worker] TRACE org.xlbean.data.TableValueLoader - {aaa=111.0, ccc=-10110.0, bbb=1110.0, ddd=467.1234500000025}
20:43:17.520 [Test worker] TRACE org.xlbean.data.TableValueLoader - {aaa=112.0, ccc=-10111.0, bbb=1111.0, ddd=467.2234500000025}
20:43:17.525 [Test worker] TRACE org.xlbean.data.TableValueLoader - {aaa=113.0, ccc=-10112.0, bbb=1112.0, ddd=467.32345000000254}
20:43:17.527 [Test worker] TRACE org.xlbean.data.TableValueLoader - {aaa=114.0, ccc=-10113.0, bbb=1113.0, ddd=467.42345000000256}
20:43:17.530 [Test worker] TRACE org.xlbean.data.TableValueLoader - {aaa=115.0, ccc=-10114.0, bbb=1114.0, ddd=467.5234500000026}
20:43:17.532 [Test worker] TRACE org.xlbean.data.TableValueLoader - {aaa=116.0, ccc=-10115.0, bbb=1115.0, ddd=467.6234500000026}
20:43:17.535 [Test worker] TRACE org.xlbean.data.TableValueLoader - {aaa=117.0, ccc=-10116.0, bbb=1116.0, ddd=467.72345000000263}
20:43:17.545 [Test worker] TRACE org.xlbean.data.TableValueLoader - {aaa=118.0, ccc=-10117.0, bbb=1117.0, ddd=467.82345000000265}
20:43:17.573 [Test worker] TRACE org.xlbean.data.TableValueLoader - {aaa=119.0, ccc=-10118.0, bbb=1118.0, ddd=467.9234500000027}
20:43:17.576 [Test worker] TRACE org.xlbean.data.TableValueLoader - {aaa=120.0, ccc=-10119.0, bbb=1119.0, ddd=468.0234500000027}
20:43:17.577 [Test worker] TRACE org.xlbean.data.TableValueLoader - {aaa=121.0, ccc=-10120.0, bbb=1120.0, ddd=468.1234500000027}
20:43:17.587 [Test worker] TRACE org.xlbean.data.TableValueLoader - {aaa=122.0, ccc=-10121.0, bbb=1121.0, ddd=468.22345000000274}
20:43:17.589 [Test worker] TRACE org.xlbean.data.TableValueLoader - {aaa=123.0, ccc=-10122.0, bbb=1122.0, ddd=468.32345000000277}
20:43:17.594 [Test worker] TRACE org.xlbean.data.TableValueLoader - {aaa=124.0, ccc=-10123.0, bbb=1123.0, ddd=468.4234500000028}
20:43:17.596 [Test worker] TRACE org.xlbean.data.TableValueLoader - {aaa=125.0, ccc=-10124.0, bbb=1124.0, ddd=468.5234500000028}
20:43:17.598 [Test worker] TRACE org.xlbean.data.TableValueLoader - {aaa=126.0, ccc=-10125.0, bbb=1125.0, ddd=468.62345000000283}
20:43:17.599 [Test worker] TRACE org.xlbean.data.TableValueLoader - {aaa=127.0, ccc=-10126.0, bbb=1126.0, ddd=468.72345000000286}
20:43:17.607 [Test worker] TRACE org.xlbean.data.TableValueLoader - {aaa=128.0, ccc=-10127.0, bbb=1127.0, ddd=468.8234500000029}
20:43:17.609 [Test worker] TRACE org.xlbean.data.TableValueLoader - {aaa=129.0, ccc=-10128.0, bbb=1128.0, ddd=468.9234500000029}
20:43:17.611 [Test worker] TRACE org.xlbean.data.TableValueLoader - {aaa=130.0, ccc=-10129.0, bbb=1129.0, ddd=469.0234500000029}
20:43:17.613 [Test worker] TRACE org.xlbean.data.TableValueLoader - {aaa=131.0, ccc=-10130.0, bbb=1130.0, ddd=469.12345000000295}
20:43:17.622 [Test worker] TRACE org.xlbean.data.TableValueLoader - {aaa=132.0, ccc=-10131.0, bbb=1131.0, ddd=469.22345000000297}
20:43:17.623 [Test worker] TRACE org.xlbean.data.TableValueLoader - {aaa=133.0, ccc=-10132.0, bbb=1132.0, ddd=469.323450000003}
20:43:17.626 [Test worker] TRACE org.xlbean.data.TableValueLoader - {aaa=134.0, ccc=-10133.0, bbb=1133.0, ddd=469.423450000003}
20:43:17.629 [Test worker] TRACE org.xlbean.data.TableValueLoader - {aaa=135.0, ccc=-10134.0, bbb=1134.0, ddd=469.52345000000304}
20:43:17.631 [Test worker] TRACE org.xlbean.data.TableValueLoader - {aaa=136.0, ccc=-10135.0, bbb=1135.0, ddd=469.62345000000306}
20:43:17.635 [Test worker] TRACE org.xlbean.data.TableValueLoader - {aaa=137.0, ccc=-10136.0, bbb=1136.0, ddd=469.7234500000031}
20:43:17.637 [Test worker] TRACE org.xlbean.data.TableValueLoader - {aaa=138.0, ccc=-10137.0, bbb=1137.0, ddd=469.8234500000031}
20:43:17.639 [Test worker] TRACE org.xlbean.data.TableValueLoader - {aaa=139.0, ccc=-10138.0, bbb=1138.0, ddd=469.92345000000313}
20:43:17.640 [Test worker] TRACE org.xlbean.data.TableValueLoader - {aaa=140.0, ccc=-10139.0, bbb=1139.0, ddd=470.02345000000315}
20:43:17.642 [Test worker] TRACE org.xlbean.data.TableValueLoader - {aaa=141.0, ccc=-10140.0, bbb=1140.0, ddd=470.1234500000032}
20:43:17.647 [Test worker] TRACE org.xlbean.data.TableValueLoader - {aaa=142.0, ccc=-10141.0, bbb=1141.0, ddd=470.2234500000032}
20:43:17.648 [Test worker] TRACE org.xlbean.data.TableValueLoader - {aaa=143.0, ccc=-10142.0, bbb=1142.0, ddd=470.3234500000032}
20:43:17.651 [Test worker] TRACE org.xlbean.data.TableValueLoader - {aaa=144.0, ccc=-10143.0, bbb=1143.0, ddd=470.42345000000324}
20:43:17.652 [Test worker] TRACE org.xlbean.data.TableValueLoader - {aaa=145.0, ccc=-10144.0, bbb=1144.0, ddd=470.52345000000327}
20:43:17.653 [Test worker] TRACE org.xlbean.data.TableValueLoader - {aaa=146.0, ccc=-10145.0, bbb=1145.0, ddd=470.6234500000033}
20:43:17.656 [Test worker] TRACE org.xlbean.data.TableValueLoader - {aaa=147.0, ccc=-10146.0, bbb=1146.0, ddd=470.7234500000033}
20:43:17.657 [Test worker] TRACE org.xlbean.data.TableValueLoader - {aaa=148.0, ccc=-10147.0, bbb=1147.0, ddd=470.82345000000333}
20:43:17.659 [Test worker] TRACE org.xlbean.data.TableValueLoader - {aaa=149.0, ccc=-10148.0, bbb=1148.0, ddd=470.92345000000336}
20:43:17.661 [Test worker] TRACE org.xlbean.data.TableValueLoader - {aaa=150.0, ccc=-10149.0, bbb=1149.0, ddd=471.0234500000034}
20:43:17.662 [Test worker] TRACE org.xlbean.data.TableValueLoader - {aaa=151.0, ccc=-10150.0, bbb=1150.0, ddd=471.1234500000034}
20:43:17.669 [Test worker] TRACE org.xlbean.data.TableValueLoader - {aaa=152.0, ccc=-10151.0, bbb=1151.0, ddd=471.2234500000034}
20:43:17.673 [Test worker] TRACE org.xlbean.data.TableValueLoader - {aaa=153.0, ccc=-10152.0, bbb=1152.0, ddd=471.32345000000345}
20:43:17.676 [Test worker] TRACE org.xlbean.data.TableValueLoader - {aaa=154.0, ccc=-10153.0, bbb=1153.0, ddd=471.42345000000347}
20:43:17.677 [Test worker] TRACE org.xlbean.data.TableValueLoader - {aaa=155.0, ccc=-10154.0, bbb=1154.0, ddd=471.5234500000035}
20:43:17.679 [Test worker] TRACE org.xlbean.data.TableValueLoader - {aaa=156.0, ccc=-10155.0, bbb=1155.0, ddd=471.6234500000035}
20:43:17.683 [Test worker] TRACE org.xlbean.data.TableValueLoader - {aaa=157.0, ccc=-10156.0, bbb=1156.0, ddd=471.72345000000354}
20:43:17.685 [Test worker] TRACE org.xlbean.data.TableValueLoader - {aaa=158.0, ccc=-10157.0, bbb=1157.0, ddd=471.82345000000356}
20:43:17.687 [Test worker] TRACE org.xlbean.data.TableValueLoader - {aaa=159.0, ccc=-10158.0, bbb=1158.0, ddd=471.9234500000036}
20:43:17.688 [Test worker] TRACE org.xlbean.data.TableValueLoader - {aaa=160.0, ccc=-10159.0, bbb=1159.0, ddd=472.0234500000036}
20:43:17.690 [Test worker] TRACE org.xlbean.data.TableValueLoader - {aaa=161.0, ccc=-10160.0, bbb=1160.0, ddd=472.12345000000363}
20:43:17.692 [Test worker] TRACE org.xlbean.data.TableValueLoader - {aaa=162.0, ccc=-10161.0, bbb=1161.0, ddd=472.22345000000365}
20:43:17.694 [Test worker] TRACE org.xlbean.data.TableValueLoader - {aaa=163.0, ccc=-10162.0, bbb=1162.0, ddd=472.3234500000037}
20:43:17.695 [Test worker] TRACE org.xlbean.data.TableValueLoader - {aaa=164.0, ccc=-10163.0, bbb=1163.0, ddd=472.4234500000037}
20:43:17.696 [Test worker] TRACE org.xlbean.data.TableValueLoader - {aaa=165.0, ccc=-10164.0, bbb=1164.0, ddd=472.5234500000037}
20:43:17.698 [Test worker] TRACE org.xlbean.data.TableValueLoader - {aaa=166.0, ccc=-10165.0, bbb=1165.0, ddd=472.62345000000374}
20:43:17.703 [Test worker] TRACE org.xlbean.data.TableValueLoader - {aaa=167.0, ccc=-10166.0, bbb=1166.0, ddd=472.72345000000377}
20:43:17.705 [Test worker] TRACE org.xlbean.data.TableValueLoader - {aaa=168.0, ccc=-10167.0, bbb=1167.0, ddd=472.8234500000038}
20:43:17.706 [Test worker] TRACE org.xlbean.data.TableValueLoader - {aaa=169.0, ccc=-10168.0, bbb=1168.0, ddd=472.9234500000038}
20:43:17.708 [Test worker] TRACE org.xlbean.data.TableValueLoader - {aaa=170.0, ccc=-10169.0, bbb=1169.0, ddd=473.02345000000383}
20:43:17.710 [Test worker] TRACE org.xlbean.data.TableValueLoader - {aaa=171.0, ccc=-10170.0, bbb=1170.0, ddd=473.12345000000386}
20:43:17.715 [Test worker] TRACE org.xlbean.data.TableValueLoader - {aaa=172.0, ccc=-10171.0, bbb=1171.0, ddd=473.2234500000039}
20:43:17.716 [Test worker] TRACE org.xlbean.data.TableValueLoader - {aaa=173.0, ccc=-10172.0, bbb=1172.0, ddd=473.3234500000039}
20:43:17.718 [Test worker] TRACE org.xlbean.data.TableValueLoader - {aaa=174.0, ccc=-10173.0, bbb=1173.0, ddd=473.4234500000039}
20:43:17.723 [Test worker] TRACE org.xlbean.data.TableValueLoader - {aaa=175.0, ccc=-10174.0, bbb=1174.0, ddd=473.52345000000395}
20:43:17.725 [Test worker] TRACE org.xlbean.data.TableValueLoader - {aaa=176.0, ccc=-10175.0, bbb=1175.0, ddd=473.62345000000397}
20:43:17.727 [Test worker] TRACE org.xlbean.data.TableValueLoader - {aaa=177.0, ccc=-10176.0, bbb=1176.0, ddd=473.723450000004}
20:43:17.729 [Test worker] TRACE org.xlbean.data.TableValueLoader - {aaa=178.0, ccc=-10177.0, bbb=1177.0, ddd=473.823450000004}
20:43:17.732 [Test worker] TRACE org.xlbean.data.TableValueLoader - {aaa=179.0, ccc=-10178.0, bbb=1178.0, ddd=473.92345000000404}
20:43:17.734 [Test worker] TRACE org.xlbean.data.TableValueLoader - {aaa=180.0, ccc=-10179.0, bbb=1179.0, ddd=474.02345000000406}
20:43:17.736 [Test worker] TRACE org.xlbean.data.TableValueLoader - {aaa=181.0, ccc=-10180.0, bbb=1180.0, ddd=474.1234500000041}
20:43:17.737 [Test worker] TRACE org.xlbean.data.TableValueLoader - {aaa=182.0, ccc=-10181.0, bbb=1181.0, ddd=474.2234500000041}
20:43:17.738 [Test worker] TRACE org.xlbean.data.TableValueLoader - {aaa=183.0, ccc=-10182.0, bbb=1182.0, ddd=474.32345000000413}
20:43:17.743 [Test worker] TRACE org.xlbean.data.TableValueLoader - {aaa=184.0, ccc=-10183.0, bbb=1183.0, ddd=474.42345000000415}
20:43:17.746 [Test worker] TRACE org.xlbean.data.TableValueLoader - {aaa=185.0, ccc=-10184.0, bbb=1184.0, ddd=474.5234500000042}
20:43:17.747 [Test worker] TRACE org.xlbean.data.TableValueLoader - {aaa=186.0, ccc=-10185.0, bbb=1185.0, ddd=474.6234500000042}
20:43:17.749 [Test worker] TRACE org.xlbean.data.TableValueLoader - {aaa=187.0, ccc=-10186.0, bbb=1186.0, ddd=474.7234500000042}
20:43:17.751 [Test worker] TRACE org.xlbean.data.TableValueLoader - {aaa=188.0, ccc=-10187.0, bbb=1187.0, ddd=474.82345000000424}
20:43:17.753 [Test worker] TRACE org.xlbean.data.TableValueLoader - {aaa=189.0, ccc=-10188.0, bbb=1188.0, ddd=474.92345000000427}
20:43:17.754 [Test worker] TRACE org.xlbean.data.TableValueLoader - {aaa=190.0, ccc=-10189.0, bbb=1189.0, ddd=475.0234500000043}
20:43:17.755 [Test worker] TRACE org.xlbean.data.TableValueLoader - {aaa=191.0, ccc=-10190.0, bbb=1190.0, ddd=475.1234500000043}
20:43:17.756 [Test worker] TRACE org.xlbean.data.TableValueLoader - {aaa=192.0, ccc=-10191.0, bbb=1191.0, ddd=475.22345000000433}
20:43:17.757 [Test worker] TRACE org.xlbean.data.TableValueLoader - {aaa=193.0, ccc=-10192.0, bbb=1192.0, ddd=475.32345000000436}
20:43:17.759 [Test worker] TRACE org.xlbean.data.TableValueLoader - {aaa=194.0, ccc=-10193.0, bbb=1193.0, ddd=475.4234500000044}
20:43:17.761 [Test worker] TRACE org.xlbean.data.TableValueLoader - {aaa=195.0, ccc=-10194.0, bbb=1194.0, ddd=475.5234500000044}
20:43:17.762 [Test worker] TRACE org.xlbean.data.TableValueLoader - {aaa=196.0, ccc=-10195.0, bbb=1195.0, ddd=475.6234500000044}
20:43:17.764 [Test worker] TRACE org.xlbean.data.TableValueLoader - {aaa=197.0, ccc=-10196.0, bbb=1196.0, ddd=475.72345000000445}
20:43:17.765 [Test worker] TRACE org.xlbean.data.TableValueLoader - {aaa=198.0, ccc=-10197.0, bbb=1197.0, ddd=475.82345000000447}
20:43:17.766 [Test worker] TRACE org.xlbean.data.TableValueLoader - {aaa=199.0, ccc=-10198.0, bbb=1198.0, ddd=475.9234500000045}
20:43:17.769 [Test worker] TRACE org.xlbean.data.TableValueLoader - {aaa=200.0, ccc=-10199.0, bbb=1199.0, ddd=476.0234500000045}
20:43:17.773 [Test worker] TRACE org.xlbean.data.TableValueLoader - {aaa=201.0, ccc=-10200.0, bbb=1200.0, ddd=476.12345000000454}
20:43:17.776 [Test worker] TRACE org.xlbean.data.TableValueLoader - {aaa=202.0, ccc=-10201.0, bbb=1201.0, ddd=476.22345000000456}
20:43:17.779 [Test worker] TRACE org.xlbean.data.TableValueLoader - {aaa=203.0, ccc=-10202.0, bbb=1202.0, ddd=476.3234500000046}
20:43:17.781 [Test worker] TRACE org.xlbean.data.TableValueLoader - {aaa=204.0, ccc=-10203.0, bbb=1203.0, ddd=476.4234500000046}
20:43:17.784 [Test worker] TRACE org.xlbean.data.TableValueLoader - {aaa=205.0, ccc=-10204.0, bbb=1204.0, ddd=476.52345000000463}
20:43:17.785 [Test worker] TRACE org.xlbean.data.TableValueLoader - {aaa=206.0, ccc=-10205.0, bbb=1205.0, ddd=476.62345000000465}
20:43:17.786 [Test worker] TRACE org.xlbean.data.TableValueLoader - {aaa=207.0, ccc=-10206.0, bbb=1206.0, ddd=476.7234500000047}
20:43:17.787 [Test worker] TRACE org.xlbean.data.TableValueLoader - {aaa=208.0, ccc=-10207.0, bbb=1207.0, ddd=476.8234500000047}
20:43:17.788 [Test worker] TRACE org.xlbean.data.TableValueLoader - {aaa=209.0, ccc=-10208.0, bbb=1208.0, ddd=476.9234500000047}
20:43:17.790 [Test worker] TRACE org.xlbean.data.TableValueLoader - {aaa=210.0, ccc=-10209.0, bbb=1209.0, ddd=477.02345000000474}
20:43:17.791 [Test worker] TRACE org.xlbean.data.TableValueLoader - {aaa=211.0, ccc=-10210.0, bbb=1210.0, ddd=477.12345000000477}
20:43:17.793 [Test worker] TRACE org.xlbean.data.TableValueLoader - {aaa=212.0, ccc=-10211.0, bbb=1211.0, ddd=477.2234500000048}
20:43:17.794 [Test worker] TRACE org.xlbean.data.TableValueLoader - {aaa=213.0, ccc=-10212.0, bbb=1212.0, ddd=477.3234500000048}
20:43:17.795 [Test worker] TRACE org.xlbean.data.TableValueLoader - {aaa=214.0, ccc=-10213.0, bbb=1213.0, ddd=477.42345000000483}
20:43:17.796 [Test worker] TRACE org.xlbean.data.TableValueLoader - {aaa=215.0, ccc=-10214.0, bbb=1214.0, ddd=477.52345000000486}
20:43:17.797 [Test worker] TRACE org.xlbean.data.TableValueLoader - {aaa=216.0, ccc=-10215.0, bbb=1215.0, ddd=477.6234500000049}
20:43:17.797 [Test worker] TRACE org.xlbean.data.TableValueLoader - {aaa=217.0, ccc=-10216.0, bbb=1216.0, ddd=477.7234500000049}
20:43:17.798 [Test worker] TRACE org.xlbean.data.TableValueLoader - {aaa=218.0, ccc=-10217.0, bbb=1217.0, ddd=477.8234500000049}
20:43:17.799 [Test worker] TRACE org.xlbean.data.TableValueLoader - {aaa=219.0, ccc=-10218.0, bbb=1218.0, ddd=477.92345000000495}
20:43:17.800 [Test worker] TRACE org.xlbean.data.TableValueLoader - {aaa=220.0, ccc=-10219.0, bbb=1219.0, ddd=478.02345000000497}
20:43:17.801 [Test worker] TRACE org.xlbean.data.TableValueLoader - {aaa=221.0, ccc=-10220.0, bbb=1220.0, ddd=478.123450000005}
20:43:17.802 [Test worker] TRACE org.xlbean.data.TableValueLoader - {aaa=222.0, ccc=-10221.0, bbb=1221.0, ddd=478.223450000005}
20:43:17.803 [Test worker] TRACE org.xlbean.data.TableValueLoader - {aaa=223.0, ccc=-10222.0, bbb=1222.0, ddd=478.32345000000504}
20:43:17.804 [Test worker] TRACE org.xlbean.data.TableValueLoader - {aaa=224.0, ccc=-10223.0, bbb=1223.0, ddd=478.42345000000506}
20:43:17.805 [Test worker] TRACE org.xlbean.data.TableValueLoader - {aaa=225.0, ccc=-10224.0, bbb=1224.0, ddd=478.5234500000051}
20:43:17.806 [Test worker] TRACE org.xlbean.data.TableValueLoader - {aaa=226.0, ccc=-10225.0, bbb=1225.0, ddd=478.6234500000051}
20:43:17.807 [Test worker] TRACE org.xlbean.data.TableValueLoader - {aaa=227.0, ccc=-10226.0, bbb=1226.0, ddd=478.72345000000513}
20:43:17.808 [Test worker] TRACE org.xlbean.data.TableValueLoader - {aaa=228.0, ccc=-10227.0, bbb=1227.0, ddd=478.82345000000515}
20:43:17.809 [Test worker] TRACE org.xlbean.data.TableValueLoader - {aaa=229.0, ccc=-10228.0, bbb=1228.0, ddd=478.9234500000052}
20:43:17.811 [Test worker] TRACE org.xlbean.data.TableValueLoader - {aaa=230.0, ccc=-10229.0, bbb=1229.0, ddd=479.0234500000052}
20:43:17.812 [Test worker] TRACE org.xlbean.data.TableValueLoader - {aaa=231.0, ccc=-10230.0, bbb=1230.0, ddd=479.1234500000052}
20:43:17.813 [Test worker] TRACE org.xlbean.data.TableValueLoader - {aaa=232.0, ccc=-10231.0, bbb=1231.0, ddd=479.22345000000524}
20:43:17.815 [Test worker] TRACE org.xlbean.data.TableValueLoader - {aaa=233.0, ccc=-10232.0, bbb=1232.0, ddd=479.32345000000527}
20:43:17.816 [Test worker] TRACE org.xlbean.data.TableValueLoader - {aaa=234.0, ccc=-10233.0, bbb=1233.0, ddd=479.4234500000053}
20:43:17.818 [Test worker] TRACE org.xlbean.data.TableValueLoader - {aaa=235.0, ccc=-10234.0, bbb=1234.0, ddd=479.5234500000053}
20:43:17.819 [Test worker] TRACE org.xlbean.data.TableValueLoader - {aaa=236.0, ccc=-10235.0, bbb=1235.0, ddd=479.62345000000533}
20:43:17.820 [Test worker] TRACE org.xlbean.data.TableValueLoader - {aaa=237.0, ccc=-10236.0, bbb=1236.0, ddd=479.72345000000536}
20:43:17.821 [Test worker] TRACE org.xlbean.data.TableValueLoader - {aaa=238.0, ccc=-10237.0, bbb=1237.0, ddd=479.8234500000054}
20:43:17.822 [Test worker] TRACE org.xlbean.data.TableValueLoader - {aaa=239.0, ccc=-10238.0, bbb=1238.0, ddd=479.9234500000054}
20:43:17.823 [Test worker] TRACE org.xlbean.data.TableValueLoader - {aaa=240.0, ccc=-10239.0, bbb=1239.0, ddd=480.0234500000054}
20:43:17.824 [Test worker] TRACE org.xlbean.data.TableValueLoader - {aaa=241.0, ccc=-10240.0, bbb=1240.0, ddd=480.12345000000545}
20:43:17.824 [Test worker] TRACE org.xlbean.data.TableValueLoader - {aaa=242.0, ccc=-10241.0, bbb=1241.0, ddd=480.22345000000547}
20:43:17.825 [Test worker] TRACE org.xlbean.data.TableValueLoader - {aaa=243.0, ccc=-10242.0, bbb=1242.0, ddd=480.3234500000055}
20:43:17.826 [Test worker] TRACE org.xlbean.data.TableValueLoader - {aaa=244.0, ccc=-10243.0, bbb=1243.0, ddd=480.4234500000055}
20:43:17.827 [Test worker] TRACE org.xlbean.data.TableValueLoader - {aaa=245.0, ccc=-10244.0, bbb=1244.0, ddd=480.52345000000554}
20:43:17.828 [Test worker] TRACE org.xlbean.data.TableValueLoader - {aaa=246.0, ccc=-10245.0, bbb=1245.0, ddd=480.62345000000556}
20:43:17.828 [Test worker] TRACE org.xlbean.data.TableValueLoader - {aaa=247.0, ccc=-10246.0, bbb=1246.0, ddd=480.7234500000056}
20:43:17.829 [Test worker] TRACE org.xlbean.data.TableValueLoader - {aaa=248.0, ccc=-10247.0, bbb=1247.0, ddd=480.8234500000056}
20:43:17.830 [Test worker] TRACE org.xlbean.data.TableValueLoader - {aaa=249.0, ccc=-10248.0, bbb=1248.0, ddd=480.92345000000563}
20:43:17.831 [Test worker] TRACE org.xlbean.data.TableValueLoader - {aaa=250.0, ccc=-10249.0, bbb=1249.0, ddd=481.02345000000565}
20:43:17.832 [Test worker] TRACE org.xlbean.data.TableValueLoader - {aaa=251.0, ccc=-10250.0, bbb=1250.0, ddd=481.1234500000057}
20:43:17.833 [Test worker] TRACE org.xlbean.data.TableValueLoader - {aaa=252.0, ccc=-10251.0, bbb=1251.0, ddd=481.2234500000057}
20:43:17.835 [Test worker] TRACE org.xlbean.data.TableValueLoader - {aaa=253.0, ccc=-10252.0, bbb=1252.0, ddd=481.3234500000057}
20:43:17.837 [Test worker] TRACE org.xlbean.data.TableValueLoader - {aaa=254.0, ccc=-10253.0, bbb=1253.0, ddd=481.42345000000574}
20:43:17.840 [Test worker] TRACE org.xlbean.data.TableValueLoader - {aaa=255.0, ccc=-10254.0, bbb=1254.0, ddd=481.52345000000577}
20:43:17.844 [Test worker] TRACE org.xlbean.data.TableValueLoader - {aaa=256.0, ccc=-10255.0, bbb=1255.0, ddd=481.6234500000058}
20:43:17.847 [Test worker] TRACE org.xlbean.data.TableValueLoader - {aaa=257.0, ccc=-10256.0, bbb=1256.0, ddd=481.7234500000058}
20:43:17.851 [Test worker] TRACE org.xlbean.data.TableValueLoader - {aaa=258.0, ccc=-10257.0, bbb=1257.0, ddd=481.82345000000583}
20:43:17.854 [Test worker] TRACE org.xlbean.data.TableValueLoader - {aaa=259.0, ccc=-10258.0, bbb=1258.0, ddd=481.92345000000586}
20:43:17.858 [Test worker] TRACE org.xlbean.data.TableValueLoader - {aaa=260.0, ccc=-10259.0, bbb=1259.0, ddd=482.0234500000059}
20:43:17.861 [Test worker] TRACE org.xlbean.data.TableValueLoader - {aaa=261.0, ccc=-10260.0, bbb=1260.0, ddd=482.1234500000059}
20:43:17.864 [Test worker] TRACE org.xlbean.data.TableValueLoader - {aaa=262.0, ccc=-10261.0, bbb=1261.0, ddd=482.2234500000059}
20:43:17.866 [Test worker] TRACE org.xlbean.data.TableValueLoader - {aaa=263.0, ccc=-10262.0, bbb=1262.0, ddd=482.32345000000595}
20:43:17.869 [Test worker] TRACE org.xlbean.data.TableValueLoader - {aaa=264.0, ccc=-10263.0, bbb=1263.0, ddd=482.42345000000597}
20:43:17.872 [Test worker] TRACE org.xlbean.data.TableValueLoader - {aaa=265.0, ccc=-10264.0, bbb=1264.0, ddd=482.523450000006}
20:43:17.874 [Test worker] TRACE org.xlbean.data.TableValueLoader - {aaa=266.0, ccc=-10265.0, bbb=1265.0, ddd=482.623450000006}
20:43:17.877 [Test worker] TRACE org.xlbean.data.TableValueLoader - {aaa=267.0, ccc=-10266.0, bbb=1266.0, ddd=482.72345000000604}
20:43:17.882 [Test worker] TRACE org.xlbean.data.TableValueLoader - {aaa=268.0, ccc=-10267.0, bbb=1267.0, ddd=482.82345000000606}
20:43:17.886 [Test worker] TRACE org.xlbean.data.TableValueLoader - {aaa=269.0, ccc=-10268.0, bbb=1268.0, ddd=482.9234500000061}
20:43:17.890 [Test worker] TRACE org.xlbean.data.TableValueLoader - {aaa=270.0, ccc=-10269.0, bbb=1269.0, ddd=483.0234500000061}
20:43:17.894 [Test worker] TRACE org.xlbean.data.TableValueLoader - {aaa=271.0, ccc=-10270.0, bbb=1270.0, ddd=483.12345000000613}
20:43:17.898 [Test worker] TRACE org.xlbean.data.TableValueLoader - {aaa=272.0, ccc=-10271.0, bbb=1271.0, ddd=483.22345000000615}
20:43:17.901 [Test worker] TRACE org.xlbean.data.TableValueLoader - {aaa=273.0, ccc=-10272.0, bbb=1272.0, ddd=483.3234500000062}
20:43:17.904 [Test worker] TRACE org.xlbean.data.TableValueLoader - {aaa=274.0, ccc=-10273.0, bbb=1273.0, ddd=483.4234500000062}
20:43:17.907 [Test worker] TRACE org.xlbean.data.TableValueLoader - {aaa=275.0, ccc=-10274.0, bbb=1274.0, ddd=483.5234500000062}
20:43:17.911 [Test worker] TRACE org.xlbean.data.TableValueLoader - {aaa=276.0, ccc=-10275.0, bbb=1275.0, ddd=483.62345000000624}
20:43:17.914 [Test worker] TRACE org.xlbean.data.TableValueLoader - {aaa=277.0, ccc=-10276.0, bbb=1276.0, ddd=483.72345000000627}
20:43:17.919 [Test worker] TRACE org.xlbean.data.TableValueLoader - {aaa=278.0, ccc=-10277.0, bbb=1277.0, ddd=483.8234500000063}
20:43:17.923 [Test worker] TRACE org.xlbean.data.TableValueLoader - {aaa=279.0, ccc=-10278.0, bbb=1278.0, ddd=483.9234500000063}
20:43:17.926 [Test worker] TRACE org.xlbean.data.TableValueLoader - {aaa=280.0, ccc=-10279.0, bbb=1279.0, ddd=484.02345000000633}
20:43:17.929 [Test worker] TRACE org.xlbean.data.TableValueLoader - {aaa=281.0, ccc=-10280.0, bbb=1280.0, ddd=484.12345000000636}
20:43:17.932 [Test worker] TRACE org.xlbean.data.TableValueLoader - {aaa=282.0, ccc=-10281.0, bbb=1281.0, ddd=484.2234500000064}
20:43:17.937 [Test worker] TRACE org.xlbean.data.TableValueLoader - {aaa=283.0, ccc=-10282.0, bbb=1282.0, ddd=484.3234500000064}
20:43:17.941 [Test worker] TRACE org.xlbean.data.TableValueLoader - {aaa=284.0, ccc=-10283.0, bbb=1283.0, ddd=484.4234500000064}
20:43:17.946 [Test worker] TRACE org.xlbean.data.TableValueLoader - {aaa=285.0, ccc=-10284.0, bbb=1284.0, ddd=484.52345000000645}
20:43:17.949 [Test worker] TRACE org.xlbean.data.TableValueLoader - {aaa=286.0, ccc=-10285.0, bbb=1285.0, ddd=484.62345000000647}
20:43:17.953 [Test worker] TRACE org.xlbean.data.TableValueLoader - {aaa=287.0, ccc=-10286.0, bbb=1286.0, ddd=484.7234500000065}
20:43:17.956 [Test worker] TRACE org.xlbean.data.TableValueLoader - {aaa=288.0, ccc=-10287.0, bbb=1287.0, ddd=484.8234500000065}
20:43:17.960 [Test worker] TRACE org.xlbean.data.TableValueLoader - {aaa=289.0, ccc=-10288.0, bbb=1288.0, ddd=484.92345000000654}
20:43:17.964 [Test worker] TRACE org.xlbean.data.TableValueLoader - {aaa=290.0, ccc=-10289.0, bbb=1289.0, ddd=485.02345000000656}
20:43:17.967 [Test worker] TRACE org.xlbean.data.TableValueLoader - {aaa=291.0, ccc=-10290.0, bbb=1290.0, ddd=485.1234500000066}
20:43:17.972 [Test worker] TRACE org.xlbean.data.TableValueLoader - {aaa=292.0, ccc=-10291.0, bbb=1291.0, ddd=485.2234500000066}
20:43:17.976 [Test worker] TRACE org.xlbean.data.TableValueLoader - {aaa=293.0, ccc=-10292.0, bbb=1292.0, ddd=485.32345000000663}
20:43:17.981 [Test worker] TRACE org.xlbean.data.TableValueLoader - {aaa=294.0, ccc=-10293.0, bbb=1293.0, ddd=485.42345000000665}
20:43:17.986 [Test worker] TRACE org.xlbean.data.TableValueLoader - {aaa=295.0, ccc=-10294.0, bbb=1294.0, ddd=485.5234500000067}
20:43:17.991 [Test worker] TRACE org.xlbean.data.TableValueLoader - {aaa=296.0, ccc=-10295.0, bbb=1295.0, ddd=485.6234500000067}
20:43:17.997 [Test worker] TRACE org.xlbean.data.TableValueLoader - {aaa=297.0, ccc=-10296.0, bbb=1296.0, ddd=485.7234500000067}
20:43:18.000 [Test worker] TRACE org.xlbean.data.TableValueLoader - {aaa=298.0, ccc=-10297.0, bbb=1297.0, ddd=485.82345000000674}
20:43:18.004 [Test worker] TRACE org.xlbean.data.TableValueLoader - {aaa=299.0, ccc=-10298.0, bbb=1298.0, ddd=485.92345000000677}
20:43:18.009 [Test worker] TRACE org.xlbean.data.TableValueLoader - {aaa=300.0, ccc=-10299.0, bbb=1299.0, ddd=486.0234500000068}
20:43:18.019 [Test worker] TRACE org.xlbean.data.TableValueLoader - {aaa=301.0, ccc=-10300.0, bbb=1300.0, ddd=486.1234500000068}
20:43:18.023 [Test worker] TRACE org.xlbean.data.TableValueLoader - {aaa=302.0, ccc=-10301.0, bbb=1301.0, ddd=486.22345000000684}
20:43:18.026 [Test worker] TRACE org.xlbean.data.TableValueLoader - {aaa=303.0, ccc=-10302.0, bbb=1302.0, ddd=486.32345000000686}
20:43:18.031 [Test worker] TRACE org.xlbean.data.TableValueLoader - {aaa=304.0, ccc=-10303.0, bbb=1303.0, ddd=486.4234500000069}
20:43:18.037 [Test worker] TRACE org.xlbean.data.TableValueLoader - {aaa=305.0, ccc=-10304.0, bbb=1304.0, ddd=486.5234500000069}
20:43:18.041 [Test worker] TRACE org.xlbean.data.TableValueLoader - {aaa=306.0, ccc=-10305.0, bbb=1305.0, ddd=486.6234500000069}
20:43:18.048 [Test worker] TRACE org.xlbean.data.TableValueLoader - {aaa=307.0, ccc=-10306.0, bbb=1306.0, ddd=486.72345000000695}
20:43:18.052 [Test worker] TRACE org.xlbean.data.TableValueLoader - {aaa=308.0, ccc=-10307.0, bbb=1307.0, ddd=486.82345000000697}
20:43:18.055 [Test worker] TRACE org.xlbean.data.TableValueLoader - {aaa=309.0, ccc=-10308.0, bbb=1308.0, ddd=486.923450000007}
20:43:18.059 [Test worker] TRACE org.xlbean.data.TableValueLoader - {aaa=310.0, ccc=-10309.0, bbb=1309.0, ddd=487.023450000007}
20:43:18.063 [Test worker] TRACE org.xlbean.data.TableValueLoader - {aaa=311.0, ccc=-10310.0, bbb=1310.0, ddd=487.12345000000704}
20:43:18.067 [Test worker] TRACE org.xlbean.data.TableValueLoader - {aaa=312.0, ccc=-10311.0, bbb=1311.0, ddd=487.22345000000706}
20:43:18.073 [Test worker] TRACE org.xlbean.data.TableValueLoader - {aaa=313.0, ccc=-10312.0, bbb=1312.0, ddd=487.3234500000071}
20:43:18.080 [Test worker] TRACE org.xlbean.data.TableValueLoader - {aaa=314.0, ccc=-10313.0, bbb=1313.0, ddd=487.4234500000071}
20:43:18.087 [Test worker] TRACE org.xlbean.data.TableValueLoader - {aaa=315.0, ccc=-10314.0, bbb=1314.0, ddd=487.52345000000713}
20:43:18.091 [Test worker] TRACE org.xlbean.data.TableValueLoader - {aaa=316.0, ccc=-10315.0, bbb=1315.0, ddd=487.62345000000715}
20:43:18.107 [Test worker] TRACE org.xlbean.data.TableValueLoader - {aaa=317.0, ccc=-10316.0, bbb=1316.0, ddd=487.7234500000072}
20:43:18.110 [Test worker] TRACE org.xlbean.data.TableValueLoader - {aaa=318.0, ccc=-10317.0, bbb=1317.0, ddd=487.8234500000072}
20:43:18.114 [Test worker] TRACE org.xlbean.data.TableValueLoader - {aaa=319.0, ccc=-10318.0, bbb=1318.0, ddd=487.9234500000072}
20:43:18.120 [Test worker] TRACE org.xlbean.data.TableValueLoader - {aaa=320.0, ccc=-10319.0, bbb=1319.0, ddd=488.02345000000724}
20:43:18.123 [Test worker] TRACE org.xlbean.data.TableValueLoader - {aaa=321.0, ccc=-10320.0, bbb=1320.0, ddd=488.12345000000727}
20:43:18.126 [Test worker] TRACE org.xlbean.data.TableValueLoader - {aaa=322.0, ccc=-10321.0, bbb=1321.0, ddd=488.2234500000073}
20:43:18.129 [Test worker] TRACE org.xlbean.data.TableValueLoader - {aaa=323.0, ccc=-10322.0, bbb=1322.0, ddd=488.3234500000073}
20:43:18.132 [Test worker] TRACE org.xlbean.data.TableValueLoader - {aaa=324.0, ccc=-10323.0, bbb=1323.0, ddd=488.42345000000734}
20:43:18.135 [Test worker] TRACE org.xlbean.data.TableValueLoader - {aaa=325.0, ccc=-10324.0, bbb=1324.0, ddd=488.52345000000736}
20:43:18.138 [Test worker] TRACE org.xlbean.data.TableValueLoader - {aaa=326.0, ccc=-10325.0, bbb=1325.0, ddd=488.6234500000074}
20:43:18.142 [Test worker] TRACE org.xlbean.data.TableValueLoader - {aaa=327.0, ccc=-10326.0, bbb=1326.0, ddd=488.7234500000074}
20:43:18.145 [Test worker] TRACE org.xlbean.data.TableValueLoader - {aaa=328.0, ccc=-10327.0, bbb=1327.0, ddd=488.8234500000074}
20:43:18.148 [Test worker] TRACE org.xlbean.data.TableValueLoader - {aaa=329.0, ccc=-10328.0, bbb=1328.0, ddd=488.92345000000745}
20:43:18.150 [Test worker] TRACE org.xlbean.data.TableValueLoader - {aaa=330.0, ccc=-10329.0, bbb=1329.0, ddd=489.0234500000075}
20:43:18.155 [Test worker] TRACE org.xlbean.data.TableValueLoader - {aaa=331.0, ccc=-10330.0, bbb=1330.0, ddd=489.1234500000075}
20:43:18.158 [Test worker] TRACE org.xlbean.data.TableValueLoader - {aaa=332.0, ccc=-10331.0, bbb=1331.0, ddd=489.2234500000075}
20:43:18.161 [Test worker] TRACE org.xlbean.data.TableValueLoader - {aaa=333.0, ccc=-10332.0, bbb=1332.0, ddd=489.32345000000754}
20:43:18.164 [Test worker] TRACE org.xlbean.data.TableValueLoader - {aaa=334.0, ccc=-10333.0, bbb=1333.0, ddd=489.42345000000756}
20:43:18.167 [Test worker] TRACE org.xlbean.data.TableValueLoader - {aaa=335.0, ccc=-10334.0, bbb=1334.0, ddd=489.5234500000076}
20:43:18.172 [Test worker] TRACE org.xlbean.data.TableValueLoader - {aaa=336.0, ccc=-10335.0, bbb=1335.0, ddd=489.6234500000076}
20:43:18.176 [Test worker] TRACE org.xlbean.data.TableValueLoader - {aaa=337.0, ccc=-10336.0, bbb=1336.0, ddd=489.72345000000763}
20:43:18.179 [Test worker] TRACE org.xlbean.data.TableValueLoader - {aaa=338.0, ccc=-10337.0, bbb=1337.0, ddd=489.82345000000765}
20:43:18.182 [Test worker] TRACE org.xlbean.data.TableValueLoader - {aaa=339.0, ccc=-10338.0, bbb=1338.0, ddd=489.9234500000077}
20:43:18.184 [Test worker] TRACE org.xlbean.data.TableValueLoader - {aaa=340.0, ccc=-10339.0, bbb=1339.0, ddd=490.0234500000077}
20:43:18.188 [Test worker] TRACE org.xlbean.data.TableValueLoader - {aaa=341.0, ccc=-10340.0, bbb=1340.0, ddd=490.1234500000077}
20:43:18.191 [Test worker] TRACE org.xlbean.data.TableValueLoader - {aaa=342.0, ccc=-10341.0, bbb=1341.0, ddd=490.22345000000774}
20:43:18.196 [Test worker] TRACE org.xlbean.data.TableValueLoader - {aaa=343.0, ccc=-10342.0, bbb=1342.0, ddd=490.32345000000777}
20:43:18.199 [Test worker] TRACE org.xlbean.data.TableValueLoader - {aaa=344.0, ccc=-10343.0, bbb=1343.0, ddd=490.4234500000078}
20:43:18.203 [Test worker] TRACE org.xlbean.data.TableValueLoader - {aaa=345.0, ccc=-10344.0, bbb=1344.0, ddd=490.5234500000078}
20:43:18.206 [Test worker] TRACE org.xlbean.data.TableValueLoader - {aaa=346.0, ccc=-10345.0, bbb=1345.0, ddd=490.62345000000784}
20:43:18.209 [Test worker] TRACE org.xlbean.data.TableValueLoader - {aaa=347.0, ccc=-10346.0, bbb=1346.0, ddd=490.72345000000786}
20:43:18.211 [Test worker] TRACE org.xlbean.data.TableValueLoader - {aaa=348.0, ccc=-10347.0, bbb=1347.0, ddd=490.8234500000079}
20:43:18.214 [Test worker] TRACE org.xlbean.data.TableValueLoader - {aaa=349.0, ccc=-10348.0, bbb=1348.0, ddd=490.9234500000079}
20:43:18.216 [Test worker] TRACE org.xlbean.data.TableValueLoader - {aaa=350.0, ccc=-10349.0, bbb=1349.0, ddd=491.0234500000079}
20:43:18.220 [Test worker] TRACE org.xlbean.data.TableValueLoader - {aaa=351.0, ccc=-10350.0, bbb=1350.0, ddd=491.12345000000795}
20:43:18.224 [Test worker] TRACE org.xlbean.data.TableValueLoader - {aaa=352.0, ccc=-10351.0, bbb=1351.0, ddd=491.223450000008}
20:43:18.227 [Test worker] TRACE org.xlbean.data.TableValueLoader - {aaa=353.0, ccc=-10352.0, bbb=1352.0, ddd=491.323450000008}
20:43:18.232 [Test worker] TRACE org.xlbean.data.TableValueLoader - {aaa=354.0, ccc=-10353.0, bbb=1353.0, ddd=491.423450000008}
20:43:18.236 [Test worker] TRACE org.xlbean.data.TableValueLoader - {aaa=355.0, ccc=-10354.0, bbb=1354.0, ddd=491.52345000000804}
20:43:18.238 [Test worker] TRACE org.xlbean.data.TableValueLoader - {aaa=356.0, ccc=-10355.0, bbb=1355.0, ddd=491.62345000000806}
20:43:18.242 [Test worker] TRACE org.xlbean.data.TableValueLoader - {aaa=357.0, ccc=-10356.0, bbb=1356.0, ddd=491.7234500000081}
20:43:18.244 [Test worker] TRACE org.xlbean.data.TableValueLoader - {aaa=358.0, ccc=-10357.0, bbb=1357.0, ddd=491.8234500000081}
20:43:18.247 [Test worker] TRACE org.xlbean.data.TableValueLoader - {aaa=359.0, ccc=-10358.0, bbb=1358.0, ddd=491.92345000000813}
20:43:18.255 [Test worker] TRACE org.xlbean.data.TableValueLoader - {aaa=360.0, ccc=-10359.0, bbb=1359.0, ddd=492.02345000000815}
20:43:18.258 [Test worker] TRACE org.xlbean.data.TableValueLoader - {aaa=361.0, ccc=-10360.0, bbb=1360.0, ddd=492.1234500000082}
20:43:18.262 [Test worker] TRACE org.xlbean.data.TableValueLoader - {aaa=362.0, ccc=-10361.0, bbb=1361.0, ddd=492.2234500000082}
20:43:18.266 [Test worker] TRACE org.xlbean.data.TableValueLoader - {aaa=363.0, ccc=-10362.0, bbb=1362.0, ddd=492.3234500000082}
20:43:18.271 [Test worker] TRACE org.xlbean.data.TableValueLoader - {aaa=364.0, ccc=-10363.0, bbb=1363.0, ddd=492.42345000000824}
20:43:18.274 [Test worker] TRACE org.xlbean.data.TableValueLoader - {aaa=365.0, ccc=-10364.0, bbb=1364.0, ddd=492.52345000000827}
20:43:18.278 [Test worker] TRACE org.xlbean.data.TableValueLoader - {aaa=366.0, ccc=-10365.0, bbb=1365.0, ddd=492.6234500000083}
20:43:18.282 [Test worker] TRACE org.xlbean.data.TableValueLoader - {aaa=367.0, ccc=-10366.0, bbb=1366.0, ddd=492.7234500000083}
20:43:18.287 [Test worker] TRACE org.xlbean.data.TableValueLoader - {aaa=368.0, ccc=-10367.0, bbb=1367.0, ddd=492.82345000000834}
20:43:18.291 [Test worker] TRACE org.xlbean.data.TableValueLoader - {aaa=369.0, ccc=-10368.0, bbb=1368.0, ddd=492.92345000000836}
20:43:18.294 [Test worker] TRACE org.xlbean.data.TableValueLoader - {aaa=370.0, ccc=-10369.0, bbb=1369.0, ddd=493.0234500000084}
20:43:18.298 [Test worker] TRACE org.xlbean.data.TableValueLoader - {aaa=371.0, ccc=-10370.0, bbb=1370.0, ddd=493.1234500000084}
20:43:18.301 [Test worker] TRACE org.xlbean.data.TableValueLoader - {aaa=372.0, ccc=-10371.0, bbb=1371.0, ddd=493.2234500000084}
20:43:18.305 [Test worker] TRACE org.xlbean.data.TableValueLoader - {aaa=373.0, ccc=-10372.0, bbb=1372.0, ddd=493.32345000000845}
20:43:18.308 [Test worker] TRACE org.xlbean.data.TableValueLoader - {aaa=374.0, ccc=-10373.0, bbb=1373.0, ddd=493.4234500000085}
20:43:18.312 [Test worker] TRACE org.xlbean.data.TableValueLoader - {aaa=375.0, ccc=-10374.0, bbb=1374.0, ddd=493.5234500000085}
20:43:18.315 [Test worker] TRACE org.xlbean.data.TableValueLoader - {aaa=376.0, ccc=-10375.0, bbb=1375.0, ddd=493.6234500000085}
20:43:18.319 [Test worker] TRACE org.xlbean.data.TableValueLoader - {aaa=377.0, ccc=-10376.0, bbb=1376.0, ddd=493.72345000000854}
20:43:18.322 [Test worker] TRACE org.xlbean.data.TableValueLoader - {aaa=378.0, ccc=-10377.0, bbb=1377.0, ddd=493.82345000000856}
20:43:18.326 [Test worker] TRACE org.xlbean.data.TableValueLoader - {aaa=379.0, ccc=-10378.0, bbb=1378.0, ddd=493.9234500000086}
20:43:18.328 [Test worker] TRACE org.xlbean.data.TableValueLoader - {aaa=380.0, ccc=-10379.0, bbb=1379.0, ddd=494.0234500000086}
20:43:18.331 [Test worker] TRACE org.xlbean.data.TableValueLoader - {aaa=381.0, ccc=-10380.0, bbb=1380.0, ddd=494.12345000000863}
20:43:18.334 [Test worker] TRACE org.xlbean.data.TableValueLoader - {aaa=382.0, ccc=-10381.0, bbb=1381.0, ddd=494.22345000000865}
20:43:18.338 [Test worker] TRACE org.xlbean.data.TableValueLoader - {aaa=383.0, ccc=-10382.0, bbb=1382.0, ddd=494.3234500000087}
20:43:18.343 [Test worker] TRACE org.xlbean.data.TableValueLoader - {aaa=384.0, ccc=-10383.0, bbb=1383.0, ddd=494.4234500000087}
20:43:18.347 [Test worker] TRACE org.xlbean.data.TableValueLoader - {aaa=385.0, ccc=-10384.0, bbb=1384.0, ddd=494.5234500000087}
20:43:18.360 [Test worker] TRACE org.xlbean.data.TableValueLoader - {aaa=386.0, ccc=-10385.0, bbb=1385.0, ddd=494.62345000000875}
20:43:18.364 [Test worker] TRACE org.xlbean.data.TableValueLoader - {aaa=387.0, ccc=-10386.0, bbb=1386.0, ddd=494.72345000000877}
20:43:18.373 [Test worker] TRACE org.xlbean.data.TableValueLoader - {aaa=388.0, ccc=-10387.0, bbb=1387.0, ddd=494.8234500000088}
20:43:18.375 [Test worker] TRACE org.xlbean.data.TableValueLoader - {aaa=389.0, ccc=-10388.0, bbb=1388.0, ddd=494.9234500000088}
20:43:18.379 [Test worker] TRACE org.xlbean.data.TableValueLoader - {aaa=390.0, ccc=-10389.0, bbb=1389.0, ddd=495.02345000000884}
20:43:18.382 [Test worker] TRACE org.xlbean.data.TableValueLoader - {aaa=391.0, ccc=-10390.0, bbb=1390.0, ddd=495.12345000000886}
20:43:18.390 [Test worker] TRACE org.xlbean.data.TableValueLoader - {aaa=392.0, ccc=-10391.0, bbb=1391.0, ddd=495.2234500000089}
20:43:18.396 [Test worker] TRACE org.xlbean.data.TableValueLoader - {aaa=393.0, ccc=-10392.0, bbb=1392.0, ddd=495.3234500000089}
20:43:18.399 [Test worker] TRACE org.xlbean.data.TableValueLoader - {aaa=394.0, ccc=-10393.0, bbb=1393.0, ddd=495.4234500000089}
20:43:18.403 [Test worker] TRACE org.xlbean.data.TableValueLoader - {aaa=395.0, ccc=-10394.0, bbb=1394.0, ddd=495.52345000000895}
20:43:18.406 [Test worker] TRACE org.xlbean.data.TableValueLoader - {aaa=396.0, ccc=-10395.0, bbb=1395.0, ddd=495.623450000009}
20:43:18.410 [Test worker] TRACE org.xlbean.data.TableValueLoader - {aaa=397.0, ccc=-10396.0, bbb=1396.0, ddd=495.723450000009}
20:43:18.413 [Test worker] TRACE org.xlbean.data.TableValueLoader - {aaa=398.0, ccc=-10397.0, bbb=1397.0, ddd=495.823450000009}
20:43:18.418 [Test worker] TRACE org.xlbean.data.TableValueLoader - {aaa=399.0, ccc=-10398.0, bbb=1398.0, ddd=495.92345000000904}
20:43:18.421 [Test worker] TRACE org.xlbean.data.TableValueLoader - {aaa=400.0, ccc=-10399.0, bbb=1399.0, ddd=496.02345000000906}
20:43:18.423 [Test worker] TRACE org.xlbean.data.TableValueLoader - {aaa=401.0, ccc=-10400.0, bbb=1400.0, ddd=496.1234500000091}
20:43:18.426 [Test worker] TRACE org.xlbean.data.TableValueLoader - {aaa=402.0, ccc=-10401.0, bbb=1401.0, ddd=496.2234500000091}
20:43:18.429 [Test worker] TRACE org.xlbean.data.TableValueLoader - {aaa=403.0, ccc=-10402.0, bbb=1402.0, ddd=496.32345000000913}
20:43:18.432 [Test worker] TRACE org.xlbean.data.TableValueLoader - {aaa=404.0, ccc=-10403.0, bbb=1403.0, ddd=496.42345000000915}
20:43:18.434 [Test worker] TRACE org.xlbean.data.TableValueLoader - {aaa=405.0, ccc=-10404.0, bbb=1404.0, ddd=496.5234500000092}
20:43:18.438 [Test worker] TRACE org.xlbean.data.TableValueLoader - {aaa=406.0, ccc=-10405.0, bbb=1405.0, ddd=496.6234500000092}
20:43:18.441 [Test worker] TRACE org.xlbean.data.TableValueLoader - {aaa=407.0, ccc=-10406.0, bbb=1406.0, ddd=496.7234500000092}
20:43:18.444 [Test worker] TRACE org.xlbean.data.TableValueLoader - {aaa=408.0, ccc=-10407.0, bbb=1407.0, ddd=496.82345000000925}
20:43:18.448 [Test worker] TRACE org.xlbean.data.TableValueLoader - {aaa=409.0, ccc=-10408.0, bbb=1408.0, ddd=496.92345000000927}
20:43:18.451 [Test worker] TRACE org.xlbean.data.TableValueLoader - {aaa=410.0, ccc=-10409.0, bbb=1409.0, ddd=497.0234500000093}
20:43:18.454 [Test worker] TRACE org.xlbean.data.TableValueLoader - {aaa=411.0, ccc=-10410.0, bbb=1410.0, ddd=497.1234500000093}
20:43:18.457 [Test worker] TRACE org.xlbean.data.TableValueLoader - {aaa=412.0, ccc=-10411.0, bbb=1411.0, ddd=497.22345000000934}
20:43:18.459 [Test worker] TRACE org.xlbean.data.TableValueLoader - {aaa=413.0, ccc=-10412.0, bbb=1412.0, ddd=497.32345000000936}
20:43:18.462 [Test worker] TRACE org.xlbean.data.TableValueLoader - {aaa=414.0, ccc=-10413.0, bbb=1413.0, ddd=497.4234500000094}
20:43:18.465 [Test worker] TRACE org.xlbean.data.TableValueLoader - {aaa=415.0, ccc=-10414.0, bbb=1414.0, ddd=497.5234500000094}
20:43:18.467 [Test worker] TRACE org.xlbean.data.TableValueLoader - {aaa=416.0, ccc=-10415.0, bbb=1415.0, ddd=497.6234500000094}
20:43:18.470 [Test worker] TRACE org.xlbean.data.TableValueLoader - {aaa=417.0, ccc=-10416.0, bbb=1416.0, ddd=497.72345000000945}
20:43:18.472 [Test worker] TRACE org.xlbean.data.TableValueLoader - {aaa=418.0, ccc=-10417.0, bbb=1417.0, ddd=497.8234500000095}
20:43:18.477 [Test worker] TRACE org.xlbean.data.TableValueLoader - {aaa=419.0, ccc=-10418.0, bbb=1418.0, ddd=497.9234500000095}
20:43:18.480 [Test worker] TRACE org.xlbean.data.TableValueLoader - {aaa=420.0, ccc=-10419.0, bbb=1419.0, ddd=498.0234500000095}
20:43:18.484 [Test worker] TRACE org.xlbean.data.TableValueLoader - {aaa=421.0, ccc=-10420.0, bbb=1420.0, ddd=498.12345000000954}
20:43:18.489 [Test worker] TRACE org.xlbean.data.TableValueLoader - {aaa=422.0, ccc=-10421.0, bbb=1421.0, ddd=498.22345000000956}
20:43:18.492 [Test worker] TRACE org.xlbean.data.TableValueLoader - {aaa=423.0, ccc=-10422.0, bbb=1422.0, ddd=498.3234500000096}
20:43:18.495 [Test worker] TRACE org.xlbean.data.TableValueLoader - {aaa=424.0, ccc=-10423.0, bbb=1423.0, ddd=498.4234500000096}
20:43:18.498 [Test worker] TRACE org.xlbean.data.TableValueLoader - {aaa=425.0, ccc=-10424.0, bbb=1424.0, ddd=498.52345000000963}
20:43:18.500 [Test worker] TRACE org.xlbean.data.TableValueLoader - {aaa=426.0, ccc=-10425.0, bbb=1425.0, ddd=498.62345000000965}
20:43:18.503 [Test worker] TRACE org.xlbean.data.TableValueLoader - {aaa=427.0, ccc=-10426.0, bbb=1426.0, ddd=498.7234500000097}
20:43:18.507 [Test worker] TRACE org.xlbean.data.TableValueLoader - {aaa=428.0, ccc=-10427.0, bbb=1427.0, ddd=498.8234500000097}
20:43:18.510 [Test worker] TRACE org.xlbean.data.TableValueLoader - {aaa=429.0, ccc=-10428.0, bbb=1428.0, ddd=498.9234500000097}
20:43:18.513 [Test worker] TRACE org.xlbean.data.TableValueLoader - {aaa=430.0, ccc=-10429.0, bbb=1429.0, ddd=499.02345000000975}
20:43:18.516 [Test worker] TRACE org.xlbean.data.TableValueLoader - {aaa=431.0, ccc=-10430.0, bbb=1430.0, ddd=499.12345000000977}
20:43:18.520 [Test worker] TRACE org.xlbean.data.TableValueLoader - {aaa=432.0, ccc=-10431.0, bbb=1431.0, ddd=499.2234500000098}
20:43:18.523 [Test worker] TRACE org.xlbean.data.TableValueLoader - {aaa=433.0, ccc=-10432.0, bbb=1432.0, ddd=499.3234500000098}
20:43:18.526 [Test worker] TRACE org.xlbean.data.TableValueLoader - {aaa=434.0, ccc=-10433.0, bbb=1433.0, ddd=499.42345000000984}
20:43:18.529 [Test worker] TRACE org.xlbean.data.TableValueLoader - {aaa=435.0, ccc=-10434.0, bbb=1434.0, ddd=499.52345000000986}
20:43:18.532 [Test worker] TRACE org.xlbean.data.TableValueLoader - {aaa=436.0, ccc=-10435.0, bbb=1435.0, ddd=499.6234500000099}
20:43:18.535 [Test worker] TRACE org.xlbean.data.TableValueLoader - {aaa=437.0, ccc=-10436.0, bbb=1436.0, ddd=499.7234500000099}
20:43:18.539 [Test worker] TRACE org.xlbean.data.TableValueLoader - {aaa=438.0, ccc=-10437.0, bbb=1437.0, ddd=499.8234500000099}
20:43:18.543 [Test worker] TRACE org.xlbean.data.TableValueLoader - {aaa=439.0, ccc=-10438.0, bbb=1438.0, ddd=499.92345000000995}
20:43:18.546 [Test worker] TRACE org.xlbean.data.TableValueLoader - {aaa=440.0, ccc=-10439.0, bbb=1439.0, ddd=500.02345000001}
20:43:18.549 [Test worker] TRACE org.xlbean.data.TableValueLoader - {aaa=441.0, ccc=-10440.0, bbb=1440.0, ddd=500.12345000001}
20:43:18.553 [Test worker] TRACE org.xlbean.data.TableValueLoader - {aaa=442.0, ccc=-10441.0, bbb=1441.0, ddd=500.22345000001}
20:43:18.556 [Test worker] TRACE org.xlbean.data.TableValueLoader - {aaa=443.0, ccc=-10442.0, bbb=1442.0, ddd=500.32345000001004}
20:43:18.561 [Test worker] TRACE org.xlbean.data.TableValueLoader - {aaa=444.0, ccc=-10443.0, bbb=1443.0, ddd=500.42345000001006}
20:43:18.564 [Test worker] TRACE org.xlbean.data.TableValueLoader - {aaa=445.0, ccc=-10444.0, bbb=1444.0, ddd=500.5234500000101}
20:43:18.567 [Test worker] TRACE org.xlbean.data.TableValueLoader - {aaa=446.0, ccc=-10445.0, bbb=1445.0, ddd=500.6234500000101}
20:43:18.573 [Test worker] TRACE org.xlbean.data.TableValueLoader - {aaa=447.0, ccc=-10446.0, bbb=1446.0, ddd=500.72345000001013}
20:43:18.593 [Test worker] TRACE org.xlbean.data.TableValueLoader - {aaa=448.0, ccc=-10447.0, bbb=1447.0, ddd=500.82345000001015}
20:43:18.597 [Test worker] TRACE org.xlbean.data.TableValueLoader - {aaa=449.0, ccc=-10448.0, bbb=1448.0, ddd=500.9234500000102}
20:43:18.602 [Test worker] TRACE org.xlbean.data.TableValueLoader - {aaa=450.0, ccc=-10449.0, bbb=1449.0, ddd=501.0234500000102}
20:43:18.605 [Test worker] TRACE org.xlbean.data.TableValueLoader - {aaa=451.0, ccc=-10450.0, bbb=1450.0, ddd=501.1234500000102}
20:43:18.610 [Test worker] TRACE org.xlbean.data.TableValueLoader - {aaa=452.0, ccc=-10451.0, bbb=1451.0, ddd=501.22345000001025}
20:43:18.613 [Test worker] TRACE org.xlbean.data.TableValueLoader - {aaa=453.0, ccc=-10452.0, bbb=1452.0, ddd=501.32345000001027}
20:43:18.616 [Test worker] TRACE org.xlbean.data.TableValueLoader - {aaa=454.0, ccc=-10453.0, bbb=1453.0, ddd=501.4234500000103}
20:43:18.622 [Test worker] TRACE org.xlbean.data.TableValueLoader - {aaa=455.0, ccc=-10454.0, bbb=1454.0, ddd=501.5234500000103}
20:43:18.626 [Test worker] TRACE org.xlbean.data.TableValueLoader - {aaa=456.0, ccc=-10455.0, bbb=1455.0, ddd=501.62345000001034}
20:43:18.631 [Test worker] TRACE org.xlbean.data.TableValueLoader - {aaa=457.0, ccc=-10456.0, bbb=1456.0, ddd=501.72345000001036}
20:43:18.636 [Test worker] TRACE org.xlbean.data.TableValueLoader - {aaa=458.0, ccc=-10457.0, bbb=1457.0, ddd=501.8234500000104}
20:43:18.642 [Test worker] TRACE org.xlbean.data.TableValueLoader - {aaa=459.0, ccc=-10458.0, bbb=1458.0, ddd=501.9234500000104}
20:43:18.647 [Test worker] TRACE org.xlbean.data.TableValueLoader - {aaa=460.0, ccc=-10459.0, bbb=1459.0, ddd=502.0234500000104}
20:43:18.651 [Test worker] TRACE org.xlbean.data.TableValueLoader - {aaa=461.0, ccc=-10460.0, bbb=1460.0, ddd=502.12345000001045}
20:43:18.655 [Test worker] TRACE org.xlbean.data.TableValueLoader - {aaa=462.0, ccc=-10461.0, bbb=1461.0, ddd=502.2234500000105}
20:43:18.659 [Test worker] TRACE org.xlbean.data.TableValueLoader - {aaa=463.0, ccc=-10462.0, bbb=1462.0, ddd=502.3234500000105}
20:43:18.661 [Test worker] TRACE org.xlbean.data.TableValueLoader - {aaa=464.0, ccc=-10463.0, bbb=1463.0, ddd=502.4234500000105}
20:43:18.666 [Test worker] TRACE org.xlbean.data.TableValueLoader - {aaa=465.0, ccc=-10464.0, bbb=1464.0, ddd=502.52345000001054}
20:43:18.671 [Test worker] TRACE org.xlbean.data.TableValueLoader - {aaa=466.0, ccc=-10465.0, bbb=1465.0, ddd=502.62345000001056}
20:43:18.673 [Test worker] TRACE org.xlbean.data.TableValueLoader - {aaa=467.0, ccc=-10466.0, bbb=1466.0, ddd=502.7234500000106}
20:43:18.676 [Test worker] TRACE org.xlbean.data.TableValueLoader - {aaa=468.0, ccc=-10467.0, bbb=1467.0, ddd=502.8234500000106}
20:43:18.679 [Test worker] TRACE org.xlbean.data.TableValueLoader - {aaa=469.0, ccc=-10468.0, bbb=1468.0, ddd=502.92345000001063}
20:43:18.681 [Test worker] TRACE org.xlbean.data.TableValueLoader - {aaa=470.0, ccc=-10469.0, bbb=1469.0, ddd=503.02345000001066}
20:43:18.684 [Test worker] TRACE org.xlbean.data.TableValueLoader - {aaa=471.0, ccc=-10470.0, bbb=1470.0, ddd=503.1234500000107}
20:43:18.691 [Test worker] TRACE org.xlbean.data.TableValueLoader - {aaa=472.0, ccc=-10471.0, bbb=1471.0, ddd=503.2234500000107}
20:43:18.694 [Test worker] TRACE org.xlbean.data.TableValueLoader - {aaa=473.0, ccc=-10472.0, bbb=1472.0, ddd=503.3234500000107}
20:43:18.699 [Test worker] TRACE org.xlbean.data.TableValueLoader - {aaa=474.0, ccc=-10473.0, bbb=1473.0, ddd=503.42345000001075}
20:43:18.707 [Test worker] TRACE org.xlbean.data.TableValueLoader - {aaa=475.0, ccc=-10474.0, bbb=1474.0, ddd=503.52345000001077}
20:43:18.710 [Test worker] TRACE org.xlbean.data.TableValueLoader - {aaa=476.0, ccc=-10475.0, bbb=1475.0, ddd=503.6234500000108}
20:43:18.715 [Test worker] TRACE org.xlbean.data.TableValueLoader - {aaa=477.0, ccc=-10476.0, bbb=1476.0, ddd=503.7234500000108}
20:43:18.721 [Test worker] TRACE org.xlbean.data.TableValueLoader - {aaa=478.0, ccc=-10477.0, bbb=1477.0, ddd=503.82345000001084}
20:43:18.726 [Test worker] TRACE org.xlbean.data.TableValueLoader - {aaa=479.0, ccc=-10478.0, bbb=1478.0, ddd=503.92345000001086}
20:43:18.728 [Test worker] TRACE org.xlbean.data.TableValueLoader - {aaa=480.0, ccc=-10479.0, bbb=1479.0, ddd=504.0234500000109}
20:43:18.732 [Test worker] TRACE org.xlbean.data.TableValueLoader - {aaa=481.0, ccc=-10480.0, bbb=1480.0, ddd=504.1234500000109}
20:43:18.735 [Test worker] TRACE org.xlbean.data.TableValueLoader - {aaa=482.0, ccc=-10481.0, bbb=1481.0, ddd=504.2234500000109}
20:43:18.738 [Test worker] TRACE org.xlbean.data.TableValueLoader - {aaa=483.0, ccc=-10482.0, bbb=1482.0, ddd=504.32345000001095}
20:43:18.741 [Test worker] TRACE org.xlbean.data.TableValueLoader - {aaa=484.0, ccc=-10483.0, bbb=1483.0, ddd=504.423450000011}
20:43:18.744 [Test worker] TRACE org.xlbean.data.TableValueLoader - {aaa=485.0, ccc=-10484.0, bbb=1484.0, ddd=504.523450000011}
20:43:18.747 [Test worker] TRACE org.xlbean.data.TableValueLoader - {aaa=486.0, ccc=-10485.0, bbb=1485.0, ddd=504.623450000011}
20:43:18.753 [Test worker] TRACE org.xlbean.data.TableValueLoader - {aaa=487.0, ccc=-10486.0, bbb=1486.0, ddd=504.72345000001104}
20:43:18.756 [Test worker] TRACE org.xlbean.data.TableValueLoader - {aaa=488.0, ccc=-10487.0, bbb=1487.0, ddd=504.82345000001106}
20:43:18.759 [Test worker] TRACE org.xlbean.data.TableValueLoader - {aaa=489.0, ccc=-10488.0, bbb=1488.0, ddd=504.9234500000111}
20:43:18.762 [Test worker] TRACE org.xlbean.data.TableValueLoader - {aaa=490.0, ccc=-10489.0, bbb=1489.0, ddd=505.0234500000111}
20:43:18.766 [Test worker] TRACE org.xlbean.data.TableValueLoader - {aaa=491.0, ccc=-10490.0, bbb=1490.0, ddd=505.12345000001113}
20:43:18.770 [Test worker] TRACE org.xlbean.data.TableValueLoader - {aaa=492.0, ccc=-10491.0, bbb=1491.0, ddd=505.22345000001116}
20:43:18.776 [Test worker] TRACE org.xlbean.data.TableValueLoader - {aaa=493.0, ccc=-10492.0, bbb=1492.0, ddd=505.3234500000112}
20:43:18.782 [Test worker] TRACE org.xlbean.data.TableValueLoader - {aaa=494.0, ccc=-10493.0, bbb=1493.0, ddd=505.4234500000112}
20:43:18.786 [Test worker] TRACE org.xlbean.data.TableValueLoader - {aaa=495.0, ccc=-10494.0, bbb=1494.0, ddd=505.5234500000112}
20:43:18.789 [Test worker] TRACE org.xlbean.data.TableValueLoader - {aaa=496.0, ccc=-10495.0, bbb=1495.0, ddd=505.62345000001125}
20:43:18.796 [Test worker] TRACE org.xlbean.data.TableValueLoader - {aaa=497.0, ccc=-10496.0, bbb=1496.0, ddd=505.72345000001127}
20:43:18.799 [Test worker] TRACE org.xlbean.data.TableValueLoader - {aaa=498.0, ccc=-10497.0, bbb=1497.0, ddd=505.8234500000113}
20:43:18.805 [Test worker] TRACE org.xlbean.data.TableValueLoader - {aaa=499.0, ccc=-10498.0, bbb=1498.0, ddd=505.9234500000113}
20:43:18.807 [Test worker] TRACE org.xlbean.data.TableValueLoader - {aaa=500.0, ccc=-10499.0, bbb=1499.0, ddd=506.02345000001134}
20:43:18.811 [Test worker] TRACE org.xlbean.data.TableValueLoader - {aaa=501.0, ccc=-10500.0, bbb=1500.0, ddd=506.12345000001136}
20:43:18.814 [Test worker] TRACE org.xlbean.data.TableValueLoader - {aaa=502.0, ccc=-10501.0, bbb=1501.0, ddd=506.2234500000114}
20:43:18.818 [Test worker] TRACE org.xlbean.data.TableValueLoader - {aaa=503.0, ccc=-10502.0, bbb=1502.0, ddd=506.3234500000114}
20:43:18.823 [Test worker] TRACE org.xlbean.data.TableValueLoader - {aaa=504.0, ccc=-10503.0, bbb=1503.0, ddd=506.4234500000114}
20:43:18.826 [Test worker] TRACE org.xlbean.data.TableValueLoader - {aaa=505.0, ccc=-10504.0, bbb=1504.0, ddd=506.52345000001145}
20:43:18.832 [Test worker] TRACE org.xlbean.data.TableValueLoader - {aaa=506.0, ccc=-10505.0, bbb=1505.0, ddd=506.6234500000115}
20:43:18.835 [Test worker] TRACE org.xlbean.data.TableValueLoader - {aaa=507.0, ccc=-10506.0, bbb=1506.0, ddd=506.7234500000115}
20:43:18.839 [Test worker] TRACE org.xlbean.data.TableValueLoader - {aaa=508.0, ccc=-10507.0, bbb=1507.0, ddd=506.8234500000115}
20:43:18.842 [Test worker] TRACE org.xlbean.data.TableValueLoader - {aaa=509.0, ccc=-10508.0, bbb=1508.0, ddd=506.92345000001154}
20:43:18.845 [Test worker] TRACE org.xlbean.data.TableValueLoader - {aaa=510.0, ccc=-10509.0, bbb=1509.0, ddd=507.02345000001156}
20:43:18.848 [Test worker] TRACE org.xlbean.data.TableValueLoader - {aaa=511.0, ccc=-10510.0, bbb=1510.0, ddd=507.1234500000116}
20:43:18.853 [Test worker] TRACE org.xlbean.data.TableValueLoader - {aaa=512.0, ccc=-10511.0, bbb=1511.0, ddd=507.2234500000116}
20:43:18.856 [Test worker] TRACE org.xlbean.data.TableValueLoader - {aaa=513.0, ccc=-10512.0, bbb=1512.0, ddd=507.32345000001163}
20:43:18.861 [Test worker] TRACE org.xlbean.data.TableValueLoader - {aaa=514.0, ccc=-10513.0, bbb=1513.0, ddd=507.42345000001166}
20:43:18.864 [Test worker] TRACE org.xlbean.data.TableValueLoader - {aaa=515.0, ccc=-10514.0, bbb=1514.0, ddd=507.5234500000117}
20:43:18.866 [Test worker] TRACE org.xlbean.data.TableValueLoader - {aaa=516.0, ccc=-10515.0, bbb=1515.0, ddd=507.6234500000117}
20:43:18.871 [Test worker] TRACE org.xlbean.data.TableValueLoader - {aaa=517.0, ccc=-10516.0, bbb=1516.0, ddd=507.7234500000117}
20:43:18.874 [Test worker] TRACE org.xlbean.data.TableValueLoader - {aaa=518.0, ccc=-10517.0, bbb=1517.0, ddd=507.82345000001175}
20:43:18.878 [Test worker] TRACE org.xlbean.data.TableValueLoader - {aaa=519.0, ccc=-10518.0, bbb=1518.0, ddd=507.92345000001177}
20:43:18.884 [Test worker] TRACE org.xlbean.data.TableValueLoader - {aaa=520.0, ccc=-10519.0, bbb=1519.0, ddd=508.0234500000118}
20:43:18.888 [Test worker] TRACE org.xlbean.data.TableValueLoader - {aaa=521.0, ccc=-10520.0, bbb=1520.0, ddd=508.1234500000118}
20:43:18.891 [Test worker] TRACE org.xlbean.data.TableValueLoader - {aaa=522.0, ccc=-10521.0, bbb=1521.0, ddd=508.22345000001184}
20:43:18.894 [Test worker] TRACE org.xlbean.data.TableValueLoader - {aaa=523.0, ccc=-10522.0, bbb=1522.0, ddd=508.32345000001186}
20:43:18.898 [Test worker] TRACE org.xlbean.data.TableValueLoader - {aaa=524.0, ccc=-10523.0, bbb=1523.0, ddd=508.4234500000119}
20:43:18.902 [Test worker] TRACE org.xlbean.data.TableValueLoader - {aaa=525.0, ccc=-10524.0, bbb=1524.0, ddd=508.5234500000119}
20:43:18.904 [Test worker] TRACE org.xlbean.data.TableValueLoader - {aaa=526.0, ccc=-10525.0, bbb=1525.0, ddd=508.6234500000119}
20:43:18.909 [Test worker] TRACE org.xlbean.data.TableValueLoader - {aaa=527.0, ccc=-10526.0, bbb=1526.0, ddd=508.72345000001195}
20:43:18.912 [Test worker] TRACE org.xlbean.data.TableValueLoader - {aaa=528.0, ccc=-10527.0, bbb=1527.0, ddd=508.823450000012}
20:43:18.915 [Test worker] TRACE org.xlbean.data.TableValueLoader - {aaa=529.0, ccc=-10528.0, bbb=1528.0, ddd=508.923450000012}
20:43:18.921 [Test worker] TRACE org.xlbean.data.TableValueLoader - {aaa=530.0, ccc=-10529.0, bbb=1529.0, ddd=509.023450000012}
20:43:18.924 [Test worker] TRACE org.xlbean.data.TableValueLoader - {aaa=531.0, ccc=-10530.0, bbb=1530.0, ddd=509.12345000001204}
20:43:18.927 [Test worker] TRACE org.xlbean.data.TableValueLoader - {aaa=532.0, ccc=-10531.0, bbb=1531.0, ddd=509.22345000001206}
20:43:18.930 [Test worker] TRACE org.xlbean.data.TableValueLoader - {aaa=533.0, ccc=-10532.0, bbb=1532.0, ddd=509.3234500000121}
20:43:18.933 [Test worker] TRACE org.xlbean.data.TableValueLoader - {aaa=534.0, ccc=-10533.0, bbb=1533.0, ddd=509.4234500000121}
20:43:18.937 [Test worker] TRACE org.xlbean.data.TableValueLoader - {aaa=535.0, ccc=-10534.0, bbb=1534.0, ddd=509.52345000001213}
20:43:18.940 [Test worker] TRACE org.xlbean.data.TableValueLoader - {aaa=536.0, ccc=-10535.0, bbb=1535.0, ddd=509.62345000001216}
20:43:18.943 [Test worker] TRACE org.xlbean.data.TableValueLoader - {aaa=537.0, ccc=-10536.0, bbb=1536.0, ddd=509.7234500000122}
20:43:18.949 [Test worker] TRACE org.xlbean.data.TableValueLoader - {aaa=538.0, ccc=-10537.0, bbb=1537.0, ddd=509.8234500000122}
20:43:18.953 [Test worker] TRACE org.xlbean.data.TableValueLoader - {aaa=539.0, ccc=-10538.0, bbb=1538.0, ddd=509.9234500000122}
20:43:18.958 [Test worker] TRACE org.xlbean.data.TableValueLoader - {aaa=540.0, ccc=-10539.0, bbb=1539.0, ddd=510.02345000001225}
20:43:18.961 [Test worker] TRACE org.xlbean.data.TableValueLoader - {aaa=541.0, ccc=-10540.0, bbb=1540.0, ddd=510.12345000001227}
20:43:18.966 [Test worker] TRACE org.xlbean.data.TableValueLoader - {aaa=542.0, ccc=-10541.0, bbb=1541.0, ddd=510.2234500000123}
20:43:18.969 [Test worker] TRACE org.xlbean.data.TableValueLoader - {aaa=543.0, ccc=-10542.0, bbb=1542.0, ddd=510.3234500000123}
20:43:18.973 [Test worker] TRACE org.xlbean.data.TableValueLoader - {aaa=544.0, ccc=-10543.0, bbb=1543.0, ddd=510.42345000001234}
20:43:18.977 [Test worker] TRACE org.xlbean.data.TableValueLoader - {aaa=545.0, ccc=-10544.0, bbb=1544.0, ddd=510.52345000001236}
20:43:18.980 [Test worker] TRACE org.xlbean.data.TableValueLoader - {aaa=546.0, ccc=-10545.0, bbb=1545.0, ddd=510.6234500000124}
20:43:18.983 [Test worker] TRACE org.xlbean.data.TableValueLoader - {aaa=547.0, ccc=-10546.0, bbb=1546.0, ddd=510.7234500000124}
20:43:18.987 [Test worker] TRACE org.xlbean.data.TableValueLoader - {aaa=548.0, ccc=-10547.0, bbb=1547.0, ddd=510.82345000001243}
20:43:18.990 [Test worker] TRACE org.xlbean.data.TableValueLoader - {aaa=549.0, ccc=-10548.0, bbb=1548.0, ddd=510.92345000001245}
20:43:18.993 [Test worker] TRACE org.xlbean.data.TableValueLoader - {aaa=550.0, ccc=-10549.0, bbb=1549.0, ddd=511.0234500000125}
20:43:18.996 [Test worker] TRACE org.xlbean.data.TableValueLoader - {aaa=551.0, ccc=-10550.0, bbb=1550.0, ddd=511.1234500000125}
20:43:18.999 [Test worker] TRACE org.xlbean.data.TableValueLoader - {aaa=552.0, ccc=-10551.0, bbb=1551.0, ddd=511.2234500000125}
20:43:19.004 [Test worker] TRACE org.xlbean.data.TableValueLoader - {aaa=553.0, ccc=-10552.0, bbb=1552.0, ddd=511.32345000001254}
20:43:19.008 [Test worker] TRACE org.xlbean.data.TableValueLoader - {aaa=554.0, ccc=-10553.0, bbb=1553.0, ddd=511.42345000001256}
20:43:19.011 [Test worker] TRACE org.xlbean.data.TableValueLoader - {aaa=555.0, ccc=-10554.0, bbb=1554.0, ddd=511.5234500000126}
20:43:19.014 [Test worker] TRACE org.xlbean.data.TableValueLoader - {aaa=556.0, ccc=-10555.0, bbb=1555.0, ddd=511.6234500000126}
20:43:19.016 [Test worker] TRACE org.xlbean.data.TableValueLoader - {aaa=557.0, ccc=-10556.0, bbb=1556.0, ddd=511.72345000001263}
20:43:19.020 [Test worker] TRACE org.xlbean.data.TableValueLoader - {aaa=558.0, ccc=-10557.0, bbb=1557.0, ddd=511.82345000001266}
20:43:19.025 [Test worker] TRACE org.xlbean.data.TableValueLoader - {aaa=559.0, ccc=-10558.0, bbb=1558.0, ddd=511.9234500000127}
20:43:19.028 [Test worker] TRACE org.xlbean.data.TableValueLoader - {aaa=560.0, ccc=-10559.0, bbb=1559.0, ddd=512.0234500000126}
20:43:19.033 [Test worker] TRACE org.xlbean.data.TableValueLoader - {aaa=561.0, ccc=-10560.0, bbb=1560.0, ddd=512.1234500000127}
20:43:19.038 [Test worker] TRACE org.xlbean.data.TableValueLoader - {aaa=562.0, ccc=-10561.0, bbb=1561.0, ddd=512.2234500000127}
20:43:19.040 [Test worker] TRACE org.xlbean.data.TableValueLoader - {aaa=563.0, ccc=-10562.0, bbb=1562.0, ddd=512.3234500000127}
20:43:19.045 [Test worker] TRACE org.xlbean.data.TableValueLoader - {aaa=564.0, ccc=-10563.0, bbb=1563.0, ddd=512.4234500000127}
20:43:19.049 [Test worker] TRACE org.xlbean.data.TableValueLoader - {aaa=565.0, ccc=-10564.0, bbb=1564.0, ddd=512.5234500000128}
20:43:19.053 [Test worker] TRACE org.xlbean.data.TableValueLoader - {aaa=566.0, ccc=-10565.0, bbb=1565.0, ddd=512.6234500000128}
20:43:19.056 [Test worker] TRACE org.xlbean.data.TableValueLoader - {aaa=567.0, ccc=-10566.0, bbb=1566.0, ddd=512.7234500000128}
20:43:19.059 [Test worker] TRACE org.xlbean.data.TableValueLoader - {aaa=568.0, ccc=-10567.0, bbb=1567.0, ddd=512.8234500000128}
20:43:19.062 [Test worker] TRACE org.xlbean.data.TableValueLoader - {aaa=569.0, ccc=-10568.0, bbb=1568.0, ddd=512.9234500000128}
20:43:19.065 [Test worker] TRACE org.xlbean.data.TableValueLoader - {aaa=570.0, ccc=-10569.0, bbb=1569.0, ddd=513.0234500000129}
20:43:19.068 [Test worker] TRACE org.xlbean.data.TableValueLoader - {aaa=571.0, ccc=-10570.0, bbb=1570.0, ddd=513.1234500000129}
20:43:19.071 [Test worker] TRACE org.xlbean.data.TableValueLoader - {aaa=572.0, ccc=-10571.0, bbb=1571.0, ddd=513.2234500000129}
20:43:19.074 [Test worker] TRACE org.xlbean.data.TableValueLoader - {aaa=573.0, ccc=-10572.0, bbb=1572.0, ddd=513.3234500000129}
20:43:19.076 [Test worker] TRACE org.xlbean.data.TableValueLoader - {aaa=574.0, ccc=-10573.0, bbb=1573.0, ddd=513.423450000013}
20:43:19.079 [Test worker] TRACE org.xlbean.data.TableValueLoader - {aaa=575.0, ccc=-10574.0, bbb=1574.0, ddd=513.523450000013}
20:43:19.085 [Test worker] TRACE org.xlbean.data.TableValueLoader - {aaa=576.0, ccc=-10575.0, bbb=1575.0, ddd=513.623450000013}
20:43:19.088 [Test worker] TRACE org.xlbean.data.TableValueLoader - {aaa=577.0, ccc=-10576.0, bbb=1576.0, ddd=513.723450000013}
20:43:19.092 [Test worker] TRACE org.xlbean.data.TableValueLoader - {aaa=578.0, ccc=-10577.0, bbb=1577.0, ddd=513.823450000013}
20:43:19.094 [Test worker] TRACE org.xlbean.data.TableValueLoader - {aaa=579.0, ccc=-10578.0, bbb=1578.0, ddd=513.9234500000131}
20:43:19.096 [Test worker] TRACE org.xlbean.data.TableValueLoader - {aaa=580.0, ccc=-10579.0, bbb=1579.0, ddd=514.0234500000131}
20:43:19.098 [Test worker] TRACE org.xlbean.data.TableValueLoader - {aaa=581.0, ccc=-10580.0, bbb=1580.0, ddd=514.1234500000131}
20:43:19.102 [Test worker] TRACE org.xlbean.data.TableValueLoader - {aaa=582.0, ccc=-10581.0, bbb=1581.0, ddd=514.2234500000131}
20:43:19.105 [Test worker] TRACE org.xlbean.data.TableValueLoader - {aaa=583.0, ccc=-10582.0, bbb=1582.0, ddd=514.3234500000132}
20:43:19.108 [Test worker] TRACE org.xlbean.data.TableValueLoader - {aaa=584.0, ccc=-10583.0, bbb=1583.0, ddd=514.4234500000132}
20:43:19.111 [Test worker] TRACE org.xlbean.data.TableValueLoader - {aaa=585.0, ccc=-10584.0, bbb=1584.0, ddd=514.5234500000132}
20:43:19.114 [Test worker] TRACE org.xlbean.data.TableValueLoader - {aaa=586.0, ccc=-10585.0, bbb=1585.0, ddd=514.6234500000132}
20:43:19.116 [Test worker] TRACE org.xlbean.data.TableValueLoader - {aaa=587.0, ccc=-10586.0, bbb=1586.0, ddd=514.7234500000133}
20:43:19.123 [Test worker] TRACE org.xlbean.data.TableValueLoader - {aaa=588.0, ccc=-10587.0, bbb=1587.0, ddd=514.8234500000133}
20:43:19.127 [Test worker] TRACE org.xlbean.data.TableValueLoader - {aaa=589.0, ccc=-10588.0, bbb=1588.0, ddd=514.9234500000133}
20:43:19.131 [Test worker] TRACE org.xlbean.data.TableValueLoader - {aaa=590.0, ccc=-10589.0, bbb=1589.0, ddd=515.0234500000133}
20:43:19.139 [Test worker] TRACE org.xlbean.data.TableValueLoader - {aaa=591.0, ccc=-10590.0, bbb=1590.0, ddd=515.1234500000133}
20:43:19.142 [Test worker] TRACE org.xlbean.data.TableValueLoader - {aaa=592.0, ccc=-10591.0, bbb=1591.0, ddd=515.2234500000134}
20:43:19.145 [Test worker] TRACE org.xlbean.data.TableValueLoader - {aaa=593.0, ccc=-10592.0, bbb=1592.0, ddd=515.3234500000134}
20:43:19.149 [Test worker] TRACE org.xlbean.data.TableValueLoader - {aaa=594.0, ccc=-10593.0, bbb=1593.0, ddd=515.4234500000134}
20:43:19.155 [Test worker] TRACE org.xlbean.data.TableValueLoader - {aaa=595.0, ccc=-10594.0, bbb=1594.0, ddd=515.5234500000134}
20:43:19.158 [Test worker] TRACE org.xlbean.data.TableValueLoader - {aaa=596.0, ccc=-10595.0, bbb=1595.0, ddd=515.6234500000135}
20:43:19.160 [Test worker] TRACE org.xlbean.data.TableValueLoader - {aaa=597.0, ccc=-10596.0, bbb=1596.0, ddd=515.7234500000135}
20:43:19.162 [Test worker] TRACE org.xlbean.data.TableValueLoader - {aaa=598.0, ccc=-10597.0, bbb=1597.0, ddd=515.8234500000135}
20:43:19.164 [Test worker] TRACE org.xlbean.data.TableValueLoader - {aaa=599.0, ccc=-10598.0, bbb=1598.0, ddd=515.9234500000135}
20:43:19.166 [Test worker] TRACE org.xlbean.data.TableValueLoader - {aaa=600.0, ccc=-10599.0, bbb=1599.0, ddd=516.0234500000136}
20:43:19.169 [Test worker] TRACE org.xlbean.data.TableValueLoader - {aaa=601.0, ccc=-10600.0, bbb=1600.0, ddd=516.1234500000136}
20:43:19.172 [Test worker] TRACE org.xlbean.data.TableValueLoader - {aaa=602.0, ccc=-10601.0, bbb=1601.0, ddd=516.2234500000136}
20:43:19.174 [Test worker] TRACE org.xlbean.data.TableValueLoader - {aaa=603.0, ccc=-10602.0, bbb=1602.0, ddd=516.3234500000136}
20:43:19.177 [Test worker] TRACE org.xlbean.data.TableValueLoader - {aaa=604.0, ccc=-10603.0, bbb=1603.0, ddd=516.4234500000136}
20:43:19.179 [Test worker] TRACE org.xlbean.data.TableValueLoader - {aaa=605.0, ccc=-10604.0, bbb=1604.0, ddd=516.5234500000137}
20:43:19.181 [Test worker] TRACE org.xlbean.data.TableValueLoader - {aaa=606.0, ccc=-10605.0, bbb=1605.0, ddd=516.6234500000137}
20:43:19.184 [Test worker] TRACE org.xlbean.data.TableValueLoader - {aaa=607.0, ccc=-10606.0, bbb=1606.0, ddd=516.7234500000137}
20:43:19.187 [Test worker] TRACE org.xlbean.data.TableValueLoader - {aaa=608.0, ccc=-10607.0, bbb=1607.0, ddd=516.8234500000137}
20:43:19.190 [Test worker] TRACE org.xlbean.data.TableValueLoader - {aaa=609.0, ccc=-10608.0, bbb=1608.0, ddd=516.9234500000138}
20:43:19.192 [Test worker] TRACE org.xlbean.data.TableValueLoader - {aaa=610.0, ccc=-10609.0, bbb=1609.0, ddd=517.0234500000138}
20:43:19.195 [Test worker] TRACE org.xlbean.data.TableValueLoader - {aaa=611.0, ccc=-10610.0, bbb=1610.0, ddd=517.1234500000138}
20:43:19.198 [Test worker] TRACE org.xlbean.data.TableValueLoader - {aaa=612.0, ccc=-10611.0, bbb=1611.0, ddd=517.2234500000138}
20:43:19.200 [Test worker] TRACE org.xlbean.data.TableValueLoader - {aaa=613.0, ccc=-10612.0, bbb=1612.0, ddd=517.3234500000138}
20:43:19.202 [Test worker] TRACE org.xlbean.data.TableValueLoader - {aaa=614.0, ccc=-10613.0, bbb=1613.0, ddd=517.4234500000139}
20:43:19.204 [Test worker] TRACE org.xlbean.data.TableValueLoader - {aaa=615.0, ccc=-10614.0, bbb=1614.0, ddd=517.5234500000139}
20:43:19.206 [Test worker] TRACE org.xlbean.data.TableValueLoader - {aaa=616.0, ccc=-10615.0, bbb=1615.0, ddd=517.6234500000139}
20:43:19.208 [Test worker] TRACE org.xlbean.data.TableValueLoader - {aaa=617.0, ccc=-10616.0, bbb=1616.0, ddd=517.7234500000139}
20:43:19.209 [Test worker] TRACE org.xlbean.data.TableValueLoader - {aaa=618.0, ccc=-10617.0, bbb=1617.0, ddd=517.823450000014}
20:43:19.212 [Test worker] TRACE org.xlbean.data.TableValueLoader - {aaa=619.0, ccc=-10618.0, bbb=1618.0, ddd=517.923450000014}
20:43:19.215 [Test worker] TRACE org.xlbean.data.TableValueLoader - {aaa=620.0, ccc=-10619.0, bbb=1619.0, ddd=518.023450000014}
20:43:19.218 [Test worker] TRACE org.xlbean.data.TableValueLoader - {aaa=621.0, ccc=-10620.0, bbb=1620.0, ddd=518.123450000014}
20:43:19.220 [Test worker] TRACE org.xlbean.data.TableValueLoader - {aaa=622.0, ccc=-10621.0, bbb=1621.0, ddd=518.223450000014}
20:43:19.223 [Test worker] TRACE org.xlbean.data.TableValueLoader - {aaa=623.0, ccc=-10622.0, bbb=1622.0, ddd=518.3234500000141}
20:43:19.225 [Test worker] TRACE org.xlbean.data.TableValueLoader - {aaa=624.0, ccc=-10623.0, bbb=1623.0, ddd=518.4234500000141}
20:43:19.227 [Test worker] TRACE org.xlbean.data.TableValueLoader - {aaa=625.0, ccc=-10624.0, bbb=1624.0, ddd=518.5234500000141}
20:43:19.229 [Test worker] TRACE org.xlbean.data.TableValueLoader - {aaa=626.0, ccc=-10625.0, bbb=1625.0, ddd=518.6234500000141}
20:43:19.231 [Test worker] TRACE org.xlbean.data.TableValueLoader - {aaa=627.0, ccc=-10626.0, bbb=1626.0, ddd=518.7234500000142}
20:43:19.233 [Test worker] TRACE org.xlbean.data.TableValueLoader - {aaa=628.0, ccc=-10627.0, bbb=1627.0, ddd=518.8234500000142}
20:43:19.237 [Test worker] TRACE org.xlbean.data.TableValueLoader - {aaa=629.0, ccc=-10628.0, bbb=1628.0, ddd=518.9234500000142}
20:43:19.240 [Test worker] TRACE org.xlbean.data.TableValueLoader - {aaa=630.0, ccc=-10629.0, bbb=1629.0, ddd=519.0234500000142}
20:43:19.243 [Test worker] TRACE org.xlbean.data.TableValueLoader - {aaa=631.0, ccc=-10630.0, bbb=1630.0, ddd=519.1234500000143}
20:43:19.246 [Test worker] TRACE org.xlbean.data.TableValueLoader - {aaa=632.0, ccc=-10631.0, bbb=1631.0, ddd=519.2234500000143}
20:43:19.249 [Test worker] TRACE org.xlbean.data.TableValueLoader - {aaa=633.0, ccc=-10632.0, bbb=1632.0, ddd=519.3234500000143}
20:43:19.252 [Test worker] TRACE org.xlbean.data.TableValueLoader - {aaa=634.0, ccc=-10633.0, bbb=1633.0, ddd=519.4234500000143}
20:43:19.254 [Test worker] TRACE org.xlbean.data.TableValueLoader - {aaa=635.0, ccc=-10634.0, bbb=1634.0, ddd=519.5234500000143}
20:43:19.257 [Test worker] TRACE org.xlbean.data.TableValueLoader - {aaa=636.0, ccc=-10635.0, bbb=1635.0, ddd=519.6234500000144}
20:43:19.260 [Test worker] TRACE org.xlbean.data.TableValueLoader - {aaa=637.0, ccc=-10636.0, bbb=1636.0, ddd=519.7234500000144}
20:43:19.264 [Test worker] TRACE org.xlbean.data.TableValueLoader - {aaa=638.0, ccc=-10637.0, bbb=1637.0, ddd=519.8234500000144}
20:43:19.266 [Test worker] TRACE org.xlbean.data.TableValueLoader - {aaa=639.0, ccc=-10638.0, bbb=1638.0, ddd=519.9234500000144}
20:43:19.269 [Test worker] TRACE org.xlbean.data.TableValueLoader - {aaa=640.0, ccc=-10639.0, bbb=1639.0, ddd=520.0234500000145}
20:43:19.272 [Test worker] TRACE org.xlbean.data.TableValueLoader - {aaa=641.0, ccc=-10640.0, bbb=1640.0, ddd=520.1234500000145}
20:43:19.274 [Test worker] TRACE org.xlbean.data.TableValueLoader - {aaa=642.0, ccc=-10641.0, bbb=1641.0, ddd=520.2234500000145}
20:43:19.277 [Test worker] TRACE org.xlbean.data.TableValueLoader - {aaa=643.0, ccc=-10642.0, bbb=1642.0, ddd=520.3234500000145}
20:43:19.280 [Test worker] TRACE org.xlbean.data.TableValueLoader - {aaa=644.0, ccc=-10643.0, bbb=1643.0, ddd=520.4234500000146}
20:43:19.284 [Test worker] TRACE org.xlbean.data.TableValueLoader - {aaa=645.0, ccc=-10644.0, bbb=1644.0, ddd=520.5234500000146}
20:43:19.288 [Test worker] TRACE org.xlbean.data.TableValueLoader - {aaa=646.0, ccc=-10645.0, bbb=1645.0, ddd=520.6234500000146}
20:43:19.291 [Test worker] TRACE org.xlbean.data.TableValueLoader - {aaa=647.0, ccc=-10646.0, bbb=1646.0, ddd=520.7234500000146}
20:43:19.294 [Test worker] TRACE org.xlbean.data.TableValueLoader - {aaa=648.0, ccc=-10647.0, bbb=1647.0, ddd=520.8234500000146}
20:43:19.297 [Test worker] TRACE org.xlbean.data.TableValueLoader - {aaa=649.0, ccc=-10648.0, bbb=1648.0, ddd=520.9234500000147}
20:43:19.299 [Test worker] TRACE org.xlbean.data.TableValueLoader - {aaa=650.0, ccc=-10649.0, bbb=1649.0, ddd=521.0234500000147}
20:43:19.302 [Test worker] TRACE org.xlbean.data.TableValueLoader - {aaa=651.0, ccc=-10650.0, bbb=1650.0, ddd=521.1234500000147}
20:43:19.304 [Test worker] TRACE org.xlbean.data.TableValueLoader - {aaa=652.0, ccc=-10651.0, bbb=1651.0, ddd=521.2234500000147}
20:43:19.306 [Test worker] TRACE org.xlbean.data.TableValueLoader - {aaa=653.0, ccc=-10652.0, bbb=1652.0, ddd=521.3234500000148}
20:43:19.309 [Test worker] TRACE org.xlbean.data.TableValueLoader - {aaa=654.0, ccc=-10653.0, bbb=1653.0, ddd=521.4234500000148}
20:43:19.311 [Test worker] TRACE org.xlbean.data.TableValueLoader - {aaa=655.0, ccc=-10654.0, bbb=1654.0, ddd=521.5234500000148}
20:43:19.313 [Test worker] TRACE org.xlbean.data.TableValueLoader - {aaa=656.0, ccc=-10655.0, bbb=1655.0, ddd=521.6234500000148}
20:43:19.316 [Test worker] TRACE org.xlbean.data.TableValueLoader - {aaa=657.0, ccc=-10656.0, bbb=1656.0, ddd=521.7234500000149}
20:43:19.318 [Test worker] TRACE org.xlbean.data.TableValueLoader - {aaa=658.0, ccc=-10657.0, bbb=1657.0, ddd=521.8234500000149}
20:43:19.321 [Test worker] TRACE org.xlbean.data.TableValueLoader - {aaa=659.0, ccc=-10658.0, bbb=1658.0, ddd=521.9234500000149}
20:43:19.323 [Test worker] TRACE org.xlbean.data.TableValueLoader - {aaa=660.0, ccc=-10659.0, bbb=1659.0, ddd=522.0234500000149}
20:43:19.326 [Test worker] TRACE org.xlbean.data.TableValueLoader - {aaa=661.0, ccc=-10660.0, bbb=1660.0, ddd=522.1234500000149}
20:43:19.328 [Test worker] TRACE org.xlbean.data.TableValueLoader - {aaa=662.0, ccc=-10661.0, bbb=1661.0, ddd=522.223450000015}
20:43:19.331 [Test worker] TRACE org.xlbean.data.TableValueLoader - {aaa=663.0, ccc=-10662.0, bbb=1662.0, ddd=522.323450000015}
20:43:19.333 [Test worker] TRACE org.xlbean.data.TableValueLoader - {aaa=664.0, ccc=-10663.0, bbb=1663.0, ddd=522.423450000015}
20:43:19.336 [Test worker] TRACE org.xlbean.data.TableValueLoader - {aaa=665.0, ccc=-10664.0, bbb=1664.0, ddd=522.523450000015}
20:43:19.338 [Test worker] TRACE org.xlbean.data.TableValueLoader - {aaa=666.0, ccc=-10665.0, bbb=1665.0, ddd=522.623450000015}
20:43:19.340 [Test worker] TRACE org.xlbean.data.TableValueLoader - {aaa=667.0, ccc=-10666.0, bbb=1666.0, ddd=522.7234500000151}
20:43:19.342 [Test worker] TRACE org.xlbean.data.TableValueLoader - {aaa=668.0, ccc=-10667.0, bbb=1667.0, ddd=522.8234500000151}
20:43:19.344 [Test worker] TRACE org.xlbean.data.TableValueLoader - {aaa=669.0, ccc=-10668.0, bbb=1668.0, ddd=522.9234500000151}
20:43:19.347 [Test worker] TRACE org.xlbean.data.TableValueLoader - {aaa=670.0, ccc=-10669.0, bbb=1669.0, ddd=523.0234500000151}
20:43:19.349 [Test worker] TRACE org.xlbean.data.TableValueLoader - {aaa=671.0, ccc=-10670.0, bbb=1670.0, ddd=523.1234500000152}
20:43:19.352 [Test worker] TRACE org.xlbean.data.TableValueLoader - {aaa=672.0, ccc=-10671.0, bbb=1671.0, ddd=523.2234500000152}
20:43:19.355 [Test worker] TRACE org.xlbean.data.TableValueLoader - {aaa=673.0, ccc=-10672.0, bbb=1672.0, ddd=523.3234500000152}
20:43:19.357 [Test worker] TRACE org.xlbean.data.TableValueLoader - {aaa=674.0, ccc=-10673.0, bbb=1673.0, ddd=523.4234500000152}
20:43:19.359 [Test worker] TRACE org.xlbean.data.TableValueLoader - {aaa=675.0, ccc=-10674.0, bbb=1674.0, ddd=523.5234500000153}
20:43:19.362 [Test worker] TRACE org.xlbean.data.TableValueLoader - {aaa=676.0, ccc=-10675.0, bbb=1675.0, ddd=523.6234500000153}
20:43:19.364 [Test worker] TRACE org.xlbean.data.TableValueLoader - {aaa=677.0, ccc=-10676.0, bbb=1676.0, ddd=523.7234500000153}
20:43:19.366 [Test worker] TRACE org.xlbean.data.TableValueLoader - {aaa=678.0, ccc=-10677.0, bbb=1677.0, ddd=523.8234500000153}
20:43:19.369 [Test worker] TRACE org.xlbean.data.TableValueLoader - {aaa=679.0, ccc=-10678.0, bbb=1678.0, ddd=523.9234500000154}
20:43:19.371 [Test worker] TRACE org.xlbean.data.TableValueLoader - {aaa=680.0, ccc=-10679.0, bbb=1679.0, ddd=524.0234500000154}
20:43:19.373 [Test worker] TRACE org.xlbean.data.TableValueLoader - {aaa=681.0, ccc=-10680.0, bbb=1680.0, ddd=524.1234500000154}
20:43:19.375 [Test worker] TRACE org.xlbean.data.TableValueLoader - {aaa=682.0, ccc=-10681.0, bbb=1681.0, ddd=524.2234500000154}
20:43:19.378 [Test worker] TRACE org.xlbean.data.TableValueLoader - {aaa=683.0, ccc=-10682.0, bbb=1682.0, ddd=524.3234500000154}
20:43:19.383 [Test worker] TRACE org.xlbean.data.TableValueLoader - {aaa=684.0, ccc=-10683.0, bbb=1683.0, ddd=524.4234500000155}
20:43:19.386 [Test worker] TRACE org.xlbean.data.TableValueLoader - {aaa=685.0, ccc=-10684.0, bbb=1684.0, ddd=524.5234500000155}
20:43:19.387 [Test worker] TRACE org.xlbean.data.TableValueLoader - {aaa=686.0, ccc=-10685.0, bbb=1685.0, ddd=524.6234500000155}
20:43:19.389 [Test worker] TRACE org.xlbean.data.TableValueLoader - {aaa=687.0, ccc=-10686.0, bbb=1686.0, ddd=524.7234500000155}
20:43:19.391 [Test worker] TRACE org.xlbean.data.TableValueLoader - {aaa=688.0, ccc=-10687.0, bbb=1687.0, ddd=524.8234500000156}
20:43:19.393 [Test worker] TRACE org.xlbean.data.TableValueLoader - {aaa=689.0, ccc=-10688.0, bbb=1688.0, ddd=524.9234500000156}
20:43:19.396 [Test worker] TRACE org.xlbean.data.TableValueLoader - {aaa=690.0, ccc=-10689.0, bbb=1689.0, ddd=525.0234500000156}
20:43:19.397 [Test worker] TRACE org.xlbean.data.TableValueLoader - {aaa=691.0, ccc=-10690.0, bbb=1690.0, ddd=525.1234500000156}
20:43:19.399 [Test worker] TRACE org.xlbean.data.TableValueLoader - {aaa=692.0, ccc=-10691.0, bbb=1691.0, ddd=525.2234500000156}
20:43:19.401 [Test worker] TRACE org.xlbean.data.TableValueLoader - {aaa=693.0, ccc=-10692.0, bbb=1692.0, ddd=525.3234500000157}
20:43:19.404 [Test worker] TRACE org.xlbean.data.TableValueLoader - {aaa=694.0, ccc=-10693.0, bbb=1693.0, ddd=525.4234500000157}
20:43:19.407 [Test worker] TRACE org.xlbean.data.TableValueLoader - {aaa=695.0, ccc=-10694.0, bbb=1694.0, ddd=525.5234500000157}
20:43:19.409 [Test worker] TRACE org.xlbean.data.TableValueLoader - {aaa=696.0, ccc=-10695.0, bbb=1695.0, ddd=525.6234500000157}
20:43:19.411 [Test worker] TRACE org.xlbean.data.TableValueLoader - {aaa=697.0, ccc=-10696.0, bbb=1696.0, ddd=525.7234500000158}
20:43:19.413 [Test worker] TRACE org.xlbean.data.TableValueLoader - {aaa=698.0, ccc=-10697.0, bbb=1697.0, ddd=525.8234500000158}
20:43:19.414 [Test worker] TRACE org.xlbean.data.TableValueLoader - {aaa=699.0, ccc=-10698.0, bbb=1698.0, ddd=525.9234500000158}
20:43:19.416 [Test worker] TRACE org.xlbean.data.TableValueLoader - {aaa=700.0, ccc=-10699.0, bbb=1699.0, ddd=526.0234500000158}
20:43:19.418 [Test worker] TRACE org.xlbean.data.TableValueLoader - {aaa=701.0, ccc=-10700.0, bbb=1700.0, ddd=526.1234500000159}
20:43:19.420 [Test worker] TRACE org.xlbean.data.TableValueLoader - {aaa=702.0, ccc=-10701.0, bbb=1701.0, ddd=526.2234500000159}
20:43:19.422 [Test worker] TRACE org.xlbean.data.TableValueLoader - {aaa=703.0, ccc=-10702.0, bbb=1702.0, ddd=526.3234500000159}
20:43:19.424 [Test worker] TRACE org.xlbean.data.TableValueLoader - {aaa=704.0, ccc=-10703.0, bbb=1703.0, ddd=526.4234500000159}
20:43:19.426 [Test worker] TRACE org.xlbean.data.TableValueLoader - {aaa=705.0, ccc=-10704.0, bbb=1704.0, ddd=526.5234500000159}
20:43:19.428 [Test worker] TRACE org.xlbean.data.TableValueLoader - {aaa=706.0, ccc=-10705.0, bbb=1705.0, ddd=526.623450000016}
20:43:19.430 [Test worker] TRACE org.xlbean.data.TableValueLoader - {aaa=707.0, ccc=-10706.0, bbb=1706.0, ddd=526.723450000016}
20:43:19.431 [Test worker] TRACE org.xlbean.data.TableValueLoader - {aaa=708.0, ccc=-10707.0, bbb=1707.0, ddd=526.823450000016}
20:43:19.434 [Test worker] TRACE org.xlbean.data.TableValueLoader - {aaa=709.0, ccc=-10708.0, bbb=1708.0, ddd=526.923450000016}
20:43:19.437 [Test worker] TRACE org.xlbean.data.TableValueLoader - {aaa=710.0, ccc=-10709.0, bbb=1709.0, ddd=527.023450000016}
20:43:19.440 [Test worker] TRACE org.xlbean.data.TableValueLoader - {aaa=711.0, ccc=-10710.0, bbb=1710.0, ddd=527.1234500000161}
20:43:19.442 [Test worker] TRACE org.xlbean.data.TableValueLoader - {aaa=712.0, ccc=-10711.0, bbb=1711.0, ddd=527.2234500000161}
20:43:19.444 [Test worker] TRACE org.xlbean.data.TableValueLoader - {aaa=713.0, ccc=-10712.0, bbb=1712.0, ddd=527.3234500000161}
20:43:19.447 [Test worker] TRACE org.xlbean.data.TableValueLoader - {aaa=714.0, ccc=-10713.0, bbb=1713.0, ddd=527.4234500000161}
20:43:19.449 [Test worker] TRACE org.xlbean.data.TableValueLoader - {aaa=715.0, ccc=-10714.0, bbb=1714.0, ddd=527.5234500000162}
20:43:19.455 [Test worker] TRACE org.xlbean.data.TableValueLoader - {aaa=716.0, ccc=-10715.0, bbb=1715.0, ddd=527.6234500000162}
20:43:19.458 [Test worker] TRACE org.xlbean.data.TableValueLoader - {aaa=717.0, ccc=-10716.0, bbb=1716.0, ddd=527.7234500000162}
20:43:19.461 [Test worker] TRACE org.xlbean.data.TableValueLoader - {aaa=718.0, ccc=-10717.0, bbb=1717.0, ddd=527.8234500000162}
20:43:19.464 [Test worker] TRACE org.xlbean.data.TableValueLoader - {aaa=719.0, ccc=-10718.0, bbb=1718.0, ddd=527.9234500000163}
20:43:19.466 [Test worker] TRACE org.xlbean.data.TableValueLoader - {aaa=720.0, ccc=-10719.0, bbb=1719.0, ddd=528.0234500000163}
20:43:19.467 [Test worker] TRACE org.xlbean.data.TableValueLoader - {aaa=721.0, ccc=-10720.0, bbb=1720.0, ddd=528.1234500000163}
20:43:19.471 [Test worker] TRACE org.xlbean.data.TableValueLoader - {aaa=722.0, ccc=-10721.0, bbb=1721.0, ddd=528.2234500000163}
20:43:19.473 [Test worker] TRACE org.xlbean.data.TableValueLoader - {aaa=723.0, ccc=-10722.0, bbb=1722.0, ddd=528.3234500000164}
20:43:19.475 [Test worker] TRACE org.xlbean.data.TableValueLoader - {aaa=724.0, ccc=-10723.0, bbb=1723.0, ddd=528.4234500000164}
20:43:19.477 [Test worker] TRACE org.xlbean.data.TableValueLoader - {aaa=725.0, ccc=-10724.0, bbb=1724.0, ddd=528.5234500000164}
20:43:19.479 [Test worker] TRACE org.xlbean.data.TableValueLoader - {aaa=726.0, ccc=-10725.0, bbb=1725.0, ddd=528.6234500000164}
20:43:19.481 [Test worker] TRACE org.xlbean.data.TableValueLoader - {aaa=727.0, ccc=-10726.0, bbb=1726.0, ddd=528.7234500000164}
20:43:19.483 [Test worker] TRACE org.xlbean.data.TableValueLoader - {aaa=728.0, ccc=-10727.0, bbb=1727.0, ddd=528.8234500000165}
20:43:19.485 [Test worker] TRACE org.xlbean.data.TableValueLoader - {aaa=729.0, ccc=-10728.0, bbb=1728.0, ddd=528.9234500000165}
20:43:19.487 [Test worker] TRACE org.xlbean.data.TableValueLoader - {aaa=730.0, ccc=-10729.0, bbb=1729.0, ddd=529.0234500000165}
20:43:19.490 [Test worker] TRACE org.xlbean.data.TableValueLoader - {aaa=731.0, ccc=-10730.0, bbb=1730.0, ddd=529.1234500000165}
20:43:19.492 [Test worker] TRACE org.xlbean.data.TableValueLoader - {aaa=732.0, ccc=-10731.0, bbb=1731.0, ddd=529.2234500000166}
20:43:19.496 [Test worker] TRACE org.xlbean.data.TableValueLoader - {aaa=733.0, ccc=-10732.0, bbb=1732.0, ddd=529.3234500000166}
20:43:19.499 [Test worker] TRACE org.xlbean.data.TableValueLoader - {aaa=734.0, ccc=-10733.0, bbb=1733.0, ddd=529.4234500000166}
20:43:19.501 [Test worker] TRACE org.xlbean.data.TableValueLoader - {aaa=735.0, ccc=-10734.0, bbb=1734.0, ddd=529.5234500000166}
20:43:19.504 [Test worker] TRACE org.xlbean.data.TableValueLoader - {aaa=736.0, ccc=-10735.0, bbb=1735.0, ddd=529.6234500000166}
20:43:19.506 [Test worker] TRACE org.xlbean.data.TableValueLoader - {aaa=737.0, ccc=-10736.0, bbb=1736.0, ddd=529.7234500000167}
20:43:19.508 [Test worker] TRACE org.xlbean.data.TableValueLoader - {aaa=738.0, ccc=-10737.0, bbb=1737.0, ddd=529.8234500000167}
20:43:19.510 [Test worker] TRACE org.xlbean.data.TableValueLoader - {aaa=739.0, ccc=-10738.0, bbb=1738.0, ddd=529.9234500000167}
20:43:19.512 [Test worker] TRACE org.xlbean.data.TableValueLoader - {aaa=740.0, ccc=-10739.0, bbb=1739.0, ddd=530.0234500000167}
20:43:19.514 [Test worker] TRACE org.xlbean.data.TableValueLoader - {aaa=741.0, ccc=-10740.0, bbb=1740.0, ddd=530.1234500000168}
20:43:19.517 [Test worker] TRACE org.xlbean.data.TableValueLoader - {aaa=742.0, ccc=-10741.0, bbb=1741.0, ddd=530.2234500000168}
20:43:19.519 [Test worker] TRACE org.xlbean.data.TableValueLoader - {aaa=743.0, ccc=-10742.0, bbb=1742.0, ddd=530.3234500000168}
20:43:19.521 [Test worker] TRACE org.xlbean.data.TableValueLoader - {aaa=744.0, ccc=-10743.0, bbb=1743.0, ddd=530.4234500000168}
20:43:19.524 [Test worker] TRACE org.xlbean.data.TableValueLoader - {aaa=745.0, ccc=-10744.0, bbb=1744.0, ddd=530.5234500000169}
20:43:19.526 [Test worker] TRACE org.xlbean.data.TableValueLoader - {aaa=746.0, ccc=-10745.0, bbb=1745.0, ddd=530.6234500000169}
20:43:19.529 [Test worker] TRACE org.xlbean.data.TableValueLoader - {aaa=747.0, ccc=-10746.0, bbb=1746.0, ddd=530.7234500000169}
20:43:19.531 [Test worker] TRACE org.xlbean.data.TableValueLoader - {aaa=748.0, ccc=-10747.0, bbb=1747.0, ddd=530.8234500000169}
20:43:19.533 [Test worker] TRACE org.xlbean.data.TableValueLoader - {aaa=749.0, ccc=-10748.0, bbb=1748.0, ddd=530.9234500000169}
20:43:19.535 [Test worker] TRACE org.xlbean.data.TableValueLoader - {aaa=750.0, ccc=-10749.0, bbb=1749.0, ddd=531.023450000017}
20:43:19.538 [Test worker] TRACE org.xlbean.data.TableValueLoader - {aaa=751.0, ccc=-10750.0, bbb=1750.0, ddd=531.123450000017}
20:43:19.540 [Test worker] TRACE org.xlbean.data.TableValueLoader - {aaa=752.0, ccc=-10751.0, bbb=1751.0, ddd=531.223450000017}
20:43:19.542 [Test worker] TRACE org.xlbean.data.TableValueLoader - {aaa=753.0, ccc=-10752.0, bbb=1752.0, ddd=531.323450000017}
20:43:19.545 [Test worker] TRACE org.xlbean.data.TableValueLoader - {aaa=754.0, ccc=-10753.0, bbb=1753.0, ddd=531.423450000017}
20:43:19.548 [Test worker] TRACE org.xlbean.data.TableValueLoader - {aaa=755.0, ccc=-10754.0, bbb=1754.0, ddd=531.5234500000171}
20:43:19.550 [Test worker] TRACE org.xlbean.data.TableValueLoader - {aaa=756.0, ccc=-10755.0, bbb=1755.0, ddd=531.6234500000171}
20:43:19.553 [Test worker] TRACE org.xlbean.data.TableValueLoader - {aaa=757.0, ccc=-10756.0, bbb=1756.0, ddd=531.7234500000171}
20:43:19.555 [Test worker] TRACE org.xlbean.data.TableValueLoader - {aaa=758.0, ccc=-10757.0, bbb=1757.0, ddd=531.8234500000171}
20:43:19.557 [Test worker] TRACE org.xlbean.data.TableValueLoader - {aaa=759.0, ccc=-10758.0, bbb=1758.0, ddd=531.9234500000172}
20:43:19.559 [Test worker] TRACE org.xlbean.data.TableValueLoader - {aaa=760.0, ccc=-10759.0, bbb=1759.0, ddd=532.0234500000172}
20:43:19.561 [Test worker] TRACE org.xlbean.data.TableValueLoader - {aaa=761.0, ccc=-10760.0, bbb=1760.0, ddd=532.1234500000172}
20:43:19.563 [Test worker] TRACE org.xlbean.data.TableValueLoader - {aaa=762.0, ccc=-10761.0, bbb=1761.0, ddd=532.2234500000172}
20:43:19.565 [Test worker] TRACE org.xlbean.data.TableValueLoader - {aaa=763.0, ccc=-10762.0, bbb=1762.0, ddd=532.3234500000173}
20:43:19.567 [Test worker] TRACE org.xlbean.data.TableValueLoader - {aaa=764.0, ccc=-10763.0, bbb=1763.0, ddd=532.4234500000173}
20:43:19.570 [Test worker] TRACE org.xlbean.data.TableValueLoader - {aaa=765.0, ccc=-10764.0, bbb=1764.0, ddd=532.5234500000173}
20:43:19.572 [Test worker] TRACE org.xlbean.data.TableValueLoader - {aaa=766.0, ccc=-10765.0, bbb=1765.0, ddd=532.6234500000173}
20:43:19.575 [Test worker] TRACE org.xlbean.data.TableValueLoader - {aaa=767.0, ccc=-10766.0, bbb=1766.0, ddd=532.7234500000174}
20:43:19.577 [Test worker] TRACE org.xlbean.data.TableValueLoader - {aaa=768.0, ccc=-10767.0, bbb=1767.0, ddd=532.8234500000174}
20:43:19.580 [Test worker] TRACE org.xlbean.data.TableValueLoader - {aaa=769.0, ccc=-10768.0, bbb=1768.0, ddd=532.9234500000174}
20:43:19.583 [Test worker] TRACE org.xlbean.data.TableValueLoader - {aaa=770.0, ccc=-10769.0, bbb=1769.0, ddd=533.0234500000174}
20:43:19.586 [Test worker] TRACE org.xlbean.data.TableValueLoader - {aaa=771.0, ccc=-10770.0, bbb=1770.0, ddd=533.1234500000174}
20:43:19.588 [Test worker] TRACE org.xlbean.data.TableValueLoader - {aaa=772.0, ccc=-10771.0, bbb=1771.0, ddd=533.2234500000175}
20:43:19.590 [Test worker] TRACE org.xlbean.data.TableValueLoader - {aaa=773.0, ccc=-10772.0, bbb=1772.0, ddd=533.3234500000175}
20:43:19.592 [Test worker] TRACE org.xlbean.data.TableValueLoader - {aaa=774.0, ccc=-10773.0, bbb=1773.0, ddd=533.4234500000175}
20:43:19.594 [Test worker] TRACE org.xlbean.data.TableValueLoader - {aaa=775.0, ccc=-10774.0, bbb=1774.0, ddd=533.5234500000175}
20:43:19.597 [Test worker] TRACE org.xlbean.data.TableValueLoader - {aaa=776.0, ccc=-10775.0, bbb=1775.0, ddd=533.6234500000176}
20:43:19.599 [Test worker] TRACE org.xlbean.data.TableValueLoader - {aaa=777.0, ccc=-10776.0, bbb=1776.0, ddd=533.7234500000176}
20:43:19.601 [Test worker] TRACE org.xlbean.data.TableValueLoader - {aaa=778.0, ccc=-10777.0, bbb=1777.0, ddd=533.8234500000176}
20:43:19.603 [Test worker] TRACE org.xlbean.data.TableValueLoader - {aaa=779.0, ccc=-10778.0, bbb=1778.0, ddd=533.9234500000176}
20:43:19.606 [Test worker] TRACE org.xlbean.data.TableValueLoader - {aaa=780.0, ccc=-10779.0, bbb=1779.0, ddd=534.0234500000176}
20:43:19.608 [Test worker] TRACE org.xlbean.data.TableValueLoader - {aaa=781.0, ccc=-10780.0, bbb=1780.0, ddd=534.1234500000177}
20:43:19.610 [Test worker] TRACE org.xlbean.data.TableValueLoader - {aaa=782.0, ccc=-10781.0, bbb=1781.0, ddd=534.2234500000177}
20:43:19.612 [Test worker] TRACE org.xlbean.data.TableValueLoader - {aaa=783.0, ccc=-10782.0, bbb=1782.0, ddd=534.3234500000177}
20:43:19.614 [Test worker] TRACE org.xlbean.data.TableValueLoader - {aaa=784.0, ccc=-10783.0, bbb=1783.0, ddd=534.4234500000177}
20:43:19.616 [Test worker] TRACE org.xlbean.data.TableValueLoader - {aaa=785.0, ccc=-10784.0, bbb=1784.0, ddd=534.5234500000178}
20:43:19.618 [Test worker] TRACE org.xlbean.data.TableValueLoader - {aaa=786.0, ccc=-10785.0, bbb=1785.0, ddd=534.6234500000178}
20:43:19.620 [Test worker] TRACE org.xlbean.data.TableValueLoader - {aaa=787.0, ccc=-10786.0, bbb=1786.0, ddd=534.7234500000178}
20:43:19.622 [Test worker] TRACE org.xlbean.data.TableValueLoader - {aaa=788.0, ccc=-10787.0, bbb=1787.0, ddd=534.8234500000178}
20:43:19.624 [Test worker] TRACE org.xlbean.data.TableValueLoader - {aaa=789.0, ccc=-10788.0, bbb=1788.0, ddd=534.9234500000179}
20:43:19.626 [Test worker] TRACE org.xlbean.data.TableValueLoader - {aaa=790.0, ccc=-10789.0, bbb=1789.0, ddd=535.0234500000179}
20:43:19.628 [Test worker] TRACE org.xlbean.data.TableValueLoader - {aaa=791.0, ccc=-10790.0, bbb=1790.0, ddd=535.1234500000179}
20:43:19.630 [Test worker] TRACE org.xlbean.data.TableValueLoader - {aaa=792.0, ccc=-10791.0, bbb=1791.0, ddd=535.2234500000179}
20:43:19.632 [Test worker] TRACE org.xlbean.data.TableValueLoader - {aaa=793.0, ccc=-10792.0, bbb=1792.0, ddd=535.3234500000179}
20:43:19.634 [Test worker] TRACE org.xlbean.data.TableValueLoader - {aaa=794.0, ccc=-10793.0, bbb=1793.0, ddd=535.423450000018}
20:43:19.636 [Test worker] TRACE org.xlbean.data.TableValueLoader - {aaa=795.0, ccc=-10794.0, bbb=1794.0, ddd=535.523450000018}
20:43:19.638 [Test worker] TRACE org.xlbean.data.TableValueLoader - {aaa=796.0, ccc=-10795.0, bbb=1795.0, ddd=535.623450000018}
20:43:19.639 [Test worker] TRACE org.xlbean.data.TableValueLoader - {aaa=797.0, ccc=-10796.0, bbb=1796.0, ddd=535.723450000018}
20:43:19.641 [Test worker] TRACE org.xlbean.data.TableValueLoader - {aaa=798.0, ccc=-10797.0, bbb=1797.0, ddd=535.823450000018}
20:43:19.642 [Test worker] TRACE org.xlbean.data.TableValueLoader - {aaa=799.0, ccc=-10798.0, bbb=1798.0, ddd=535.9234500000181}
20:43:19.644 [Test worker] TRACE org.xlbean.data.TableValueLoader - {aaa=800.0, ccc=-10799.0, bbb=1799.0, ddd=536.0234500000181}
20:43:19.646 [Test worker] TRACE org.xlbean.data.TableValueLoader - {aaa=801.0, ccc=-10800.0, bbb=1800.0, ddd=536.1234500000181}
20:43:19.647 [Test worker] TRACE org.xlbean.data.TableValueLoader - {aaa=802.0, ccc=-10801.0, bbb=1801.0, ddd=536.2234500000181}
20:43:19.649 [Test worker] TRACE org.xlbean.data.TableValueLoader - {aaa=803.0, ccc=-10802.0, bbb=1802.0, ddd=536.3234500000182}
20:43:19.651 [Test worker] TRACE org.xlbean.data.TableValueLoader - {aaa=804.0, ccc=-10803.0, bbb=1803.0, ddd=536.4234500000182}
20:43:19.653 [Test worker] TRACE org.xlbean.data.TableValueLoader - {aaa=805.0, ccc=-10804.0, bbb=1804.0, ddd=536.5234500000182}
20:43:19.655 [Test worker] TRACE org.xlbean.data.TableValueLoader - {aaa=806.0, ccc=-10805.0, bbb=1805.0, ddd=536.6234500000182}
20:43:19.657 [Test worker] TRACE org.xlbean.data.TableValueLoader - {aaa=807.0, ccc=-10806.0, bbb=1806.0, ddd=536.7234500000183}
20:43:19.658 [Test worker] TRACE org.xlbean.data.TableValueLoader - {aaa=808.0, ccc=-10807.0, bbb=1807.0, ddd=536.8234500000183}
20:43:19.660 [Test worker] TRACE org.xlbean.data.TableValueLoader - {aaa=809.0, ccc=-10808.0, bbb=1808.0, ddd=536.9234500000183}
20:43:19.662 [Test worker] TRACE org.xlbean.data.TableValueLoader - {aaa=810.0, ccc=-10809.0, bbb=1809.0, ddd=537.0234500000183}
20:43:19.663 [Test worker] TRACE org.xlbean.data.TableValueLoader - {aaa=811.0, ccc=-10810.0, bbb=1810.0, ddd=537.1234500000184}
20:43:19.665 [Test worker] TRACE org.xlbean.data.TableValueLoader - {aaa=812.0, ccc=-10811.0, bbb=1811.0, ddd=537.2234500000184}
20:43:19.666 [Test worker] TRACE org.xlbean.data.TableValueLoader - {aaa=813.0, ccc=-10812.0, bbb=1812.0, ddd=537.3234500000184}
20:43:19.670 [Test worker] TRACE org.xlbean.data.TableValueLoader - {aaa=814.0, ccc=-10813.0, bbb=1813.0, ddd=537.4234500000184}
20:43:19.672 [Test worker] TRACE org.xlbean.data.TableValueLoader - {aaa=815.0, ccc=-10814.0, bbb=1814.0, ddd=537.5234500000184}
20:43:19.674 [Test worker] TRACE org.xlbean.data.TableValueLoader - {aaa=816.0, ccc=-10815.0, bbb=1815.0, ddd=537.6234500000185}
20:43:19.676 [Test worker] TRACE org.xlbean.data.TableValueLoader - {aaa=817.0, ccc=-10816.0, bbb=1816.0, ddd=537.7234500000185}
20:43:19.678 [Test worker] TRACE org.xlbean.data.TableValueLoader - {aaa=818.0, ccc=-10817.0, bbb=1817.0, ddd=537.8234500000185}
20:43:19.680 [Test worker] TRACE org.xlbean.data.TableValueLoader - {aaa=819.0, ccc=-10818.0, bbb=1818.0, ddd=537.9234500000185}
20:43:19.682 [Test worker] TRACE org.xlbean.data.TableValueLoader - {aaa=820.0, ccc=-10819.0, bbb=1819.0, ddd=538.0234500000186}
20:43:19.685 [Test worker] TRACE org.xlbean.data.TableValueLoader - {aaa=821.0, ccc=-10820.0, bbb=1820.0, ddd=538.1234500000186}
20:43:19.688 [Test worker] TRACE org.xlbean.data.TableValueLoader - {aaa=822.0, ccc=-10821.0, bbb=1821.0, ddd=538.2234500000186}
20:43:19.689 [Test worker] TRACE org.xlbean.data.TableValueLoader - {aaa=823.0, ccc=-10822.0, bbb=1822.0, ddd=538.3234500000186}
20:43:19.691 [Test worker] TRACE org.xlbean.data.TableValueLoader - {aaa=824.0, ccc=-10823.0, bbb=1823.0, ddd=538.4234500000186}
20:43:19.693 [Test worker] TRACE org.xlbean.data.TableValueLoader - {aaa=825.0, ccc=-10824.0, bbb=1824.0, ddd=538.5234500000187}
20:43:19.694 [Test worker] TRACE org.xlbean.data.TableValueLoader - {aaa=826.0, ccc=-10825.0, bbb=1825.0, ddd=538.6234500000187}
20:43:19.696 [Test worker] TRACE org.xlbean.data.TableValueLoader - {aaa=827.0, ccc=-10826.0, bbb=1826.0, ddd=538.7234500000187}
20:43:19.697 [Test worker] TRACE org.xlbean.data.TableValueLoader - {aaa=828.0, ccc=-10827.0, bbb=1827.0, ddd=538.8234500000187}
20:43:19.699 [Test worker] TRACE org.xlbean.data.TableValueLoader - {aaa=829.0, ccc=-10828.0, bbb=1828.0, ddd=538.9234500000188}
20:43:19.701 [Test worker] TRACE org.xlbean.data.TableValueLoader - {aaa=830.0, ccc=-10829.0, bbb=1829.0, ddd=539.0234500000188}
20:43:19.703 [Test worker] TRACE org.xlbean.data.TableValueLoader - {aaa=831.0, ccc=-10830.0, bbb=1830.0, ddd=539.1234500000188}
20:43:19.706 [Test worker] TRACE org.xlbean.data.TableValueLoader - {aaa=832.0, ccc=-10831.0, bbb=1831.0, ddd=539.2234500000188}
20:43:19.708 [Test worker] TRACE org.xlbean.data.TableValueLoader - {aaa=833.0, ccc=-10832.0, bbb=1832.0, ddd=539.3234500000189}
20:43:19.710 [Test worker] TRACE org.xlbean.data.TableValueLoader - {aaa=834.0, ccc=-10833.0, bbb=1833.0, ddd=539.4234500000189}
20:43:19.712 [Test worker] TRACE org.xlbean.data.TableValueLoader - {aaa=835.0, ccc=-10834.0, bbb=1834.0, ddd=539.5234500000189}
20:43:19.714 [Test worker] TRACE org.xlbean.data.TableValueLoader - {aaa=836.0, ccc=-10835.0, bbb=1835.0, ddd=539.6234500000189}
20:43:19.715 [Test worker] TRACE org.xlbean.data.TableValueLoader - {aaa=837.0, ccc=-10836.0, bbb=1836.0, ddd=539.7234500000189}
20:43:19.717 [Test worker] TRACE org.xlbean.data.TableValueLoader - {aaa=838.0, ccc=-10837.0, bbb=1837.0, ddd=539.823450000019}
20:43:19.721 [Test worker] TRACE org.xlbean.data.TableValueLoader - {aaa=839.0, ccc=-10838.0, bbb=1838.0, ddd=539.923450000019}
20:43:19.723 [Test worker] TRACE org.xlbean.data.TableValueLoader - {aaa=840.0, ccc=-10839.0, bbb=1839.0, ddd=540.023450000019}
20:43:19.724 [Test worker] TRACE org.xlbean.data.TableValueLoader - {aaa=841.0, ccc=-10840.0, bbb=1840.0, ddd=540.123450000019}
20:43:19.726 [Test worker] TRACE org.xlbean.data.TableValueLoader - {aaa=842.0, ccc=-10841.0, bbb=1841.0, ddd=540.223450000019}
20:43:19.727 [Test worker] TRACE org.xlbean.data.TableValueLoader - {aaa=843.0, ccc=-10842.0, bbb=1842.0, ddd=540.3234500000191}
20:43:19.730 [Test worker] TRACE org.xlbean.data.TableValueLoader - {aaa=844.0, ccc=-10843.0, bbb=1843.0, ddd=540.4234500000191}
20:43:19.732 [Test worker] TRACE org.xlbean.data.TableValueLoader - {aaa=845.0, ccc=-10844.0, bbb=1844.0, ddd=540.5234500000191}
20:43:19.733 [Test worker] TRACE org.xlbean.data.TableValueLoader - {aaa=846.0, ccc=-10845.0, bbb=1845.0, ddd=540.6234500000191}
20:43:19.735 [Test worker] TRACE org.xlbean.data.TableValueLoader - {aaa=847.0, ccc=-10846.0, bbb=1846.0, ddd=540.7234500000192}
20:43:19.737 [Test worker] TRACE org.xlbean.data.TableValueLoader - {aaa=848.0, ccc=-10847.0, bbb=1847.0, ddd=540.8234500000192}
20:43:19.739 [Test worker] TRACE org.xlbean.data.TableValueLoader - {aaa=849.0, ccc=-10848.0, bbb=1848.0, ddd=540.9234500000192}
20:43:19.740 [Test worker] TRACE org.xlbean.data.TableValueLoader - {aaa=850.0, ccc=-10849.0, bbb=1849.0, ddd=541.0234500000192}
20:43:19.742 [Test worker] TRACE org.xlbean.data.TableValueLoader - {aaa=851.0, ccc=-10850.0, bbb=1850.0, ddd=541.1234500000193}
20:43:19.744 [Test worker] TRACE org.xlbean.data.TableValueLoader - {aaa=852.0, ccc=-10851.0, bbb=1851.0, ddd=541.2234500000193}
20:43:19.745 [Test worker] TRACE org.xlbean.data.TableValueLoader - {aaa=853.0, ccc=-10852.0, bbb=1852.0, ddd=541.3234500000193}
20:43:19.747 [Test worker] TRACE org.xlbean.data.TableValueLoader - {aaa=854.0, ccc=-10853.0, bbb=1853.0, ddd=541.4234500000193}
20:43:19.748 [Test worker] TRACE org.xlbean.data.TableValueLoader - {aaa=855.0, ccc=-10854.0, bbb=1854.0, ddd=541.5234500000194}
20:43:19.751 [Test worker] TRACE org.xlbean.data.TableValueLoader - {aaa=856.0, ccc=-10855.0, bbb=1855.0, ddd=541.6234500000194}
20:43:19.754 [Test worker] TRACE org.xlbean.data.TableValueLoader - {aaa=857.0, ccc=-10856.0, bbb=1856.0, ddd=541.7234500000194}
20:43:19.756 [Test worker] TRACE org.xlbean.data.TableValueLoader - {aaa=858.0, ccc=-10857.0, bbb=1857.0, ddd=541.8234500000194}
20:43:19.758 [Test worker] TRACE org.xlbean.data.TableValueLoader - {aaa=859.0, ccc=-10858.0, bbb=1858.0, ddd=541.9234500000194}
20:43:19.760 [Test worker] TRACE org.xlbean.data.TableValueLoader - {aaa=860.0, ccc=-10859.0, bbb=1859.0, ddd=542.0234500000195}
20:43:19.762 [Test worker] TRACE org.xlbean.data.TableValueLoader - {aaa=861.0, ccc=-10860.0, bbb=1860.0, ddd=542.1234500000195}
20:43:19.765 [Test worker] TRACE org.xlbean.data.TableValueLoader - {aaa=862.0, ccc=-10861.0, bbb=1861.0, ddd=542.2234500000195}
20:43:19.770 [Test worker] TRACE org.xlbean.data.TableValueLoader - {aaa=863.0, ccc=-10862.0, bbb=1862.0, ddd=542.3234500000195}
20:43:19.773 [Test worker] TRACE org.xlbean.data.TableValueLoader - {aaa=864.0, ccc=-10863.0, bbb=1863.0, ddd=542.4234500000196}
20:43:19.776 [Test worker] TRACE org.xlbean.data.TableValueLoader - {aaa=865.0, ccc=-10864.0, bbb=1864.0, ddd=542.5234500000196}
20:43:19.779 [Test worker] TRACE org.xlbean.data.TableValueLoader - {aaa=866.0, ccc=-10865.0, bbb=1865.0, ddd=542.6234500000196}
20:43:19.781 [Test worker] TRACE org.xlbean.data.TableValueLoader - {aaa=867.0, ccc=-10866.0, bbb=1866.0, ddd=542.7234500000196}
20:43:19.783 [Test worker] TRACE org.xlbean.data.TableValueLoader - {aaa=868.0, ccc=-10867.0, bbb=1867.0, ddd=542.8234500000196}
20:43:19.788 [Test worker] TRACE org.xlbean.data.TableValueLoader - {aaa=869.0, ccc=-10868.0, bbb=1868.0, ddd=542.9234500000197}
20:43:19.790 [Test worker] TRACE org.xlbean.data.TableValueLoader - {aaa=870.0, ccc=-10869.0, bbb=1869.0, ddd=543.0234500000197}
20:43:19.793 [Test worker] TRACE org.xlbean.data.TableValueLoader - {aaa=871.0, ccc=-10870.0, bbb=1870.0, ddd=543.1234500000197}
20:43:19.796 [Test worker] TRACE org.xlbean.data.TableValueLoader - {aaa=872.0, ccc=-10871.0, bbb=1871.0, ddd=543.2234500000197}
20:43:19.799 [Test worker] TRACE org.xlbean.data.TableValueLoader - {aaa=873.0, ccc=-10872.0, bbb=1872.0, ddd=543.3234500000198}
20:43:19.804 [Test worker] TRACE org.xlbean.data.TableValueLoader - {aaa=874.0, ccc=-10873.0, bbb=1873.0, ddd=543.4234500000198}
20:43:19.807 [Test worker] TRACE org.xlbean.data.TableValueLoader - {aaa=875.0, ccc=-10874.0, bbb=1874.0, ddd=543.5234500000198}
20:43:19.810 [Test worker] TRACE org.xlbean.data.TableValueLoader - {aaa=876.0, ccc=-10875.0, bbb=1875.0, ddd=543.6234500000198}
20:43:19.813 [Test worker] TRACE org.xlbean.data.TableValueLoader - {aaa=877.0, ccc=-10876.0, bbb=1876.0, ddd=543.7234500000199}
20:43:19.815 [Test worker] TRACE org.xlbean.data.TableValueLoader - {aaa=878.0, ccc=-10877.0, bbb=1877.0, ddd=543.8234500000199}
20:43:19.818 [Test worker] TRACE org.xlbean.data.TableValueLoader - {aaa=879.0, ccc=-10878.0, bbb=1878.0, ddd=543.9234500000199}
20:43:19.826 [Test worker] TRACE org.xlbean.data.TableValueLoader - {aaa=880.0, ccc=-10879.0, bbb=1879.0, ddd=544.0234500000199}
20:43:19.829 [Test worker] TRACE org.xlbean.data.TableValueLoader - {aaa=881.0, ccc=-10880.0, bbb=1880.0, ddd=544.12345000002}
20:43:19.831 [Test worker] TRACE org.xlbean.data.TableValueLoader - {aaa=882.0, ccc=-10881.0, bbb=1881.0, ddd=544.22345000002}
20:43:19.833 [Test worker] TRACE org.xlbean.data.TableValueLoader - {aaa=883.0, ccc=-10882.0, bbb=1882.0, ddd=544.32345000002}
20:43:19.836 [Test worker] TRACE org.xlbean.data.TableValueLoader - {aaa=884.0, ccc=-10883.0, bbb=1883.0, ddd=544.42345000002}
20:43:19.838 [Test worker] TRACE org.xlbean.data.TableValueLoader - {aaa=885.0, ccc=-10884.0, bbb=1884.0, ddd=544.52345000002}
20:43:19.840 [Test worker] TRACE org.xlbean.data.TableValueLoader - {aaa=886.0, ccc=-10885.0, bbb=1885.0, ddd=544.6234500000201}
20:43:19.843 [Test worker] TRACE org.xlbean.data.TableValueLoader - {aaa=887.0, ccc=-10886.0, bbb=1886.0, ddd=544.7234500000201}
20:43:19.845 [Test worker] TRACE org.xlbean.data.TableValueLoader - {aaa=888.0, ccc=-10887.0, bbb=1887.0, ddd=544.8234500000201}
20:43:19.848 [Test worker] TRACE org.xlbean.data.TableValueLoader - {aaa=889.0, ccc=-10888.0, bbb=1888.0, ddd=544.9234500000201}
20:43:19.850 [Test worker] TRACE org.xlbean.data.TableValueLoader - {aaa=890.0, ccc=-10889.0, bbb=1889.0, ddd=545.0234500000201}
20:43:19.853 [Test worker] TRACE org.xlbean.data.TableValueLoader - {aaa=891.0, ccc=-10890.0, bbb=1890.0, ddd=545.1234500000202}
20:43:19.856 [Test worker] TRACE org.xlbean.data.TableValueLoader - {aaa=892.0, ccc=-10891.0, bbb=1891.0, ddd=545.2234500000202}
20:43:19.858 [Test worker] TRACE org.xlbean.data.TableValueLoader - {aaa=893.0, ccc=-10892.0, bbb=1892.0, ddd=545.3234500000202}
20:43:19.860 [Test worker] TRACE org.xlbean.data.TableValueLoader - {aaa=894.0, ccc=-10893.0, bbb=1893.0, ddd=545.4234500000202}
20:43:19.862 [Test worker] TRACE org.xlbean.data.TableValueLoader - {aaa=895.0, ccc=-10894.0, bbb=1894.0, ddd=545.5234500000203}
20:43:19.864 [Test worker] TRACE org.xlbean.data.TableValueLoader - {aaa=896.0, ccc=-10895.0, bbb=1895.0, ddd=545.6234500000203}
20:43:19.866 [Test worker] TRACE org.xlbean.data.TableValueLoader - {aaa=897.0, ccc=-10896.0, bbb=1896.0, ddd=545.7234500000203}
20:43:19.870 [Test worker] TRACE org.xlbean.data.TableValueLoader - {aaa=898.0, ccc=-10897.0, bbb=1897.0, ddd=545.8234500000203}
20:43:19.873 [Test worker] TRACE org.xlbean.data.TableValueLoader - {aaa=899.0, ccc=-10898.0, bbb=1898.0, ddd=545.9234500000204}
20:43:19.875 [Test worker] TRACE org.xlbean.data.TableValueLoader - {aaa=900.0, ccc=-10899.0, bbb=1899.0, ddd=546.0234500000204}
20:43:19.877 [Test worker] TRACE org.xlbean.data.TableValueLoader - {aaa=901.0, ccc=-10900.0, bbb=1900.0, ddd=546.1234500000204}
20:43:19.879 [Test worker] TRACE org.xlbean.data.TableValueLoader - {aaa=902.0, ccc=-10901.0, bbb=1901.0, ddd=546.2234500000204}
20:43:19.881 [Test worker] TRACE org.xlbean.data.TableValueLoader - {aaa=903.0, ccc=-10902.0, bbb=1902.0, ddd=546.3234500000204}
20:43:19.882 [Test worker] TRACE org.xlbean.data.TableValueLoader - {aaa=904.0, ccc=-10903.0, bbb=1903.0, ddd=546.4234500000205}
20:43:19.884 [Test worker] TRACE org.xlbean.data.TableValueLoader - {aaa=905.0, ccc=-10904.0, bbb=1904.0, ddd=546.5234500000205}
20:43:19.886 [Test worker] TRACE org.xlbean.data.TableValueLoader - {aaa=906.0, ccc=-10905.0, bbb=1905.0, ddd=546.6234500000205}
20:43:19.888 [Test worker] TRACE org.xlbean.data.TableValueLoader - {aaa=907.0, ccc=-10906.0, bbb=1906.0, ddd=546.7234500000205}
20:43:19.890 [Test worker] TRACE org.xlbean.data.TableValueLoader - {aaa=908.0, ccc=-10907.0, bbb=1907.0, ddd=546.8234500000206}
20:43:19.892 [Test worker] TRACE org.xlbean.data.TableValueLoader - {aaa=909.0, ccc=-10908.0, bbb=1908.0, ddd=546.9234500000206}
20:43:19.894 [Test worker] TRACE org.xlbean.data.TableValueLoader - {aaa=910.0, ccc=-10909.0, bbb=1909.0, ddd=547.0234500000206}
20:43:19.896 [Test worker] TRACE org.xlbean.data.TableValueLoader - {aaa=911.0, ccc=-10910.0, bbb=1910.0, ddd=547.1234500000206}
20:43:19.898 [Test worker] TRACE org.xlbean.data.TableValueLoader - {aaa=912.0, ccc=-10911.0, bbb=1911.0, ddd=547.2234500000206}
20:43:19.900 [Test worker] TRACE org.xlbean.data.TableValueLoader - {aaa=913.0, ccc=-10912.0, bbb=1912.0, ddd=547.3234500000207}
20:43:19.903 [Test worker] TRACE org.xlbean.data.TableValueLoader - {aaa=914.0, ccc=-10913.0, bbb=1913.0, ddd=547.4234500000207}
20:43:19.905 [Test worker] TRACE org.xlbean.data.TableValueLoader - {aaa=915.0, ccc=-10914.0, bbb=1914.0, ddd=547.5234500000207}
20:43:19.907 [Test worker] TRACE org.xlbean.data.TableValueLoader - {aaa=916.0, ccc=-10915.0, bbb=1915.0, ddd=547.6234500000207}
20:43:19.908 [Test worker] TRACE org.xlbean.data.TableValueLoader - {aaa=917.0, ccc=-10916.0, bbb=1916.0, ddd=547.7234500000208}
20:43:19.910 [Test worker] TRACE org.xlbean.data.TableValueLoader - {aaa=918.0, ccc=-10917.0, bbb=1917.0, ddd=547.8234500000208}
20:43:19.913 [Test worker] TRACE org.xlbean.data.TableValueLoader - {aaa=919.0, ccc=-10918.0, bbb=1918.0, ddd=547.9234500000208}
20:43:19.915 [Test worker] TRACE org.xlbean.data.TableValueLoader - {aaa=920.0, ccc=-10919.0, bbb=1919.0, ddd=548.0234500000208}
20:43:19.918 [Test worker] TRACE org.xlbean.data.TableValueLoader - {aaa=921.0, ccc=-10920.0, bbb=1920.0, ddd=548.1234500000209}
20:43:19.921 [Test worker] TRACE org.xlbean.data.TableValueLoader - {aaa=922.0, ccc=-10921.0, bbb=1921.0, ddd=548.2234500000209}
20:43:19.923 [Test worker] TRACE org.xlbean.data.TableValueLoader - {aaa=923.0, ccc=-10922.0, bbb=1922.0, ddd=548.3234500000209}
20:43:19.926 [Test worker] TRACE org.xlbean.data.TableValueLoader - {aaa=924.0, ccc=-10923.0, bbb=1923.0, ddd=548.4234500000209}
20:43:19.928 [Test worker] TRACE org.xlbean.data.TableValueLoader - {aaa=925.0, ccc=-10924.0, bbb=1924.0, ddd=548.523450000021}
20:43:19.930 [Test worker] TRACE org.xlbean.data.TableValueLoader - {aaa=926.0, ccc=-10925.0, bbb=1925.0, ddd=548.623450000021}
20:43:19.933 [Test worker] TRACE org.xlbean.data.TableValueLoader - {aaa=927.0, ccc=-10926.0, bbb=1926.0, ddd=548.723450000021}
20:43:19.936 [Test worker] TRACE org.xlbean.data.TableValueLoader - {aaa=928.0, ccc=-10927.0, bbb=1927.0, ddd=548.823450000021}
20:43:19.938 [Test worker] TRACE org.xlbean.data.TableValueLoader - {aaa=929.0, ccc=-10928.0, bbb=1928.0, ddd=548.923450000021}
20:43:19.940 [Test worker] TRACE org.xlbean.data.TableValueLoader - {aaa=930.0, ccc=-10929.0, bbb=1929.0, ddd=549.0234500000211}
20:43:19.942 [Test worker] TRACE org.xlbean.data.TableValueLoader - {aaa=931.0, ccc=-10930.0, bbb=1930.0, ddd=549.1234500000211}
20:43:19.945 [Test worker] TRACE org.xlbean.data.TableValueLoader - {aaa=932.0, ccc=-10931.0, bbb=1931.0, ddd=549.2234500000211}
20:43:19.947 [Test worker] TRACE org.xlbean.data.TableValueLoader - {aaa=933.0, ccc=-10932.0, bbb=1932.0, ddd=549.3234500000211}
20:43:19.950 [Test worker] TRACE org.xlbean.data.TableValueLoader - {aaa=934.0, ccc=-10933.0, bbb=1933.0, ddd=549.4234500000211}
20:43:19.953 [Test worker] TRACE org.xlbean.data.TableValueLoader - {aaa=935.0, ccc=-10934.0, bbb=1934.0, ddd=549.5234500000212}
20:43:19.956 [Test worker] TRACE org.xlbean.data.TableValueLoader - {aaa=936.0, ccc=-10935.0, bbb=1935.0, ddd=549.6234500000212}
20:43:19.958 [Test worker] TRACE org.xlbean.data.TableValueLoader - {aaa=937.0, ccc=-10936.0, bbb=1936.0, ddd=549.7234500000212}
20:43:19.961 [Test worker] TRACE org.xlbean.data.TableValueLoader - {aaa=938.0, ccc=-10937.0, bbb=1937.0, ddd=549.8234500000212}
20:43:19.963 [Test worker] TRACE org.xlbean.data.TableValueLoader - {aaa=939.0, ccc=-10938.0, bbb=1938.0, ddd=549.9234500000213}
20:43:19.966 [Test worker] TRACE org.xlbean.data.TableValueLoader - {aaa=940.0, ccc=-10939.0, bbb=1939.0, ddd=550.0234500000213}
20:43:19.969 [Test worker] TRACE org.xlbean.data.TableValueLoader - {aaa=941.0, ccc=-10940.0, bbb=1940.0, ddd=550.1234500000213}
20:43:19.971 [Test worker] TRACE org.xlbean.data.TableValueLoader - {aaa=942.0, ccc=-10941.0, bbb=1941.0, ddd=550.2234500000213}
20:43:19.973 [Test worker] TRACE org.xlbean.data.TableValueLoader - {aaa=943.0, ccc=-10942.0, bbb=1942.0, ddd=550.3234500000214}
20:43:19.975 [Test worker] TRACE org.xlbean.data.TableValueLoader - {aaa=944.0, ccc=-10943.0, bbb=1943.0, ddd=550.4234500000214}
20:43:19.978 [Test worker] TRACE org.xlbean.data.TableValueLoader - {aaa=945.0, ccc=-10944.0, bbb=1944.0, ddd=550.5234500000214}
20:43:19.980 [Test worker] TRACE org.xlbean.data.TableValueLoader - {aaa=946.0, ccc=-10945.0, bbb=1945.0, ddd=550.6234500000214}
20:43:19.982 [Test worker] TRACE org.xlbean.data.TableValueLoader - {aaa=947.0, ccc=-10946.0, bbb=1946.0, ddd=550.7234500000214}
20:43:19.987 [Test worker] TRACE org.xlbean.data.TableValueLoader - {aaa=948.0, ccc=-10947.0, bbb=1947.0, ddd=550.8234500000215}
20:43:19.989 [Test worker] TRACE org.xlbean.data.TableValueLoader - {aaa=949.0, ccc=-10948.0, bbb=1948.0, ddd=550.9234500000215}
20:43:19.991 [Test worker] TRACE org.xlbean.data.TableValueLoader - {aaa=950.0, ccc=-10949.0, bbb=1949.0, ddd=551.0234500000215}
20:43:19.993 [Test worker] TRACE org.xlbean.data.TableValueLoader - {aaa=951.0, ccc=-10950.0, bbb=1950.0, ddd=551.1234500000215}
20:43:19.995 [Test worker] TRACE org.xlbean.data.TableValueLoader - {aaa=952.0, ccc=-10951.0, bbb=1951.0, ddd=551.2234500000216}
20:43:19.998 [Test worker] TRACE org.xlbean.data.TableValueLoader - {aaa=953.0, ccc=-10952.0, bbb=1952.0, ddd=551.3234500000216}
20:43:20.000 [Test worker] TRACE org.xlbean.data.TableValueLoader - {aaa=954.0, ccc=-10953.0, bbb=1953.0, ddd=551.4234500000216}
20:43:20.003 [Test worker] TRACE org.xlbean.data.TableValueLoader - {aaa=955.0, ccc=-10954.0, bbb=1954.0, ddd=551.5234500000216}
20:43:20.006 [Test worker] TRACE org.xlbean.data.TableValueLoader - {aaa=956.0, ccc=-10955.0, bbb=1955.0, ddd=551.6234500000216}
20:43:20.008 [Test worker] TRACE org.xlbean.data.TableValueLoader - {aaa=957.0, ccc=-10956.0, bbb=1956.0, ddd=551.7234500000217}
20:43:20.010 [Test worker] TRACE org.xlbean.data.TableValueLoader - {aaa=958.0, ccc=-10957.0, bbb=1957.0, ddd=551.8234500000217}
20:43:20.012 [Test worker] TRACE org.xlbean.data.TableValueLoader - {aaa=959.0, ccc=-10958.0, bbb=1958.0, ddd=551.9234500000217}
20:43:20.014 [Test worker] TRACE org.xlbean.data.TableValueLoader - {aaa=960.0, ccc=-10959.0, bbb=1959.0, ddd=552.0234500000217}
20:43:20.016 [Test worker] TRACE org.xlbean.data.TableValueLoader - {aaa=961.0, ccc=-10960.0, bbb=1960.0, ddd=552.1234500000218}
20:43:20.019 [Test worker] TRACE org.xlbean.data.TableValueLoader - {aaa=962.0, ccc=-10961.0, bbb=1961.0, ddd=552.2234500000218}
20:43:20.021 [Test worker] TRACE org.xlbean.data.TableValueLoader - {aaa=963.0, ccc=-10962.0, bbb=1962.0, ddd=552.3234500000218}
20:43:20.025 [Test worker] TRACE org.xlbean.data.TableValueLoader - {aaa=964.0, ccc=-10963.0, bbb=1963.0, ddd=552.4234500000218}
20:43:20.027 [Test worker] TRACE org.xlbean.data.TableValueLoader - {aaa=965.0, ccc=-10964.0, bbb=1964.0, ddd=552.5234500000219}
20:43:20.030 [Test worker] TRACE org.xlbean.data.TableValueLoader - {aaa=966.0, ccc=-10965.0, bbb=1965.0, ddd=552.6234500000219}
20:43:20.034 [Test worker] TRACE org.xlbean.data.TableValueLoader - {aaa=967.0, ccc=-10966.0, bbb=1966.0, ddd=552.7234500000219}
20:43:20.037 [Test worker] TRACE org.xlbean.data.TableValueLoader - {aaa=968.0, ccc=-10967.0, bbb=1967.0, ddd=552.8234500000219}
20:43:20.040 [Test worker] TRACE org.xlbean.data.TableValueLoader - {aaa=969.0, ccc=-10968.0, bbb=1968.0, ddd=552.923450000022}
20:43:20.043 [Test worker] TRACE org.xlbean.data.TableValueLoader - {aaa=970.0, ccc=-10969.0, bbb=1969.0, ddd=553.023450000022}
20:43:20.045 [Test worker] TRACE org.xlbean.data.TableValueLoader - {aaa=971.0, ccc=-10970.0, bbb=1970.0, ddd=553.123450000022}
20:43:20.047 [Test worker] TRACE org.xlbean.data.TableValueLoader - {aaa=972.0, ccc=-10971.0, bbb=1971.0, ddd=553.223450000022}
20:43:20.050 [Test worker] TRACE org.xlbean.data.TableValueLoader - {aaa=973.0, ccc=-10972.0, bbb=1972.0, ddd=553.323450000022}
20:43:20.055 [Test worker] TRACE org.xlbean.data.TableValueLoader - {aaa=974.0, ccc=-10973.0, bbb=1973.0, ddd=553.4234500000221}
20:43:20.058 [Test worker] TRACE org.xlbean.data.TableValueLoader - {aaa=975.0, ccc=-10974.0, bbb=1974.0, ddd=553.5234500000221}
20:43:20.064 [Test worker] TRACE org.xlbean.data.TableValueLoader - {aaa=976.0, ccc=-10975.0, bbb=1975.0, ddd=553.6234500000221}
20:43:20.067 [Test worker] TRACE org.xlbean.data.TableValueLoader - {aaa=977.0, ccc=-10976.0, bbb=1976.0, ddd=553.7234500000221}
20:43:20.073 [Test worker] TRACE org.xlbean.data.TableValueLoader - {aaa=978.0, ccc=-10977.0, bbb=1977.0, ddd=553.8234500000221}
20:43:20.076 [Test worker] TRACE org.xlbean.data.TableValueLoader - {aaa=979.0, ccc=-10978.0, bbb=1978.0, ddd=553.9234500000222}
20:43:20.078 [Test worker] TRACE org.xlbean.data.TableValueLoader - {aaa=980.0, ccc=-10979.0, bbb=1979.0, ddd=554.0234500000222}
20:43:20.084 [Test worker] TRACE org.xlbean.data.TableValueLoader - {aaa=981.0, ccc=-10980.0, bbb=1980.0, ddd=554.1234500000222}
20:43:20.087 [Test worker] TRACE org.xlbean.data.TableValueLoader - {aaa=982.0, ccc=-10981.0, bbb=1981.0, ddd=554.2234500000222}
20:43:20.092 [Test worker] TRACE org.xlbean.data.TableValueLoader - {aaa=983.0, ccc=-10982.0, bbb=1982.0, ddd=554.3234500000223}
20:43:20.094 [Test worker] TRACE org.xlbean.data.TableValueLoader - {aaa=984.0, ccc=-10983.0, bbb=1983.0, ddd=554.4234500000223}
20:43:20.096 [Test worker] TRACE org.xlbean.data.TableValueLoader - {aaa=985.0, ccc=-10984.0, bbb=1984.0, ddd=554.5234500000223}
20:43:20.097 [Test worker] TRACE org.xlbean.data.TableValueLoader - {aaa=986.0, ccc=-10985.0, bbb=1985.0, ddd=554.6234500000223}
20:43:20.099 [Test worker] TRACE org.xlbean.data.TableValueLoader - {aaa=987.0, ccc=-10986.0, bbb=1986.0, ddd=554.7234500000224}
20:43:20.101 [Test worker] TRACE org.xlbean.data.TableValueLoader - {aaa=988.0, ccc=-10987.0, bbb=1987.0, ddd=554.8234500000224}
20:43:20.104 [Test worker] TRACE org.xlbean.data.TableValueLoader - {aaa=989.0, ccc=-10988.0, bbb=1988.0, ddd=554.9234500000224}
20:43:20.105 [Test worker] TRACE org.xlbean.data.TableValueLoader - {aaa=990.0, ccc=-10989.0, bbb=1989.0, ddd=555.0234500000224}
20:43:20.107 [Test worker] TRACE org.xlbean.data.TableValueLoader - {aaa=991.0, ccc=-10990.0, bbb=1990.0, ddd=555.1234500000224}
20:43:20.110 [Test worker] TRACE org.xlbean.data.TableValueLoader - {aaa=992.0, ccc=-10991.0, bbb=1991.0, ddd=555.2234500000225}
20:43:20.112 [Test worker] TRACE org.xlbean.data.TableValueLoader - {aaa=993.0, ccc=-10992.0, bbb=1992.0, ddd=555.3234500000225}
20:43:20.114 [Test worker] TRACE org.xlbean.data.TableValueLoader - {aaa=994.0, ccc=-10993.0, bbb=1993.0, ddd=555.4234500000225}
20:43:20.115 [Test worker] TRACE org.xlbean.data.TableValueLoader - {aaa=995.0, ccc=-10994.0, bbb=1994.0, ddd=555.5234500000225}
20:43:20.117 [Test worker] TRACE org.xlbean.data.TableValueLoader - {aaa=996.0, ccc=-10995.0, bbb=1995.0, ddd=555.6234500000226}
20:43:20.120 [Test worker] TRACE org.xlbean.data.TableValueLoader - {aaa=997.0, ccc=-10996.0, bbb=1996.0, ddd=555.7234500000226}
20:43:20.123 [Test worker] TRACE org.xlbean.data.TableValueLoader - {aaa=998.0, ccc=-10997.0, bbb=1997.0, ddd=555.8234500000226}
20:43:20.126 [Test worker] TRACE org.xlbean.data.TableValueLoader - {aaa=999.0, ccc=-10998.0, bbb=1998.0, ddd=555.9234500000226}
20:43:20.128 [Test worker] TRACE org.xlbean.data.TableValueLoader - {aaa=1000.0, ccc=-10999.0, bbb=1999.0, ddd=556.0234500000226}
20:43:20.131 [Test worker] TRACE org.xlbean.data.TableValueLoader - {aaa=1001.0, ccc=-11000.0, bbb=2000.0, ddd=556.1234500000227}
20:43:20.133 [Test worker] TRACE org.xlbean.data.TableValueLoader - {aaa=1002.0, ccc=-11001.0, bbb=2001.0, ddd=556.2234500000227}
20:43:20.140 [Test worker] TRACE org.xlbean.data.TableValueLoader - {aaa=1003.0, ccc=-11002.0, bbb=2002.0, ddd=556.3234500000227}
20:43:20.149 [Test worker] TRACE org.xlbean.data.TableValueLoader - {aaa=1004.0, ccc=-11003.0, bbb=2003.0, ddd=556.4234500000227}
20:43:20.153 [Test worker] TRACE org.xlbean.data.TableValueLoader - {aaa=1005.0, ccc=-11004.0, bbb=2004.0, ddd=556.5234500000228}
20:43:20.173 [Test worker] TRACE org.xlbean.data.TableValueLoader - {aaa=1006.0, ccc=-11005.0, bbb=2005.0, ddd=556.6234500000228}
20:43:20.176 [Test worker] TRACE org.xlbean.data.TableValueLoader - {aaa=1007.0, ccc=-11006.0, bbb=2006.0, ddd=556.7234500000228}
20:43:20.179 [Test worker] TRACE org.xlbean.data.TableValueLoader - {aaa=1008.0, ccc=-11007.0, bbb=2007.0, ddd=556.8234500000228}
20:43:20.182 [Test worker] TRACE org.xlbean.data.TableValueLoader - {aaa=1009.0, ccc=-11008.0, bbb=2008.0, ddd=556.9234500000229}
20:43:20.186 [Test worker] TRACE org.xlbean.data.TableValueLoader - {aaa=1010.0, ccc=-11009.0, bbb=2009.0, ddd=557.0234500000229}
20:43:20.189 [Test worker] TRACE org.xlbean.data.TableValueLoader - {aaa=1011.0, ccc=-11010.0, bbb=2010.0, ddd=557.1234500000229}
20:43:20.192 [Test worker] TRACE org.xlbean.data.TableValueLoader - {aaa=1012.0, ccc=-11011.0, bbb=2011.0, ddd=557.2234500000229}
20:43:20.195 [Test worker] TRACE org.xlbean.data.TableValueLoader - {aaa=1013.0, ccc=-11012.0, bbb=2012.0, ddd=557.323450000023}
20:43:20.198 [Test worker] TRACE org.xlbean.data.TableValueLoader - {aaa=1014.0, ccc=-11013.0, bbb=2013.0, ddd=557.423450000023}
20:43:20.203 [Test worker] TRACE org.xlbean.data.TableValueLoader - {aaa=1015.0, ccc=-11014.0, bbb=2014.0, ddd=557.523450000023}
20:43:20.207 [Test worker] TRACE org.xlbean.data.TableValueLoader - {aaa=1016.0, ccc=-11015.0, bbb=2015.0, ddd=557.623450000023}
20:43:20.210 [Test worker] TRACE org.xlbean.data.TableValueLoader - {aaa=1017.0, ccc=-11016.0, bbb=2016.0, ddd=557.723450000023}
20:43:20.212 [Test worker] TRACE org.xlbean.data.TableValueLoader - {aaa=1018.0, ccc=-11017.0, bbb=2017.0, ddd=557.8234500000231}
20:43:20.214 [Test worker] TRACE org.xlbean.data.TableValueLoader - {aaa=1019.0, ccc=-11018.0, bbb=2018.0, ddd=557.9234500000231}
20:43:20.217 [Test worker] TRACE org.xlbean.data.TableValueLoader - {aaa=1020.0, ccc=-11019.0, bbb=2019.0, ddd=558.0234500000231}
20:43:20.222 [Test worker] TRACE org.xlbean.data.TableValueLoader - {aaa=1021.0, ccc=-11020.0, bbb=2020.0, ddd=558.1234500000231}
20:43:20.224 [Test worker] TRACE org.xlbean.data.TableValueLoader - {aaa=1022.0, ccc=-11021.0, bbb=2021.0, ddd=558.2234500000231}
20:43:20.227 [Test worker] TRACE org.xlbean.data.TableValueLoader - {aaa=1023.0, ccc=-11022.0, bbb=2022.0, ddd=558.3234500000232}
20:43:20.229 [Test worker] TRACE org.xlbean.data.TableValueLoader - {aaa=1024.0, ccc=-11023.0, bbb=2023.0, ddd=558.4234500000232}
20:43:20.231 [Test worker] TRACE org.xlbean.data.TableValueLoader - {aaa=1025.0, ccc=-11024.0, bbb=2024.0, ddd=558.5234500000232}
20:43:20.234 [Test worker] TRACE org.xlbean.data.TableValueLoader - {aaa=1026.0, ccc=-11025.0, bbb=2025.0, ddd=558.6234500000232}
20:43:20.239 [Test worker] TRACE org.xlbean.data.TableValueLoader - {aaa=1027.0, ccc=-11026.0, bbb=2026.0, ddd=558.7234500000233}
20:43:20.242 [Test worker] TRACE org.xlbean.data.TableValueLoader - {aaa=1028.0, ccc=-11027.0, bbb=2027.0, ddd=558.8234500000233}
20:43:20.244 [Test worker] TRACE org.xlbean.data.TableValueLoader - {aaa=1029.0, ccc=-11028.0, bbb=2028.0, ddd=558.9234500000233}
20:43:20.247 [Test worker] TRACE org.xlbean.data.TableValueLoader - {aaa=1030.0, ccc=-11029.0, bbb=2029.0, ddd=559.0234500000233}
20:43:20.250 [Test worker] TRACE org.xlbean.data.TableValueLoader - {aaa=1031.0, ccc=-11030.0, bbb=2030.0, ddd=559.1234500000234}
20:43:20.255 [Test worker] TRACE org.xlbean.data.TableValueLoader - {aaa=1032.0, ccc=-11031.0, bbb=2031.0, ddd=559.2234500000234}
20:43:20.258 [Test worker] TRACE org.xlbean.data.TableValueLoader - {aaa=1033.0, ccc=-11032.0, bbb=2032.0, ddd=559.3234500000234}
20:43:20.261 [Test worker] TRACE org.xlbean.data.TableValueLoader - {aaa=1034.0, ccc=-11033.0, bbb=2033.0, ddd=559.4234500000234}
20:43:20.266 [Test worker] TRACE org.xlbean.data.TableValueLoader - {aaa=1035.0, ccc=-11034.0, bbb=2034.0, ddd=559.5234500000234}
20:43:20.270 [Test worker] TRACE org.xlbean.data.TableValueLoader - {aaa=1036.0, ccc=-11035.0, bbb=2035.0, ddd=559.6234500000235}
20:43:20.272 [Test worker] TRACE org.xlbean.data.TableValueLoader - {aaa=1037.0, ccc=-11036.0, bbb=2036.0, ddd=559.7234500000235}
20:43:20.275 [Test worker] TRACE org.xlbean.data.TableValueLoader - {aaa=1038.0, ccc=-11037.0, bbb=2037.0, ddd=559.8234500000235}
20:43:20.277 [Test worker] TRACE org.xlbean.data.TableValueLoader - {aaa=1039.0, ccc=-11038.0, bbb=2038.0, ddd=559.9234500000235}
20:43:20.279 [Test worker] TRACE org.xlbean.data.TableValueLoader - {aaa=1040.0, ccc=-11039.0, bbb=2039.0, ddd=560.0234500000236}
20:43:20.281 [Test worker] TRACE org.xlbean.data.TableValueLoader - {aaa=1041.0, ccc=-11040.0, bbb=2040.0, ddd=560.1234500000236}
20:43:20.287 [Test worker] TRACE org.xlbean.data.TableValueLoader - {aaa=1042.0, ccc=-11041.0, bbb=2041.0, ddd=560.2234500000236}
20:43:20.289 [Test worker] TRACE org.xlbean.data.TableValueLoader - {aaa=1043.0, ccc=-11042.0, bbb=2042.0, ddd=560.3234500000236}
20:43:20.291 [Test worker] TRACE org.xlbean.data.TableValueLoader - {aaa=1044.0, ccc=-11043.0, bbb=2043.0, ddd=560.4234500000236}
20:43:20.294 [Test worker] TRACE org.xlbean.data.TableValueLoader - {aaa=1045.0, ccc=-11044.0, bbb=2044.0, ddd=560.5234500000237}
20:43:20.296 [Test worker] TRACE org.xlbean.data.TableValueLoader - {aaa=1046.0, ccc=-11045.0, bbb=2045.0, ddd=560.6234500000237}
20:43:20.300 [Test worker] TRACE org.xlbean.data.TableValueLoader - {aaa=1047.0, ccc=-11046.0, bbb=2046.0, ddd=560.7234500000237}
20:43:20.307 [Test worker] TRACE org.xlbean.data.TableValueLoader - {aaa=1048.0, ccc=-11047.0, bbb=2047.0, ddd=560.8234500000237}
20:43:20.311 [Test worker] TRACE org.xlbean.data.TableValueLoader - {aaa=1049.0, ccc=-11048.0, bbb=2048.0, ddd=560.9234500000238}
20:43:20.313 [Test worker] TRACE org.xlbean.data.TableValueLoader - {aaa=1050.0, ccc=-11049.0, bbb=2049.0, ddd=561.0234500000238}
20:43:20.316 [Test worker] TRACE org.xlbean.data.TableValueLoader - {aaa=1051.0, ccc=-11050.0, bbb=2050.0, ddd=561.1234500000238}
20:43:20.324 [Test worker] TRACE org.xlbean.data.TableValueLoader - {aaa=1052.0, ccc=-11051.0, bbb=2051.0, ddd=561.2234500000238}
20:43:20.326 [Test worker] TRACE org.xlbean.data.TableValueLoader - {aaa=1053.0, ccc=-11052.0, bbb=2052.0, ddd=561.3234500000239}
20:43:20.329 [Test worker] TRACE org.xlbean.data.TableValueLoader - {aaa=1054.0, ccc=-11053.0, bbb=2053.0, ddd=561.4234500000239}
20:43:20.335 [Test worker] TRACE org.xlbean.data.TableValueLoader - {aaa=1055.0, ccc=-11054.0, bbb=2054.0, ddd=561.5234500000239}
20:43:20.337 [Test worker] TRACE org.xlbean.data.TableValueLoader - {aaa=1056.0, ccc=-11055.0, bbb=2055.0, ddd=561.6234500000239}
20:43:20.340 [Test worker] TRACE org.xlbean.data.TableValueLoader - {aaa=1057.0, ccc=-11056.0, bbb=2056.0, ddd=561.723450000024}
20:43:20.342 [Test worker] TRACE org.xlbean.data.TableValueLoader - {aaa=1058.0, ccc=-11057.0, bbb=2057.0, ddd=561.823450000024}
20:43:20.354 [Test worker] TRACE org.xlbean.data.TableValueLoader - {aaa=1059.0, ccc=-11058.0, bbb=2058.0, ddd=561.923450000024}
20:43:20.357 [Test worker] TRACE org.xlbean.data.TableValueLoader - {aaa=1060.0, ccc=-11059.0, bbb=2059.0, ddd=562.023450000024}
20:43:20.360 [Test worker] TRACE org.xlbean.data.TableValueLoader - {aaa=1061.0, ccc=-11060.0, bbb=2060.0, ddd=562.123450000024}
20:43:20.362 [Test worker] TRACE org.xlbean.data.TableValueLoader - {aaa=1062.0, ccc=-11061.0, bbb=2061.0, ddd=562.2234500000241}
20:43:20.365 [Test worker] TRACE org.xlbean.data.TableValueLoader - {aaa=1063.0, ccc=-11062.0, bbb=2062.0, ddd=562.3234500000241}
20:43:20.367 [Test worker] TRACE org.xlbean.data.TableValueLoader - {aaa=1064.0, ccc=-11063.0, bbb=2063.0, ddd=562.4234500000241}
20:43:20.369 [Test worker] TRACE org.xlbean.data.TableValueLoader - {aaa=1065.0, ccc=-11064.0, bbb=2064.0, ddd=562.5234500000241}
20:43:20.371 [Test worker] TRACE org.xlbean.data.TableValueLoader - {aaa=1066.0, ccc=-11065.0, bbb=2065.0, ddd=562.6234500000241}
20:43:20.372 [Test worker] TRACE org.xlbean.data.TableValueLoader - {aaa=1067.0, ccc=-11066.0, bbb=2066.0, ddd=562.7234500000242}
20:43:20.374 [Test worker] TRACE org.xlbean.data.TableValueLoader - {aaa=1068.0, ccc=-11067.0, bbb=2067.0, ddd=562.8234500000242}
20:43:20.377 [Test worker] TRACE org.xlbean.data.TableValueLoader - {aaa=1069.0, ccc=-11068.0, bbb=2068.0, ddd=562.9234500000242}
20:43:20.382 [Test worker] TRACE org.xlbean.data.TableValueLoader - {aaa=1070.0, ccc=-11069.0, bbb=2069.0, ddd=563.0234500000242}
20:43:20.384 [Test worker] TRACE org.xlbean.data.TableValueLoader - {aaa=1071.0, ccc=-11070.0, bbb=2070.0, ddd=563.1234500000243}
20:43:20.388 [Test worker] TRACE org.xlbean.data.TableValueLoader - {aaa=1072.0, ccc=-11071.0, bbb=2071.0, ddd=563.2234500000243}
20:43:20.391 [Test worker] TRACE org.xlbean.data.TableValueLoader - {aaa=1073.0, ccc=-11072.0, bbb=2072.0, ddd=563.3234500000243}
20:43:20.393 [Test worker] TRACE org.xlbean.data.TableValueLoader - {aaa=1074.0, ccc=-11073.0, bbb=2073.0, ddd=563.4234500000243}
20:43:20.396 [Test worker] TRACE org.xlbean.data.TableValueLoader - {aaa=1075.0, ccc=-11074.0, bbb=2074.0, ddd=563.5234500000244}
20:43:20.400 [Test worker] TRACE org.xlbean.data.TableValueLoader - {aaa=1076.0, ccc=-11075.0, bbb=2075.0, ddd=563.6234500000244}
20:43:20.404 [Test worker] TRACE org.xlbean.data.TableValueLoader - {aaa=1077.0, ccc=-11076.0, bbb=2076.0, ddd=563.7234500000244}
20:43:20.407 [Test worker] TRACE org.xlbean.data.TableValueLoader - {aaa=1078.0, ccc=-11077.0, bbb=2077.0, ddd=563.8234500000244}
20:43:20.409 [Test worker] TRACE org.xlbean.data.TableValueLoader - {aaa=1079.0, ccc=-11078.0, bbb=2078.0, ddd=563.9234500000244}
20:43:20.411 [Test worker] TRACE org.xlbean.data.TableValueLoader - {aaa=1080.0, ccc=-11079.0, bbb=2079.0, ddd=564.0234500000245}
20:43:20.414 [Test worker] TRACE org.xlbean.data.TableValueLoader - {aaa=1081.0, ccc=-11080.0, bbb=2080.0, ddd=564.1234500000245}
20:43:20.416 [Test worker] TRACE org.xlbean.data.TableValueLoader - {aaa=1082.0, ccc=-11081.0, bbb=2081.0, ddd=564.2234500000245}
20:43:20.421 [Test worker] TRACE org.xlbean.data.TableValueLoader - {aaa=1083.0, ccc=-11082.0, bbb=2082.0, ddd=564.3234500000245}
20:43:20.423 [Test worker] TRACE org.xlbean.data.TableValueLoader - {aaa=1084.0, ccc=-11083.0, bbb=2083.0, ddd=564.4234500000246}
20:43:20.425 [Test worker] TRACE org.xlbean.data.TableValueLoader - {aaa=1085.0, ccc=-11084.0, bbb=2084.0, ddd=564.5234500000246}
20:43:20.428 [Test worker] TRACE org.xlbean.data.TableValueLoader - {aaa=1086.0, ccc=-11085.0, bbb=2085.0, ddd=564.6234500000246}
20:43:20.430 [Test worker] TRACE org.xlbean.data.TableValueLoader - {aaa=1087.0, ccc=-11086.0, bbb=2086.0, ddd=564.7234500000246}
20:43:20.432 [Test worker] TRACE org.xlbean.data.TableValueLoader - {aaa=1088.0, ccc=-11087.0, bbb=2087.0, ddd=564.8234500000246}
20:43:20.433 [Test worker] TRACE org.xlbean.data.TableValueLoader - {aaa=1089.0, ccc=-11088.0, bbb=2088.0, ddd=564.9234500000247}
20:43:20.436 [Test worker] TRACE org.xlbean.data.TableValueLoader - {aaa=1090.0, ccc=-11089.0, bbb=2089.0, ddd=565.0234500000247}
20:43:20.438 [Test worker] TRACE org.xlbean.data.TableValueLoader - {aaa=1091.0, ccc=-11090.0, bbb=2090.0, ddd=565.1234500000247}
20:43:20.439 [Test worker] TRACE org.xlbean.data.TableValueLoader - {aaa=1092.0, ccc=-11091.0, bbb=2091.0, ddd=565.2234500000247}
20:43:20.442 [Test worker] TRACE org.xlbean.data.TableValueLoader - {aaa=1093.0, ccc=-11092.0, bbb=2092.0, ddd=565.3234500000248}
20:43:20.445 [Test worker] TRACE org.xlbean.data.TableValueLoader - {aaa=1094.0, ccc=-11093.0, bbb=2093.0, ddd=565.4234500000248}
20:43:20.447 [Test worker] TRACE org.xlbean.data.TableValueLoader - {aaa=1095.0, ccc=-11094.0, bbb=2094.0, ddd=565.5234500000248}
20:43:20.450 [Test worker] TRACE org.xlbean.data.TableValueLoader - {aaa=1096.0, ccc=-11095.0, bbb=2095.0, ddd=565.6234500000248}
20:43:20.456 [Test worker] TRACE org.xlbean.data.TableValueLoader - {aaa=1097.0, ccc=-11096.0, bbb=2096.0, ddd=565.7234500000249}
20:43:20.458 [Test worker] TRACE org.xlbean.data.TableValueLoader - {aaa=1098.0, ccc=-11097.0, bbb=2097.0, ddd=565.8234500000249}
20:43:20.461 [Test worker] TRACE org.xlbean.data.TableValueLoader - {aaa=1099.0, ccc=-11098.0, bbb=2098.0, ddd=565.9234500000249}
20:43:20.464 [Test worker] TRACE org.xlbean.data.TableValueLoader - {aaa=1100.0, ccc=-11099.0, bbb=2099.0, ddd=566.0234500000249}
20:43:20.466 [Test worker] TRACE org.xlbean.data.TableValueLoader - {aaa=1101.0, ccc=-11100.0, bbb=2100.0, ddd=566.123450000025}
20:43:20.469 [Test worker] TRACE org.xlbean.data.TableValueLoader - {aaa=1102.0, ccc=-11101.0, bbb=2101.0, ddd=566.223450000025}
20:43:20.472 [Test worker] TRACE org.xlbean.data.TableValueLoader - {aaa=1103.0, ccc=-11102.0, bbb=2102.0, ddd=566.323450000025}
20:43:20.474 [Test worker] TRACE org.xlbean.data.TableValueLoader - {aaa=1104.0, ccc=-11103.0, bbb=2103.0, ddd=566.423450000025}
20:43:20.476 [Test worker] TRACE org.xlbean.data.TableValueLoader - {aaa=1105.0, ccc=-11104.0, bbb=2104.0, ddd=566.523450000025}
20:43:20.479 [Test worker] TRACE org.xlbean.data.TableValueLoader - {aaa=1106.0, ccc=-11105.0, bbb=2105.0, ddd=566.6234500000251}
20:43:20.481 [Test worker] TRACE org.xlbean.data.TableValueLoader - {aaa=1107.0, ccc=-11106.0, bbb=2106.0, ddd=566.7234500000251}
20:43:20.483 [Test worker] TRACE org.xlbean.data.TableValueLoader - {aaa=1108.0, ccc=-11107.0, bbb=2107.0, ddd=566.8234500000251}
20:43:20.487 [Test worker] TRACE org.xlbean.data.TableValueLoader - {aaa=1109.0, ccc=-11108.0, bbb=2108.0, ddd=566.9234500000251}
20:43:20.490 [Test worker] TRACE org.xlbean.data.TableValueLoader - {aaa=1110.0, ccc=-11109.0, bbb=2109.0, ddd=567.0234500000252}
20:43:20.492 [Test worker] TRACE org.xlbean.data.TableValueLoader - {aaa=1111.0, ccc=-11110.0, bbb=2110.0, ddd=567.1234500000252}
20:43:20.494 [Test worker] TRACE org.xlbean.data.TableValueLoader - {aaa=1112.0, ccc=-11111.0, bbb=2111.0, ddd=567.2234500000252}
20:43:20.496 [Test worker] TRACE org.xlbean.data.TableValueLoader - {aaa=1113.0, ccc=-11112.0, bbb=2112.0, ddd=567.3234500000252}
20:43:20.499 [Test worker] TRACE org.xlbean.data.TableValueLoader - {aaa=1114.0, ccc=-11113.0, bbb=2113.0, ddd=567.4234500000252}
20:43:20.501 [Test worker] TRACE org.xlbean.data.TableValueLoader - {aaa=1115.0, ccc=-11114.0, bbb=2114.0, ddd=567.5234500000253}
20:43:20.504 [Test worker] TRACE org.xlbean.data.TableValueLoader - {aaa=1116.0, ccc=-11115.0, bbb=2115.0, ddd=567.6234500000253}
20:43:20.506 [Test worker] TRACE org.xlbean.data.TableValueLoader - {aaa=1117.0, ccc=-11116.0, bbb=2116.0, ddd=567.7234500000253}
20:43:20.509 [Test worker] TRACE org.xlbean.data.TableValueLoader - {aaa=1118.0, ccc=-11117.0, bbb=2117.0, ddd=567.8234500000253}
20:43:20.511 [Test worker] TRACE org.xlbean.data.TableValueLoader - {aaa=1119.0, ccc=-11118.0, bbb=2118.0, ddd=567.9234500000254}
20:43:20.514 [Test worker] TRACE org.xlbean.data.TableValueLoader - {aaa=1120.0, ccc=-11119.0, bbb=2119.0, ddd=568.0234500000254}
20:43:20.516 [Test worker] TRACE org.xlbean.data.TableValueLoader - {aaa=1121.0, ccc=-11120.0, bbb=2120.0, ddd=568.1234500000254}
20:43:20.520 [Test worker] TRACE org.xlbean.data.TableValueLoader - {aaa=1122.0, ccc=-11121.0, bbb=2121.0, ddd=568.2234500000254}
20:43:20.522 [Test worker] TRACE org.xlbean.data.TableValueLoader - {aaa=1123.0, ccc=-11122.0, bbb=2122.0, ddd=568.3234500000254}
20:43:20.525 [Test worker] TRACE org.xlbean.data.TableValueLoader - {aaa=1124.0, ccc=-11123.0, bbb=2123.0, ddd=568.4234500000255}
20:43:20.527 [Test worker] TRACE org.xlbean.data.TableValueLoader - {aaa=1125.0, ccc=-11124.0, bbb=2124.0, ddd=568.5234500000255}
20:43:20.530 [Test worker] TRACE org.xlbean.data.TableValueLoader - {aaa=1126.0, ccc=-11125.0, bbb=2125.0, ddd=568.6234500000255}
20:43:20.533 [Test worker] TRACE org.xlbean.data.TableValueLoader - {aaa=1127.0, ccc=-11126.0, bbb=2126.0, ddd=568.7234500000255}
20:43:20.537 [Test worker] TRACE org.xlbean.data.TableValueLoader - {aaa=1128.0, ccc=-11127.0, bbb=2127.0, ddd=568.8234500000256}
20:43:20.539 [Test worker] TRACE org.xlbean.data.TableValueLoader - {aaa=1129.0, ccc=-11128.0, bbb=2128.0, ddd=568.9234500000256}
20:43:20.541 [Test worker] TRACE org.xlbean.data.TableValueLoader - {aaa=1130.0, ccc=-11129.0, bbb=2129.0, ddd=569.0234500000256}
20:43:20.543 [Test worker] TRACE org.xlbean.data.TableValueLoader - {aaa=1131.0, ccc=-11130.0, bbb=2130.0, ddd=569.1234500000256}
20:43:20.545 [Test worker] TRACE org.xlbean.data.TableValueLoader - {aaa=1132.0, ccc=-11131.0, bbb=2131.0, ddd=569.2234500000257}
20:43:20.548 [Test worker] TRACE org.xlbean.data.TableValueLoader - {aaa=1133.0, ccc=-11132.0, bbb=2132.0, ddd=569.3234500000257}
20:43:20.550 [Test worker] TRACE org.xlbean.data.TableValueLoader - {aaa=1134.0, ccc=-11133.0, bbb=2133.0, ddd=569.4234500000257}
20:43:20.554 [Test worker] TRACE org.xlbean.data.TableValueLoader - {aaa=1135.0, ccc=-11134.0, bbb=2134.0, ddd=569.5234500000257}
20:43:20.556 [Test worker] TRACE org.xlbean.data.TableValueLoader - {aaa=1136.0, ccc=-11135.0, bbb=2135.0, ddd=569.6234500000257}
20:43:20.558 [Test worker] TRACE org.xlbean.data.TableValueLoader - {aaa=1137.0, ccc=-11136.0, bbb=2136.0, ddd=569.7234500000258}
20:43:20.560 [Test worker] TRACE org.xlbean.data.TableValueLoader - {aaa=1138.0, ccc=-11137.0, bbb=2137.0, ddd=569.8234500000258}
20:43:20.562 [Test worker] TRACE org.xlbean.data.TableValueLoader - {aaa=1139.0, ccc=-11138.0, bbb=2138.0, ddd=569.9234500000258}
20:43:20.565 [Test worker] TRACE org.xlbean.data.TableValueLoader - {aaa=1140.0, ccc=-11139.0, bbb=2139.0, ddd=570.0234500000258}
20:43:20.567 [Test worker] TRACE org.xlbean.data.TableValueLoader - {aaa=1141.0, ccc=-11140.0, bbb=2140.0, ddd=570.1234500000259}
20:43:20.570 [Test worker] TRACE org.xlbean.data.TableValueLoader - {aaa=1142.0, ccc=-11141.0, bbb=2141.0, ddd=570.2234500000259}
20:43:20.573 [Test worker] TRACE org.xlbean.data.TableValueLoader - {aaa=1143.0, ccc=-11142.0, bbb=2142.0, ddd=570.3234500000259}
20:43:20.576 [Test worker] TRACE org.xlbean.data.TableValueLoader - {aaa=1144.0, ccc=-11143.0, bbb=2143.0, ddd=570.4234500000259}
20:43:20.578 [Test worker] TRACE org.xlbean.data.TableValueLoader - {aaa=1145.0, ccc=-11144.0, bbb=2144.0, ddd=570.523450000026}
20:43:20.580 [Test worker] TRACE org.xlbean.data.TableValueLoader - {aaa=1146.0, ccc=-11145.0, bbb=2145.0, ddd=570.623450000026}
20:43:20.583 [Test worker] TRACE org.xlbean.data.TableValueLoader - {aaa=1147.0, ccc=-11146.0, bbb=2146.0, ddd=570.723450000026}
20:43:20.585 [Test worker] TRACE org.xlbean.data.TableValueLoader - {aaa=1148.0, ccc=-11147.0, bbb=2147.0, ddd=570.823450000026}
20:43:20.588 [Test worker] TRACE org.xlbean.data.TableValueLoader - {aaa=1149.0, ccc=-11148.0, bbb=2148.0, ddd=570.923450000026}
20:43:20.591 [Test worker] TRACE org.xlbean.data.TableValueLoader - {aaa=1150.0, ccc=-11149.0, bbb=2149.0, ddd=571.0234500000261}
20:43:20.593 [Test worker] TRACE org.xlbean.data.TableValueLoader - {aaa=1151.0, ccc=-11150.0, bbb=2150.0, ddd=571.1234500000261}
20:43:20.596 [Test worker] TRACE org.xlbean.data.TableValueLoader - {aaa=1152.0, ccc=-11151.0, bbb=2151.0, ddd=571.2234500000261}
20:43:20.598 [Test worker] TRACE org.xlbean.data.TableValueLoader - {aaa=1153.0, ccc=-11152.0, bbb=2152.0, ddd=571.3234500000261}
20:43:20.602 [Test worker] TRACE org.xlbean.data.TableValueLoader - {aaa=1154.0, ccc=-11153.0, bbb=2153.0, ddd=571.4234500000262}
20:43:20.604 [Test worker] TRACE org.xlbean.data.TableValueLoader - {aaa=1155.0, ccc=-11154.0, bbb=2154.0, ddd=571.5234500000262}
20:43:20.606 [Test worker] TRACE org.xlbean.data.TableValueLoader - {aaa=1156.0, ccc=-11155.0, bbb=2155.0, ddd=571.6234500000262}
20:43:20.611 [Test worker] TRACE org.xlbean.data.TableValueLoader - {aaa=1157.0, ccc=-11156.0, bbb=2156.0, ddd=571.7234500000262}
20:43:20.613 [Test worker] TRACE org.xlbean.data.TableValueLoader - {aaa=1158.0, ccc=-11157.0, bbb=2157.0, ddd=571.8234500000262}
20:43:20.615 [Test worker] TRACE org.xlbean.data.TableValueLoader - {aaa=1159.0, ccc=-11158.0, bbb=2158.0, ddd=571.9234500000263}
20:43:20.618 [Test worker] TRACE org.xlbean.data.TableValueLoader - {aaa=1160.0, ccc=-11159.0, bbb=2159.0, ddd=572.0234500000263}
20:43:20.621 [Test worker] TRACE org.xlbean.data.TableValueLoader - {aaa=1161.0, ccc=-11160.0, bbb=2160.0, ddd=572.1234500000263}
20:43:20.623 [Test worker] TRACE org.xlbean.data.TableValueLoader - {aaa=1162.0, ccc=-11161.0, bbb=2161.0, ddd=572.2234500000263}
20:43:20.625 [Test worker] TRACE org.xlbean.data.TableValueLoader - {aaa=1163.0, ccc=-11162.0, bbb=2162.0, ddd=572.3234500000264}
20:43:20.627 [Test worker] TRACE org.xlbean.data.TableValueLoader - {aaa=1164.0, ccc=-11163.0, bbb=2163.0, ddd=572.4234500000264}
20:43:20.629 [Test worker] TRACE org.xlbean.data.TableValueLoader - {aaa=1165.0, ccc=-11164.0, bbb=2164.0, ddd=572.5234500000264}
20:43:20.631 [Test worker] TRACE org.xlbean.data.TableValueLoader - {aaa=1166.0, ccc=-11165.0, bbb=2165.0, ddd=572.6234500000264}
20:43:20.633 [Test worker] TRACE org.xlbean.data.TableValueLoader - {aaa=1167.0, ccc=-11166.0, bbb=2166.0, ddd=572.7234500000264}
20:43:20.635 [Test worker] TRACE org.xlbean.data.TableValueLoader - {aaa=1168.0, ccc=-11167.0, bbb=2167.0, ddd=572.8234500000265}
20:43:20.637 [Test worker] TRACE org.xlbean.data.TableValueLoader - {aaa=1169.0, ccc=-11168.0, bbb=2168.0, ddd=572.9234500000265}
20:43:20.638 [Test worker] TRACE org.xlbean.data.TableValueLoader - {aaa=1170.0, ccc=-11169.0, bbb=2169.0, ddd=573.0234500000265}
20:43:20.640 [Test worker] TRACE org.xlbean.data.TableValueLoader - {aaa=1171.0, ccc=-11170.0, bbb=2170.0, ddd=573.1234500000265}
20:43:20.642 [Test worker] TRACE org.xlbean.data.TableValueLoader - {aaa=1172.0, ccc=-11171.0, bbb=2171.0, ddd=573.2234500000266}
20:43:20.643 [Test worker] TRACE org.xlbean.data.TableValueLoader - {aaa=1173.0, ccc=-11172.0, bbb=2172.0, ddd=573.3234500000266}
20:43:20.645 [Test worker] TRACE org.xlbean.data.TableValueLoader - {aaa=1174.0, ccc=-11173.0, bbb=2173.0, ddd=573.4234500000266}
20:43:20.653 [Test worker] TRACE org.xlbean.data.TableValueLoader - {aaa=1175.0, ccc=-11174.0, bbb=2174.0, ddd=573.5234500000266}
20:43:20.656 [Test worker] TRACE org.xlbean.data.TableValueLoader - {aaa=1176.0, ccc=-11175.0, bbb=2175.0, ddd=573.6234500000267}
20:43:20.658 [Test worker] TRACE org.xlbean.data.TableValueLoader - {aaa=1177.0, ccc=-11176.0, bbb=2176.0, ddd=573.7234500000267}
20:43:20.660 [Test worker] TRACE org.xlbean.data.TableValueLoader - {aaa=1178.0, ccc=-11177.0, bbb=2177.0, ddd=573.8234500000267}
20:43:20.662 [Test worker] TRACE org.xlbean.data.TableValueLoader - {aaa=1179.0, ccc=-11178.0, bbb=2178.0, ddd=573.9234500000267}
20:43:20.665 [Test worker] TRACE org.xlbean.data.TableValueLoader - {aaa=1180.0, ccc=-11179.0, bbb=2179.0, ddd=574.0234500000267}
20:43:20.666 [Test worker] TRACE org.xlbean.data.TableValueLoader - {aaa=1181.0, ccc=-11180.0, bbb=2180.0, ddd=574.1234500000268}
20:43:20.672 [Test worker] TRACE org.xlbean.data.TableValueLoader - {aaa=1182.0, ccc=-11181.0, bbb=2181.0, ddd=574.2234500000268}
20:43:20.675 [Test worker] TRACE org.xlbean.data.TableValueLoader - {aaa=1183.0, ccc=-11182.0, bbb=2182.0, ddd=574.3234500000268}
20:43:20.677 [Test worker] TRACE org.xlbean.data.TableValueLoader - {aaa=1184.0, ccc=-11183.0, bbb=2183.0, ddd=574.4234500000268}
20:43:20.680 [Test worker] TRACE org.xlbean.data.TableValueLoader - {aaa=1185.0, ccc=-11184.0, bbb=2184.0, ddd=574.5234500000269}
20:43:20.682 [Test worker] TRACE org.xlbean.data.TableValueLoader - {aaa=1186.0, ccc=-11185.0, bbb=2185.0, ddd=574.6234500000269}
20:43:20.686 [Test worker] TRACE org.xlbean.data.TableValueLoader - {aaa=1187.0, ccc=-11186.0, bbb=2186.0, ddd=574.7234500000269}
20:43:20.688 [Test worker] TRACE org.xlbean.data.TableValueLoader - {aaa=1188.0, ccc=-11187.0, bbb=2187.0, ddd=574.8234500000269}
20:43:20.690 [Test worker] TRACE org.xlbean.data.TableValueLoader - {aaa=1189.0, ccc=-11188.0, bbb=2188.0, ddd=574.923450000027}
20:43:20.693 [Test worker] TRACE org.xlbean.data.TableValueLoader - {aaa=1190.0, ccc=-11189.0, bbb=2189.0, ddd=575.023450000027}
20:43:20.708 [Test worker] TRACE org.xlbean.data.TableValueLoader - {aaa=1191.0, ccc=-11190.0, bbb=2190.0, ddd=575.123450000027}
20:43:20.711 [Test worker] TRACE org.xlbean.data.TableValueLoader - {aaa=1192.0, ccc=-11191.0, bbb=2191.0, ddd=575.223450000027}
20:43:20.715 [Test worker] TRACE org.xlbean.data.TableValueLoader - {aaa=1193.0, ccc=-11192.0, bbb=2192.0, ddd=575.323450000027}
20:43:20.719 [Test worker] TRACE org.xlbean.data.TableValueLoader - {aaa=1194.0, ccc=-11193.0, bbb=2193.0, ddd=575.4234500000271}
20:43:20.723 [Test worker] TRACE org.xlbean.data.TableValueLoader - {aaa=1195.0, ccc=-11194.0, bbb=2194.0, ddd=575.5234500000271}
20:43:20.726 [Test worker] TRACE org.xlbean.data.TableValueLoader - {aaa=1196.0, ccc=-11195.0, bbb=2195.0, ddd=575.6234500000271}
20:43:20.729 [Test worker] TRACE org.xlbean.data.TableValueLoader - {aaa=1197.0, ccc=-11196.0, bbb=2196.0, ddd=575.7234500000271}
20:43:20.733 [Test worker] TRACE org.xlbean.data.TableValueLoader - {aaa=1198.0, ccc=-11197.0, bbb=2197.0, ddd=575.8234500000272}
20:43:20.737 [Test worker] TRACE org.xlbean.data.TableValueLoader - {aaa=1199.0, ccc=-11198.0, bbb=2198.0, ddd=575.9234500000272}
20:43:20.740 [Test worker] TRACE org.xlbean.data.TableValueLoader - {aaa=1200.0, ccc=-11199.0, bbb=2199.0, ddd=576.0234500000272}
20:43:20.744 [Test worker] TRACE org.xlbean.data.TableValueLoader - {aaa=1201.0, ccc=-11200.0, bbb=2200.0, ddd=576.1234500000272}
20:43:20.747 [Test worker] TRACE org.xlbean.data.TableValueLoader - {aaa=1202.0, ccc=-11201.0, bbb=2201.0, ddd=576.2234500000272}
20:43:20.749 [Test worker] TRACE org.xlbean.data.TableValueLoader - {aaa=1203.0, ccc=-11202.0, bbb=2202.0, ddd=576.3234500000273}
20:43:20.754 [Test worker] TRACE org.xlbean.data.TableValueLoader - {aaa=1204.0, ccc=-11203.0, bbb=2203.0, ddd=576.4234500000273}
20:43:20.757 [Test worker] TRACE org.xlbean.data.TableValueLoader - {aaa=1205.0, ccc=-11204.0, bbb=2204.0, ddd=576.5234500000273}
20:43:20.865 [Test worker] TRACE org.xlbean.data.TableValueLoader - {aaa=1206.0, ccc=-11205.0, bbb=2205.0, ddd=576.6234500000273}
20:43:20.955 [Test worker] TRACE org.xlbean.data.TableValueLoader - {aaa=1207.0, ccc=-11206.0, bbb=2206.0, ddd=576.7234500000274}
20:43:20.958 [Test worker] TRACE org.xlbean.data.TableValueLoader - {aaa=1208.0, ccc=-11207.0, bbb=2207.0, ddd=576.8234500000274}
20:43:20.961 [Test worker] TRACE org.xlbean.data.TableValueLoader - {aaa=1209.0, ccc=-11208.0, bbb=2208.0, ddd=576.9234500000274}
20:43:20.964 [Test worker] TRACE org.xlbean.data.TableValueLoader - {aaa=1210.0, ccc=-11209.0, bbb=2209.0, ddd=577.0234500000274}
20:43:20.969 [Test worker] TRACE org.xlbean.data.TableValueLoader - {aaa=1211.0, ccc=-11210.0, bbb=2210.0, ddd=577.1234500000274}
20:43:20.973 [Test worker] TRACE org.xlbean.data.TableValueLoader - {aaa=1212.0, ccc=-11211.0, bbb=2211.0, ddd=577.2234500000275}
20:43:20.975 [Test worker] TRACE org.xlbean.data.TableValueLoader - {aaa=1213.0, ccc=-11212.0, bbb=2212.0, ddd=577.3234500000275}
20:43:20.977 [Test worker] TRACE org.xlbean.data.TableValueLoader - {aaa=1214.0, ccc=-11213.0, bbb=2213.0, ddd=577.4234500000275}
20:43:20.978 [Test worker] TRACE org.xlbean.data.TableValueLoader - {aaa=1215.0, ccc=-11214.0, bbb=2214.0, ddd=577.5234500000275}
20:43:20.980 [Test worker] TRACE org.xlbean.data.TableValueLoader - {aaa=1216.0, ccc=-11215.0, bbb=2215.0, ddd=577.6234500000276}
20:43:20.983 [Test worker] TRACE org.xlbean.data.TableValueLoader - {aaa=1217.0, ccc=-11216.0, bbb=2216.0, ddd=577.7234500000276}
20:43:20.992 [Test worker] TRACE org.xlbean.data.TableValueLoader - {aaa=1218.0, ccc=-11217.0, bbb=2217.0, ddd=577.8234500000276}
20:43:20.994 [Test worker] TRACE org.xlbean.data.TableValueLoader - {aaa=1219.0, ccc=-11218.0, bbb=2218.0, ddd=577.9234500000276}
20:43:20.996 [Test worker] TRACE org.xlbean.data.TableValueLoader - {aaa=1220.0, ccc=-11219.0, bbb=2219.0, ddd=578.0234500000277}
20:43:20.997 [Test worker] TRACE org.xlbean.data.TableValueLoader - {aaa=1221.0, ccc=-11220.0, bbb=2220.0, ddd=578.1234500000277}
20:43:20.999 [Test worker] TRACE org.xlbean.data.TableValueLoader - {aaa=1222.0, ccc=-11221.0, bbb=2221.0, ddd=578.2234500000277}
20:43:21.026 [Test worker] TRACE org.xlbean.data.TableValueLoader - {aaa=1223.0, ccc=-11222.0, bbb=2222.0, ddd=578.3234500000277}
20:43:21.028 [Test worker] TRACE org.xlbean.data.TableValueLoader - {aaa=1224.0, ccc=-11223.0, bbb=2223.0, ddd=578.4234500000277}
20:43:21.031 [Test worker] TRACE org.xlbean.data.TableValueLoader - {aaa=1225.0, ccc=-11224.0, bbb=2224.0, ddd=578.5234500000278}
20:43:21.037 [Test worker] TRACE org.xlbean.data.TableValueLoader - {aaa=1226.0, ccc=-11225.0, bbb=2225.0, ddd=578.6234500000278}
20:43:21.039 [Test worker] TRACE org.xlbean.data.TableValueLoader - {aaa=1227.0, ccc=-11226.0, bbb=2226.0, ddd=578.7234500000278}
20:43:21.044 [Test worker] TRACE org.xlbean.data.TableValueLoader - {aaa=1228.0, ccc=-11227.0, bbb=2227.0, ddd=578.8234500000278}
20:43:21.046 [Test worker] TRACE org.xlbean.data.TableValueLoader - {aaa=1229.0, ccc=-11228.0, bbb=2228.0, ddd=578.9234500000279}
20:43:21.049 [Test worker] TRACE org.xlbean.data.TableValueLoader - {aaa=1230.0, ccc=-11229.0, bbb=2229.0, ddd=579.0234500000279}
20:43:21.054 [Test worker] TRACE org.xlbean.data.TableValueLoader - {aaa=1231.0, ccc=-11230.0, bbb=2230.0, ddd=579.1234500000279}
20:43:21.057 [Test worker] TRACE org.xlbean.data.TableValueLoader - {aaa=1232.0, ccc=-11231.0, bbb=2231.0, ddd=579.2234500000279}
20:43:21.059 [Test worker] TRACE org.xlbean.data.TableValueLoader - {aaa=1233.0, ccc=-11232.0, bbb=2232.0, ddd=579.323450000028}
20:43:21.062 [Test worker] TRACE org.xlbean.data.TableValueLoader - {aaa=1234.0, ccc=-11233.0, bbb=2233.0, ddd=579.423450000028}
20:43:21.064 [Test worker] TRACE org.xlbean.data.TableValueLoader - {aaa=1235.0, ccc=-11234.0, bbb=2234.0, ddd=579.523450000028}
20:43:21.066 [Test worker] TRACE org.xlbean.data.TableValueLoader - {aaa=1236.0, ccc=-11235.0, bbb=2235.0, ddd=579.623450000028}
20:43:21.075 [Test worker] TRACE org.xlbean.data.TableValueLoader - {aaa=1237.0, ccc=-11236.0, bbb=2236.0, ddd=579.723450000028}
20:43:21.078 [Test worker] TRACE org.xlbean.data.TableValueLoader - {aaa=1238.0, ccc=-11237.0, bbb=2237.0, ddd=579.8234500000281}
20:43:21.092 [Test worker] TRACE org.xlbean.data.TableValueLoader - {aaa=1239.0, ccc=-11238.0, bbb=2238.0, ddd=579.9234500000281}
20:43:21.093 [Test worker] TRACE org.xlbean.data.TableValueLoader - {aaa=1240.0, ccc=-11239.0, bbb=2239.0, ddd=580.0234500000281}
20:43:21.095 [Test worker] TRACE org.xlbean.data.TableValueLoader - {aaa=1241.0, ccc=-11240.0, bbb=2240.0, ddd=580.1234500000281}
20:43:21.096 [Test worker] TRACE org.xlbean.data.TableValueLoader - {aaa=1242.0, ccc=-11241.0, bbb=2241.0, ddd=580.2234500000282}
20:43:21.099 [Test worker] TRACE org.xlbean.data.TableValueLoader - {aaa=1243.0, ccc=-11242.0, bbb=2242.0, ddd=580.3234500000282}
20:43:21.210 [Test worker] TRACE org.xlbean.data.TableValueLoader - {aaa=1244.0, ccc=-11243.0, bbb=2243.0, ddd=580.4234500000282}
20:43:21.212 [Test worker] TRACE org.xlbean.data.TableValueLoader - {aaa=1245.0, ccc=-11244.0, bbb=2244.0, ddd=580.5234500000282}
20:43:21.214 [Test worker] TRACE org.xlbean.data.TableValueLoader - {aaa=1246.0, ccc=-11245.0, bbb=2245.0, ddd=580.6234500000282}
20:43:21.215 [Test worker] TRACE org.xlbean.data.TableValueLoader - {aaa=1247.0, ccc=-11246.0, bbb=2246.0, ddd=580.7234500000283}
20:43:21.218 [Test worker] TRACE org.xlbean.data.TableValueLoader - {aaa=1248.0, ccc=-11247.0, bbb=2247.0, ddd=580.8234500000283}
20:43:21.221 [Test worker] TRACE org.xlbean.data.TableValueLoader - {aaa=1249.0, ccc=-11248.0, bbb=2248.0, ddd=580.9234500000283}
20:43:21.222 [Test worker] TRACE org.xlbean.data.TableValueLoader - {aaa=1250.0, ccc=-11249.0, bbb=2249.0, ddd=581.0234500000283}
20:43:21.224 [Test worker] TRACE org.xlbean.data.TableValueLoader - {aaa=1251.0, ccc=-11250.0, bbb=2250.0, ddd=581.1234500000284}
20:43:21.228 [Test worker] TRACE org.xlbean.data.TableValueLoader - {aaa=1252.0, ccc=-11251.0, bbb=2251.0, ddd=581.2234500000284}
20:43:21.230 [Test worker] TRACE org.xlbean.data.TableValueLoader - {aaa=1253.0, ccc=-11252.0, bbb=2252.0, ddd=581.3234500000284}
20:43:21.232 [Test worker] TRACE org.xlbean.data.TableValueLoader - {aaa=1254.0, ccc=-11253.0, bbb=2253.0, ddd=581.4234500000284}
20:43:21.233 [Test worker] TRACE org.xlbean.data.TableValueLoader - {aaa=1255.0, ccc=-11254.0, bbb=2254.0, ddd=581.5234500000284}
20:43:21.235 [Test worker] TRACE org.xlbean.data.TableValueLoader - {aaa=1256.0, ccc=-11255.0, bbb=2255.0, ddd=581.6234500000285}
20:43:21.238 [Test worker] TRACE org.xlbean.data.TableValueLoader - {aaa=1257.0, ccc=-11256.0, bbb=2256.0, ddd=581.7234500000285}
20:43:21.240 [Test worker] TRACE org.xlbean.data.TableValueLoader - {aaa=1258.0, ccc=-11257.0, bbb=2257.0, ddd=581.8234500000285}
20:43:21.241 [Test worker] TRACE org.xlbean.data.TableValueLoader - {aaa=1259.0, ccc=-11258.0, bbb=2258.0, ddd=581.9234500000285}
20:43:21.243 [Test worker] TRACE org.xlbean.data.TableValueLoader - {aaa=1260.0, ccc=-11259.0, bbb=2259.0, ddd=582.0234500000286}
20:43:21.244 [Test worker] TRACE org.xlbean.data.TableValueLoader - {aaa=1261.0, ccc=-11260.0, bbb=2260.0, ddd=582.1234500000286}
20:43:21.247 [Test worker] TRACE org.xlbean.data.TableValueLoader - {aaa=1262.0, ccc=-11261.0, bbb=2261.0, ddd=582.2234500000286}
20:43:21.261 [Test worker] TRACE org.xlbean.data.TableValueLoader - {aaa=1263.0, ccc=-11262.0, bbb=2262.0, ddd=582.3234500000286}
20:43:21.264 [Test worker] TRACE org.xlbean.data.TableValueLoader - {aaa=1264.0, ccc=-11263.0, bbb=2263.0, ddd=582.4234500000287}
20:43:21.268 [Test worker] TRACE org.xlbean.data.TableValueLoader - {aaa=1265.0, ccc=-11264.0, bbb=2264.0, ddd=582.5234500000287}
20:43:21.269 [Test worker] TRACE org.xlbean.data.TableValueLoader - {aaa=1266.0, ccc=-11265.0, bbb=2265.0, ddd=582.6234500000287}
20:43:21.271 [Test worker] TRACE org.xlbean.data.TableValueLoader - {aaa=1267.0, ccc=-11266.0, bbb=2266.0, ddd=582.7234500000287}
20:43:21.272 [Test worker] TRACE org.xlbean.data.TableValueLoader - {aaa=1268.0, ccc=-11267.0, bbb=2267.0, ddd=582.8234500000287}
20:43:21.274 [Test worker] TRACE org.xlbean.data.TableValueLoader - {aaa=1269.0, ccc=-11268.0, bbb=2268.0, ddd=582.9234500000288}
20:43:21.276 [Test worker] TRACE org.xlbean.data.TableValueLoader - {aaa=1270.0, ccc=-11269.0, bbb=2269.0, ddd=583.0234500000288}
20:43:21.277 [Test worker] TRACE org.xlbean.data.TableValueLoader - {aaa=1271.0, ccc=-11270.0, bbb=2270.0, ddd=583.1234500000288}
20:43:21.279 [Test worker] TRACE org.xlbean.data.TableValueLoader - {aaa=1272.0, ccc=-11271.0, bbb=2271.0, ddd=583.2234500000288}
20:43:21.280 [Test worker] TRACE org.xlbean.data.TableValueLoader - {aaa=1273.0, ccc=-11272.0, bbb=2272.0, ddd=583.3234500000289}
20:43:21.282 [Test worker] TRACE org.xlbean.data.TableValueLoader - {aaa=1274.0, ccc=-11273.0, bbb=2273.0, ddd=583.4234500000289}
20:43:21.286 [Test worker] TRACE org.xlbean.data.TableValueLoader - {aaa=1275.0, ccc=-11274.0, bbb=2274.0, ddd=583.5234500000289}
20:43:21.288 [Test worker] TRACE org.xlbean.data.TableValueLoader - {aaa=1276.0, ccc=-11275.0, bbb=2275.0, ddd=583.6234500000289}
20:43:21.289 [Test worker] TRACE org.xlbean.data.TableValueLoader - {aaa=1277.0, ccc=-11276.0, bbb=2276.0, ddd=583.723450000029}
20:43:21.291 [Test worker] TRACE org.xlbean.data.TableValueLoader - {aaa=1278.0, ccc=-11277.0, bbb=2277.0, ddd=583.823450000029}
20:43:21.292 [Test worker] TRACE org.xlbean.data.TableValueLoader - {aaa=1279.0, ccc=-11278.0, bbb=2278.0, ddd=583.923450000029}
20:43:21.295 [Test worker] TRACE org.xlbean.data.TableValueLoader - {aaa=1280.0, ccc=-11279.0, bbb=2279.0, ddd=584.023450000029}
20:43:21.297 [Test worker] TRACE org.xlbean.data.TableValueLoader - {aaa=1281.0, ccc=-11280.0, bbb=2280.0, ddd=584.123450000029}
20:43:21.299 [Test worker] TRACE org.xlbean.data.TableValueLoader - {aaa=1282.0, ccc=-11281.0, bbb=2281.0, ddd=584.2234500000291}
20:43:21.317 [Test worker] TRACE org.xlbean.data.TableValueLoader - {aaa=1283.0, ccc=-11282.0, bbb=2282.0, ddd=584.3234500000291}
20:43:21.319 [Test worker] TRACE org.xlbean.data.TableValueLoader - {aaa=1284.0, ccc=-11283.0, bbb=2283.0, ddd=584.4234500000291}
20:43:21.322 [Test worker] TRACE org.xlbean.data.TableValueLoader - {aaa=1285.0, ccc=-11284.0, bbb=2284.0, ddd=584.5234500000291}
20:43:21.325 [Test worker] TRACE org.xlbean.data.TableValueLoader - {aaa=1286.0, ccc=-11285.0, bbb=2285.0, ddd=584.6234500000292}
20:43:21.327 [Test worker] TRACE org.xlbean.data.TableValueLoader - {aaa=1287.0, ccc=-11286.0, bbb=2286.0, ddd=584.7234500000292}
20:43:21.328 [Test worker] TRACE org.xlbean.data.TableValueLoader - {aaa=1288.0, ccc=-11287.0, bbb=2287.0, ddd=584.8234500000292}
20:43:21.330 [Test worker] TRACE org.xlbean.data.TableValueLoader - {aaa=1289.0, ccc=-11288.0, bbb=2288.0, ddd=584.9234500000292}
20:43:21.333 [Test worker] TRACE org.xlbean.data.TableValueLoader - {aaa=1290.0, ccc=-11289.0, bbb=2289.0, ddd=585.0234500000292}
20:43:21.337 [Test worker] TRACE org.xlbean.data.TableValueLoader - {aaa=1291.0, ccc=-11290.0, bbb=2290.0, ddd=585.1234500000293}
20:43:21.341 [Test worker] TRACE org.xlbean.data.TableValueLoader - {aaa=1292.0, ccc=-11291.0, bbb=2291.0, ddd=585.2234500000293}
20:43:21.343 [Test worker] TRACE org.xlbean.data.TableValueLoader - {aaa=1293.0, ccc=-11292.0, bbb=2292.0, ddd=585.3234500000293}
20:43:21.345 [Test worker] TRACE org.xlbean.data.TableValueLoader - {aaa=1294.0, ccc=-11293.0, bbb=2293.0, ddd=585.4234500000293}
20:43:21.348 [Test worker] TRACE org.xlbean.data.TableValueLoader - {aaa=1295.0, ccc=-11294.0, bbb=2294.0, ddd=585.5234500000294}
20:43:21.354 [Test worker] TRACE org.xlbean.data.TableValueLoader - {aaa=1296.0, ccc=-11295.0, bbb=2295.0, ddd=585.6234500000294}
20:43:21.356 [Test worker] TRACE org.xlbean.data.TableValueLoader - {aaa=1297.0, ccc=-11296.0, bbb=2296.0, ddd=585.7234500000294}
20:43:21.357 [Test worker] TRACE org.xlbean.data.TableValueLoader - {aaa=1298.0, ccc=-11297.0, bbb=2297.0, ddd=585.8234500000294}
20:43:21.360 [Test worker] TRACE org.xlbean.data.TableValueLoader - {aaa=1299.0, ccc=-11298.0, bbb=2298.0, ddd=585.9234500000294}
20:43:21.361 [Test worker] TRACE org.xlbean.data.TableValueLoader - {aaa=1300.0, ccc=-11299.0, bbb=2299.0, ddd=586.0234500000295}
20:43:21.386 [Test worker] TRACE org.xlbean.data.TableValueLoader - {aaa=1301.0, ccc=-11300.0, bbb=2300.0, ddd=586.1234500000295}
20:43:21.388 [Test worker] TRACE org.xlbean.data.TableValueLoader - {aaa=1302.0, ccc=-11301.0, bbb=2301.0, ddd=586.2234500000295}
20:43:21.394 [Test worker] TRACE org.xlbean.data.TableValueLoader - {aaa=1303.0, ccc=-11302.0, bbb=2302.0, ddd=586.3234500000295}
20:43:21.396 [Test worker] TRACE org.xlbean.data.TableValueLoader - {aaa=1304.0, ccc=-11303.0, bbb=2303.0, ddd=586.4234500000296}
20:43:21.398 [Test worker] TRACE org.xlbean.data.TableValueLoader - {aaa=1305.0, ccc=-11304.0, bbb=2304.0, ddd=586.5234500000296}
20:43:21.400 [Test worker] TRACE org.xlbean.data.TableValueLoader - {aaa=1306.0, ccc=-11305.0, bbb=2305.0, ddd=586.6234500000296}
20:43:21.403 [Test worker] TRACE org.xlbean.data.TableValueLoader - {aaa=1307.0, ccc=-11306.0, bbb=2306.0, ddd=586.7234500000296}
20:43:21.406 [Test worker] TRACE org.xlbean.data.TableValueLoader - {aaa=1308.0, ccc=-11307.0, bbb=2307.0, ddd=586.8234500000297}
20:43:21.407 [Test worker] TRACE org.xlbean.data.TableValueLoader - {aaa=1309.0, ccc=-11308.0, bbb=2308.0, ddd=586.9234500000297}
20:43:21.412 [Test worker] TRACE org.xlbean.data.TableValueLoader - {aaa=1310.0, ccc=-11309.0, bbb=2309.0, ddd=587.0234500000297}
20:43:21.414 [Test worker] TRACE org.xlbean.data.TableValueLoader - {aaa=1311.0, ccc=-11310.0, bbb=2310.0, ddd=587.1234500000297}
20:43:21.416 [Test worker] TRACE org.xlbean.data.TableValueLoader - {aaa=1312.0, ccc=-11311.0, bbb=2311.0, ddd=587.2234500000297}
20:43:21.422 [Test worker] TRACE org.xlbean.data.TableValueLoader - {aaa=1313.0, ccc=-11312.0, bbb=2312.0, ddd=587.3234500000298}
20:43:21.424 [Test worker] TRACE org.xlbean.data.TableValueLoader - {aaa=1314.0, ccc=-11313.0, bbb=2313.0, ddd=587.4234500000298}
20:43:21.427 [Test worker] TRACE org.xlbean.data.TableValueLoader - {aaa=1315.0, ccc=-11314.0, bbb=2314.0, ddd=587.5234500000298}
20:43:21.430 [Test worker] TRACE org.xlbean.data.TableValueLoader - {aaa=1316.0, ccc=-11315.0, bbb=2315.0, ddd=587.6234500000298}
20:43:21.432 [Test worker] TRACE org.xlbean.data.TableValueLoader - {aaa=1317.0, ccc=-11316.0, bbb=2316.0, ddd=587.7234500000299}
20:43:21.437 [Test worker] TRACE org.xlbean.data.TableValueLoader - {aaa=1318.0, ccc=-11317.0, bbb=2317.0, ddd=587.8234500000299}
20:43:21.440 [Test worker] TRACE org.xlbean.data.TableValueLoader - {aaa=1319.0, ccc=-11318.0, bbb=2318.0, ddd=587.9234500000299}
20:43:21.442 [Test worker] TRACE org.xlbean.data.TableValueLoader - {aaa=1320.0, ccc=-11319.0, bbb=2319.0, ddd=588.0234500000299}
20:43:21.444 [Test worker] TRACE org.xlbean.data.TableValueLoader - {aaa=1321.0, ccc=-11320.0, bbb=2320.0, ddd=588.12345000003}
20:43:21.446 [Test worker] TRACE org.xlbean.data.TableValueLoader - {aaa=1322.0, ccc=-11321.0, bbb=2321.0, ddd=588.22345000003}
20:43:21.449 [Test worker] TRACE org.xlbean.data.TableValueLoader - {aaa=1323.0, ccc=-11322.0, bbb=2322.0, ddd=588.32345000003}
20:43:21.454 [Test worker] TRACE org.xlbean.data.TableValueLoader - {aaa=1324.0, ccc=-11323.0, bbb=2323.0, ddd=588.42345000003}
20:43:21.456 [Test worker] TRACE org.xlbean.data.TableValueLoader - {aaa=1325.0, ccc=-11324.0, bbb=2324.0, ddd=588.52345000003}
20:43:21.461 [Test worker] TRACE org.xlbean.data.TableValueLoader - {aaa=1326.0, ccc=-11325.0, bbb=2325.0, ddd=588.6234500000301}
20:43:21.464 [Test worker] TRACE org.xlbean.data.TableValueLoader - {aaa=1327.0, ccc=-11326.0, bbb=2326.0, ddd=588.7234500000301}
20:43:21.466 [Test worker] TRACE org.xlbean.data.TableValueLoader - {aaa=1328.0, ccc=-11327.0, bbb=2327.0, ddd=588.8234500000301}
20:43:21.469 [Test worker] TRACE org.xlbean.data.TableValueLoader - {aaa=1329.0, ccc=-11328.0, bbb=2328.0, ddd=588.9234500000301}
20:43:21.471 [Test worker] TRACE org.xlbean.data.TableValueLoader - {aaa=1330.0, ccc=-11329.0, bbb=2329.0, ddd=589.0234500000302}
20:43:21.473 [Test worker] TRACE org.xlbean.data.TableValueLoader - {aaa=1331.0, ccc=-11330.0, bbb=2330.0, ddd=589.1234500000302}
20:43:21.476 [Test worker] TRACE org.xlbean.data.TableValueLoader - {aaa=1332.0, ccc=-11331.0, bbb=2331.0, ddd=589.2234500000302}
20:43:21.478 [Test worker] TRACE org.xlbean.data.TableValueLoader - {aaa=1333.0, ccc=-11332.0, bbb=2332.0, ddd=589.3234500000302}
20:43:21.480 [Test worker] TRACE org.xlbean.data.TableValueLoader - {aaa=1334.0, ccc=-11333.0, bbb=2333.0, ddd=589.4234500000302}
20:43:21.482 [Test worker] TRACE org.xlbean.data.TableValueLoader - {aaa=1335.0, ccc=-11334.0, bbb=2334.0, ddd=589.5234500000303}
20:43:21.483 [Test worker] TRACE org.xlbean.data.TableValueLoader - {aaa=1336.0, ccc=-11335.0, bbb=2335.0, ddd=589.6234500000303}
20:43:21.488 [Test worker] TRACE org.xlbean.data.TableValueLoader - {aaa=1337.0, ccc=-11336.0, bbb=2336.0, ddd=589.7234500000303}
20:43:21.490 [Test worker] TRACE org.xlbean.data.TableValueLoader - {aaa=1338.0, ccc=-11337.0, bbb=2337.0, ddd=589.8234500000303}
20:43:21.492 [Test worker] TRACE org.xlbean.data.TableValueLoader - {aaa=1339.0, ccc=-11338.0, bbb=2338.0, ddd=589.9234500000304}
20:43:21.495 [Test worker] TRACE org.xlbean.data.TableValueLoader - {aaa=1340.0, ccc=-11339.0, bbb=2339.0, ddd=590.0234500000304}
20:43:21.497 [Test worker] TRACE org.xlbean.data.TableValueLoader - {aaa=1341.0, ccc=-11340.0, bbb=2340.0, ddd=590.1234500000304}
20:43:21.498 [Test worker] TRACE org.xlbean.data.TableValueLoader - {aaa=1342.0, ccc=-11341.0, bbb=2341.0, ddd=590.2234500000304}
20:43:21.501 [Test worker] TRACE org.xlbean.data.TableValueLoader - {aaa=1343.0, ccc=-11342.0, bbb=2342.0, ddd=590.3234500000304}
20:43:21.503 [Test worker] TRACE org.xlbean.data.TableValueLoader - {aaa=1344.0, ccc=-11343.0, bbb=2343.0, ddd=590.4234500000305}
20:43:21.505 [Test worker] TRACE org.xlbean.data.TableValueLoader - {aaa=1345.0, ccc=-11344.0, bbb=2344.0, ddd=590.5234500000305}
20:43:21.507 [Test worker] TRACE org.xlbean.data.TableValueLoader - {aaa=1346.0, ccc=-11345.0, bbb=2345.0, ddd=590.6234500000305}
20:43:21.509 [Test worker] TRACE org.xlbean.data.TableValueLoader - {aaa=1347.0, ccc=-11346.0, bbb=2346.0, ddd=590.7234500000305}
20:43:21.511 [Test worker] TRACE org.xlbean.data.TableValueLoader - {aaa=1348.0, ccc=-11347.0, bbb=2347.0, ddd=590.8234500000306}
20:43:21.515 [Test worker] TRACE org.xlbean.data.TableValueLoader - {aaa=1349.0, ccc=-11348.0, bbb=2348.0, ddd=590.9234500000306}
20:43:21.517 [Test worker] TRACE org.xlbean.data.TableValueLoader - {aaa=1350.0, ccc=-11349.0, bbb=2349.0, ddd=591.0234500000306}
20:43:21.519 [Test worker] TRACE org.xlbean.data.TableValueLoader - {aaa=1351.0, ccc=-11350.0, bbb=2350.0, ddd=591.1234500000306}
20:43:21.521 [Test worker] TRACE org.xlbean.data.TableValueLoader - {aaa=1352.0, ccc=-11351.0, bbb=2351.0, ddd=591.2234500000307}
20:43:21.523 [Test worker] TRACE org.xlbean.data.TableValueLoader - {aaa=1353.0, ccc=-11352.0, bbb=2352.0, ddd=591.3234500000307}
20:43:21.532 [Test worker] TRACE org.xlbean.data.TableValueLoader - {aaa=1354.0, ccc=-11353.0, bbb=2353.0, ddd=591.4234500000307}
20:43:21.538 [Test worker] TRACE org.xlbean.data.TableValueLoader - {aaa=1355.0, ccc=-11354.0, bbb=2354.0, ddd=591.5234500000307}
20:43:21.540 [Test worker] TRACE org.xlbean.data.TableValueLoader - {aaa=1356.0, ccc=-11355.0, bbb=2355.0, ddd=591.6234500000307}
20:43:21.545 [Test worker] TRACE org.xlbean.data.TableValueLoader - {aaa=1357.0, ccc=-11356.0, bbb=2356.0, ddd=591.7234500000308}
20:43:21.548 [Test worker] TRACE org.xlbean.data.TableValueLoader - {aaa=1358.0, ccc=-11357.0, bbb=2357.0, ddd=591.8234500000308}
20:43:21.550 [Test worker] TRACE org.xlbean.data.TableValueLoader - {aaa=1359.0, ccc=-11358.0, bbb=2358.0, ddd=591.9234500000308}
20:43:21.555 [Test worker] TRACE org.xlbean.data.TableValueLoader - {aaa=1360.0, ccc=-11359.0, bbb=2359.0, ddd=592.0234500000308}
20:43:21.558 [Test worker] TRACE org.xlbean.data.TableValueLoader - {aaa=1361.0, ccc=-11360.0, bbb=2360.0, ddd=592.1234500000309}
20:43:21.560 [Test worker] TRACE org.xlbean.data.TableValueLoader - {aaa=1362.0, ccc=-11361.0, bbb=2361.0, ddd=592.2234500000309}
20:43:21.564 [Test worker] TRACE org.xlbean.data.TableValueLoader - {aaa=1363.0, ccc=-11362.0, bbb=2362.0, ddd=592.3234500000309}
20:43:21.567 [Test worker] TRACE org.xlbean.data.TableValueLoader - {aaa=1364.0, ccc=-11363.0, bbb=2363.0, ddd=592.4234500000309}
20:43:21.570 [Test worker] TRACE org.xlbean.data.TableValueLoader - {aaa=1365.0, ccc=-11364.0, bbb=2364.0, ddd=592.523450000031}
20:43:21.574 [Test worker] TRACE org.xlbean.data.TableValueLoader - {aaa=1366.0, ccc=-11365.0, bbb=2365.0, ddd=592.623450000031}
20:43:21.580 [Test worker] TRACE org.xlbean.data.TableValueLoader - {aaa=1367.0, ccc=-11366.0, bbb=2366.0, ddd=592.723450000031}
20:43:21.583 [Test worker] TRACE org.xlbean.data.TableValueLoader - {aaa=1368.0, ccc=-11367.0, bbb=2367.0, ddd=592.823450000031}
20:43:21.587 [Test worker] TRACE org.xlbean.data.TableValueLoader - {aaa=1369.0, ccc=-11368.0, bbb=2368.0, ddd=592.923450000031}
20:43:21.589 [Test worker] TRACE org.xlbean.data.TableValueLoader - {aaa=1370.0, ccc=-11369.0, bbb=2369.0, ddd=593.0234500000311}
20:43:21.593 [Test worker] TRACE org.xlbean.data.TableValueLoader - {aaa=1371.0, ccc=-11370.0, bbb=2370.0, ddd=593.1234500000311}
20:43:21.595 [Test worker] TRACE org.xlbean.data.TableValueLoader - {aaa=1372.0, ccc=-11371.0, bbb=2371.0, ddd=593.2234500000311}
20:43:21.598 [Test worker] TRACE org.xlbean.data.TableValueLoader - {aaa=1373.0, ccc=-11372.0, bbb=2372.0, ddd=593.3234500000311}
20:43:21.604 [Test worker] TRACE org.xlbean.data.TableValueLoader - {aaa=1374.0, ccc=-11373.0, bbb=2373.0, ddd=593.4234500000312}
20:43:21.606 [Test worker] TRACE org.xlbean.data.TableValueLoader - {aaa=1375.0, ccc=-11374.0, bbb=2374.0, ddd=593.5234500000312}
20:43:21.608 [Test worker] TRACE org.xlbean.data.TableValueLoader - {aaa=1376.0, ccc=-11375.0, bbb=2375.0, ddd=593.6234500000312}
20:43:21.611 [Test worker] TRACE org.xlbean.data.TableValueLoader - {aaa=1377.0, ccc=-11376.0, bbb=2376.0, ddd=593.7234500000312}
20:43:21.614 [Test worker] TRACE org.xlbean.data.TableValueLoader - {aaa=1378.0, ccc=-11377.0, bbb=2377.0, ddd=593.8234500000312}
20:43:21.616 [Test worker] TRACE org.xlbean.data.TableValueLoader - {aaa=1379.0, ccc=-11378.0, bbb=2378.0, ddd=593.9234500000313}
20:43:21.622 [Test worker] TRACE org.xlbean.data.TableValueLoader - {aaa=1380.0, ccc=-11379.0, bbb=2379.0, ddd=594.0234500000313}
20:43:21.624 [Test worker] TRACE org.xlbean.data.TableValueLoader - {aaa=1381.0, ccc=-11380.0, bbb=2380.0, ddd=594.1234500000313}
20:43:21.627 [Test worker] TRACE org.xlbean.data.TableValueLoader - {aaa=1382.0, ccc=-11381.0, bbb=2381.0, ddd=594.2234500000313}
20:43:21.631 [Test worker] TRACE org.xlbean.data.TableValueLoader - {aaa=1383.0, ccc=-11382.0, bbb=2382.0, ddd=594.3234500000314}
20:43:21.633 [Test worker] TRACE org.xlbean.data.TableValueLoader - {aaa=1384.0, ccc=-11383.0, bbb=2383.0, ddd=594.4234500000314}
20:43:21.636 [Test worker] TRACE org.xlbean.data.TableValueLoader - {aaa=1385.0, ccc=-11384.0, bbb=2384.0, ddd=594.5234500000314}
20:43:21.639 [Test worker] TRACE org.xlbean.data.TableValueLoader - {aaa=1386.0, ccc=-11385.0, bbb=2385.0, ddd=594.6234500000314}
20:43:21.641 [Test worker] TRACE org.xlbean.data.TableValueLoader - {aaa=1387.0, ccc=-11386.0, bbb=2386.0, ddd=594.7234500000314}
20:43:21.642 [Test worker] TRACE org.xlbean.data.TableValueLoader - {aaa=1388.0, ccc=-11387.0, bbb=2387.0, ddd=594.8234500000315}
20:43:21.644 [Test worker] TRACE org.xlbean.data.TableValueLoader - {aaa=1389.0, ccc=-11388.0, bbb=2388.0, ddd=594.9234500000315}
20:43:21.646 [Test worker] TRACE org.xlbean.data.TableValueLoader - {aaa=1390.0, ccc=-11389.0, bbb=2389.0, ddd=595.0234500000315}
20:43:21.650 [Test worker] TRACE org.xlbean.data.TableValueLoader - {aaa=1391.0, ccc=-11390.0, bbb=2390.0, ddd=595.1234500000315}
20:43:21.654 [Test worker] TRACE org.xlbean.data.TableValueLoader - {aaa=1392.0, ccc=-11391.0, bbb=2391.0, ddd=595.2234500000316}
20:43:21.655 [Test worker] TRACE org.xlbean.data.TableValueLoader - {aaa=1393.0, ccc=-11392.0, bbb=2392.0, ddd=595.3234500000316}
20:43:21.657 [Test worker] TRACE org.xlbean.data.TableValueLoader - {aaa=1394.0, ccc=-11393.0, bbb=2393.0, ddd=595.4234500000316}
20:43:21.660 [Test worker] TRACE org.xlbean.data.TableValueLoader - {aaa=1395.0, ccc=-11394.0, bbb=2394.0, ddd=595.5234500000316}
20:43:21.661 [Test worker] TRACE org.xlbean.data.TableValueLoader - {aaa=1396.0, ccc=-11395.0, bbb=2395.0, ddd=595.6234500000317}
20:43:21.663 [Test worker] TRACE org.xlbean.data.TableValueLoader - {aaa=1397.0, ccc=-11396.0, bbb=2396.0, ddd=595.7234500000317}
20:43:21.665 [Test worker] TRACE org.xlbean.data.TableValueLoader - {aaa=1398.0, ccc=-11397.0, bbb=2397.0, ddd=595.8234500000317}
20:43:21.667 [Test worker] TRACE org.xlbean.data.TableValueLoader - {aaa=1399.0, ccc=-11398.0, bbb=2398.0, ddd=595.9234500000317}
20:43:21.671 [Test worker] TRACE org.xlbean.data.TableValueLoader - {aaa=1400.0, ccc=-11399.0, bbb=2399.0, ddd=596.0234500000317}
20:43:21.674 [Test worker] TRACE org.xlbean.data.TableValueLoader - {aaa=1401.0, ccc=-11400.0, bbb=2400.0, ddd=596.1234500000318}
20:43:21.676 [Test worker] TRACE org.xlbean.data.TableValueLoader - {aaa=1402.0, ccc=-11401.0, bbb=2401.0, ddd=596.2234500000318}
20:43:21.679 [Test worker] TRACE org.xlbean.data.TableValueLoader - {aaa=1403.0, ccc=-11402.0, bbb=2402.0, ddd=596.3234500000318}
20:43:21.681 [Test worker] TRACE org.xlbean.data.TableValueLoader - {aaa=1404.0, ccc=-11403.0, bbb=2403.0, ddd=596.4234500000318}
20:43:21.683 [Test worker] TRACE org.xlbean.data.TableValueLoader - {aaa=1405.0, ccc=-11404.0, bbb=2404.0, ddd=596.5234500000319}
20:43:21.686 [Test worker] TRACE org.xlbean.data.TableValueLoader - {aaa=1406.0, ccc=-11405.0, bbb=2405.0, ddd=596.6234500000319}
20:43:21.689 [Test worker] TRACE org.xlbean.data.TableValueLoader - {aaa=1407.0, ccc=-11406.0, bbb=2406.0, ddd=596.7234500000319}
20:43:21.691 [Test worker] TRACE org.xlbean.data.TableValueLoader - {aaa=1408.0, ccc=-11407.0, bbb=2407.0, ddd=596.8234500000319}
20:43:21.693 [Test worker] TRACE org.xlbean.data.TableValueLoader - {aaa=1409.0, ccc=-11408.0, bbb=2408.0, ddd=596.923450000032}
20:43:21.695 [Test worker] TRACE org.xlbean.data.TableValueLoader - {aaa=1410.0, ccc=-11409.0, bbb=2409.0, ddd=597.023450000032}
20:43:21.699 [Test worker] TRACE org.xlbean.data.TableValueLoader - {aaa=1411.0, ccc=-11410.0, bbb=2410.0, ddd=597.123450000032}
20:43:21.702 [Test worker] TRACE org.xlbean.data.TableValueLoader - {aaa=1412.0, ccc=-11411.0, bbb=2411.0, ddd=597.223450000032}
20:43:21.704 [Test worker] TRACE org.xlbean.data.TableValueLoader - {aaa=1413.0, ccc=-11412.0, bbb=2412.0, ddd=597.323450000032}
20:43:21.708 [Test worker] TRACE org.xlbean.data.TableValueLoader - {aaa=1414.0, ccc=-11413.0, bbb=2413.0, ddd=597.4234500000321}
20:43:21.710 [Test worker] TRACE org.xlbean.data.TableValueLoader - {aaa=1415.0, ccc=-11414.0, bbb=2414.0, ddd=597.5234500000321}
20:43:21.713 [Test worker] TRACE org.xlbean.data.TableValueLoader - {aaa=1416.0, ccc=-11415.0, bbb=2415.0, ddd=597.6234500000321}
20:43:21.715 [Test worker] TRACE org.xlbean.data.TableValueLoader - {aaa=1417.0, ccc=-11416.0, bbb=2416.0, ddd=597.7234500000321}
20:43:21.717 [Test worker] TRACE org.xlbean.data.TableValueLoader - {aaa=1418.0, ccc=-11417.0, bbb=2417.0, ddd=597.8234500000322}
20:43:21.720 [Test worker] TRACE org.xlbean.data.TableValueLoader - {aaa=1419.0, ccc=-11418.0, bbb=2418.0, ddd=597.9234500000322}
20:43:21.722 [Test worker] TRACE org.xlbean.data.TableValueLoader - {aaa=1420.0, ccc=-11419.0, bbb=2419.0, ddd=598.0234500000322}
20:43:21.724 [Test worker] TRACE org.xlbean.data.TableValueLoader - {aaa=1421.0, ccc=-11420.0, bbb=2420.0, ddd=598.1234500000322}
20:43:21.726 [Test worker] TRACE org.xlbean.data.TableValueLoader - {aaa=1422.0, ccc=-11421.0, bbb=2421.0, ddd=598.2234500000322}
20:43:21.728 [Test worker] TRACE org.xlbean.data.TableValueLoader - {aaa=1423.0, ccc=-11422.0, bbb=2422.0, ddd=598.3234500000323}
20:43:21.730 [Test worker] TRACE org.xlbean.data.TableValueLoader - {aaa=1424.0, ccc=-11423.0, bbb=2423.0, ddd=598.4234500000323}
20:43:21.732 [Test worker] TRACE org.xlbean.data.TableValueLoader - {aaa=1425.0, ccc=-11424.0, bbb=2424.0, ddd=598.5234500000323}
20:43:21.733 [Test worker] TRACE org.xlbean.data.TableValueLoader - {aaa=1426.0, ccc=-11425.0, bbb=2425.0, ddd=598.6234500000323}
20:43:21.736 [Test worker] TRACE org.xlbean.data.TableValueLoader - {aaa=1427.0, ccc=-11426.0, bbb=2426.0, ddd=598.7234500000324}
20:43:21.738 [Test worker] TRACE org.xlbean.data.TableValueLoader - {aaa=1428.0, ccc=-11427.0, bbb=2427.0, ddd=598.8234500000324}
20:43:21.740 [Test worker] TRACE org.xlbean.data.TableValueLoader - {aaa=1429.0, ccc=-11428.0, bbb=2428.0, ddd=598.9234500000324}
20:43:21.743 [Test worker] TRACE org.xlbean.data.TableValueLoader - {aaa=1430.0, ccc=-11429.0, bbb=2429.0, ddd=599.0234500000324}
20:43:21.747 [Test worker] TRACE org.xlbean.data.TableValueLoader - {aaa=1431.0, ccc=-11430.0, bbb=2430.0, ddd=599.1234500000324}
20:43:21.749 [Test worker] TRACE org.xlbean.data.TableValueLoader - {aaa=1432.0, ccc=-11431.0, bbb=2431.0, ddd=599.2234500000325}
20:43:21.753 [Test worker] TRACE org.xlbean.data.TableValueLoader - {aaa=1433.0, ccc=-11432.0, bbb=2432.0, ddd=599.3234500000325}
20:43:21.757 [Test worker] TRACE org.xlbean.data.TableValueLoader - {aaa=1434.0, ccc=-11433.0, bbb=2433.0, ddd=599.4234500000325}
20:43:21.759 [Test worker] TRACE org.xlbean.data.TableValueLoader - {aaa=1435.0, ccc=-11434.0, bbb=2434.0, ddd=599.5234500000325}
20:43:21.762 [Test worker] TRACE org.xlbean.data.TableValueLoader - {aaa=1436.0, ccc=-11435.0, bbb=2435.0, ddd=599.6234500000326}
20:43:21.766 [Test worker] TRACE org.xlbean.data.TableValueLoader - {aaa=1437.0, ccc=-11436.0, bbb=2436.0, ddd=599.7234500000326}
20:43:21.768 [Test worker] TRACE org.xlbean.data.TableValueLoader - {aaa=1438.0, ccc=-11437.0, bbb=2437.0, ddd=599.8234500000326}
20:43:21.770 [Test worker] TRACE org.xlbean.data.TableValueLoader - {aaa=1439.0, ccc=-11438.0, bbb=2438.0, ddd=599.9234500000326}
20:43:21.809 [Test worker] TRACE org.xlbean.data.TableValueLoader - {aaa=1440.0, ccc=-11439.0, bbb=2439.0, ddd=600.0234500000327}
20:43:21.813 [Test worker] TRACE org.xlbean.data.TableValueLoader - {aaa=1441.0, ccc=-11440.0, bbb=2440.0, ddd=600.1234500000327}
20:43:21.816 [Test worker] TRACE org.xlbean.data.TableValueLoader - {aaa=1442.0, ccc=-11441.0, bbb=2441.0, ddd=600.2234500000327}
20:43:21.820 [Test worker] TRACE org.xlbean.data.TableValueLoader - {aaa=1443.0, ccc=-11442.0, bbb=2442.0, ddd=600.3234500000327}
20:43:21.824 [Test worker] TRACE org.xlbean.data.TableValueLoader - {aaa=1444.0, ccc=-11443.0, bbb=2443.0, ddd=600.4234500000327}
20:43:21.826 [Test worker] TRACE org.xlbean.data.TableValueLoader - {aaa=1445.0, ccc=-11444.0, bbb=2444.0, ddd=600.5234500000328}
20:43:21.828 [Test worker] TRACE org.xlbean.data.TableValueLoader - {aaa=1446.0, ccc=-11445.0, bbb=2445.0, ddd=600.6234500000328}
20:43:21.829 [Test worker] TRACE org.xlbean.data.TableValueLoader - {aaa=1447.0, ccc=-11446.0, bbb=2446.0, ddd=600.7234500000328}
20:43:21.834 [Test worker] TRACE org.xlbean.data.TableValueLoader - {aaa=1448.0, ccc=-11447.0, bbb=2447.0, ddd=600.8234500000328}
20:43:21.838 [Test worker] TRACE org.xlbean.data.TableValueLoader - {aaa=1449.0, ccc=-11448.0, bbb=2448.0, ddd=600.9234500000329}
20:43:21.839 [Test worker] TRACE org.xlbean.data.TableValueLoader - {aaa=1450.0, ccc=-11449.0, bbb=2449.0, ddd=601.0234500000329}
20:43:21.841 [Test worker] TRACE org.xlbean.data.TableValueLoader - {aaa=1451.0, ccc=-11450.0, bbb=2450.0, ddd=601.1234500000329}
20:43:21.843 [Test worker] TRACE org.xlbean.data.TableValueLoader - {aaa=1452.0, ccc=-11451.0, bbb=2451.0, ddd=601.2234500000329}
20:43:21.845 [Test worker] TRACE org.xlbean.data.TableValueLoader - {aaa=1453.0, ccc=-11452.0, bbb=2452.0, ddd=601.323450000033}
20:43:21.847 [Test worker] TRACE org.xlbean.data.TableValueLoader - {aaa=1454.0, ccc=-11453.0, bbb=2453.0, ddd=601.423450000033}
20:43:21.848 [Test worker] TRACE org.xlbean.data.TableValueLoader - {aaa=1455.0, ccc=-11454.0, bbb=2454.0, ddd=601.523450000033}
20:43:21.850 [Test worker] TRACE org.xlbean.data.TableValueLoader - {aaa=1456.0, ccc=-11455.0, bbb=2455.0, ddd=601.623450000033}
20:43:21.853 [Test worker] TRACE org.xlbean.data.TableValueLoader - {aaa=1457.0, ccc=-11456.0, bbb=2456.0, ddd=601.723450000033}
20:43:21.855 [Test worker] TRACE org.xlbean.data.TableValueLoader - {aaa=1458.0, ccc=-11457.0, bbb=2457.0, ddd=601.8234500000331}
20:43:21.856 [Test worker] TRACE org.xlbean.data.TableValueLoader - {aaa=1459.0, ccc=-11458.0, bbb=2458.0, ddd=601.9234500000331}
20:43:21.858 [Test worker] TRACE org.xlbean.data.TableValueLoader - {aaa=1460.0, ccc=-11459.0, bbb=2459.0, ddd=602.0234500000331}
20:43:21.860 [Test worker] TRACE org.xlbean.data.TableValueLoader - {aaa=1461.0, ccc=-11460.0, bbb=2460.0, ddd=602.1234500000331}
20:43:21.862 [Test worker] TRACE org.xlbean.data.TableValueLoader - {aaa=1462.0, ccc=-11461.0, bbb=2461.0, ddd=602.2234500000332}
20:43:21.863 [Test worker] TRACE org.xlbean.data.TableValueLoader - {aaa=1463.0, ccc=-11462.0, bbb=2462.0, ddd=602.3234500000332}
20:43:21.865 [Test worker] TRACE org.xlbean.data.TableValueLoader - {aaa=1464.0, ccc=-11463.0, bbb=2463.0, ddd=602.4234500000332}
20:43:21.867 [Test worker] TRACE org.xlbean.data.TableValueLoader - {aaa=1465.0, ccc=-11464.0, bbb=2464.0, ddd=602.5234500000332}
20:43:21.869 [Test worker] TRACE org.xlbean.data.TableValueLoader - {aaa=1466.0, ccc=-11465.0, bbb=2465.0, ddd=602.6234500000332}
20:43:21.872 [Test worker] TRACE org.xlbean.data.TableValueLoader - {aaa=1467.0, ccc=-11466.0, bbb=2466.0, ddd=602.7234500000333}
20:43:21.874 [Test worker] TRACE org.xlbean.data.TableValueLoader - {aaa=1468.0, ccc=-11467.0, bbb=2467.0, ddd=602.8234500000333}
20:43:21.875 [Test worker] TRACE org.xlbean.data.TableValueLoader - {aaa=1469.0, ccc=-11468.0, bbb=2468.0, ddd=602.9234500000333}
20:43:21.877 [Test worker] TRACE org.xlbean.data.TableValueLoader - {aaa=1470.0, ccc=-11469.0, bbb=2469.0, ddd=603.0234500000333}
20:43:21.878 [Test worker] TRACE org.xlbean.data.TableValueLoader - {aaa=1471.0, ccc=-11470.0, bbb=2470.0, ddd=603.1234500000334}
20:43:21.880 [Test worker] TRACE org.xlbean.data.TableValueLoader - {aaa=1472.0, ccc=-11471.0, bbb=2471.0, ddd=603.2234500000334}
20:43:21.882 [Test worker] TRACE org.xlbean.data.TableValueLoader - {aaa=1473.0, ccc=-11472.0, bbb=2472.0, ddd=603.3234500000334}
20:43:21.885 [Test worker] TRACE org.xlbean.data.TableValueLoader - {aaa=1474.0, ccc=-11473.0, bbb=2473.0, ddd=603.4234500000334}
20:43:21.888 [Test worker] TRACE org.xlbean.data.TableValueLoader - {aaa=1475.0, ccc=-11474.0, bbb=2474.0, ddd=603.5234500000334}
20:43:21.889 [Test worker] TRACE org.xlbean.data.TableValueLoader - {aaa=1476.0, ccc=-11475.0, bbb=2475.0, ddd=603.6234500000335}
20:43:21.891 [Test worker] TRACE org.xlbean.data.TableValueLoader - {aaa=1477.0, ccc=-11476.0, bbb=2476.0, ddd=603.7234500000335}
20:43:21.893 [Test worker] TRACE org.xlbean.data.TableValueLoader - {aaa=1478.0, ccc=-11477.0, bbb=2477.0, ddd=603.8234500000335}
20:43:21.895 [Test worker] TRACE org.xlbean.data.TableValueLoader - {aaa=1479.0, ccc=-11478.0, bbb=2478.0, ddd=603.9234500000335}
20:43:21.896 [Test worker] TRACE org.xlbean.data.TableValueLoader - {aaa=1480.0, ccc=-11479.0, bbb=2479.0, ddd=604.0234500000336}
20:43:21.898 [Test worker] TRACE org.xlbean.data.TableValueLoader - {aaa=1481.0, ccc=-11480.0, bbb=2480.0, ddd=604.1234500000336}
20:43:21.900 [Test worker] TRACE org.xlbean.data.TableValueLoader - {aaa=1482.0, ccc=-11481.0, bbb=2481.0, ddd=604.2234500000336}
20:43:21.903 [Test worker] TRACE org.xlbean.data.TableValueLoader - {aaa=1483.0, ccc=-11482.0, bbb=2482.0, ddd=604.3234500000336}
20:43:21.905 [Test worker] TRACE org.xlbean.data.TableValueLoader - {aaa=1484.0, ccc=-11483.0, bbb=2483.0, ddd=604.4234500000337}
20:43:21.906 [Test worker] TRACE org.xlbean.data.TableValueLoader - {aaa=1485.0, ccc=-11484.0, bbb=2484.0, ddd=604.5234500000337}
20:43:21.908 [Test worker] TRACE org.xlbean.data.TableValueLoader - {aaa=1486.0, ccc=-11485.0, bbb=2485.0, ddd=604.6234500000337}
20:43:21.910 [Test worker] TRACE org.xlbean.data.TableValueLoader - {aaa=1487.0, ccc=-11486.0, bbb=2486.0, ddd=604.7234500000337}
20:43:21.912 [Test worker] TRACE org.xlbean.data.TableValueLoader - {aaa=1488.0, ccc=-11487.0, bbb=2487.0, ddd=604.8234500000337}
20:43:21.913 [Test worker] TRACE org.xlbean.data.TableValueLoader - {aaa=1489.0, ccc=-11488.0, bbb=2488.0, ddd=604.9234500000338}
20:43:21.915 [Test worker] TRACE org.xlbean.data.TableValueLoader - {aaa=1490.0, ccc=-11489.0, bbb=2489.0, ddd=605.0234500000338}
20:43:21.917 [Test worker] TRACE org.xlbean.data.TableValueLoader - {aaa=1491.0, ccc=-11490.0, bbb=2490.0, ddd=605.1234500000338}
20:43:21.919 [Test worker] TRACE org.xlbean.data.TableValueLoader - {aaa=1492.0, ccc=-11491.0, bbb=2491.0, ddd=605.2234500000338}
20:43:21.921 [Test worker] TRACE org.xlbean.data.TableValueLoader - {aaa=1493.0, ccc=-11492.0, bbb=2492.0, ddd=605.3234500000339}
20:43:21.923 [Test worker] TRACE org.xlbean.data.TableValueLoader - {aaa=1494.0, ccc=-11493.0, bbb=2493.0, ddd=605.4234500000339}
20:43:21.924 [Test worker] TRACE org.xlbean.data.TableValueLoader - {aaa=1495.0, ccc=-11494.0, bbb=2494.0, ddd=605.5234500000339}
20:43:21.926 [Test worker] TRACE org.xlbean.data.TableValueLoader - {aaa=1496.0, ccc=-11495.0, bbb=2495.0, ddd=605.6234500000339}
20:43:21.928 [Test worker] TRACE org.xlbean.data.TableValueLoader - {aaa=1497.0, ccc=-11496.0, bbb=2496.0, ddd=605.723450000034}
20:43:21.930 [Test worker] TRACE org.xlbean.data.TableValueLoader - {aaa=1498.0, ccc=-11497.0, bbb=2497.0, ddd=605.823450000034}
20:43:21.932 [Test worker] TRACE org.xlbean.data.TableValueLoader - {aaa=1499.0, ccc=-11498.0, bbb=2498.0, ddd=605.923450000034}
20:43:21.934 [Test worker] TRACE org.xlbean.data.TableValueLoader - {aaa=1500.0, ccc=-11499.0, bbb=2499.0, ddd=606.023450000034}
20:43:21.936 [Test worker] TRACE org.xlbean.data.TableValueLoader - {aaa=1501.0, ccc=-11500.0, bbb=2500.0, ddd=606.123450000034}
20:43:21.937 [Test worker] TRACE org.xlbean.data.TableValueLoader - {aaa=1502.0, ccc=-11501.0, bbb=2501.0, ddd=606.2234500000341}
20:43:21.939 [Test worker] TRACE org.xlbean.data.TableValueLoader - {aaa=1503.0, ccc=-11502.0, bbb=2502.0, ddd=606.3234500000341}
20:43:21.941 [Test worker] TRACE org.xlbean.data.TableValueLoader - {aaa=1504.0, ccc=-11503.0, bbb=2503.0, ddd=606.4234500000341}
20:43:21.942 [Test worker] TRACE org.xlbean.data.TableValueLoader - {aaa=1505.0, ccc=-11504.0, bbb=2504.0, ddd=606.5234500000341}
20:43:21.944 [Test worker] TRACE org.xlbean.data.TableValueLoader - {aaa=1506.0, ccc=-11505.0, bbb=2505.0, ddd=606.6234500000342}
20:43:21.945 [Test worker] TRACE org.xlbean.data.TableValueLoader - {aaa=1507.0, ccc=-11506.0, bbb=2506.0, ddd=606.7234500000342}
20:43:21.947 [Test worker] TRACE org.xlbean.data.TableValueLoader - {aaa=1508.0, ccc=-11507.0, bbb=2507.0, ddd=606.8234500000342}
20:43:21.948 [Test worker] TRACE org.xlbean.data.TableValueLoader - {aaa=1509.0, ccc=-11508.0, bbb=2508.0, ddd=606.9234500000342}
20:43:21.950 [Test worker] TRACE org.xlbean.data.TableValueLoader - {aaa=1510.0, ccc=-11509.0, bbb=2509.0, ddd=607.0234500000342}
20:43:21.952 [Test worker] TRACE org.xlbean.data.TableValueLoader - {aaa=1511.0, ccc=-11510.0, bbb=2510.0, ddd=607.1234500000343}
20:43:21.953 [Test worker] TRACE org.xlbean.data.TableValueLoader - {aaa=1512.0, ccc=-11511.0, bbb=2511.0, ddd=607.2234500000343}
20:43:21.955 [Test worker] TRACE org.xlbean.data.TableValueLoader - {aaa=1513.0, ccc=-11512.0, bbb=2512.0, ddd=607.3234500000343}
20:43:21.957 [Test worker] TRACE org.xlbean.data.TableValueLoader - {aaa=1514.0, ccc=-11513.0, bbb=2513.0, ddd=607.4234500000343}
20:43:21.959 [Test worker] TRACE org.xlbean.data.TableValueLoader - {aaa=1515.0, ccc=-11514.0, bbb=2514.0, ddd=607.5234500000344}
20:43:21.961 [Test worker] TRACE org.xlbean.data.TableValueLoader - {aaa=1516.0, ccc=-11515.0, bbb=2515.0, ddd=607.6234500000344}
20:43:21.962 [Test worker] TRACE org.xlbean.data.TableValueLoader - {aaa=1517.0, ccc=-11516.0, bbb=2516.0, ddd=607.7234500000344}
20:43:21.964 [Test worker] TRACE org.xlbean.data.TableValueLoader - {aaa=1518.0, ccc=-11517.0, bbb=2517.0, ddd=607.8234500000344}
20:43:21.966 [Test worker] TRACE org.xlbean.data.TableValueLoader - {aaa=1519.0, ccc=-11518.0, bbb=2518.0, ddd=607.9234500000344}
20:43:21.969 [Test worker] TRACE org.xlbean.data.TableValueLoader - {aaa=1520.0, ccc=-11519.0, bbb=2519.0, ddd=608.0234500000345}
20:43:21.971 [Test worker] TRACE org.xlbean.data.TableValueLoader - {aaa=1521.0, ccc=-11520.0, bbb=2520.0, ddd=608.1234500000345}
20:43:21.973 [Test worker] TRACE org.xlbean.data.TableValueLoader - {aaa=1522.0, ccc=-11521.0, bbb=2521.0, ddd=608.2234500000345}
20:43:21.975 [Test worker] TRACE org.xlbean.data.TableValueLoader - {aaa=1523.0, ccc=-11522.0, bbb=2522.0, ddd=608.3234500000345}
20:43:21.976 [Test worker] TRACE org.xlbean.data.TableValueLoader - {aaa=1524.0, ccc=-11523.0, bbb=2523.0, ddd=608.4234500000346}
20:43:21.978 [Test worker] TRACE org.xlbean.data.TableValueLoader - {aaa=1525.0, ccc=-11524.0, bbb=2524.0, ddd=608.5234500000346}
20:43:21.980 [Test worker] TRACE org.xlbean.data.TableValueLoader - {aaa=1526.0, ccc=-11525.0, bbb=2525.0, ddd=608.6234500000346}
20:43:21.982 [Test worker] TRACE org.xlbean.data.TableValueLoader - {aaa=1527.0, ccc=-11526.0, bbb=2526.0, ddd=608.7234500000346}
20:43:21.985 [Test worker] TRACE org.xlbean.data.TableValueLoader - {aaa=1528.0, ccc=-11527.0, bbb=2527.0, ddd=608.8234500000347}
20:43:21.987 [Test worker] TRACE org.xlbean.data.TableValueLoader - {aaa=1529.0, ccc=-11528.0, bbb=2528.0, ddd=608.9234500000347}
20:43:21.989 [Test worker] TRACE org.xlbean.data.TableValueLoader - {aaa=1530.0, ccc=-11529.0, bbb=2529.0, ddd=609.0234500000347}
20:43:21.990 [Test worker] TRACE org.xlbean.data.TableValueLoader - {aaa=1531.0, ccc=-11530.0, bbb=2530.0, ddd=609.1234500000347}
20:43:21.992 [Test worker] TRACE org.xlbean.data.TableValueLoader - {aaa=1532.0, ccc=-11531.0, bbb=2531.0, ddd=609.2234500000347}
20:43:21.994 [Test worker] TRACE org.xlbean.data.TableValueLoader - {aaa=1533.0, ccc=-11532.0, bbb=2532.0, ddd=609.3234500000348}
20:43:21.996 [Test worker] TRACE org.xlbean.data.TableValueLoader - {aaa=1534.0, ccc=-11533.0, bbb=2533.0, ddd=609.4234500000348}
20:43:21.998 [Test worker] TRACE org.xlbean.data.TableValueLoader - {aaa=1535.0, ccc=-11534.0, bbb=2534.0, ddd=609.5234500000348}
20:43:22.000 [Test worker] TRACE org.xlbean.data.TableValueLoader - {aaa=1536.0, ccc=-11535.0, bbb=2535.0, ddd=609.6234500000348}
20:43:22.001 [Test worker] TRACE org.xlbean.data.TableValueLoader - {aaa=1537.0, ccc=-11536.0, bbb=2536.0, ddd=609.7234500000349}
20:43:22.005 [Test worker] TRACE org.xlbean.data.TableValueLoader - {aaa=1538.0, ccc=-11537.0, bbb=2537.0, ddd=609.8234500000349}
20:43:22.007 [Test worker] TRACE org.xlbean.data.TableValueLoader - {aaa=1539.0, ccc=-11538.0, bbb=2538.0, ddd=609.9234500000349}
20:43:22.009 [Test worker] TRACE org.xlbean.data.TableValueLoader - {aaa=1540.0, ccc=-11539.0, bbb=2539.0, ddd=610.0234500000349}
20:43:22.010 [Test worker] TRACE org.xlbean.data.TableValueLoader - {aaa=1541.0, ccc=-11540.0, bbb=2540.0, ddd=610.123450000035}
20:43:22.012 [Test worker] TRACE org.xlbean.data.TableValueLoader - {aaa=1542.0, ccc=-11541.0, bbb=2541.0, ddd=610.223450000035}
20:43:22.013 [Test worker] TRACE org.xlbean.data.TableValueLoader - {aaa=1543.0, ccc=-11542.0, bbb=2542.0, ddd=610.323450000035}
20:43:22.015 [Test worker] TRACE org.xlbean.data.TableValueLoader - {aaa=1544.0, ccc=-11543.0, bbb=2543.0, ddd=610.423450000035}
20:43:22.017 [Test worker] TRACE org.xlbean.data.TableValueLoader - {aaa=1545.0, ccc=-11544.0, bbb=2544.0, ddd=610.523450000035}
20:43:22.019 [Test worker] TRACE org.xlbean.data.TableValueLoader - {aaa=1546.0, ccc=-11545.0, bbb=2545.0, ddd=610.6234500000351}
20:43:22.021 [Test worker] TRACE org.xlbean.data.TableValueLoader - {aaa=1547.0, ccc=-11546.0, bbb=2546.0, ddd=610.7234500000351}
20:43:22.022 [Test worker] TRACE org.xlbean.data.TableValueLoader - {aaa=1548.0, ccc=-11547.0, bbb=2547.0, ddd=610.8234500000351}
20:43:22.024 [Test worker] TRACE org.xlbean.data.TableValueLoader - {aaa=1549.0, ccc=-11548.0, bbb=2548.0, ddd=610.9234500000351}
20:43:22.026 [Test worker] TRACE org.xlbean.data.TableValueLoader - {aaa=1550.0, ccc=-11549.0, bbb=2549.0, ddd=611.0234500000352}
20:43:22.028 [Test worker] TRACE org.xlbean.data.TableValueLoader - {aaa=1551.0, ccc=-11550.0, bbb=2550.0, ddd=611.1234500000352}
20:43:22.030 [Test worker] TRACE org.xlbean.data.TableValueLoader - {aaa=1552.0, ccc=-11551.0, bbb=2551.0, ddd=611.2234500000352}
20:43:22.031 [Test worker] TRACE org.xlbean.data.TableValueLoader - {aaa=1553.0, ccc=-11552.0, bbb=2552.0, ddd=611.3234500000352}
20:43:22.033 [Test worker] TRACE org.xlbean.data.TableValueLoader - {aaa=1554.0, ccc=-11553.0, bbb=2553.0, ddd=611.4234500000352}
20:43:22.037 [Test worker] TRACE org.xlbean.data.TableValueLoader - {aaa=1555.0, ccc=-11554.0, bbb=2554.0, ddd=611.5234500000353}
20:43:22.038 [Test worker] TRACE org.xlbean.data.TableValueLoader - {aaa=1556.0, ccc=-11555.0, bbb=2555.0, ddd=611.6234500000353}
20:43:22.040 [Test worker] TRACE org.xlbean.data.TableValueLoader - {aaa=1557.0, ccc=-11556.0, bbb=2556.0, ddd=611.7234500000353}
20:43:22.042 [Test worker] TRACE org.xlbean.data.TableValueLoader - {aaa=1558.0, ccc=-11557.0, bbb=2557.0, ddd=611.8234500000353}
20:43:22.044 [Test worker] TRACE org.xlbean.data.TableValueLoader - {aaa=1559.0, ccc=-11558.0, bbb=2558.0, ddd=611.9234500000354}
20:43:22.046 [Test worker] TRACE org.xlbean.data.TableValueLoader - {aaa=1560.0, ccc=-11559.0, bbb=2559.0, ddd=612.0234500000354}
20:43:22.048 [Test worker] TRACE org.xlbean.data.TableValueLoader - {aaa=1561.0, ccc=-11560.0, bbb=2560.0, ddd=612.1234500000354}
20:43:22.049 [Test worker] TRACE org.xlbean.data.TableValueLoader - {aaa=1562.0, ccc=-11561.0, bbb=2561.0, ddd=612.2234500000354}
20:43:22.051 [Test worker] TRACE org.xlbean.data.TableValueLoader - {aaa=1563.0, ccc=-11562.0, bbb=2562.0, ddd=612.3234500000355}
20:43:22.053 [Test worker] TRACE org.xlbean.data.TableValueLoader - {aaa=1564.0, ccc=-11563.0, bbb=2563.0, ddd=612.4234500000355}
20:43:22.056 [Test worker] TRACE org.xlbean.data.TableValueLoader - {aaa=1565.0, ccc=-11564.0, bbb=2564.0, ddd=612.5234500000355}
20:43:22.058 [Test worker] TRACE org.xlbean.data.TableValueLoader - {aaa=1566.0, ccc=-11565.0, bbb=2565.0, ddd=612.6234500000355}
20:43:22.059 [Test worker] TRACE org.xlbean.data.TableValueLoader - {aaa=1567.0, ccc=-11566.0, bbb=2566.0, ddd=612.7234500000355}
20:43:22.061 [Test worker] TRACE org.xlbean.data.TableValueLoader - {aaa=1568.0, ccc=-11567.0, bbb=2567.0, ddd=612.8234500000356}
20:43:22.063 [Test worker] TRACE org.xlbean.data.TableValueLoader - {aaa=1569.0, ccc=-11568.0, bbb=2568.0, ddd=612.9234500000356}
20:43:22.065 [Test worker] TRACE org.xlbean.data.TableValueLoader - {aaa=1570.0, ccc=-11569.0, bbb=2569.0, ddd=613.0234500000356}
20:43:22.067 [Test worker] TRACE org.xlbean.data.TableValueLoader - {aaa=1571.0, ccc=-11570.0, bbb=2570.0, ddd=613.1234500000356}
20:43:22.070 [Test worker] TRACE org.xlbean.data.TableValueLoader - {aaa=1572.0, ccc=-11571.0, bbb=2571.0, ddd=613.2234500000357}
20:43:22.071 [Test worker] TRACE org.xlbean.data.TableValueLoader - {aaa=1573.0, ccc=-11572.0, bbb=2572.0, ddd=613.3234500000357}
20:43:22.073 [Test worker] TRACE org.xlbean.data.TableValueLoader - {aaa=1574.0, ccc=-11573.0, bbb=2573.0, ddd=613.4234500000357}
20:43:22.075 [Test worker] TRACE org.xlbean.data.TableValueLoader - {aaa=1575.0, ccc=-11574.0, bbb=2574.0, ddd=613.5234500000357}
20:43:22.078 [Test worker] TRACE org.xlbean.data.TableValueLoader - {aaa=1576.0, ccc=-11575.0, bbb=2575.0, ddd=613.6234500000357}
20:43:22.079 [Test worker] TRACE org.xlbean.data.TableValueLoader - {aaa=1577.0, ccc=-11576.0, bbb=2576.0, ddd=613.7234500000358}
20:43:22.081 [Test worker] TRACE org.xlbean.data.TableValueLoader - {aaa=1578.0, ccc=-11577.0, bbb=2577.0, ddd=613.8234500000358}
20:43:22.082 [Test worker] TRACE org.xlbean.data.TableValueLoader - {aaa=1579.0, ccc=-11578.0, bbb=2578.0, ddd=613.9234500000358}
20:43:22.085 [Test worker] TRACE org.xlbean.data.TableValueLoader - {aaa=1580.0, ccc=-11579.0, bbb=2579.0, ddd=614.0234500000358}
20:43:22.087 [Test worker] TRACE org.xlbean.data.TableValueLoader - {aaa=1581.0, ccc=-11580.0, bbb=2580.0, ddd=614.1234500000359}
20:43:22.088 [Test worker] TRACE org.xlbean.data.TableValueLoader - {aaa=1582.0, ccc=-11581.0, bbb=2581.0, ddd=614.2234500000359}
20:43:22.090 [Test worker] TRACE org.xlbean.data.TableValueLoader - {aaa=1583.0, ccc=-11582.0, bbb=2582.0, ddd=614.3234500000359}
20:43:22.092 [Test worker] TRACE org.xlbean.data.TableValueLoader - {aaa=1584.0, ccc=-11583.0, bbb=2583.0, ddd=614.4234500000359}
20:43:22.094 [Test worker] TRACE org.xlbean.data.TableValueLoader - {aaa=1585.0, ccc=-11584.0, bbb=2584.0, ddd=614.523450000036}
20:43:22.096 [Test worker] TRACE org.xlbean.data.TableValueLoader - {aaa=1586.0, ccc=-11585.0, bbb=2585.0, ddd=614.623450000036}
20:43:22.097 [Test worker] TRACE org.xlbean.data.TableValueLoader - {aaa=1587.0, ccc=-11586.0, bbb=2586.0, ddd=614.723450000036}
20:43:22.099 [Test worker] TRACE org.xlbean.data.TableValueLoader - {aaa=1588.0, ccc=-11587.0, bbb=2587.0, ddd=614.823450000036}
20:43:22.101 [Test worker] TRACE org.xlbean.data.TableValueLoader - {aaa=1589.0, ccc=-11588.0, bbb=2588.0, ddd=614.923450000036}
20:43:22.103 [Test worker] TRACE org.xlbean.data.TableValueLoader - {aaa=1590.0, ccc=-11589.0, bbb=2589.0, ddd=615.0234500000361}
20:43:22.108 [Test worker] TRACE org.xlbean.data.TableValueLoader - {aaa=1591.0, ccc=-11590.0, bbb=2590.0, ddd=615.1234500000361}
20:43:22.110 [Test worker] TRACE org.xlbean.data.TableValueLoader - {aaa=1592.0, ccc=-11591.0, bbb=2591.0, ddd=615.2234500000361}
20:43:22.111 [Test worker] TRACE org.xlbean.data.TableValueLoader - {aaa=1593.0, ccc=-11592.0, bbb=2592.0, ddd=615.3234500000361}
20:43:22.113 [Test worker] TRACE org.xlbean.data.TableValueLoader - {aaa=1594.0, ccc=-11593.0, bbb=2593.0, ddd=615.4234500000362}
20:43:22.115 [Test worker] TRACE org.xlbean.data.TableValueLoader - {aaa=1595.0, ccc=-11594.0, bbb=2594.0, ddd=615.5234500000362}
20:43:22.116 [Test worker] TRACE org.xlbean.data.TableValueLoader - {aaa=1596.0, ccc=-11595.0, bbb=2595.0, ddd=615.6234500000362}
20:43:22.119 [Test worker] TRACE org.xlbean.data.TableValueLoader - {aaa=1597.0, ccc=-11596.0, bbb=2596.0, ddd=615.7234500000362}
20:43:22.120 [Test worker] TRACE org.xlbean.data.TableValueLoader - {aaa=1598.0, ccc=-11597.0, bbb=2597.0, ddd=615.8234500000362}
20:43:22.122 [Test worker] TRACE org.xlbean.data.TableValueLoader - {aaa=1599.0, ccc=-11598.0, bbb=2598.0, ddd=615.9234500000363}
20:43:22.124 [Test worker] TRACE org.xlbean.data.TableValueLoader - {aaa=1600.0, ccc=-11599.0, bbb=2599.0, ddd=616.0234500000363}
20:43:22.129 [Test worker] TRACE org.xlbean.data.TableValueLoader - {aaa=1601.0, ccc=-11600.0, bbb=2600.0, ddd=616.1234500000363}
20:43:22.131 [Test worker] TRACE org.xlbean.data.TableValueLoader - {aaa=1602.0, ccc=-11601.0, bbb=2601.0, ddd=616.2234500000363}
20:43:22.132 [Test worker] TRACE org.xlbean.data.TableValueLoader - {aaa=1603.0, ccc=-11602.0, bbb=2602.0, ddd=616.3234500000364}
20:43:22.134 [Test worker] TRACE org.xlbean.data.TableValueLoader - {aaa=1604.0, ccc=-11603.0, bbb=2603.0, ddd=616.4234500000364}
20:43:22.137 [Test worker] TRACE org.xlbean.data.TableValueLoader - {aaa=1605.0, ccc=-11604.0, bbb=2604.0, ddd=616.5234500000364}
20:43:22.139 [Test worker] TRACE org.xlbean.data.TableValueLoader - {aaa=1606.0, ccc=-11605.0, bbb=2605.0, ddd=616.6234500000364}
20:43:22.141 [Test worker] TRACE org.xlbean.data.TableValueLoader - {aaa=1607.0, ccc=-11606.0, bbb=2606.0, ddd=616.7234500000365}
20:43:22.142 [Test worker] TRACE org.xlbean.data.TableValueLoader - {aaa=1608.0, ccc=-11607.0, bbb=2607.0, ddd=616.8234500000365}
20:43:22.144 [Test worker] TRACE org.xlbean.data.TableValueLoader - {aaa=1609.0, ccc=-11608.0, bbb=2608.0, ddd=616.9234500000365}
20:43:22.145 [Test worker] TRACE org.xlbean.data.TableValueLoader - {aaa=1610.0, ccc=-11609.0, bbb=2609.0, ddd=617.0234500000365}
20:43:22.146 [Test worker] TRACE org.xlbean.data.TableValueLoader - {aaa=1611.0, ccc=-11610.0, bbb=2610.0, ddd=617.1234500000365}
20:43:22.148 [Test worker] TRACE org.xlbean.data.TableValueLoader - {aaa=1612.0, ccc=-11611.0, bbb=2611.0, ddd=617.2234500000366}
20:43:22.149 [Test worker] TRACE org.xlbean.data.TableValueLoader - {aaa=1613.0, ccc=-11612.0, bbb=2612.0, ddd=617.3234500000366}
20:43:22.151 [Test worker] TRACE org.xlbean.data.TableValueLoader - {aaa=1614.0, ccc=-11613.0, bbb=2613.0, ddd=617.4234500000366}
20:43:22.154 [Test worker] TRACE org.xlbean.data.TableValueLoader - {aaa=1615.0, ccc=-11614.0, bbb=2614.0, ddd=617.5234500000366}
20:43:22.157 [Test worker] TRACE org.xlbean.data.TableValueLoader - {aaa=1616.0, ccc=-11615.0, bbb=2615.0, ddd=617.6234500000367}
20:43:22.159 [Test worker] TRACE org.xlbean.data.TableValueLoader - {aaa=1617.0, ccc=-11616.0, bbb=2616.0, ddd=617.7234500000367}
20:43:22.161 [Test worker] TRACE org.xlbean.data.TableValueLoader - {aaa=1618.0, ccc=-11617.0, bbb=2617.0, ddd=617.8234500000367}
20:43:22.162 [Test worker] TRACE org.xlbean.data.TableValueLoader - {aaa=1619.0, ccc=-11618.0, bbb=2618.0, ddd=617.9234500000367}
20:43:22.164 [Test worker] TRACE org.xlbean.data.TableValueLoader - {aaa=1620.0, ccc=-11619.0, bbb=2619.0, ddd=618.0234500000367}
20:43:22.166 [Test worker] TRACE org.xlbean.data.TableValueLoader - {aaa=1621.0, ccc=-11620.0, bbb=2620.0, ddd=618.1234500000368}
20:43:22.169 [Test worker] TRACE org.xlbean.data.TableValueLoader - {aaa=1622.0, ccc=-11621.0, bbb=2621.0, ddd=618.2234500000368}
20:43:22.171 [Test worker] TRACE org.xlbean.data.TableValueLoader - {aaa=1623.0, ccc=-11622.0, bbb=2622.0, ddd=618.3234500000368}
20:43:22.174 [Test worker] TRACE org.xlbean.data.TableValueLoader - {aaa=1624.0, ccc=-11623.0, bbb=2623.0, ddd=618.4234500000368}
20:43:22.177 [Test worker] TRACE org.xlbean.data.TableValueLoader - {aaa=1625.0, ccc=-11624.0, bbb=2624.0, ddd=618.5234500000369}
20:43:22.178 [Test worker] TRACE org.xlbean.data.TableValueLoader - {aaa=1626.0, ccc=-11625.0, bbb=2625.0, ddd=618.6234500000369}
20:43:22.180 [Test worker] TRACE org.xlbean.data.TableValueLoader - {aaa=1627.0, ccc=-11626.0, bbb=2626.0, ddd=618.7234500000369}
20:43:22.183 [Test worker] TRACE org.xlbean.data.TableValueLoader - {aaa=1628.0, ccc=-11627.0, bbb=2627.0, ddd=618.8234500000369}
20:43:22.185 [Test worker] TRACE org.xlbean.data.TableValueLoader - {aaa=1629.0, ccc=-11628.0, bbb=2628.0, ddd=618.923450000037}
20:43:22.187 [Test worker] TRACE org.xlbean.data.TableValueLoader - {aaa=1630.0, ccc=-11629.0, bbb=2629.0, ddd=619.023450000037}
20:43:22.188 [Test worker] TRACE org.xlbean.data.TableValueLoader - {aaa=1631.0, ccc=-11630.0, bbb=2630.0, ddd=619.123450000037}
20:43:22.189 [Test worker] TRACE org.xlbean.data.TableValueLoader - {aaa=1632.0, ccc=-11631.0, bbb=2631.0, ddd=619.223450000037}
20:43:22.191 [Test worker] TRACE org.xlbean.data.TableValueLoader - {aaa=1633.0, ccc=-11632.0, bbb=2632.0, ddd=619.323450000037}
20:43:22.194 [Test worker] TRACE org.xlbean.data.TableValueLoader - {aaa=1634.0, ccc=-11633.0, bbb=2633.0, ddd=619.4234500000371}
20:43:22.196 [Test worker] TRACE org.xlbean.data.TableValueLoader - {aaa=1635.0, ccc=-11634.0, bbb=2634.0, ddd=619.5234500000371}
20:43:22.197 [Test worker] TRACE org.xlbean.data.TableValueLoader - {aaa=1636.0, ccc=-11635.0, bbb=2635.0, ddd=619.6234500000371}
20:43:22.199 [Test worker] TRACE org.xlbean.data.TableValueLoader - {aaa=1637.0, ccc=-11636.0, bbb=2636.0, ddd=619.7234500000371}
20:43:22.201 [Test worker] TRACE org.xlbean.data.TableValueLoader - {aaa=1638.0, ccc=-11637.0, bbb=2637.0, ddd=619.8234500000372}
20:43:22.204 [Test worker] TRACE org.xlbean.data.TableValueLoader - {aaa=1639.0, ccc=-11638.0, bbb=2638.0, ddd=619.9234500000372}
20:43:22.206 [Test worker] TRACE org.xlbean.data.TableValueLoader - {aaa=1640.0, ccc=-11639.0, bbb=2639.0, ddd=620.0234500000372}
20:43:22.208 [Test worker] TRACE org.xlbean.data.TableValueLoader - {aaa=1641.0, ccc=-11640.0, bbb=2640.0, ddd=620.1234500000372}
20:43:22.210 [Test worker] TRACE org.xlbean.data.TableValueLoader - {aaa=1642.0, ccc=-11641.0, bbb=2641.0, ddd=620.2234500000372}
20:43:22.212 [Test worker] TRACE org.xlbean.data.TableValueLoader - {aaa=1643.0, ccc=-11642.0, bbb=2642.0, ddd=620.3234500000373}
20:43:22.214 [Test worker] TRACE org.xlbean.data.TableValueLoader - {aaa=1644.0, ccc=-11643.0, bbb=2643.0, ddd=620.4234500000373}
20:43:22.215 [Test worker] TRACE org.xlbean.data.TableValueLoader - {aaa=1645.0, ccc=-11644.0, bbb=2644.0, ddd=620.5234500000373}
20:43:22.216 [Test worker] TRACE org.xlbean.data.TableValueLoader - {aaa=1646.0, ccc=-11645.0, bbb=2645.0, ddd=620.6234500000373}
20:43:22.218 [Test worker] TRACE org.xlbean.data.TableValueLoader - {aaa=1647.0, ccc=-11646.0, bbb=2646.0, ddd=620.7234500000374}
20:43:22.219 [Test worker] TRACE org.xlbean.data.TableValueLoader - {aaa=1648.0, ccc=-11647.0, bbb=2647.0, ddd=620.8234500000374}
20:43:22.221 [Test worker] TRACE org.xlbean.data.TableValueLoader - {aaa=1649.0, ccc=-11648.0, bbb=2648.0, ddd=620.9234500000374}
20:43:22.223 [Test worker] TRACE org.xlbean.data.TableValueLoader - {aaa=1650.0, ccc=-11649.0, bbb=2649.0, ddd=621.0234500000374}
20:43:22.224 [Test worker] TRACE org.xlbean.data.TableValueLoader - {aaa=1651.0, ccc=-11650.0, bbb=2650.0, ddd=621.1234500000375}
20:43:22.225 [Test worker] TRACE org.xlbean.data.TableValueLoader - {aaa=1652.0, ccc=-11651.0, bbb=2651.0, ddd=621.2234500000375}
20:43:22.227 [Test worker] TRACE org.xlbean.data.TableValueLoader - {aaa=1653.0, ccc=-11652.0, bbb=2652.0, ddd=621.3234500000375}
20:43:22.228 [Test worker] TRACE org.xlbean.data.TableValueLoader - {aaa=1654.0, ccc=-11653.0, bbb=2653.0, ddd=621.4234500000375}
20:43:22.230 [Test worker] TRACE org.xlbean.data.TableValueLoader - {aaa=1655.0, ccc=-11654.0, bbb=2654.0, ddd=621.5234500000375}
20:43:22.234 [Test worker] TRACE org.xlbean.data.TableValueLoader - {aaa=1656.0, ccc=-11655.0, bbb=2655.0, ddd=621.6234500000376}
20:43:22.236 [Test worker] TRACE org.xlbean.data.TableValueLoader - {aaa=1657.0, ccc=-11656.0, bbb=2656.0, ddd=621.7234500000376}
20:43:22.237 [Test worker] TRACE org.xlbean.data.TableValueLoader - {aaa=1658.0, ccc=-11657.0, bbb=2657.0, ddd=621.8234500000376}
20:43:22.239 [Test worker] TRACE org.xlbean.data.TableValueLoader - {aaa=1659.0, ccc=-11658.0, bbb=2658.0, ddd=621.9234500000376}
20:43:22.240 [Test worker] TRACE org.xlbean.data.TableValueLoader - {aaa=1660.0, ccc=-11659.0, bbb=2659.0, ddd=622.0234500000377}
20:43:22.242 [Test worker] TRACE org.xlbean.data.TableValueLoader - {aaa=1661.0, ccc=-11660.0, bbb=2660.0, ddd=622.1234500000377}
20:43:22.244 [Test worker] TRACE org.xlbean.data.TableValueLoader - {aaa=1662.0, ccc=-11661.0, bbb=2661.0, ddd=622.2234500000377}
20:43:22.246 [Test worker] TRACE org.xlbean.data.TableValueLoader - {aaa=1663.0, ccc=-11662.0, bbb=2662.0, ddd=622.3234500000377}
20:43:22.247 [Test worker] TRACE org.xlbean.data.TableValueLoader - {aaa=1664.0, ccc=-11663.0, bbb=2663.0, ddd=622.4234500000377}
20:43:22.249 [Test worker] TRACE org.xlbean.data.TableValueLoader - {aaa=1665.0, ccc=-11664.0, bbb=2664.0, ddd=622.5234500000378}
20:43:22.251 [Test worker] TRACE org.xlbean.data.TableValueLoader - {aaa=1666.0, ccc=-11665.0, bbb=2665.0, ddd=622.6234500000378}
20:43:22.252 [Test worker] TRACE org.xlbean.data.TableValueLoader - {aaa=1667.0, ccc=-11666.0, bbb=2666.0, ddd=622.7234500000378}
20:43:22.254 [Test worker] TRACE org.xlbean.data.TableValueLoader - {aaa=1668.0, ccc=-11667.0, bbb=2667.0, ddd=622.8234500000378}
20:43:22.255 [Test worker] TRACE org.xlbean.data.TableValueLoader - {aaa=1669.0, ccc=-11668.0, bbb=2668.0, ddd=622.9234500000379}
20:43:22.256 [Test worker] TRACE org.xlbean.data.TableValueLoader - {aaa=1670.0, ccc=-11669.0, bbb=2669.0, ddd=623.0234500000379}
20:43:22.258 [Test worker] TRACE org.xlbean.data.TableValueLoader - {aaa=1671.0, ccc=-11670.0, bbb=2670.0, ddd=623.1234500000379}
20:43:22.259 [Test worker] TRACE org.xlbean.data.TableValueLoader - {aaa=1672.0, ccc=-11671.0, bbb=2671.0, ddd=623.2234500000379}
20:43:22.262 [Test worker] TRACE org.xlbean.data.TableValueLoader - {aaa=1673.0, ccc=-11672.0, bbb=2672.0, ddd=623.323450000038}
20:43:22.263 [Test worker] TRACE org.xlbean.data.TableValueLoader - {aaa=1674.0, ccc=-11673.0, bbb=2673.0, ddd=623.423450000038}
20:43:22.265 [Test worker] TRACE org.xlbean.data.TableValueLoader - {aaa=1675.0, ccc=-11674.0, bbb=2674.0, ddd=623.523450000038}
20:43:22.266 [Test worker] TRACE org.xlbean.data.TableValueLoader - {aaa=1676.0, ccc=-11675.0, bbb=2675.0, ddd=623.623450000038}
20:43:22.267 [Test worker] TRACE org.xlbean.data.TableValueLoader - {aaa=1677.0, ccc=-11676.0, bbb=2676.0, ddd=623.723450000038}
20:43:22.269 [Test worker] TRACE org.xlbean.data.TableValueLoader - {aaa=1678.0, ccc=-11677.0, bbb=2677.0, ddd=623.8234500000381}
20:43:22.271 [Test worker] TRACE org.xlbean.data.TableValueLoader - {aaa=1679.0, ccc=-11678.0, bbb=2678.0, ddd=623.9234500000381}
20:43:22.272 [Test worker] TRACE org.xlbean.data.TableValueLoader - {aaa=1680.0, ccc=-11679.0, bbb=2679.0, ddd=624.0234500000381}
20:43:22.273 [Test worker] TRACE org.xlbean.data.TableValueLoader - {aaa=1681.0, ccc=-11680.0, bbb=2680.0, ddd=624.1234500000381}
20:43:22.275 [Test worker] TRACE org.xlbean.data.TableValueLoader - {aaa=1682.0, ccc=-11681.0, bbb=2681.0, ddd=624.2234500000382}
20:43:22.276 [Test worker] TRACE org.xlbean.data.TableValueLoader - {aaa=1683.0, ccc=-11682.0, bbb=2682.0, ddd=624.3234500000382}
20:43:22.277 [Test worker] TRACE org.xlbean.data.TableValueLoader - {aaa=1684.0, ccc=-11683.0, bbb=2683.0, ddd=624.4234500000382}
20:43:22.279 [Test worker] TRACE org.xlbean.data.TableValueLoader - {aaa=1685.0, ccc=-11684.0, bbb=2684.0, ddd=624.5234500000382}
20:43:22.282 [Test worker] TRACE org.xlbean.data.TableValueLoader - {aaa=1686.0, ccc=-11685.0, bbb=2685.0, ddd=624.6234500000382}
20:43:22.284 [Test worker] TRACE org.xlbean.data.TableValueLoader - {aaa=1687.0, ccc=-11686.0, bbb=2686.0, ddd=624.7234500000383}
20:43:22.287 [Test worker] TRACE org.xlbean.data.TableValueLoader - {aaa=1688.0, ccc=-11687.0, bbb=2687.0, ddd=624.8234500000383}
20:43:22.288 [Test worker] TRACE org.xlbean.data.TableValueLoader - {aaa=1689.0, ccc=-11688.0, bbb=2688.0, ddd=624.9234500000383}
20:43:22.289 [Test worker] TRACE org.xlbean.data.TableValueLoader - {aaa=1690.0, ccc=-11689.0, bbb=2689.0, ddd=625.0234500000383}
20:43:22.290 [Test worker] TRACE org.xlbean.data.TableValueLoader - {aaa=1691.0, ccc=-11690.0, bbb=2690.0, ddd=625.1234500000384}
20:43:22.292 [Test worker] TRACE org.xlbean.data.TableValueLoader - {aaa=1692.0, ccc=-11691.0, bbb=2691.0, ddd=625.2234500000384}
20:43:22.293 [Test worker] TRACE org.xlbean.data.TableValueLoader - {aaa=1693.0, ccc=-11692.0, bbb=2692.0, ddd=625.3234500000384}
20:43:22.294 [Test worker] TRACE org.xlbean.data.TableValueLoader - {aaa=1694.0, ccc=-11693.0, bbb=2693.0, ddd=625.4234500000384}
20:43:22.296 [Test worker] TRACE org.xlbean.data.TableValueLoader - {aaa=1695.0, ccc=-11694.0, bbb=2694.0, ddd=625.5234500000385}
20:43:22.297 [Test worker] TRACE org.xlbean.data.TableValueLoader - {aaa=1696.0, ccc=-11695.0, bbb=2695.0, ddd=625.6234500000385}
20:43:22.298 [Test worker] TRACE org.xlbean.data.TableValueLoader - {aaa=1697.0, ccc=-11696.0, bbb=2696.0, ddd=625.7234500000385}
20:43:22.300 [Test worker] TRACE org.xlbean.data.TableValueLoader - {aaa=1698.0, ccc=-11697.0, bbb=2697.0, ddd=625.8234500000385}
20:43:22.302 [Test worker] TRACE org.xlbean.data.TableValueLoader - {aaa=1699.0, ccc=-11698.0, bbb=2698.0, ddd=625.9234500000385}
20:43:22.304 [Test worker] TRACE org.xlbean.data.TableValueLoader - {aaa=1700.0, ccc=-11699.0, bbb=2699.0, ddd=626.0234500000386}
20:43:22.305 [Test worker] TRACE org.xlbean.data.TableValueLoader - {aaa=1701.0, ccc=-11700.0, bbb=2700.0, ddd=626.1234500000386}
20:43:22.306 [Test worker] TRACE org.xlbean.data.TableValueLoader - {aaa=1702.0, ccc=-11701.0, bbb=2701.0, ddd=626.2234500000386}
20:43:22.308 [Test worker] TRACE org.xlbean.data.TableValueLoader - {aaa=1703.0, ccc=-11702.0, bbb=2702.0, ddd=626.3234500000386}
20:43:22.309 [Test worker] TRACE org.xlbean.data.TableValueLoader - {aaa=1704.0, ccc=-11703.0, bbb=2703.0, ddd=626.4234500000387}
20:43:22.310 [Test worker] TRACE org.xlbean.data.TableValueLoader - {aaa=1705.0, ccc=-11704.0, bbb=2704.0, ddd=626.5234500000387}
20:43:22.311 [Test worker] TRACE org.xlbean.data.TableValueLoader - {aaa=1706.0, ccc=-11705.0, bbb=2705.0, ddd=626.6234500000387}
20:43:22.313 [Test worker] TRACE org.xlbean.data.TableValueLoader - {aaa=1707.0, ccc=-11706.0, bbb=2706.0, ddd=626.7234500000387}
20:43:22.314 [Test worker] TRACE org.xlbean.data.TableValueLoader - {aaa=1708.0, ccc=-11707.0, bbb=2707.0, ddd=626.8234500000387}
20:43:22.315 [Test worker] TRACE org.xlbean.data.TableValueLoader - {aaa=1709.0, ccc=-11708.0, bbb=2708.0, ddd=626.9234500000388}
20:43:22.317 [Test worker] TRACE org.xlbean.data.TableValueLoader - {aaa=1710.0, ccc=-11709.0, bbb=2709.0, ddd=627.0234500000388}
20:43:22.320 [Test worker] TRACE org.xlbean.data.TableValueLoader - {aaa=1711.0, ccc=-11710.0, bbb=2710.0, ddd=627.1234500000388}
20:43:22.322 [Test worker] TRACE org.xlbean.data.TableValueLoader - {aaa=1712.0, ccc=-11711.0, bbb=2711.0, ddd=627.2234500000388}
20:43:22.324 [Test worker] TRACE org.xlbean.data.TableValueLoader - {aaa=1713.0, ccc=-11712.0, bbb=2712.0, ddd=627.3234500000389}
20:43:22.326 [Test worker] TRACE org.xlbean.data.TableValueLoader - {aaa=1714.0, ccc=-11713.0, bbb=2713.0, ddd=627.4234500000389}
20:43:22.329 [Test worker] TRACE org.xlbean.data.TableValueLoader - {aaa=1715.0, ccc=-11714.0, bbb=2714.0, ddd=627.5234500000389}
20:43:22.331 [Test worker] TRACE org.xlbean.data.TableValueLoader - {aaa=1716.0, ccc=-11715.0, bbb=2715.0, ddd=627.6234500000389}
20:43:22.332 [Test worker] TRACE org.xlbean.data.TableValueLoader - {aaa=1717.0, ccc=-11716.0, bbb=2716.0, ddd=627.723450000039}
20:43:22.334 [Test worker] TRACE org.xlbean.data.TableValueLoader - {aaa=1718.0, ccc=-11717.0, bbb=2717.0, ddd=627.823450000039}
20:43:22.336 [Test worker] TRACE org.xlbean.data.TableValueLoader - {aaa=1719.0, ccc=-11718.0, bbb=2718.0, ddd=627.923450000039}
20:43:22.338 [Test worker] TRACE org.xlbean.data.TableValueLoader - {aaa=1720.0, ccc=-11719.0, bbb=2719.0, ddd=628.023450000039}
20:43:22.340 [Test worker] TRACE org.xlbean.data.TableValueLoader - {aaa=1721.0, ccc=-11720.0, bbb=2720.0, ddd=628.123450000039}
20:43:22.342 [Test worker] TRACE org.xlbean.data.TableValueLoader - {aaa=1722.0, ccc=-11721.0, bbb=2721.0, ddd=628.2234500000391}
20:43:22.343 [Test worker] TRACE org.xlbean.data.TableValueLoader - {aaa=1723.0, ccc=-11722.0, bbb=2722.0, ddd=628.3234500000391}
20:43:22.344 [Test worker] TRACE org.xlbean.data.TableValueLoader - {aaa=1724.0, ccc=-11723.0, bbb=2723.0, ddd=628.4234500000391}
20:43:22.345 [Test worker] TRACE org.xlbean.data.TableValueLoader - {aaa=1725.0, ccc=-11724.0, bbb=2724.0, ddd=628.5234500000391}
20:43:22.345 [Test worker] TRACE org.xlbean.data.TableValueLoader - {aaa=1726.0, ccc=-11725.0, bbb=2725.0, ddd=628.6234500000392}
20:43:22.346 [Test worker] TRACE org.xlbean.data.TableValueLoader - {aaa=1727.0, ccc=-11726.0, bbb=2726.0, ddd=628.7234500000392}
20:43:22.347 [Test worker] TRACE org.xlbean.data.TableValueLoader - {aaa=1728.0, ccc=-11727.0, bbb=2727.0, ddd=628.8234500000392}
20:43:22.348 [Test worker] TRACE org.xlbean.data.TableValueLoader - {aaa=1729.0, ccc=-11728.0, bbb=2728.0, ddd=628.9234500000392}
20:43:22.349 [Test worker] TRACE org.xlbean.data.TableValueLoader - {aaa=1730.0, ccc=-11729.0, bbb=2729.0, ddd=629.0234500000392}
20:43:22.351 [Test worker] TRACE org.xlbean.data.TableValueLoader - {aaa=1731.0, ccc=-11730.0, bbb=2730.0, ddd=629.1234500000393}
20:43:22.352 [Test worker] TRACE org.xlbean.data.TableValueLoader - {aaa=1732.0, ccc=-11731.0, bbb=2731.0, ddd=629.2234500000393}
20:43:22.353 [Test worker] TRACE org.xlbean.data.TableValueLoader - {aaa=1733.0, ccc=-11732.0, bbb=2732.0, ddd=629.3234500000393}
20:43:22.354 [Test worker] TRACE org.xlbean.data.TableValueLoader - {aaa=1734.0, ccc=-11733.0, bbb=2733.0, ddd=629.4234500000393}
20:43:22.357 [Test worker] TRACE org.xlbean.data.TableValueLoader - {aaa=1735.0, ccc=-11734.0, bbb=2734.0, ddd=629.5234500000394}
20:43:22.358 [Test worker] TRACE org.xlbean.data.TableValueLoader - {aaa=1736.0, ccc=-11735.0, bbb=2735.0, ddd=629.6234500000394}
20:43:22.359 [Test worker] TRACE org.xlbean.data.TableValueLoader - {aaa=1737.0, ccc=-11736.0, bbb=2736.0, ddd=629.7234500000394}
20:43:22.361 [Test worker] TRACE org.xlbean.data.TableValueLoader - {aaa=1738.0, ccc=-11737.0, bbb=2737.0, ddd=629.8234500000394}
20:43:22.362 [Test worker] TRACE org.xlbean.data.TableValueLoader - {aaa=1739.0, ccc=-11738.0, bbb=2738.0, ddd=629.9234500000395}
20:43:22.364 [Test worker] TRACE org.xlbean.data.TableValueLoader - {aaa=1740.0, ccc=-11739.0, bbb=2739.0, ddd=630.0234500000395}
20:43:22.366 [Test worker] TRACE org.xlbean.data.TableValueLoader - {aaa=1741.0, ccc=-11740.0, bbb=2740.0, ddd=630.1234500000395}
20:43:22.368 [Test worker] TRACE org.xlbean.data.TableValueLoader - {aaa=1742.0, ccc=-11741.0, bbb=2741.0, ddd=630.2234500000395}
20:43:22.370 [Test worker] TRACE org.xlbean.data.TableValueLoader - {aaa=1743.0, ccc=-11742.0, bbb=2742.0, ddd=630.3234500000395}
20:43:22.371 [Test worker] TRACE org.xlbean.data.TableValueLoader - {aaa=1744.0, ccc=-11743.0, bbb=2743.0, ddd=630.4234500000396}
20:43:22.374 [Test worker] TRACE org.xlbean.data.TableValueLoader - {aaa=1745.0, ccc=-11744.0, bbb=2744.0, ddd=630.5234500000396}
20:43:22.375 [Test worker] TRACE org.xlbean.data.TableValueLoader - {aaa=1746.0, ccc=-11745.0, bbb=2745.0, ddd=630.6234500000396}
20:43:22.377 [Test worker] TRACE org.xlbean.data.TableValueLoader - {aaa=1747.0, ccc=-11746.0, bbb=2746.0, ddd=630.7234500000396}
20:43:22.378 [Test worker] TRACE org.xlbean.data.TableValueLoader - {aaa=1748.0, ccc=-11747.0, bbb=2747.0, ddd=630.8234500000397}
20:43:22.379 [Test worker] TRACE org.xlbean.data.TableValueLoader - {aaa=1749.0, ccc=-11748.0, bbb=2748.0, ddd=630.9234500000397}
20:43:22.381 [Test worker] TRACE org.xlbean.data.TableValueLoader - {aaa=1750.0, ccc=-11749.0, bbb=2749.0, ddd=631.0234500000397}
20:43:22.383 [Test worker] TRACE org.xlbean.data.TableValueLoader - {aaa=1751.0, ccc=-11750.0, bbb=2750.0, ddd=631.1234500000397}
20:43:22.386 [Test worker] TRACE org.xlbean.data.TableValueLoader - {aaa=1752.0, ccc=-11751.0, bbb=2751.0, ddd=631.2234500000397}
20:43:22.387 [Test worker] TRACE org.xlbean.data.TableValueLoader - {aaa=1753.0, ccc=-11752.0, bbb=2752.0, ddd=631.3234500000398}
20:43:22.388 [Test worker] TRACE org.xlbean.data.TableValueLoader - {aaa=1754.0, ccc=-11753.0, bbb=2753.0, ddd=631.4234500000398}
20:43:22.390 [Test worker] TRACE org.xlbean.data.TableValueLoader - {aaa=1755.0, ccc=-11754.0, bbb=2754.0, ddd=631.5234500000398}
20:43:22.392 [Test worker] TRACE org.xlbean.data.TableValueLoader - {aaa=1756.0, ccc=-11755.0, bbb=2755.0, ddd=631.6234500000398}
20:43:22.393 [Test worker] TRACE org.xlbean.data.TableValueLoader - {aaa=1757.0, ccc=-11756.0, bbb=2756.0, ddd=631.7234500000399}
20:43:22.394 [Test worker] TRACE org.xlbean.data.TableValueLoader - {aaa=1758.0, ccc=-11757.0, bbb=2757.0, ddd=631.8234500000399}
20:43:22.395 [Test worker] TRACE org.xlbean.data.TableValueLoader - {aaa=1759.0, ccc=-11758.0, bbb=2758.0, ddd=631.9234500000399}
20:43:22.396 [Test worker] TRACE org.xlbean.data.TableValueLoader - {aaa=1760.0, ccc=-11759.0, bbb=2759.0, ddd=632.0234500000399}
20:43:22.397 [Test worker] TRACE org.xlbean.data.TableValueLoader - {aaa=1761.0, ccc=-11760.0, bbb=2760.0, ddd=632.12345000004}
20:43:22.398 [Test worker] TRACE org.xlbean.data.TableValueLoader - {aaa=1762.0, ccc=-11761.0, bbb=2761.0, ddd=632.22345000004}
20:43:22.398 [Test worker] TRACE org.xlbean.data.TableValueLoader - {aaa=1763.0, ccc=-11762.0, bbb=2762.0, ddd=632.32345000004}
20:43:22.399 [Test worker] TRACE org.xlbean.data.TableValueLoader - {aaa=1764.0, ccc=-11763.0, bbb=2763.0, ddd=632.42345000004}
20:43:22.399 [Test worker] TRACE org.xlbean.data.TableValueLoader - {aaa=1765.0, ccc=-11764.0, bbb=2764.0, ddd=632.52345000004}
20:43:22.400 [Test worker] TRACE org.xlbean.data.TableValueLoader - {aaa=1766.0, ccc=-11765.0, bbb=2765.0, ddd=632.6234500000401}
20:43:22.401 [Test worker] TRACE org.xlbean.data.TableValueLoader - {aaa=1767.0, ccc=-11766.0, bbb=2766.0, ddd=632.7234500000401}
20:43:22.402 [Test worker] TRACE org.xlbean.data.TableValueLoader - {aaa=1768.0, ccc=-11767.0, bbb=2767.0, ddd=632.8234500000401}
20:43:22.402 [Test worker] TRACE org.xlbean.data.TableValueLoader - {aaa=1769.0, ccc=-11768.0, bbb=2768.0, ddd=632.9234500000401}
20:43:22.404 [Test worker] TRACE org.xlbean.data.TableValueLoader - {aaa=1770.0, ccc=-11769.0, bbb=2769.0, ddd=633.0234500000402}
20:43:22.404 [Test worker] TRACE org.xlbean.data.TableValueLoader - {aaa=1771.0, ccc=-11770.0, bbb=2770.0, ddd=633.1234500000402}
20:43:22.405 [Test worker] TRACE org.xlbean.data.TableValueLoader - {aaa=1772.0, ccc=-11771.0, bbb=2771.0, ddd=633.2234500000402}
20:43:22.405 [Test worker] TRACE org.xlbean.data.TableValueLoader - {aaa=1773.0, ccc=-11772.0, bbb=2772.0, ddd=633.3234500000402}
20:43:22.405 [Test worker] TRACE org.xlbean.data.TableValueLoader - {aaa=1774.0, ccc=-11773.0, bbb=2773.0, ddd=633.4234500000402}
20:43:22.406 [Test worker] TRACE org.xlbean.data.TableValueLoader - {aaa=1775.0, ccc=-11774.0, bbb=2774.0, ddd=633.5234500000403}
20:43:22.406 [Test worker] TRACE org.xlbean.data.TableValueLoader - {aaa=1776.0, ccc=-11775.0, bbb=2775.0, ddd=633.6234500000403}
20:43:22.407 [Test worker] TRACE org.xlbean.data.TableValueLoader - {aaa=1777.0, ccc=-11776.0, bbb=2776.0, ddd=633.7234500000403}
20:43:22.407 [Test worker] TRACE org.xlbean.data.TableValueLoader - {aaa=1778.0, ccc=-11777.0, bbb=2777.0, ddd=633.8234500000403}
20:43:22.407 [Test worker] TRACE org.xlbean.data.TableValueLoader - {aaa=1779.0, ccc=-11778.0, bbb=2778.0, ddd=633.9234500000404}
20:43:22.408 [Test worker] TRACE org.xlbean.data.TableValueLoader - {aaa=1780.0, ccc=-11779.0, bbb=2779.0, ddd=634.0234500000404}
20:43:22.408 [Test worker] TRACE org.xlbean.data.TableValueLoader - {aaa=1781.0, ccc=-11780.0, bbb=2780.0, ddd=634.1234500000404}
20:43:22.409 [Test worker] TRACE org.xlbean.data.TableValueLoader - {aaa=1782.0, ccc=-11781.0, bbb=2781.0, ddd=634.2234500000404}
20:43:22.409 [Test worker] TRACE org.xlbean.data.TableValueLoader - {aaa=1783.0, ccc=-11782.0, bbb=2782.0, ddd=634.3234500000405}
20:43:22.409 [Test worker] TRACE org.xlbean.data.TableValueLoader - {aaa=1784.0, ccc=-11783.0, bbb=2783.0, ddd=634.4234500000405}
20:43:22.417 [Test worker] TRACE org.xlbean.data.TableValueLoader - {aaa=1785.0, ccc=-11784.0, bbb=2784.0, ddd=634.5234500000405}
20:43:22.418 [Test worker] TRACE org.xlbean.data.TableValueLoader - {aaa=1786.0, ccc=-11785.0, bbb=2785.0, ddd=634.6234500000405}
20:43:22.419 [Test worker] TRACE org.xlbean.data.TableValueLoader - {aaa=1787.0, ccc=-11786.0, bbb=2786.0, ddd=634.7234500000405}
20:43:22.419 [Test worker] TRACE org.xlbean.data.TableValueLoader - {aaa=1788.0, ccc=-11787.0, bbb=2787.0, ddd=634.8234500000406}
20:43:22.420 [Test worker] TRACE org.xlbean.data.TableValueLoader - {aaa=1789.0, ccc=-11788.0, bbb=2788.0, ddd=634.9234500000406}
20:43:22.421 [Test worker] TRACE org.xlbean.data.TableValueLoader - {aaa=1790.0, ccc=-11789.0, bbb=2789.0, ddd=635.0234500000406}
20:43:22.422 [Test worker] TRACE org.xlbean.data.TableValueLoader - {aaa=1791.0, ccc=-11790.0, bbb=2790.0, ddd=635.1234500000406}
20:43:22.423 [Test worker] TRACE org.xlbean.data.TableValueLoader - {aaa=1792.0, ccc=-11791.0, bbb=2791.0, ddd=635.2234500000407}
20:43:22.423 [Test worker] TRACE org.xlbean.data.TableValueLoader - {aaa=1793.0, ccc=-11792.0, bbb=2792.0, ddd=635.3234500000407}
20:43:22.424 [Test worker] TRACE org.xlbean.data.TableValueLoader - {aaa=1794.0, ccc=-11793.0, bbb=2793.0, ddd=635.4234500000407}
20:43:22.424 [Test worker] TRACE org.xlbean.data.TableValueLoader - {aaa=1795.0, ccc=-11794.0, bbb=2794.0, ddd=635.5234500000407}
20:43:22.425 [Test worker] TRACE org.xlbean.data.TableValueLoader - {aaa=1796.0, ccc=-11795.0, bbb=2795.0, ddd=635.6234500000407}
20:43:22.426 [Test worker] TRACE org.xlbean.data.TableValueLoader - {aaa=1797.0, ccc=-11796.0, bbb=2796.0, ddd=635.7234500000408}
20:43:22.426 [Test worker] TRACE org.xlbean.data.TableValueLoader - {aaa=1798.0, ccc=-11797.0, bbb=2797.0, ddd=635.8234500000408}
20:43:22.427 [Test worker] TRACE org.xlbean.data.TableValueLoader - {aaa=1799.0, ccc=-11798.0, bbb=2798.0, ddd=635.9234500000408}
20:43:22.428 [Test worker] TRACE org.xlbean.data.TableValueLoader - {aaa=1800.0, ccc=-11799.0, bbb=2799.0, ddd=636.0234500000408}
20:43:22.428 [Test worker] TRACE org.xlbean.data.TableValueLoader - {aaa=1801.0, ccc=-11800.0, bbb=2800.0, ddd=636.1234500000409}
20:43:22.429 [Test worker] TRACE org.xlbean.data.TableValueLoader - {aaa=1802.0, ccc=-11801.0, bbb=2801.0, ddd=636.2234500000409}
20:43:22.430 [Test worker] TRACE org.xlbean.data.TableValueLoader - {aaa=1803.0, ccc=-11802.0, bbb=2802.0, ddd=636.3234500000409}
20:43:22.431 [Test worker] TRACE org.xlbean.data.TableValueLoader - {aaa=1804.0, ccc=-11803.0, bbb=2803.0, ddd=636.4234500000409}
20:43:22.431 [Test worker] TRACE org.xlbean.data.TableValueLoader - {aaa=1805.0, ccc=-11804.0, bbb=2804.0, ddd=636.523450000041}
20:43:22.432 [Test worker] TRACE org.xlbean.data.TableValueLoader - {aaa=1806.0, ccc=-11805.0, bbb=2805.0, ddd=636.623450000041}
20:43:22.433 [Test worker] TRACE org.xlbean.data.TableValueLoader - {aaa=1807.0, ccc=-11806.0, bbb=2806.0, ddd=636.723450000041}
20:43:22.434 [Test worker] TRACE org.xlbean.data.TableValueLoader - {aaa=1808.0, ccc=-11807.0, bbb=2807.0, ddd=636.823450000041}
20:43:22.435 [Test worker] TRACE org.xlbean.data.TableValueLoader - {aaa=1809.0, ccc=-11808.0, bbb=2808.0, ddd=636.923450000041}
20:43:22.436 [Test worker] TRACE org.xlbean.data.TableValueLoader - {aaa=1810.0, ccc=-11809.0, bbb=2809.0, ddd=637.0234500000411}
20:43:22.436 [Test worker] TRACE org.xlbean.data.TableValueLoader - {aaa=1811.0, ccc=-11810.0, bbb=2810.0, ddd=637.1234500000411}
20:43:22.436 [Test worker] TRACE org.xlbean.data.TableValueLoader - {aaa=1812.0, ccc=-11811.0, bbb=2811.0, ddd=637.2234500000411}
20:43:22.437 [Test worker] TRACE org.xlbean.data.TableValueLoader - {aaa=1813.0, ccc=-11812.0, bbb=2812.0, ddd=637.3234500000411}
20:43:22.437 [Test worker] TRACE org.xlbean.data.TableValueLoader - {aaa=1814.0, ccc=-11813.0, bbb=2813.0, ddd=637.4234500000412}
20:43:22.438 [Test worker] TRACE org.xlbean.data.TableValueLoader - {aaa=1815.0, ccc=-11814.0, bbb=2814.0, ddd=637.5234500000412}
20:43:22.438 [Test worker] TRACE org.xlbean.data.TableValueLoader - {aaa=1816.0, ccc=-11815.0, bbb=2815.0, ddd=637.6234500000412}
20:43:22.439 [Test worker] TRACE org.xlbean.data.TableValueLoader - {aaa=1817.0, ccc=-11816.0, bbb=2816.0, ddd=637.7234500000412}
20:43:22.439 [Test worker] TRACE org.xlbean.data.TableValueLoader - {aaa=1818.0, ccc=-11817.0, bbb=2817.0, ddd=637.8234500000412}
20:43:22.440 [Test worker] TRACE org.xlbean.data.TableValueLoader - {aaa=1819.0, ccc=-11818.0, bbb=2818.0, ddd=637.9234500000413}
20:43:22.440 [Test worker] TRACE org.xlbean.data.TableValueLoader - {aaa=1820.0, ccc=-11819.0, bbb=2819.0, ddd=638.0234500000413}
20:43:22.441 [Test worker] TRACE org.xlbean.data.TableValueLoader - {aaa=1821.0, ccc=-11820.0, bbb=2820.0, ddd=638.1234500000413}
20:43:22.441 [Test worker] TRACE org.xlbean.data.TableValueLoader - {aaa=1822.0, ccc=-11821.0, bbb=2821.0, ddd=638.2234500000413}
20:43:22.442 [Test worker] TRACE org.xlbean.data.TableValueLoader - {aaa=1823.0, ccc=-11822.0, bbb=2822.0, ddd=638.3234500000414}
20:43:22.442 [Test worker] TRACE org.xlbean.data.TableValueLoader - {aaa=1824.0, ccc=-11823.0, bbb=2823.0, ddd=638.4234500000414}
20:43:22.442 [Test worker] TRACE org.xlbean.data.TableValueLoader - {aaa=1825.0, ccc=-11824.0, bbb=2824.0, ddd=638.5234500000414}
20:43:22.443 [Test worker] TRACE org.xlbean.data.TableValueLoader - {aaa=1826.0, ccc=-11825.0, bbb=2825.0, ddd=638.6234500000414}
20:43:22.443 [Test worker] TRACE org.xlbean.data.TableValueLoader - {aaa=1827.0, ccc=-11826.0, bbb=2826.0, ddd=638.7234500000415}
20:43:22.444 [Test worker] TRACE org.xlbean.data.TableValueLoader - {aaa=1828.0, ccc=-11827.0, bbb=2827.0, ddd=638.8234500000415}
20:43:22.444 [Test worker] TRACE org.xlbean.data.TableValueLoader - {aaa=1829.0, ccc=-11828.0, bbb=2828.0, ddd=638.9234500000415}
20:43:22.445 [Test worker] TRACE org.xlbean.data.TableValueLoader - {aaa=1830.0, ccc=-11829.0, bbb=2829.0, ddd=639.0234500000415}
20:43:22.445 [Test worker] TRACE org.xlbean.data.TableValueLoader - {aaa=1831.0, ccc=-11830.0, bbb=2830.0, ddd=639.1234500000415}
20:43:22.446 [Test worker] TRACE org.xlbean.data.TableValueLoader - {aaa=1832.0, ccc=-11831.0, bbb=2831.0, ddd=639.2234500000416}
20:43:22.446 [Test worker] TRACE org.xlbean.data.TableValueLoader - {aaa=1833.0, ccc=-11832.0, bbb=2832.0, ddd=639.3234500000416}
20:43:22.446 [Test worker] TRACE org.xlbean.data.TableValueLoader - {aaa=1834.0, ccc=-11833.0, bbb=2833.0, ddd=639.4234500000416}
20:43:22.447 [Test worker] TRACE org.xlbean.data.TableValueLoader - {aaa=1835.0, ccc=-11834.0, bbb=2834.0, ddd=639.5234500000416}
20:43:22.447 [Test worker] TRACE org.xlbean.data.TableValueLoader - {aaa=1836.0, ccc=-11835.0, bbb=2835.0, ddd=639.6234500000417}
20:43:22.448 [Test worker] TRACE org.xlbean.data.TableValueLoader - {aaa=1837.0, ccc=-11836.0, bbb=2836.0, ddd=639.7234500000417}
20:43:22.448 [Test worker] TRACE org.xlbean.data.TableValueLoader - {aaa=1838.0, ccc=-11837.0, bbb=2837.0, ddd=639.8234500000417}
20:43:22.449 [Test worker] TRACE org.xlbean.data.TableValueLoader - {aaa=1839.0, ccc=-11838.0, bbb=2838.0, ddd=639.9234500000417}
20:43:22.450 [Test worker] TRACE org.xlbean.data.TableValueLoader - {aaa=1840.0, ccc=-11839.0, bbb=2839.0, ddd=640.0234500000417}
20:43:22.450 [Test worker] TRACE org.xlbean.data.TableValueLoader - {aaa=1841.0, ccc=-11840.0, bbb=2840.0, ddd=640.1234500000418}
20:43:22.451 [Test worker] TRACE org.xlbean.data.TableValueLoader - {aaa=1842.0, ccc=-11841.0, bbb=2841.0, ddd=640.2234500000418}
20:43:22.451 [Test worker] TRACE org.xlbean.data.TableValueLoader - {aaa=1843.0, ccc=-11842.0, bbb=2842.0, ddd=640.3234500000418}
20:43:22.452 [Test worker] TRACE org.xlbean.data.TableValueLoader - {aaa=1844.0, ccc=-11843.0, bbb=2843.0, ddd=640.4234500000418}
20:43:22.452 [Test worker] TRACE org.xlbean.data.TableValueLoader - {aaa=1845.0, ccc=-11844.0, bbb=2844.0, ddd=640.5234500000419}
20:43:22.452 [Test worker] TRACE org.xlbean.data.TableValueLoader - {aaa=1846.0, ccc=-11845.0, bbb=2845.0, ddd=640.6234500000419}
20:43:22.453 [Test worker] TRACE org.xlbean.data.TableValueLoader - {aaa=1847.0, ccc=-11846.0, bbb=2846.0, ddd=640.7234500000419}
20:43:22.453 [Test worker] TRACE org.xlbean.data.TableValueLoader - {aaa=1848.0, ccc=-11847.0, bbb=2847.0, ddd=640.8234500000419}
20:43:22.453 [Test worker] TRACE org.xlbean.data.TableValueLoader - {aaa=1849.0, ccc=-11848.0, bbb=2848.0, ddd=640.923450000042}
20:43:22.454 [Test worker] TRACE org.xlbean.data.TableValueLoader - {aaa=1850.0, ccc=-11849.0, bbb=2849.0, ddd=641.023450000042}
20:43:22.454 [Test worker] TRACE org.xlbean.data.TableValueLoader - {aaa=1851.0, ccc=-11850.0, bbb=2850.0, ddd=641.123450000042}
20:43:22.455 [Test worker] TRACE org.xlbean.data.TableValueLoader - {aaa=1852.0, ccc=-11851.0, bbb=2851.0, ddd=641.223450000042}
20:43:22.455 [Test worker] TRACE org.xlbean.data.TableValueLoader - {aaa=1853.0, ccc=-11852.0, bbb=2852.0, ddd=641.323450000042}
20:43:22.455 [Test worker] TRACE org.xlbean.data.TableValueLoader - {aaa=1854.0, ccc=-11853.0, bbb=2853.0, ddd=641.4234500000421}
20:43:22.456 [Test worker] TRACE org.xlbean.data.TableValueLoader - {aaa=1855.0, ccc=-11854.0, bbb=2854.0, ddd=641.5234500000421}
20:43:22.456 [Test worker] TRACE org.xlbean.data.TableValueLoader - {aaa=1856.0, ccc=-11855.0, bbb=2855.0, ddd=641.6234500000421}
20:43:22.456 [Test worker] TRACE org.xlbean.data.TableValueLoader - {aaa=1857.0, ccc=-11856.0, bbb=2856.0, ddd=641.7234500000421}
20:43:22.457 [Test worker] TRACE org.xlbean.data.TableValueLoader - {aaa=1858.0, ccc=-11857.0, bbb=2857.0, ddd=641.8234500000422}
20:43:22.457 [Test worker] TRACE org.xlbean.data.TableValueLoader - {aaa=1859.0, ccc=-11858.0, bbb=2858.0, ddd=641.9234500000422}
20:43:22.457 [Test worker] TRACE org.xlbean.data.TableValueLoader - {aaa=1860.0, ccc=-11859.0, bbb=2859.0, ddd=642.0234500000422}
20:43:22.458 [Test worker] TRACE org.xlbean.data.TableValueLoader - {aaa=1861.0, ccc=-11860.0, bbb=2860.0, ddd=642.1234500000422}
20:43:22.458 [Test worker] TRACE org.xlbean.data.TableValueLoader - {aaa=1862.0, ccc=-11861.0, bbb=2861.0, ddd=642.2234500000422}
20:43:22.459 [Test worker] TRACE org.xlbean.data.TableValueLoader - {aaa=1863.0, ccc=-11862.0, bbb=2862.0, ddd=642.3234500000423}
20:43:22.459 [Test worker] TRACE org.xlbean.data.TableValueLoader - {aaa=1864.0, ccc=-11863.0, bbb=2863.0, ddd=642.4234500000423}
20:43:22.460 [Test worker] TRACE org.xlbean.data.TableValueLoader - {aaa=1865.0, ccc=-11864.0, bbb=2864.0, ddd=642.5234500000423}
20:43:22.460 [Test worker] TRACE org.xlbean.data.TableValueLoader - {aaa=1866.0, ccc=-11865.0, bbb=2865.0, ddd=642.6234500000423}
20:43:22.460 [Test worker] TRACE org.xlbean.data.TableValueLoader - {aaa=1867.0, ccc=-11866.0, bbb=2866.0, ddd=642.7234500000424}
20:43:22.461 [Test worker] TRACE org.xlbean.data.TableValueLoader - {aaa=1868.0, ccc=-11867.0, bbb=2867.0, ddd=642.8234500000424}
20:43:22.461 [Test worker] TRACE org.xlbean.data.TableValueLoader - {aaa=1869.0, ccc=-11868.0, bbb=2868.0, ddd=642.9234500000424}
20:43:22.462 [Test worker] TRACE org.xlbean.data.TableValueLoader - {aaa=1870.0, ccc=-11869.0, bbb=2869.0, ddd=643.0234500000424}
20:43:22.462 [Test worker] TRACE org.xlbean.data.TableValueLoader - {aaa=1871.0, ccc=-11870.0, bbb=2870.0, ddd=643.1234500000425}
20:43:22.462 [Test worker] TRACE org.xlbean.data.TableValueLoader - {aaa=1872.0, ccc=-11871.0, bbb=2871.0, ddd=643.2234500000425}
20:43:22.463 [Test worker] TRACE org.xlbean.data.TableValueLoader - {aaa=1873.0, ccc=-11872.0, bbb=2872.0, ddd=643.3234500000425}
20:43:22.463 [Test worker] TRACE org.xlbean.data.TableValueLoader - {aaa=1874.0, ccc=-11873.0, bbb=2873.0, ddd=643.4234500000425}
20:43:22.463 [Test worker] TRACE org.xlbean.data.TableValueLoader - {aaa=1875.0, ccc=-11874.0, bbb=2874.0, ddd=643.5234500000425}
20:43:22.464 [Test worker] TRACE org.xlbean.data.TableValueLoader - {aaa=1876.0, ccc=-11875.0, bbb=2875.0, ddd=643.6234500000426}
20:43:22.464 [Test worker] TRACE org.xlbean.data.TableValueLoader - {aaa=1877.0, ccc=-11876.0, bbb=2876.0, ddd=643.7234500000426}
20:43:22.465 [Test worker] TRACE org.xlbean.data.TableValueLoader - {aaa=1878.0, ccc=-11877.0, bbb=2877.0, ddd=643.8234500000426}
20:43:22.465 [Test worker] TRACE org.xlbean.data.TableValueLoader - {aaa=1879.0, ccc=-11878.0, bbb=2878.0, ddd=643.9234500000426}
20:43:22.466 [Test worker] TRACE org.xlbean.data.TableValueLoader - {aaa=1880.0, ccc=-11879.0, bbb=2879.0, ddd=644.0234500000427}
20:43:22.466 [Test worker] TRACE org.xlbean.data.TableValueLoader - {aaa=1881.0, ccc=-11880.0, bbb=2880.0, ddd=644.1234500000427}
20:43:22.467 [Test worker] TRACE org.xlbean.data.TableValueLoader - {aaa=1882.0, ccc=-11881.0, bbb=2881.0, ddd=644.2234500000427}
20:43:22.467 [Test worker] TRACE org.xlbean.data.TableValueLoader - {aaa=1883.0, ccc=-11882.0, bbb=2882.0, ddd=644.3234500000427}
20:43:22.468 [Test worker] TRACE org.xlbean.data.TableValueLoader - {aaa=1884.0, ccc=-11883.0, bbb=2883.0, ddd=644.4234500000427}
20:43:22.468 [Test worker] TRACE org.xlbean.data.TableValueLoader - {aaa=1885.0, ccc=-11884.0, bbb=2884.0, ddd=644.5234500000428}
20:43:22.469 [Test worker] TRACE org.xlbean.data.TableValueLoader - {aaa=1886.0, ccc=-11885.0, bbb=2885.0, ddd=644.6234500000428}
20:43:22.469 [Test worker] TRACE org.xlbean.data.TableValueLoader - {aaa=1887.0, ccc=-11886.0, bbb=2886.0, ddd=644.7234500000428}
20:43:22.470 [Test worker] TRACE org.xlbean.data.TableValueLoader - {aaa=1888.0, ccc=-11887.0, bbb=2887.0, ddd=644.8234500000428}
20:43:22.470 [Test worker] TRACE org.xlbean.data.TableValueLoader - {aaa=1889.0, ccc=-11888.0, bbb=2888.0, ddd=644.9234500000429}
20:43:22.470 [Test worker] TRACE org.xlbean.data.TableValueLoader - {aaa=1890.0, ccc=-11889.0, bbb=2889.0, ddd=645.0234500000429}
20:43:22.471 [Test worker] TRACE org.xlbean.data.TableValueLoader - {aaa=1891.0, ccc=-11890.0, bbb=2890.0, ddd=645.1234500000429}
20:43:22.471 [Test worker] TRACE org.xlbean.data.TableValueLoader - {aaa=1892.0, ccc=-11891.0, bbb=2891.0, ddd=645.2234500000429}
20:43:22.472 [Test worker] TRACE org.xlbean.data.TableValueLoader - {aaa=1893.0, ccc=-11892.0, bbb=2892.0, ddd=645.323450000043}
20:43:22.474 [Test worker] TRACE org.xlbean.data.TableValueLoader - {aaa=1894.0, ccc=-11893.0, bbb=2893.0, ddd=645.423450000043}
20:43:22.476 [Test worker] TRACE org.xlbean.data.TableValueLoader - {aaa=1895.0, ccc=-11894.0, bbb=2894.0, ddd=645.523450000043}
20:43:22.477 [Test worker] TRACE org.xlbean.data.TableValueLoader - {aaa=1896.0, ccc=-11895.0, bbb=2895.0, ddd=645.623450000043}
20:43:22.478 [Test worker] TRACE org.xlbean.data.TableValueLoader - {aaa=1897.0, ccc=-11896.0, bbb=2896.0, ddd=645.723450000043}
20:43:22.479 [Test worker] TRACE org.xlbean.data.TableValueLoader - {aaa=1898.0, ccc=-11897.0, bbb=2897.0, ddd=645.8234500000431}
20:43:22.482 [Test worker] TRACE org.xlbean.data.TableValueLoader - {aaa=1899.0, ccc=-11898.0, bbb=2898.0, ddd=645.9234500000431}
20:43:22.483 [Test worker] TRACE org.xlbean.data.TableValueLoader - {aaa=1900.0, ccc=-11899.0, bbb=2899.0, ddd=646.0234500000431}
20:43:22.485 [Test worker] TRACE org.xlbean.data.TableValueLoader - {aaa=1901.0, ccc=-11900.0, bbb=2900.0, ddd=646.1234500000431}
20:43:22.485 [Test worker] TRACE org.xlbean.data.TableValueLoader - {aaa=1902.0, ccc=-11901.0, bbb=2901.0, ddd=646.2234500000432}
20:43:22.486 [Test worker] TRACE org.xlbean.data.TableValueLoader - {aaa=1903.0, ccc=-11902.0, bbb=2902.0, ddd=646.3234500000432}
20:43:22.487 [Test worker] TRACE org.xlbean.data.TableValueLoader - {aaa=1904.0, ccc=-11903.0, bbb=2903.0, ddd=646.4234500000432}
20:43:22.487 [Test worker] TRACE org.xlbean.data.TableValueLoader - {aaa=1905.0, ccc=-11904.0, bbb=2904.0, ddd=646.5234500000432}
20:43:22.488 [Test worker] TRACE org.xlbean.data.TableValueLoader - {aaa=1906.0, ccc=-11905.0, bbb=2905.0, ddd=646.6234500000432}
20:43:22.488 [Test worker] TRACE org.xlbean.data.TableValueLoader - {aaa=1907.0, ccc=-11906.0, bbb=2906.0, ddd=646.7234500000433}
20:43:22.489 [Test worker] TRACE org.xlbean.data.TableValueLoader - {aaa=1908.0, ccc=-11907.0, bbb=2907.0, ddd=646.8234500000433}
20:43:22.490 [Test worker] TRACE org.xlbean.data.TableValueLoader - {aaa=1909.0, ccc=-11908.0, bbb=2908.0, ddd=646.9234500000433}
20:43:22.491 [Test worker] TRACE org.xlbean.data.TableValueLoader - {aaa=1910.0, ccc=-11909.0, bbb=2909.0, ddd=647.0234500000433}
20:43:22.492 [Test worker] TRACE org.xlbean.data.TableValueLoader - {aaa=1911.0, ccc=-11910.0, bbb=2910.0, ddd=647.1234500000434}
20:43:22.493 [Test worker] TRACE org.xlbean.data.TableValueLoader - {aaa=1912.0, ccc=-11911.0, bbb=2911.0, ddd=647.2234500000434}
20:43:22.494 [Test worker] TRACE org.xlbean.data.TableValueLoader - {aaa=1913.0, ccc=-11912.0, bbb=2912.0, ddd=647.3234500000434}
20:43:22.496 [Test worker] TRACE org.xlbean.data.TableValueLoader - {aaa=1914.0, ccc=-11913.0, bbb=2913.0, ddd=647.4234500000434}
20:43:22.497 [Test worker] TRACE org.xlbean.data.TableValueLoader - {aaa=1915.0, ccc=-11914.0, bbb=2914.0, ddd=647.5234500000435}
20:43:22.498 [Test worker] TRACE org.xlbean.data.TableValueLoader - {aaa=1916.0, ccc=-11915.0, bbb=2915.0, ddd=647.6234500000435}
20:43:22.498 [Test worker] TRACE org.xlbean.data.TableValueLoader - {aaa=1917.0, ccc=-11916.0, bbb=2916.0, ddd=647.7234500000435}
20:43:22.499 [Test worker] TRACE org.xlbean.data.TableValueLoader - {aaa=1918.0, ccc=-11917.0, bbb=2917.0, ddd=647.8234500000435}
20:43:22.499 [Test worker] TRACE org.xlbean.data.TableValueLoader - {aaa=1919.0, ccc=-11918.0, bbb=2918.0, ddd=647.9234500000435}
20:43:22.502 [Test worker] TRACE org.xlbean.data.TableValueLoader - {aaa=1920.0, ccc=-11919.0, bbb=2919.0, ddd=648.0234500000436}
20:43:22.503 [Test worker] TRACE org.xlbean.data.TableValueLoader - {aaa=1921.0, ccc=-11920.0, bbb=2920.0, ddd=648.1234500000436}
20:43:22.503 [Test worker] TRACE org.xlbean.data.TableValueLoader - {aaa=1922.0, ccc=-11921.0, bbb=2921.0, ddd=648.2234500000436}
20:43:22.504 [Test worker] TRACE org.xlbean.data.TableValueLoader - {aaa=1923.0, ccc=-11922.0, bbb=2922.0, ddd=648.3234500000436}
20:43:22.504 [Test worker] TRACE org.xlbean.data.TableValueLoader - {aaa=1924.0, ccc=-11923.0, bbb=2923.0, ddd=648.4234500000437}
20:43:22.505 [Test worker] TRACE org.xlbean.data.TableValueLoader - {aaa=1925.0, ccc=-11924.0, bbb=2924.0, ddd=648.5234500000437}
20:43:22.506 [Test worker] TRACE org.xlbean.data.TableValueLoader - {aaa=1926.0, ccc=-11925.0, bbb=2925.0, ddd=648.6234500000437}
20:43:22.507 [Test worker] TRACE org.xlbean.data.TableValueLoader - {aaa=1927.0, ccc=-11926.0, bbb=2926.0, ddd=648.7234500000437}
20:43:22.507 [Test worker] TRACE org.xlbean.data.TableValueLoader - {aaa=1928.0, ccc=-11927.0, bbb=2927.0, ddd=648.8234500000437}
20:43:22.507 [Test worker] TRACE org.xlbean.data.TableValueLoader - {aaa=1929.0, ccc=-11928.0, bbb=2928.0, ddd=648.9234500000438}
20:43:22.508 [Test worker] TRACE org.xlbean.data.TableValueLoader - {aaa=1930.0, ccc=-11929.0, bbb=2929.0, ddd=649.0234500000438}
20:43:22.508 [Test worker] TRACE org.xlbean.data.TableValueLoader - {aaa=1931.0, ccc=-11930.0, bbb=2930.0, ddd=649.1234500000438}
20:43:22.509 [Test worker] TRACE org.xlbean.data.TableValueLoader - {aaa=1932.0, ccc=-11931.0, bbb=2931.0, ddd=649.2234500000438}
20:43:22.509 [Test worker] TRACE org.xlbean.data.TableValueLoader - {aaa=1933.0, ccc=-11932.0, bbb=2932.0, ddd=649.3234500000439}
20:43:22.509 [Test worker] TRACE org.xlbean.data.TableValueLoader - {aaa=1934.0, ccc=-11933.0, bbb=2933.0, ddd=649.4234500000439}
20:43:22.510 [Test worker] TRACE org.xlbean.data.TableValueLoader - {aaa=1935.0, ccc=-11934.0, bbb=2934.0, ddd=649.5234500000439}
20:43:22.510 [Test worker] TRACE org.xlbean.data.TableValueLoader - {aaa=1936.0, ccc=-11935.0, bbb=2935.0, ddd=649.6234500000439}
20:43:22.511 [Test worker] TRACE org.xlbean.data.TableValueLoader - {aaa=1937.0, ccc=-11936.0, bbb=2936.0, ddd=649.723450000044}
20:43:22.511 [Test worker] TRACE org.xlbean.data.TableValueLoader - {aaa=1938.0, ccc=-11937.0, bbb=2937.0, ddd=649.823450000044}
20:43:22.511 [Test worker] TRACE org.xlbean.data.TableValueLoader - {aaa=1939.0, ccc=-11938.0, bbb=2938.0, ddd=649.923450000044}
20:43:22.512 [Test worker] TRACE org.xlbean.data.TableValueLoader - {aaa=1940.0, ccc=-11939.0, bbb=2939.0, ddd=650.023450000044}
20:43:22.512 [Test worker] TRACE org.xlbean.data.TableValueLoader - {aaa=1941.0, ccc=-11940.0, bbb=2940.0, ddd=650.123450000044}
20:43:22.513 [Test worker] TRACE org.xlbean.data.TableValueLoader - {aaa=1942.0, ccc=-11941.0, bbb=2941.0, ddd=650.2234500000441}
20:43:22.513 [Test worker] TRACE org.xlbean.data.TableValueLoader - {aaa=1943.0, ccc=-11942.0, bbb=2942.0, ddd=650.3234500000441}
20:43:22.513 [Test worker] TRACE org.xlbean.data.TableValueLoader - {aaa=1944.0, ccc=-11943.0, bbb=2943.0, ddd=650.4234500000441}
20:43:22.514 [Test worker] TRACE org.xlbean.data.TableValueLoader - {aaa=1945.0, ccc=-11944.0, bbb=2944.0, ddd=650.5234500000441}
20:43:22.514 [Test worker] TRACE org.xlbean.data.TableValueLoader - {aaa=1946.0, ccc=-11945.0, bbb=2945.0, ddd=650.6234500000442}
20:43:22.515 [Test worker] TRACE org.xlbean.data.TableValueLoader - {aaa=1947.0, ccc=-11946.0, bbb=2946.0, ddd=650.7234500000442}
20:43:22.515 [Test worker] TRACE org.xlbean.data.TableValueLoader - {aaa=1948.0, ccc=-11947.0, bbb=2947.0, ddd=650.8234500000442}
20:43:22.515 [Test worker] TRACE org.xlbean.data.TableValueLoader - {aaa=1949.0, ccc=-11948.0, bbb=2948.0, ddd=650.9234500000442}
20:43:22.516 [Test worker] TRACE org.xlbean.data.TableValueLoader - {aaa=1950.0, ccc=-11949.0, bbb=2949.0, ddd=651.0234500000442}
20:43:22.516 [Test worker] TRACE org.xlbean.data.TableValueLoader - {aaa=1951.0, ccc=-11950.0, bbb=2950.0, ddd=651.1234500000443}
20:43:22.516 [Test worker] TRACE org.xlbean.data.TableValueLoader - {aaa=1952.0, ccc=-11951.0, bbb=2951.0, ddd=651.2234500000443}
20:43:22.517 [Test worker] TRACE org.xlbean.data.TableValueLoader - {aaa=1953.0, ccc=-11952.0, bbb=2952.0, ddd=651.3234500000443}
20:43:22.517 [Test worker] TRACE org.xlbean.data.TableValueLoader - {aaa=1954.0, ccc=-11953.0, bbb=2953.0, ddd=651.4234500000443}
20:43:22.518 [Test worker] TRACE org.xlbean.data.TableValueLoader - {aaa=1955.0, ccc=-11954.0, bbb=2954.0, ddd=651.5234500000444}
20:43:22.518 [Test worker] TRACE org.xlbean.data.TableValueLoader - {aaa=1956.0, ccc=-11955.0, bbb=2955.0, ddd=651.6234500000444}
20:43:22.519 [Test worker] TRACE org.xlbean.data.TableValueLoader - {aaa=1957.0, ccc=-11956.0, bbb=2956.0, ddd=651.7234500000444}
20:43:22.519 [Test worker] TRACE org.xlbean.data.TableValueLoader - {aaa=1958.0, ccc=-11957.0, bbb=2957.0, ddd=651.8234500000444}
20:43:22.520 [Test worker] TRACE org.xlbean.data.TableValueLoader - {aaa=1959.0, ccc=-11958.0, bbb=2958.0, ddd=651.9234500000445}
20:43:22.520 [Test worker] TRACE org.xlbean.data.TableValueLoader - {aaa=1960.0, ccc=-11959.0, bbb=2959.0, ddd=652.0234500000445}
20:43:22.520 [Test worker] TRACE org.xlbean.data.TableValueLoader - {aaa=1961.0, ccc=-11960.0, bbb=2960.0, ddd=652.1234500000445}
20:43:22.521 [Test worker] TRACE org.xlbean.data.TableValueLoader - {aaa=1962.0, ccc=-11961.0, bbb=2961.0, ddd=652.2234500000445}
20:43:22.521 [Test worker] TRACE org.xlbean.data.TableValueLoader - {aaa=1963.0, ccc=-11962.0, bbb=2962.0, ddd=652.3234500000445}
20:43:22.521 [Test worker] TRACE org.xlbean.data.TableValueLoader - {aaa=1964.0, ccc=-11963.0, bbb=2963.0, ddd=652.4234500000446}
20:43:22.522 [Test worker] TRACE org.xlbean.data.TableValueLoader - {aaa=1965.0, ccc=-11964.0, bbb=2964.0, ddd=652.5234500000446}
20:43:22.522 [Test worker] TRACE org.xlbean.data.TableValueLoader - {aaa=1966.0, ccc=-11965.0, bbb=2965.0, ddd=652.6234500000446}
20:43:22.523 [Test worker] TRACE org.xlbean.data.TableValueLoader - {aaa=1967.0, ccc=-11966.0, bbb=2966.0, ddd=652.7234500000446}
20:43:22.523 [Test worker] TRACE org.xlbean.data.TableValueLoader - {aaa=1968.0, ccc=-11967.0, bbb=2967.0, ddd=652.8234500000447}
20:43:22.524 [Test worker] TRACE org.xlbean.data.TableValueLoader - {aaa=1969.0, ccc=-11968.0, bbb=2968.0, ddd=652.9234500000447}
20:43:22.524 [Test worker] TRACE org.xlbean.data.TableValueLoader - {aaa=1970.0, ccc=-11969.0, bbb=2969.0, ddd=653.0234500000447}
20:43:22.524 [Test worker] TRACE org.xlbean.data.TableValueLoader - {aaa=1971.0, ccc=-11970.0, bbb=2970.0, ddd=653.1234500000447}
20:43:22.525 [Test worker] TRACE org.xlbean.data.TableValueLoader - {aaa=1972.0, ccc=-11971.0, bbb=2971.0, ddd=653.2234500000447}
20:43:22.525 [Test worker] TRACE org.xlbean.data.TableValueLoader - {aaa=1973.0, ccc=-11972.0, bbb=2972.0, ddd=653.3234500000448}
20:43:22.526 [Test worker] TRACE org.xlbean.data.TableValueLoader - {aaa=1974.0, ccc=-11973.0, bbb=2973.0, ddd=653.4234500000448}
20:43:22.526 [Test worker] TRACE org.xlbean.data.TableValueLoader - {aaa=1975.0, ccc=-11974.0, bbb=2974.0, ddd=653.5234500000448}
20:43:22.526 [Test worker] TRACE org.xlbean.data.TableValueLoader - {aaa=1976.0, ccc=-11975.0, bbb=2975.0, ddd=653.6234500000448}
20:43:22.527 [Test worker] TRACE org.xlbean.data.TableValueLoader - {aaa=1977.0, ccc=-11976.0, bbb=2976.0, ddd=653.7234500000449}
20:43:22.527 [Test worker] TRACE org.xlbean.data.TableValueLoader - {aaa=1978.0, ccc=-11977.0, bbb=2977.0, ddd=653.8234500000449}
20:43:22.528 [Test worker] TRACE org.xlbean.data.TableValueLoader - {aaa=1979.0, ccc=-11978.0, bbb=2978.0, ddd=653.9234500000449}
20:43:22.529 [Test worker] TRACE org.xlbean.data.TableValueLoader - {aaa=1980.0, ccc=-11979.0, bbb=2979.0, ddd=654.0234500000449}
20:43:22.530 [Test worker] TRACE org.xlbean.data.TableValueLoader - {aaa=1981.0, ccc=-11980.0, bbb=2980.0, ddd=654.123450000045}
20:43:22.530 [Test worker] TRACE org.xlbean.data.TableValueLoader - {aaa=1982.0, ccc=-11981.0, bbb=2981.0, ddd=654.223450000045}
20:43:22.531 [Test worker] TRACE org.xlbean.data.TableValueLoader - {aaa=1983.0, ccc=-11982.0, bbb=2982.0, ddd=654.323450000045}
20:43:22.531 [Test worker] TRACE org.xlbean.data.TableValueLoader - {aaa=1984.0, ccc=-11983.0, bbb=2983.0, ddd=654.423450000045}
20:43:22.531 [Test worker] TRACE org.xlbean.data.TableValueLoader - {aaa=1985.0, ccc=-11984.0, bbb=2984.0, ddd=654.523450000045}
20:43:22.532 [Test worker] TRACE org.xlbean.data.TableValueLoader - {aaa=1986.0, ccc=-11985.0, bbb=2985.0, ddd=654.6234500000451}
20:43:22.532 [Test worker] TRACE org.xlbean.data.TableValueLoader - {aaa=1987.0, ccc=-11986.0, bbb=2986.0, ddd=654.7234500000451}
20:43:22.533 [Test worker] TRACE org.xlbean.data.TableValueLoader - {aaa=1988.0, ccc=-11987.0, bbb=2987.0, ddd=654.8234500000451}
20:43:22.533 [Test worker] TRACE org.xlbean.data.TableValueLoader - {aaa=1989.0, ccc=-11988.0, bbb=2988.0, ddd=654.9234500000451}
20:43:22.534 [Test worker] TRACE org.xlbean.data.TableValueLoader - {aaa=1990.0, ccc=-11989.0, bbb=2989.0, ddd=655.0234500000452}
20:43:22.535 [Test worker] TRACE org.xlbean.data.TableValueLoader - {aaa=1991.0, ccc=-11990.0, bbb=2990.0, ddd=655.1234500000452}
20:43:22.535 [Test worker] TRACE org.xlbean.data.TableValueLoader - {aaa=1992.0, ccc=-11991.0, bbb=2991.0, ddd=655.2234500000452}
20:43:22.536 [Test worker] TRACE org.xlbean.data.TableValueLoader - {aaa=1993.0, ccc=-11992.0, bbb=2992.0, ddd=655.3234500000452}
20:43:22.536 [Test worker] TRACE org.xlbean.data.TableValueLoader - {aaa=1994.0, ccc=-11993.0, bbb=2993.0, ddd=655.4234500000452}
20:43:22.536 [Test worker] TRACE org.xlbean.data.TableValueLoader - {aaa=1995.0, ccc=-11994.0, bbb=2994.0, ddd=655.5234500000453}
20:43:22.537 [Test worker] TRACE org.xlbean.data.TableValueLoader - {aaa=1996.0, ccc=-11995.0, bbb=2995.0, ddd=655.6234500000453}
20:43:22.537 [Test worker] TRACE org.xlbean.data.TableValueLoader - {aaa=1997.0, ccc=-11996.0, bbb=2996.0, ddd=655.7234500000453}
20:43:22.538 [Test worker] TRACE org.xlbean.data.TableValueLoader - {aaa=1998.0, ccc=-11997.0, bbb=2997.0, ddd=655.8234500000453}
20:43:22.538 [Test worker] TRACE org.xlbean.data.TableValueLoader - {aaa=1999.0, ccc=-11998.0, bbb=2998.0, ddd=655.9234500000454}
20:43:22.539 [Test worker] TRACE org.xlbean.data.TableValueLoader - {aaa=2000.0, ccc=-11999.0, bbb=2999.0, ddd=656.0234500000454}
20:43:22.540 [Test worker] TRACE org.xlbean.data.TableValueLoader - {aaa=2001.0, ccc=-12000.0, bbb=3000.0, ddd=656.1234500000454}
20:43:22.540 [Test worker] TRACE org.xlbean.data.TableValueLoader - {aaa=2002.0, ccc=-12001.0, bbb=3001.0, ddd=656.2234500000454}
20:43:22.541 [Test worker] TRACE org.xlbean.data.TableValueLoader - {aaa=2003.0, ccc=-12002.0, bbb=3002.0, ddd=656.3234500000455}
20:43:22.541 [Test worker] TRACE org.xlbean.data.TableValueLoader - {aaa=2004.0, ccc=-12003.0, bbb=3003.0, ddd=656.4234500000455}
20:43:22.541 [Test worker] TRACE org.xlbean.data.TableValueLoader - {aaa=2005.0, ccc=-12004.0, bbb=3004.0, ddd=656.5234500000455}
20:43:22.542 [Test worker] TRACE org.xlbean.data.TableValueLoader - {aaa=2006.0, ccc=-12005.0, bbb=3005.0, ddd=656.6234500000455}
20:43:22.542 [Test worker] TRACE org.xlbean.data.TableValueLoader - {aaa=2007.0, ccc=-12006.0, bbb=3006.0, ddd=656.7234500000455}
20:43:22.543 [Test worker] TRACE org.xlbean.data.TableValueLoader - {aaa=2008.0, ccc=-12007.0, bbb=3007.0, ddd=656.8234500000456}
20:43:22.543 [Test worker] TRACE org.xlbean.data.TableValueLoader - {aaa=2009.0, ccc=-12008.0, bbb=3008.0, ddd=656.9234500000456}
20:43:22.543 [Test worker] TRACE org.xlbean.data.TableValueLoader - {aaa=2010.0, ccc=-12009.0, bbb=3009.0, ddd=657.0234500000456}
20:43:22.544 [Test worker] TRACE org.xlbean.data.TableValueLoader - {aaa=2011.0, ccc=-12010.0, bbb=3010.0, ddd=657.1234500000456}
20:43:22.544 [Test worker] TRACE org.xlbean.data.TableValueLoader - {aaa=2012.0, ccc=-12011.0, bbb=3011.0, ddd=657.2234500000457}
20:43:22.544 [Test worker] TRACE org.xlbean.data.TableValueLoader - {aaa=2013.0, ccc=-12012.0, bbb=3012.0, ddd=657.3234500000457}
20:43:22.545 [Test worker] TRACE org.xlbean.data.TableValueLoader - {aaa=2014.0, ccc=-12013.0, bbb=3013.0, ddd=657.4234500000457}
20:43:22.545 [Test worker] TRACE org.xlbean.data.TableValueLoader - {aaa=2015.0, ccc=-12014.0, bbb=3014.0, ddd=657.5234500000457}
20:43:22.545 [Test worker] TRACE org.xlbean.data.TableValueLoader - {aaa=2016.0, ccc=-12015.0, bbb=3015.0, ddd=657.6234500000458}
20:43:22.546 [Test worker] TRACE org.xlbean.data.TableValueLoader - {aaa=2017.0, ccc=-12016.0, bbb=3016.0, ddd=657.7234500000458}
20:43:22.546 [Test worker] TRACE org.xlbean.data.TableValueLoader - {aaa=2018.0, ccc=-12017.0, bbb=3017.0, ddd=657.8234500000458}
20:43:22.547 [Test worker] TRACE org.xlbean.data.TableValueLoader - {aaa=2019.0, ccc=-12018.0, bbb=3018.0, ddd=657.9234500000458}
20:43:22.547 [Test worker] TRACE org.xlbean.data.TableValueLoader - {aaa=2020.0, ccc=-12019.0, bbb=3019.0, ddd=658.0234500000458}
20:43:22.547 [Test worker] TRACE org.xlbean.data.TableValueLoader - {aaa=2021.0, ccc=-12020.0, bbb=3020.0, ddd=658.1234500000459}
20:43:22.548 [Test worker] TRACE org.xlbean.data.TableValueLoader - {aaa=2022.0, ccc=-12021.0, bbb=3021.0, ddd=658.2234500000459}
20:43:22.548 [Test worker] TRACE org.xlbean.data.TableValueLoader - {aaa=2023.0, ccc=-12022.0, bbb=3022.0, ddd=658.3234500000459}
20:43:22.548 [Test worker] TRACE org.xlbean.data.TableValueLoader - {aaa=2024.0, ccc=-12023.0, bbb=3023.0, ddd=658.4234500000459}
20:43:22.549 [Test worker] TRACE org.xlbean.data.TableValueLoader - {aaa=2025.0, ccc=-12024.0, bbb=3024.0, ddd=658.523450000046}
20:43:22.549 [Test worker] TRACE org.xlbean.data.TableValueLoader - {aaa=2026.0, ccc=-12025.0, bbb=3025.0, ddd=658.623450000046}
20:43:22.550 [Test worker] TRACE org.xlbean.data.TableValueLoader - {aaa=2027.0, ccc=-12026.0, bbb=3026.0, ddd=658.723450000046}
20:43:22.550 [Test worker] TRACE org.xlbean.data.TableValueLoader - {aaa=2028.0, ccc=-12027.0, bbb=3027.0, ddd=658.823450000046}
20:43:22.551 [Test worker] TRACE org.xlbean.data.TableValueLoader - {aaa=2029.0, ccc=-12028.0, bbb=3028.0, ddd=658.923450000046}
20:43:22.551 [Test worker] TRACE org.xlbean.data.TableValueLoader - {aaa=2030.0, ccc=-12029.0, bbb=3029.0, ddd=659.0234500000461}
20:43:22.552 [Test worker] TRACE org.xlbean.data.TableValueLoader - {aaa=2031.0, ccc=-12030.0, bbb=3030.0, ddd=659.1234500000461}
20:43:22.552 [Test worker] TRACE org.xlbean.data.TableValueLoader - {aaa=2032.0, ccc=-12031.0, bbb=3031.0, ddd=659.2234500000461}
20:43:22.553 [Test worker] TRACE org.xlbean.data.TableValueLoader - {aaa=2033.0, ccc=-12032.0, bbb=3032.0, ddd=659.3234500000461}
20:43:22.553 [Test worker] TRACE org.xlbean.data.TableValueLoader - {aaa=2034.0, ccc=-12033.0, bbb=3033.0, ddd=659.4234500000462}
20:43:22.553 [Test worker] TRACE org.xlbean.data.TableValueLoader - {aaa=2035.0, ccc=-12034.0, bbb=3034.0, ddd=659.5234500000462}
20:43:22.554 [Test worker] TRACE org.xlbean.data.TableValueLoader - {aaa=2036.0, ccc=-12035.0, bbb=3035.0, ddd=659.6234500000462}
20:43:22.554 [Test worker] TRACE org.xlbean.data.TableValueLoader - {aaa=2037.0, ccc=-12036.0, bbb=3036.0, ddd=659.7234500000462}
20:43:22.554 [Test worker] TRACE org.xlbean.data.TableValueLoader - {aaa=2038.0, ccc=-12037.0, bbb=3037.0, ddd=659.8234500000463}
20:43:22.555 [Test worker] TRACE org.xlbean.data.TableValueLoader - {aaa=2039.0, ccc=-12038.0, bbb=3038.0, ddd=659.9234500000463}
20:43:22.555 [Test worker] TRACE org.xlbean.data.TableValueLoader - {aaa=2040.0, ccc=-12039.0, bbb=3039.0, ddd=660.0234500000463}
20:43:22.555 [Test worker] TRACE org.xlbean.data.TableValueLoader - {aaa=2041.0, ccc=-12040.0, bbb=3040.0, ddd=660.1234500000463}
20:43:22.556 [Test worker] TRACE org.xlbean.data.TableValueLoader - {aaa=2042.0, ccc=-12041.0, bbb=3041.0, ddd=660.2234500000463}
20:43:22.556 [Test worker] TRACE org.xlbean.data.TableValueLoader - {aaa=2043.0, ccc=-12042.0, bbb=3042.0, ddd=660.3234500000464}
20:43:22.557 [Test worker] TRACE org.xlbean.data.TableValueLoader - {aaa=2044.0, ccc=-12043.0, bbb=3043.0, ddd=660.4234500000464}
20:43:22.558 [Test worker] TRACE org.xlbean.data.TableValueLoader - {aaa=2045.0, ccc=-12044.0, bbb=3044.0, ddd=660.5234500000464}
20:43:22.559 [Test worker] TRACE org.xlbean.data.TableValueLoader - {aaa=2046.0, ccc=-12045.0, bbb=3045.0, ddd=660.6234500000464}
20:43:22.559 [Test worker] TRACE org.xlbean.data.TableValueLoader - {aaa=2047.0, ccc=-12046.0, bbb=3046.0, ddd=660.7234500000465}
20:43:22.560 [Test worker] TRACE org.xlbean.data.TableValueLoader - {aaa=2048.0, ccc=-12047.0, bbb=3047.0, ddd=660.8234500000465}
20:43:22.560 [Test worker] TRACE org.xlbean.data.TableValueLoader - {aaa=2049.0, ccc=-12048.0, bbb=3048.0, ddd=660.9234500000465}
20:43:22.560 [Test worker] TRACE org.xlbean.data.TableValueLoader - {aaa=2050.0, ccc=-12049.0, bbb=3049.0, ddd=661.0234500000465}
20:43:22.561 [Test worker] TRACE org.xlbean.data.TableValueLoader - {aaa=2051.0, ccc=-12050.0, bbb=3050.0, ddd=661.1234500000465}
20:43:22.561 [Test worker] TRACE org.xlbean.data.TableValueLoader - {aaa=2052.0, ccc=-12051.0, bbb=3051.0, ddd=661.2234500000466}
20:43:22.562 [Test worker] TRACE org.xlbean.data.TableValueLoader - {aaa=2053.0, ccc=-12052.0, bbb=3052.0, ddd=661.3234500000466}
20:43:22.562 [Test worker] TRACE org.xlbean.data.TableValueLoader - {aaa=2054.0, ccc=-12053.0, bbb=3053.0, ddd=661.4234500000466}
20:43:22.562 [Test worker] TRACE org.xlbean.data.TableValueLoader - {aaa=2055.0, ccc=-12054.0, bbb=3054.0, ddd=661.5234500000466}
20:43:22.563 [Test worker] TRACE org.xlbean.data.TableValueLoader - {aaa=2056.0, ccc=-12055.0, bbb=3055.0, ddd=661.6234500000467}
20:43:22.563 [Test worker] TRACE org.xlbean.data.TableValueLoader - {aaa=2057.0, ccc=-12056.0, bbb=3056.0, ddd=661.7234500000467}
20:43:22.564 [Test worker] TRACE org.xlbean.data.TableValueLoader - {aaa=2058.0, ccc=-12057.0, bbb=3057.0, ddd=661.8234500000467}
20:43:22.564 [Test worker] TRACE org.xlbean.data.TableValueLoader - {aaa=2059.0, ccc=-12058.0, bbb=3058.0, ddd=661.9234500000467}
20:43:22.564 [Test worker] TRACE org.xlbean.data.TableValueLoader - {aaa=2060.0, ccc=-12059.0, bbb=3059.0, ddd=662.0234500000468}
20:43:22.565 [Test worker] TRACE org.xlbean.data.TableValueLoader - {aaa=2061.0, ccc=-12060.0, bbb=3060.0, ddd=662.1234500000468}
20:43:22.565 [Test worker] TRACE org.xlbean.data.TableValueLoader - {aaa=2062.0, ccc=-12061.0, bbb=3061.0, ddd=662.2234500000468}
20:43:22.566 [Test worker] TRACE org.xlbean.data.TableValueLoader - {aaa=2063.0, ccc=-12062.0, bbb=3062.0, ddd=662.3234500000468}
20:43:22.566 [Test worker] TRACE org.xlbean.data.TableValueLoader - {aaa=2064.0, ccc=-12063.0, bbb=3063.0, ddd=662.4234500000468}
20:43:22.567 [Test worker] TRACE org.xlbean.data.TableValueLoader - {aaa=2065.0, ccc=-12064.0, bbb=3064.0, ddd=662.5234500000469}
20:43:22.568 [Test worker] TRACE org.xlbean.data.TableValueLoader - {aaa=2066.0, ccc=-12065.0, bbb=3065.0, ddd=662.6234500000469}
20:43:22.568 [Test worker] TRACE org.xlbean.data.TableValueLoader - {aaa=2067.0, ccc=-12066.0, bbb=3066.0, ddd=662.7234500000469}
20:43:22.569 [Test worker] TRACE org.xlbean.data.TableValueLoader - {aaa=2068.0, ccc=-12067.0, bbb=3067.0, ddd=662.8234500000469}
20:43:22.569 [Test worker] TRACE org.xlbean.data.TableValueLoader - {aaa=2069.0, ccc=-12068.0, bbb=3068.0, ddd=662.923450000047}
20:43:22.570 [Test worker] TRACE org.xlbean.data.TableValueLoader - {aaa=2070.0, ccc=-12069.0, bbb=3069.0, ddd=663.023450000047}
20:43:22.570 [Test worker] TRACE org.xlbean.data.TableValueLoader - {aaa=2071.0, ccc=-12070.0, bbb=3070.0, ddd=663.123450000047}
20:43:22.570 [Test worker] TRACE org.xlbean.data.TableValueLoader - {aaa=2072.0, ccc=-12071.0, bbb=3071.0, ddd=663.223450000047}
20:43:22.571 [Test worker] TRACE org.xlbean.data.TableValueLoader - {aaa=2073.0, ccc=-12072.0, bbb=3072.0, ddd=663.323450000047}
20:43:22.571 [Test worker] TRACE org.xlbean.data.TableValueLoader - {aaa=2074.0, ccc=-12073.0, bbb=3073.0, ddd=663.4234500000471}
20:43:22.572 [Test worker] TRACE org.xlbean.data.TableValueLoader - {aaa=2075.0, ccc=-12074.0, bbb=3074.0, ddd=663.5234500000471}
20:43:22.572 [Test worker] TRACE org.xlbean.data.TableValueLoader - {aaa=2076.0, ccc=-12075.0, bbb=3075.0, ddd=663.6234500000471}
20:43:22.572 [Test worker] TRACE org.xlbean.data.TableValueLoader - {aaa=2077.0, ccc=-12076.0, bbb=3076.0, ddd=663.7234500000471}
20:43:22.573 [Test worker] TRACE org.xlbean.data.TableValueLoader - {aaa=2078.0, ccc=-12077.0, bbb=3077.0, ddd=663.8234500000472}
20:43:22.573 [Test worker] TRACE org.xlbean.data.TableValueLoader - {aaa=2079.0, ccc=-12078.0, bbb=3078.0, ddd=663.9234500000472}
20:43:22.574 [Test worker] TRACE org.xlbean.data.TableValueLoader - {aaa=2080.0, ccc=-12079.0, bbb=3079.0, ddd=664.0234500000472}
20:43:22.574 [Test worker] TRACE org.xlbean.data.TableValueLoader - {aaa=2081.0, ccc=-12080.0, bbb=3080.0, ddd=664.1234500000472}
20:43:22.574 [Test worker] TRACE org.xlbean.data.TableValueLoader - {aaa=2082.0, ccc=-12081.0, bbb=3081.0, ddd=664.2234500000473}
20:43:22.575 [Test worker] TRACE org.xlbean.data.TableValueLoader - {aaa=2083.0, ccc=-12082.0, bbb=3082.0, ddd=664.3234500000473}
20:43:22.575 [Test worker] TRACE org.xlbean.data.TableValueLoader - {aaa=2084.0, ccc=-12083.0, bbb=3083.0, ddd=664.4234500000473}
20:43:22.576 [Test worker] TRACE org.xlbean.data.TableValueLoader - {aaa=2085.0, ccc=-12084.0, bbb=3084.0, ddd=664.5234500000473}
20:43:22.577 [Test worker] TRACE org.xlbean.data.TableValueLoader - {aaa=2086.0, ccc=-12085.0, bbb=3085.0, ddd=664.6234500000473}
20:43:22.578 [Test worker] TRACE org.xlbean.data.TableValueLoader - {aaa=2087.0, ccc=-12086.0, bbb=3086.0, ddd=664.7234500000474}
20:43:22.579 [Test worker] TRACE org.xlbean.data.TableValueLoader - {aaa=2088.0, ccc=-12087.0, bbb=3087.0, ddd=664.8234500000474}
20:43:22.579 [Test worker] TRACE org.xlbean.data.TableValueLoader - {aaa=2089.0, ccc=-12088.0, bbb=3088.0, ddd=664.9234500000474}
20:43:22.580 [Test worker] TRACE org.xlbean.data.TableValueLoader - {aaa=2090.0, ccc=-12089.0, bbb=3089.0, ddd=665.0234500000474}
20:43:22.580 [Test worker] TRACE org.xlbean.data.TableValueLoader - {aaa=2091.0, ccc=-12090.0, bbb=3090.0, ddd=665.1234500000475}
20:43:22.580 [Test worker] TRACE org.xlbean.data.TableValueLoader - {aaa=2092.0, ccc=-12091.0, bbb=3091.0, ddd=665.2234500000475}
20:43:22.581 [Test worker] TRACE org.xlbean.data.TableValueLoader - {aaa=2093.0, ccc=-12092.0, bbb=3092.0, ddd=665.3234500000475}
20:43:22.582 [Test worker] TRACE org.xlbean.data.TableValueLoader - {aaa=2094.0, ccc=-12093.0, bbb=3093.0, ddd=665.4234500000475}
20:43:22.582 [Test worker] TRACE org.xlbean.data.TableValueLoader - {aaa=2095.0, ccc=-12094.0, bbb=3094.0, ddd=665.5234500000475}
20:43:22.583 [Test worker] TRACE org.xlbean.data.TableValueLoader - {aaa=2096.0, ccc=-12095.0, bbb=3095.0, ddd=665.6234500000476}
20:43:22.583 [Test worker] TRACE org.xlbean.data.TableValueLoader - {aaa=2097.0, ccc=-12096.0, bbb=3096.0, ddd=665.7234500000476}
20:43:22.583 [Test worker] TRACE org.xlbean.data.TableValueLoader - {aaa=2098.0, ccc=-12097.0, bbb=3097.0, ddd=665.8234500000476}
20:43:22.585 [Test worker] TRACE org.xlbean.data.TableValueLoader - {aaa=2099.0, ccc=-12098.0, bbb=3098.0, ddd=665.9234500000476}
20:43:22.586 [Test worker] TRACE org.xlbean.data.TableValueLoader - {aaa=2100.0, ccc=-12099.0, bbb=3099.0, ddd=666.0234500000477}
20:43:22.586 [Test worker] TRACE org.xlbean.data.TableValueLoader - {aaa=2101.0, ccc=-12100.0, bbb=3100.0, ddd=666.1234500000477}
20:43:22.586 [Test worker] TRACE org.xlbean.data.TableValueLoader - {aaa=2102.0, ccc=-12101.0, bbb=3101.0, ddd=666.2234500000477}
20:43:22.587 [Test worker] TRACE org.xlbean.data.TableValueLoader - {aaa=2103.0, ccc=-12102.0, bbb=3102.0, ddd=666.3234500000477}
20:43:22.587 [Test worker] TRACE org.xlbean.data.TableValueLoader - {aaa=2104.0, ccc=-12103.0, bbb=3103.0, ddd=666.4234500000478}
20:43:22.588 [Test worker] TRACE org.xlbean.data.TableValueLoader - {aaa=2105.0, ccc=-12104.0, bbb=3104.0, ddd=666.5234500000478}
20:43:22.588 [Test worker] TRACE org.xlbean.data.TableValueLoader - {aaa=2106.0, ccc=-12105.0, bbb=3105.0, ddd=666.6234500000478}
20:43:22.588 [Test worker] TRACE org.xlbean.data.TableValueLoader - {aaa=2107.0, ccc=-12106.0, bbb=3106.0, ddd=666.7234500000478}
20:43:22.589 [Test worker] TRACE org.xlbean.data.TableValueLoader - {aaa=2108.0, ccc=-12107.0, bbb=3107.0, ddd=666.8234500000478}
20:43:22.589 [Test worker] TRACE org.xlbean.data.TableValueLoader - {aaa=2109.0, ccc=-12108.0, bbb=3108.0, ddd=666.9234500000479}
20:43:22.590 [Test worker] TRACE org.xlbean.data.TableValueLoader - {aaa=2110.0, ccc=-12109.0, bbb=3109.0, ddd=667.0234500000479}
20:43:22.590 [Test worker] TRACE org.xlbean.data.TableValueLoader - {aaa=2111.0, ccc=-12110.0, bbb=3110.0, ddd=667.1234500000479}
20:43:22.590 [Test worker] TRACE org.xlbean.data.TableValueLoader - {aaa=2112.0, ccc=-12111.0, bbb=3111.0, ddd=667.2234500000479}
20:43:22.591 [Test worker] TRACE org.xlbean.data.TableValueLoader - {aaa=2113.0, ccc=-12112.0, bbb=3112.0, ddd=667.323450000048}
20:43:22.591 [Test worker] TRACE org.xlbean.data.TableValueLoader - {aaa=2114.0, ccc=-12113.0, bbb=3113.0, ddd=667.423450000048}
20:43:22.592 [Test worker] TRACE org.xlbean.data.TableValueLoader - {aaa=2115.0, ccc=-12114.0, bbb=3114.0, ddd=667.523450000048}
20:43:22.592 [Test worker] TRACE org.xlbean.data.TableValueLoader - {aaa=2116.0, ccc=-12115.0, bbb=3115.0, ddd=667.623450000048}
20:43:22.593 [Test worker] TRACE org.xlbean.data.TableValueLoader - {aaa=2117.0, ccc=-12116.0, bbb=3116.0, ddd=667.723450000048}
20:43:22.593 [Test worker] TRACE org.xlbean.data.TableValueLoader - {aaa=2118.0, ccc=-12117.0, bbb=3117.0, ddd=667.8234500000481}
20:43:22.593 [Test worker] TRACE org.xlbean.data.TableValueLoader - {aaa=2119.0, ccc=-12118.0, bbb=3118.0, ddd=667.9234500000481}
20:43:22.594 [Test worker] TRACE org.xlbean.data.TableValueLoader - {aaa=2120.0, ccc=-12119.0, bbb=3119.0, ddd=668.0234500000481}
20:43:22.594 [Test worker] TRACE org.xlbean.data.TableValueLoader - {aaa=2121.0, ccc=-12120.0, bbb=3120.0, ddd=668.1234500000481}
20:43:22.595 [Test worker] TRACE org.xlbean.data.TableValueLoader - {aaa=2122.0, ccc=-12121.0, bbb=3121.0, ddd=668.2234500000482}
20:43:22.595 [Test worker] TRACE org.xlbean.data.TableValueLoader - {aaa=2123.0, ccc=-12122.0, bbb=3122.0, ddd=668.3234500000482}
20:43:22.596 [Test worker] TRACE org.xlbean.data.TableValueLoader - {aaa=2124.0, ccc=-12123.0, bbb=3123.0, ddd=668.4234500000482}
20:43:22.596 [Test worker] TRACE org.xlbean.data.TableValueLoader - {aaa=2125.0, ccc=-12124.0, bbb=3124.0, ddd=668.5234500000482}
20:43:22.597 [Test worker] TRACE org.xlbean.data.TableValueLoader - {aaa=2126.0, ccc=-12125.0, bbb=3125.0, ddd=668.6234500000483}
20:43:22.597 [Test worker] TRACE org.xlbean.data.TableValueLoader - {aaa=2127.0, ccc=-12126.0, bbb=3126.0, ddd=668.7234500000483}
20:43:22.598 [Test worker] TRACE org.xlbean.data.TableValueLoader - {aaa=2128.0, ccc=-12127.0, bbb=3127.0, ddd=668.8234500000483}
20:43:22.598 [Test worker] TRACE org.xlbean.data.TableValueLoader - {aaa=2129.0, ccc=-12128.0, bbb=3128.0, ddd=668.9234500000483}
20:43:22.599 [Test worker] TRACE org.xlbean.data.TableValueLoader - {aaa=2130.0, ccc=-12129.0, bbb=3129.0, ddd=669.0234500000483}
20:43:22.599 [Test worker] TRACE org.xlbean.data.TableValueLoader - {aaa=2131.0, ccc=-12130.0, bbb=3130.0, ddd=669.1234500000484}
20:43:22.600 [Test worker] TRACE org.xlbean.data.TableValueLoader - {aaa=2132.0, ccc=-12131.0, bbb=3131.0, ddd=669.2234500000484}
20:43:22.600 [Test worker] TRACE org.xlbean.data.TableValueLoader - {aaa=2133.0, ccc=-12132.0, bbb=3132.0, ddd=669.3234500000484}
20:43:22.601 [Test worker] TRACE org.xlbean.data.TableValueLoader - {aaa=2134.0, ccc=-12133.0, bbb=3133.0, ddd=669.4234500000484}
20:43:22.602 [Test worker] TRACE org.xlbean.data.TableValueLoader - {aaa=2135.0, ccc=-12134.0, bbb=3134.0, ddd=669.5234500000485}
20:43:22.602 [Test worker] TRACE org.xlbean.data.TableValueLoader - {aaa=2136.0, ccc=-12135.0, bbb=3135.0, ddd=669.6234500000485}
20:43:22.603 [Test worker] TRACE org.xlbean.data.TableValueLoader - {aaa=2137.0, ccc=-12136.0, bbb=3136.0, ddd=669.7234500000485}
20:43:22.603 [Test worker] TRACE org.xlbean.data.TableValueLoader - {aaa=2138.0, ccc=-12137.0, bbb=3137.0, ddd=669.8234500000485}
20:43:22.604 [Test worker] TRACE org.xlbean.data.TableValueLoader - {aaa=2139.0, ccc=-12138.0, bbb=3138.0, ddd=669.9234500000485}
20:43:22.604 [Test worker] TRACE org.xlbean.data.TableValueLoader - {aaa=2140.0, ccc=-12139.0, bbb=3139.0, ddd=670.0234500000486}
20:43:22.605 [Test worker] TRACE org.xlbean.data.TableValueLoader - {aaa=2141.0, ccc=-12140.0, bbb=3140.0, ddd=670.1234500000486}
20:43:22.605 [Test worker] TRACE org.xlbean.data.TableValueLoader - {aaa=2142.0, ccc=-12141.0, bbb=3141.0, ddd=670.2234500000486}
20:43:22.605 [Test worker] TRACE org.xlbean.data.TableValueLoader - {aaa=2143.0, ccc=-12142.0, bbb=3142.0, ddd=670.3234500000486}
20:43:22.606 [Test worker] TRACE org.xlbean.data.TableValueLoader - {aaa=2144.0, ccc=-12143.0, bbb=3143.0, ddd=670.4234500000487}
20:43:22.607 [Test worker] TRACE org.xlbean.data.TableValueLoader - {aaa=2145.0, ccc=-12144.0, bbb=3144.0, ddd=670.5234500000487}
20:43:22.608 [Test worker] TRACE org.xlbean.data.TableValueLoader - {aaa=2146.0, ccc=-12145.0, bbb=3145.0, ddd=670.6234500000487}
20:43:22.608 [Test worker] TRACE org.xlbean.data.TableValueLoader - {aaa=2147.0, ccc=-12146.0, bbb=3146.0, ddd=670.7234500000487}
20:43:22.608 [Test worker] TRACE org.xlbean.data.TableValueLoader - {aaa=2148.0, ccc=-12147.0, bbb=3147.0, ddd=670.8234500000488}
20:43:22.609 [Test worker] TRACE org.xlbean.data.TableValueLoader - {aaa=2149.0, ccc=-12148.0, bbb=3148.0, ddd=670.9234500000488}
20:43:22.609 [Test worker] TRACE org.xlbean.data.TableValueLoader - {aaa=2150.0, ccc=-12149.0, bbb=3149.0, ddd=671.0234500000488}
20:43:22.610 [Test worker] TRACE org.xlbean.data.TableValueLoader - {aaa=2151.0, ccc=-12150.0, bbb=3150.0, ddd=671.1234500000488}
20:43:22.610 [Test worker] TRACE org.xlbean.data.TableValueLoader - {aaa=2152.0, ccc=-12151.0, bbb=3151.0, ddd=671.2234500000488}
20:43:22.610 [Test worker] TRACE org.xlbean.data.TableValueLoader - {aaa=2153.0, ccc=-12152.0, bbb=3152.0, ddd=671.3234500000489}
20:43:22.611 [Test worker] TRACE org.xlbean.data.TableValueLoader - {aaa=2154.0, ccc=-12153.0, bbb=3153.0, ddd=671.4234500000489}
20:43:22.611 [Test worker] TRACE org.xlbean.data.TableValueLoader - {aaa=2155.0, ccc=-12154.0, bbb=3154.0, ddd=671.5234500000489}
20:43:22.611 [Test worker] TRACE org.xlbean.data.TableValueLoader - {aaa=2156.0, ccc=-12155.0, bbb=3155.0, ddd=671.6234500000489}
20:43:22.612 [Test worker] TRACE org.xlbean.data.TableValueLoader - {aaa=2157.0, ccc=-12156.0, bbb=3156.0, ddd=671.723450000049}
20:43:22.612 [Test worker] TRACE org.xlbean.data.TableValueLoader - {aaa=2158.0, ccc=-12157.0, bbb=3157.0, ddd=671.823450000049}
20:43:22.612 [Test worker] TRACE org.xlbean.data.TableValueLoader - {aaa=2159.0, ccc=-12158.0, bbb=3158.0, ddd=671.923450000049}
20:43:22.613 [Test worker] TRACE org.xlbean.data.TableValueLoader - {aaa=2160.0, ccc=-12159.0, bbb=3159.0, ddd=672.023450000049}
20:43:22.613 [Test worker] TRACE org.xlbean.data.TableValueLoader - {aaa=2161.0, ccc=-12160.0, bbb=3160.0, ddd=672.123450000049}
20:43:22.613 [Test worker] TRACE org.xlbean.data.TableValueLoader - {aaa=2162.0, ccc=-12161.0, bbb=3161.0, ddd=672.2234500000491}
20:43:22.614 [Test worker] TRACE org.xlbean.data.TableValueLoader - {aaa=2163.0, ccc=-12162.0, bbb=3162.0, ddd=672.3234500000491}
20:43:22.614 [Test worker] TRACE org.xlbean.data.TableValueLoader - {aaa=2164.0, ccc=-12163.0, bbb=3163.0, ddd=672.4234500000491}
20:43:22.615 [Test worker] TRACE org.xlbean.data.TableValueLoader - {aaa=2165.0, ccc=-12164.0, bbb=3164.0, ddd=672.5234500000491}
20:43:22.615 [Test worker] TRACE org.xlbean.data.TableValueLoader - {aaa=2166.0, ccc=-12165.0, bbb=3165.0, ddd=672.6234500000492}
20:43:22.615 [Test worker] TRACE org.xlbean.data.TableValueLoader - {aaa=2167.0, ccc=-12166.0, bbb=3166.0, ddd=672.7234500000492}
20:43:22.616 [Test worker] TRACE org.xlbean.data.TableValueLoader - {aaa=2168.0, ccc=-12167.0, bbb=3167.0, ddd=672.8234500000492}
20:43:22.616 [Test worker] TRACE org.xlbean.data.TableValueLoader - {aaa=2169.0, ccc=-12168.0, bbb=3168.0, ddd=672.9234500000492}
20:43:22.617 [Test worker] TRACE org.xlbean.data.TableValueLoader - {aaa=2170.0, ccc=-12169.0, bbb=3169.0, ddd=673.0234500000493}
20:43:22.618 [Test worker] TRACE org.xlbean.data.TableValueLoader - {aaa=2171.0, ccc=-12170.0, bbb=3170.0, ddd=673.1234500000493}
20:43:22.618 [Test worker] TRACE org.xlbean.data.TableValueLoader - {aaa=2172.0, ccc=-12171.0, bbb=3171.0, ddd=673.2234500000493}
20:43:22.618 [Test worker] TRACE org.xlbean.data.TableValueLoader - {aaa=2173.0, ccc=-12172.0, bbb=3172.0, ddd=673.3234500000493}
20:43:22.619 [Test worker] TRACE org.xlbean.data.TableValueLoader - {aaa=2174.0, ccc=-12173.0, bbb=3173.0, ddd=673.4234500000493}
20:43:22.619 [Test worker] TRACE org.xlbean.data.TableValueLoader - {aaa=2175.0, ccc=-12174.0, bbb=3174.0, ddd=673.5234500000494}
20:43:22.620 [Test worker] TRACE org.xlbean.data.TableValueLoader - {aaa=2176.0, ccc=-12175.0, bbb=3175.0, ddd=673.6234500000494}
20:43:22.620 [Test worker] TRACE org.xlbean.data.TableValueLoader - {aaa=2177.0, ccc=-12176.0, bbb=3176.0, ddd=673.7234500000494}
20:43:22.621 [Test worker] TRACE org.xlbean.data.TableValueLoader - {aaa=2178.0, ccc=-12177.0, bbb=3177.0, ddd=673.8234500000494}
20:43:22.621 [Test worker] TRACE org.xlbean.data.TableValueLoader - {aaa=2179.0, ccc=-12178.0, bbb=3178.0, ddd=673.9234500000495}
20:43:22.621 [Test worker] TRACE org.xlbean.data.TableValueLoader - {aaa=2180.0, ccc=-12179.0, bbb=3179.0, ddd=674.0234500000495}
20:43:22.622 [Test worker] TRACE org.xlbean.data.TableValueLoader - {aaa=2181.0, ccc=-12180.0, bbb=3180.0, ddd=674.1234500000495}
20:43:22.622 [Test worker] TRACE org.xlbean.data.TableValueLoader - {aaa=2182.0, ccc=-12181.0, bbb=3181.0, ddd=674.2234500000495}
20:43:22.623 [Test worker] TRACE org.xlbean.data.TableValueLoader - {aaa=2183.0, ccc=-12182.0, bbb=3182.0, ddd=674.3234500000495}
20:43:22.623 [Test worker] TRACE org.xlbean.data.TableValueLoader - {aaa=2184.0, ccc=-12183.0, bbb=3183.0, ddd=674.4234500000496}
20:43:22.623 [Test worker] TRACE org.xlbean.data.TableValueLoader - {aaa=2185.0, ccc=-12184.0, bbb=3184.0, ddd=674.5234500000496}
20:43:22.624 [Test worker] TRACE org.xlbean.data.TableValueLoader - {aaa=2186.0, ccc=-12185.0, bbb=3185.0, ddd=674.6234500000496}
20:43:22.624 [Test worker] TRACE org.xlbean.data.TableValueLoader - {aaa=2187.0, ccc=-12186.0, bbb=3186.0, ddd=674.7234500000496}
20:43:22.625 [Test worker] TRACE org.xlbean.data.TableValueLoader - {aaa=2188.0, ccc=-12187.0, bbb=3187.0, ddd=674.8234500000497}
20:43:22.626 [Test worker] TRACE org.xlbean.data.TableValueLoader - {aaa=2189.0, ccc=-12188.0, bbb=3188.0, ddd=674.9234500000497}
20:43:22.627 [Test worker] TRACE org.xlbean.data.TableValueLoader - {aaa=2190.0, ccc=-12189.0, bbb=3189.0, ddd=675.0234500000497}
20:43:22.627 [Test worker] TRACE org.xlbean.data.TableValueLoader - {aaa=2191.0, ccc=-12190.0, bbb=3190.0, ddd=675.1234500000497}
20:43:22.628 [Test worker] TRACE org.xlbean.data.TableValueLoader - {aaa=2192.0, ccc=-12191.0, bbb=3191.0, ddd=675.2234500000498}
20:43:22.628 [Test worker] TRACE org.xlbean.data.TableValueLoader - {aaa=2193.0, ccc=-12192.0, bbb=3192.0, ddd=675.3234500000498}
20:43:22.629 [Test worker] TRACE org.xlbean.data.TableValueLoader - {aaa=2194.0, ccc=-12193.0, bbb=3193.0, ddd=675.4234500000498}
20:43:22.629 [Test worker] TRACE org.xlbean.data.TableValueLoader - {aaa=2195.0, ccc=-12194.0, bbb=3194.0, ddd=675.5234500000498}
20:43:22.630 [Test worker] TRACE org.xlbean.data.TableValueLoader - {aaa=2196.0, ccc=-12195.0, bbb=3195.0, ddd=675.6234500000498}
20:43:22.630 [Test worker] TRACE org.xlbean.data.TableValueLoader - {aaa=2197.0, ccc=-12196.0, bbb=3196.0, ddd=675.7234500000499}
20:43:22.630 [Test worker] TRACE org.xlbean.data.TableValueLoader - {aaa=2198.0, ccc=-12197.0, bbb=3197.0, ddd=675.8234500000499}
20:43:22.631 [Test worker] TRACE org.xlbean.data.TableValueLoader - {aaa=2199.0, ccc=-12198.0, bbb=3198.0, ddd=675.9234500000499}
20:43:22.631 [Test worker] TRACE org.xlbean.data.TableValueLoader - {aaa=2200.0, ccc=-12199.0, bbb=3199.0, ddd=676.0234500000499}
20:43:22.631 [Test worker] TRACE org.xlbean.data.TableValueLoader - {aaa=2201.0, ccc=-12200.0, bbb=3200.0, ddd=676.12345000005}
20:43:22.632 [Test worker] TRACE org.xlbean.data.TableValueLoader - {aaa=2202.0, ccc=-12201.0, bbb=3201.0, ddd=676.22345000005}
20:43:22.632 [Test worker] TRACE org.xlbean.data.TableValueLoader - {aaa=2203.0, ccc=-12202.0, bbb=3202.0, ddd=676.32345000005}
20:43:22.632 [Test worker] TRACE org.xlbean.data.TableValueLoader - {aaa=2204.0, ccc=-12203.0, bbb=3203.0, ddd=676.42345000005}
20:43:22.633 [Test worker] TRACE org.xlbean.data.TableValueLoader - {aaa=2205.0, ccc=-12204.0, bbb=3204.0, ddd=676.52345000005}
20:43:22.633 [Test worker] TRACE org.xlbean.data.TableValueLoader - {aaa=2206.0, ccc=-12205.0, bbb=3205.0, ddd=676.6234500000501}
20:43:22.634 [Test worker] TRACE org.xlbean.data.TableValueLoader - {aaa=2207.0, ccc=-12206.0, bbb=3206.0, ddd=676.7234500000501}
20:43:22.635 [Test worker] TRACE org.xlbean.data.TableValueLoader - {aaa=2208.0, ccc=-12207.0, bbb=3207.0, ddd=676.8234500000501}
20:43:22.635 [Test worker] TRACE org.xlbean.data.TableValueLoader - {aaa=2209.0, ccc=-12208.0, bbb=3208.0, ddd=676.9234500000501}
20:43:22.636 [Test worker] TRACE org.xlbean.data.TableValueLoader - {aaa=2210.0, ccc=-12209.0, bbb=3209.0, ddd=677.0234500000502}
20:43:22.636 [Test worker] TRACE org.xlbean.data.TableValueLoader - {aaa=2211.0, ccc=-12210.0, bbb=3210.0, ddd=677.1234500000502}
20:43:22.637 [Test worker] TRACE org.xlbean.data.TableValueLoader - {aaa=2212.0, ccc=-12211.0, bbb=3211.0, ddd=677.2234500000502}
20:43:22.637 [Test worker] TRACE org.xlbean.data.TableValueLoader - {aaa=2213.0, ccc=-12212.0, bbb=3212.0, ddd=677.3234500000502}
20:43:22.637 [Test worker] TRACE org.xlbean.data.TableValueLoader - {aaa=2214.0, ccc=-12213.0, bbb=3213.0, ddd=677.4234500000503}
20:43:22.638 [Test worker] TRACE org.xlbean.data.TableValueLoader - {aaa=2215.0, ccc=-12214.0, bbb=3214.0, ddd=677.5234500000503}
20:43:22.638 [Test worker] TRACE org.xlbean.data.TableValueLoader - {aaa=2216.0, ccc=-12215.0, bbb=3215.0, ddd=677.6234500000503}
20:43:22.638 [Test worker] TRACE org.xlbean.data.TableValueLoader - {aaa=2217.0, ccc=-12216.0, bbb=3216.0, ddd=677.7234500000503}
20:43:22.639 [Test worker] TRACE org.xlbean.data.TableValueLoader - {aaa=2218.0, ccc=-12217.0, bbb=3217.0, ddd=677.8234500000503}
20:43:22.640 [Test worker] TRACE org.xlbean.data.TableValueLoader - {aaa=2219.0, ccc=-12218.0, bbb=3218.0, ddd=677.9234500000504}
20:43:22.640 [Test worker] TRACE org.xlbean.data.TableValueLoader - {aaa=2220.0, ccc=-12219.0, bbb=3219.0, ddd=678.0234500000504}
20:43:22.641 [Test worker] TRACE org.xlbean.data.TableValueLoader - {aaa=2221.0, ccc=-12220.0, bbb=3220.0, ddd=678.1234500000504}
20:43:22.641 [Test worker] TRACE org.xlbean.data.TableValueLoader - {aaa=2222.0, ccc=-12221.0, bbb=3221.0, ddd=678.2234500000504}
20:43:22.642 [Test worker] TRACE org.xlbean.data.TableValueLoader - {aaa=2223.0, ccc=-12222.0, bbb=3222.0, ddd=678.3234500000505}
20:43:22.642 [Test worker] TRACE org.xlbean.data.TableValueLoader - {aaa=2224.0, ccc=-12223.0, bbb=3223.0, ddd=678.4234500000505}
20:43:22.642 [Test worker] TRACE org.xlbean.data.TableValueLoader - {aaa=2225.0, ccc=-12224.0, bbb=3224.0, ddd=678.5234500000505}
20:43:22.643 [Test worker] TRACE org.xlbean.data.TableValueLoader - {aaa=2226.0, ccc=-12225.0, bbb=3225.0, ddd=678.6234500000505}
20:43:22.644 [Test worker] TRACE org.xlbean.data.TableValueLoader - {aaa=2227.0, ccc=-12226.0, bbb=3226.0, ddd=678.7234500000505}
20:43:22.644 [Test worker] TRACE org.xlbean.data.TableValueLoader - {aaa=2228.0, ccc=-12227.0, bbb=3227.0, ddd=678.8234500000506}
20:43:22.645 [Test worker] TRACE org.xlbean.data.TableValueLoader - {aaa=2229.0, ccc=-12228.0, bbb=3228.0, ddd=678.9234500000506}
20:43:22.645 [Test worker] TRACE org.xlbean.data.TableValueLoader - {aaa=2230.0, ccc=-12229.0, bbb=3229.0, ddd=679.0234500000506}
20:43:22.646 [Test worker] TRACE org.xlbean.data.TableValueLoader - {aaa=2231.0, ccc=-12230.0, bbb=3230.0, ddd=679.1234500000506}
20:43:22.646 [Test worker] TRACE org.xlbean.data.TableValueLoader - {aaa=2232.0, ccc=-12231.0, bbb=3231.0, ddd=679.2234500000507}
20:43:22.647 [Test worker] TRACE org.xlbean.data.TableValueLoader - {aaa=2233.0, ccc=-12232.0, bbb=3232.0, ddd=679.3234500000507}
20:43:22.648 [Test worker] TRACE org.xlbean.data.TableValueLoader - {aaa=2234.0, ccc=-12233.0, bbb=3233.0, ddd=679.4234500000507}
20:43:22.648 [Test worker] TRACE org.xlbean.data.TableValueLoader - {aaa=2235.0, ccc=-12234.0, bbb=3234.0, ddd=679.5234500000507}
20:43:22.649 [Test worker] TRACE org.xlbean.data.TableValueLoader - {aaa=2236.0, ccc=-12235.0, bbb=3235.0, ddd=679.6234500000508}
20:43:22.650 [Test worker] TRACE org.xlbean.data.TableValueLoader - {aaa=2237.0, ccc=-12236.0, bbb=3236.0, ddd=679.7234500000508}
20:43:22.650 [Test worker] TRACE org.xlbean.data.TableValueLoader - {aaa=2238.0, ccc=-12237.0, bbb=3237.0, ddd=679.8234500000508}
20:43:22.651 [Test worker] TRACE org.xlbean.data.TableValueLoader - {aaa=2239.0, ccc=-12238.0, bbb=3238.0, ddd=679.9234500000508}
20:43:22.652 [Test worker] TRACE org.xlbean.data.TableValueLoader - {aaa=2240.0, ccc=-12239.0, bbb=3239.0, ddd=680.0234500000508}
20:43:22.653 [Test worker] TRACE org.xlbean.data.TableValueLoader - {aaa=2241.0, ccc=-12240.0, bbb=3240.0, ddd=680.1234500000509}
20:43:22.653 [Test worker] TRACE org.xlbean.data.TableValueLoader - {aaa=2242.0, ccc=-12241.0, bbb=3241.0, ddd=680.2234500000509}
20:43:22.655 [Test worker] TRACE org.xlbean.data.TableValueLoader - {aaa=2243.0, ccc=-12242.0, bbb=3242.0, ddd=680.3234500000509}
20:43:22.656 [Test worker] TRACE org.xlbean.data.TableValueLoader - {aaa=2244.0, ccc=-12243.0, bbb=3243.0, ddd=680.4234500000509}
20:43:22.656 [Test worker] TRACE org.xlbean.data.TableValueLoader - {aaa=2245.0, ccc=-12244.0, bbb=3244.0, ddd=680.523450000051}
20:43:22.656 [Test worker] TRACE org.xlbean.data.TableValueLoader - {aaa=2246.0, ccc=-12245.0, bbb=3245.0, ddd=680.623450000051}
20:43:22.657 [Test worker] TRACE org.xlbean.data.TableValueLoader - {aaa=2247.0, ccc=-12246.0, bbb=3246.0, ddd=680.723450000051}
20:43:22.657 [Test worker] TRACE org.xlbean.data.TableValueLoader - {aaa=2248.0, ccc=-12247.0, bbb=3247.0, ddd=680.823450000051}
20:43:22.658 [Test worker] TRACE org.xlbean.data.TableValueLoader - {aaa=2249.0, ccc=-12248.0, bbb=3248.0, ddd=680.923450000051}
20:43:22.658 [Test worker] TRACE org.xlbean.data.TableValueLoader - {aaa=2250.0, ccc=-12249.0, bbb=3249.0, ddd=681.0234500000511}
20:43:22.659 [Test worker] TRACE org.xlbean.data.TableValueLoader - {aaa=2251.0, ccc=-12250.0, bbb=3250.0, ddd=681.1234500000511}
20:43:22.659 [Test worker] TRACE org.xlbean.data.TableValueLoader - {aaa=2252.0, ccc=-12251.0, bbb=3251.0, ddd=681.2234500000511}
20:43:22.660 [Test worker] TRACE org.xlbean.data.TableValueLoader - {aaa=2253.0, ccc=-12252.0, bbb=3252.0, ddd=681.3234500000511}
20:43:22.660 [Test worker] TRACE org.xlbean.data.TableValueLoader - {aaa=2254.0, ccc=-12253.0, bbb=3253.0, ddd=681.4234500000512}
20:43:22.660 [Test worker] TRACE org.xlbean.data.TableValueLoader - {aaa=2255.0, ccc=-12254.0, bbb=3254.0, ddd=681.5234500000512}
20:43:22.661 [Test worker] TRACE org.xlbean.data.TableValueLoader - {aaa=2256.0, ccc=-12255.0, bbb=3255.0, ddd=681.6234500000512}
20:43:22.661 [Test worker] TRACE org.xlbean.data.TableValueLoader - {aaa=2257.0, ccc=-12256.0, bbb=3256.0, ddd=681.7234500000512}
20:43:22.662 [Test worker] TRACE org.xlbean.data.TableValueLoader - {aaa=2258.0, ccc=-12257.0, bbb=3257.0, ddd=681.8234500000513}
20:43:22.662 [Test worker] TRACE org.xlbean.data.TableValueLoader - {aaa=2259.0, ccc=-12258.0, bbb=3258.0, ddd=681.9234500000513}
20:43:22.663 [Test worker] TRACE org.xlbean.data.TableValueLoader - {aaa=2260.0, ccc=-12259.0, bbb=3259.0, ddd=682.0234500000513}
20:43:22.663 [Test worker] TRACE org.xlbean.data.TableValueLoader - {aaa=2261.0, ccc=-12260.0, bbb=3260.0, ddd=682.1234500000513}
20:43:22.664 [Test worker] TRACE org.xlbean.data.TableValueLoader - {aaa=2262.0, ccc=-12261.0, bbb=3261.0, ddd=682.2234500000513}
20:43:22.664 [Test worker] TRACE org.xlbean.data.TableValueLoader - {aaa=2263.0, ccc=-12262.0, bbb=3262.0, ddd=682.3234500000514}
20:43:22.664 [Test worker] TRACE org.xlbean.data.TableValueLoader - {aaa=2264.0, ccc=-12263.0, bbb=3263.0, ddd=682.4234500000514}
20:43:22.665 [Test worker] TRACE org.xlbean.data.TableValueLoader - {aaa=2265.0, ccc=-12264.0, bbb=3264.0, ddd=682.5234500000514}
20:43:22.665 [Test worker] TRACE org.xlbean.data.TableValueLoader - {aaa=2266.0, ccc=-12265.0, bbb=3265.0, ddd=682.6234500000514}
20:43:22.666 [Test worker] TRACE org.xlbean.data.TableValueLoader - {aaa=2267.0, ccc=-12266.0, bbb=3266.0, ddd=682.7234500000515}
20:43:22.666 [Test worker] TRACE org.xlbean.data.TableValueLoader - {aaa=2268.0, ccc=-12267.0, bbb=3267.0, ddd=682.8234500000515}
20:43:22.667 [Test worker] TRACE org.xlbean.data.TableValueLoader - {aaa=2269.0, ccc=-12268.0, bbb=3268.0, ddd=682.9234500000515}
20:43:22.668 [Test worker] TRACE org.xlbean.data.TableValueLoader - {aaa=2270.0, ccc=-12269.0, bbb=3269.0, ddd=683.0234500000515}
20:43:22.669 [Test worker] TRACE org.xlbean.data.TableValueLoader - {aaa=2271.0, ccc=-12270.0, bbb=3270.0, ddd=683.1234500000515}
20:43:22.669 [Test worker] TRACE org.xlbean.data.TableValueLoader - {aaa=2272.0, ccc=-12271.0, bbb=3271.0, ddd=683.2234500000516}
20:43:22.670 [Test worker] TRACE org.xlbean.data.TableValueLoader - {aaa=2273.0, ccc=-12272.0, bbb=3272.0, ddd=683.3234500000516}
20:43:22.671 [Test worker] TRACE org.xlbean.data.TableValueLoader - {aaa=2274.0, ccc=-12273.0, bbb=3273.0, ddd=683.4234500000516}
20:43:22.671 [Test worker] TRACE org.xlbean.data.TableValueLoader - {aaa=2275.0, ccc=-12274.0, bbb=3274.0, ddd=683.5234500000516}
20:43:22.672 [Test worker] TRACE org.xlbean.data.TableValueLoader - {aaa=2276.0, ccc=-12275.0, bbb=3275.0, ddd=683.6234500000517}
20:43:22.672 [Test worker] TRACE org.xlbean.data.TableValueLoader - {aaa=2277.0, ccc=-12276.0, bbb=3276.0, ddd=683.7234500000517}
20:43:22.673 [Test worker] TRACE org.xlbean.data.TableValueLoader - {aaa=2278.0, ccc=-12277.0, bbb=3277.0, ddd=683.8234500000517}
20:43:22.673 [Test worker] TRACE org.xlbean.data.TableValueLoader - {aaa=2279.0, ccc=-12278.0, bbb=3278.0, ddd=683.9234500000517}
20:43:22.674 [Test worker] TRACE org.xlbean.data.TableValueLoader - {aaa=2280.0, ccc=-12279.0, bbb=3279.0, ddd=684.0234500000518}
20:43:22.675 [Test worker] TRACE org.xlbean.data.TableValueLoader - {aaa=2281.0, ccc=-12280.0, bbb=3280.0, ddd=684.1234500000518}
20:43:22.676 [Test worker] TRACE org.xlbean.data.TableValueLoader - {aaa=2282.0, ccc=-12281.0, bbb=3281.0, ddd=684.2234500000518}
20:43:22.676 [Test worker] TRACE org.xlbean.data.TableValueLoader - {aaa=2283.0, ccc=-12282.0, bbb=3282.0, ddd=684.3234500000518}
20:43:22.676 [Test worker] TRACE org.xlbean.data.TableValueLoader - {aaa=2284.0, ccc=-12283.0, bbb=3283.0, ddd=684.4234500000518}
20:43:22.677 [Test worker] TRACE org.xlbean.data.TableValueLoader - {aaa=2285.0, ccc=-12284.0, bbb=3284.0, ddd=684.5234500000519}
20:43:22.677 [Test worker] TRACE org.xlbean.data.TableValueLoader - {aaa=2286.0, ccc=-12285.0, bbb=3285.0, ddd=684.6234500000519}
20:43:22.678 [Test worker] TRACE org.xlbean.data.TableValueLoader - {aaa=2287.0, ccc=-12286.0, bbb=3286.0, ddd=684.7234500000519}
20:43:22.678 [Test worker] TRACE org.xlbean.data.TableValueLoader - {aaa=2288.0, ccc=-12287.0, bbb=3287.0, ddd=684.8234500000519}
20:43:22.678 [Test worker] TRACE org.xlbean.data.TableValueLoader - {aaa=2289.0, ccc=-12288.0, bbb=3288.0, ddd=684.923450000052}
20:43:22.679 [Test worker] TRACE org.xlbean.data.TableValueLoader - {aaa=2290.0, ccc=-12289.0, bbb=3289.0, ddd=685.023450000052}
20:43:22.679 [Test worker] TRACE org.xlbean.data.TableValueLoader - {aaa=2291.0, ccc=-12290.0, bbb=3290.0, ddd=685.123450000052}
20:43:22.680 [Test worker] TRACE org.xlbean.data.TableValueLoader - {aaa=2292.0, ccc=-12291.0, bbb=3291.0, ddd=685.223450000052}
20:43:22.680 [Test worker] TRACE org.xlbean.data.TableValueLoader - {aaa=2293.0, ccc=-12292.0, bbb=3292.0, ddd=685.323450000052}
20:43:22.681 [Test worker] TRACE org.xlbean.data.TableValueLoader - {aaa=2294.0, ccc=-12293.0, bbb=3293.0, ddd=685.4234500000521}
20:43:22.681 [Test worker] TRACE org.xlbean.data.TableValueLoader - {aaa=2295.0, ccc=-12294.0, bbb=3294.0, ddd=685.5234500000521}
20:43:22.681 [Test worker] TRACE org.xlbean.data.TableValueLoader - {aaa=2296.0, ccc=-12295.0, bbb=3295.0, ddd=685.6234500000521}
20:43:22.682 [Test worker] TRACE org.xlbean.data.TableValueLoader - {aaa=2297.0, ccc=-12296.0, bbb=3296.0, ddd=685.7234500000521}
20:43:22.682 [Test worker] TRACE org.xlbean.data.TableValueLoader - {aaa=2298.0, ccc=-12297.0, bbb=3297.0, ddd=685.8234500000522}
20:43:22.683 [Test worker] TRACE org.xlbean.data.TableValueLoader - {aaa=2299.0, ccc=-12298.0, bbb=3298.0, ddd=685.9234500000522}
20:43:22.683 [Test worker] TRACE org.xlbean.data.TableValueLoader - {aaa=2300.0, ccc=-12299.0, bbb=3299.0, ddd=686.0234500000522}
20:43:22.684 [Test worker] TRACE org.xlbean.data.TableValueLoader - {aaa=2301.0, ccc=-12300.0, bbb=3300.0, ddd=686.1234500000522}
20:43:22.685 [Test worker] TRACE org.xlbean.data.TableValueLoader - {aaa=2302.0, ccc=-12301.0, bbb=3301.0, ddd=686.2234500000523}
20:43:22.685 [Test worker] TRACE org.xlbean.data.TableValueLoader - {aaa=2303.0, ccc=-12302.0, bbb=3302.0, ddd=686.3234500000523}
20:43:22.686 [Test worker] TRACE org.xlbean.data.TableValueLoader - {aaa=2304.0, ccc=-12303.0, bbb=3303.0, ddd=686.4234500000523}
20:43:22.686 [Test worker] TRACE org.xlbean.data.TableValueLoader - {aaa=2305.0, ccc=-12304.0, bbb=3304.0, ddd=686.5234500000523}
20:43:22.687 [Test worker] TRACE org.xlbean.data.TableValueLoader - {aaa=2306.0, ccc=-12305.0, bbb=3305.0, ddd=686.6234500000523}
20:43:22.687 [Test worker] TRACE org.xlbean.data.TableValueLoader - {aaa=2307.0, ccc=-12306.0, bbb=3306.0, ddd=686.7234500000524}
20:43:22.688 [Test worker] TRACE org.xlbean.data.TableValueLoader - {aaa=2308.0, ccc=-12307.0, bbb=3307.0, ddd=686.8234500000524}
20:43:22.688 [Test worker] TRACE org.xlbean.data.TableValueLoader - {aaa=2309.0, ccc=-12308.0, bbb=3308.0, ddd=686.9234500000524}
20:43:22.688 [Test worker] TRACE org.xlbean.data.TableValueLoader - {aaa=2310.0, ccc=-12309.0, bbb=3309.0, ddd=687.0234500000524}
20:43:22.689 [Test worker] TRACE org.xlbean.data.TableValueLoader - {aaa=2311.0, ccc=-12310.0, bbb=3310.0, ddd=687.1234500000525}
20:43:22.689 [Test worker] TRACE org.xlbean.data.TableValueLoader - {aaa=2312.0, ccc=-12311.0, bbb=3311.0, ddd=687.2234500000525}
20:43:22.690 [Test worker] TRACE org.xlbean.data.TableValueLoader - {aaa=2313.0, ccc=-12312.0, bbb=3312.0, ddd=687.3234500000525}
20:43:22.690 [Test worker] TRACE org.xlbean.data.TableValueLoader - {aaa=2314.0, ccc=-12313.0, bbb=3313.0, ddd=687.4234500000525}
20:43:22.690 [Test worker] TRACE org.xlbean.data.TableValueLoader - {aaa=2315.0, ccc=-12314.0, bbb=3314.0, ddd=687.5234500000525}
20:43:22.691 [Test worker] TRACE org.xlbean.data.TableValueLoader - {aaa=2316.0, ccc=-12315.0, bbb=3315.0, ddd=687.6234500000526}
20:43:22.691 [Test worker] TRACE org.xlbean.data.TableValueLoader - {aaa=2317.0, ccc=-12316.0, bbb=3316.0, ddd=687.7234500000526}
20:43:22.692 [Test worker] TRACE org.xlbean.data.TableValueLoader - {aaa=2318.0, ccc=-12317.0, bbb=3317.0, ddd=687.8234500000526}
20:43:22.692 [Test worker] TRACE org.xlbean.data.TableValueLoader - {aaa=2319.0, ccc=-12318.0, bbb=3318.0, ddd=687.9234500000526}
20:43:22.692 [Test worker] TRACE org.xlbean.data.TableValueLoader - {aaa=2320.0, ccc=-12319.0, bbb=3319.0, ddd=688.0234500000527}
20:43:22.693 [Test worker] TRACE org.xlbean.data.TableValueLoader - {aaa=2321.0, ccc=-12320.0, bbb=3320.0, ddd=688.1234500000527}
20:43:22.693 [Test worker] TRACE org.xlbean.data.TableValueLoader - {aaa=2322.0, ccc=-12321.0, bbb=3321.0, ddd=688.2234500000527}
20:43:22.694 [Test worker] TRACE org.xlbean.data.TableValueLoader - {aaa=2323.0, ccc=-12322.0, bbb=3322.0, ddd=688.3234500000527}
20:43:22.694 [Test worker] TRACE org.xlbean.data.TableValueLoader - {aaa=2324.0, ccc=-12323.0, bbb=3323.0, ddd=688.4234500000528}
20:43:22.695 [Test worker] TRACE org.xlbean.data.TableValueLoader - {aaa=2325.0, ccc=-12324.0, bbb=3324.0, ddd=688.5234500000528}
20:43:22.695 [Test worker] TRACE org.xlbean.data.TableValueLoader - {aaa=2326.0, ccc=-12325.0, bbb=3325.0, ddd=688.6234500000528}
20:43:22.696 [Test worker] TRACE org.xlbean.data.TableValueLoader - {aaa=2327.0, ccc=-12326.0, bbb=3326.0, ddd=688.7234500000528}
20:43:22.696 [Test worker] TRACE org.xlbean.data.TableValueLoader - {aaa=2328.0, ccc=-12327.0, bbb=3327.0, ddd=688.8234500000528}
20:43:22.697 [Test worker] TRACE org.xlbean.data.TableValueLoader - {aaa=2329.0, ccc=-12328.0, bbb=3328.0, ddd=688.9234500000529}
20:43:22.697 [Test worker] TRACE org.xlbean.data.TableValueLoader - {aaa=2330.0, ccc=-12329.0, bbb=3329.0, ddd=689.0234500000529}
20:43:22.698 [Test worker] TRACE org.xlbean.data.TableValueLoader - {aaa=2331.0, ccc=-12330.0, bbb=3330.0, ddd=689.1234500000529}
20:43:22.698 [Test worker] TRACE org.xlbean.data.TableValueLoader - {aaa=2332.0, ccc=-12331.0, bbb=3331.0, ddd=689.2234500000529}
20:43:22.699 [Test worker] TRACE org.xlbean.data.TableValueLoader - {aaa=2333.0, ccc=-12332.0, bbb=3332.0, ddd=689.323450000053}
20:43:22.699 [Test worker] TRACE org.xlbean.data.TableValueLoader - {aaa=2334.0, ccc=-12333.0, bbb=3333.0, ddd=689.423450000053}
20:43:22.700 [Test worker] TRACE org.xlbean.data.TableValueLoader - {aaa=2335.0, ccc=-12334.0, bbb=3334.0, ddd=689.523450000053}
20:43:22.700 [Test worker] TRACE org.xlbean.data.TableValueLoader - {aaa=2336.0, ccc=-12335.0, bbb=3335.0, ddd=689.623450000053}
20:43:22.701 [Test worker] TRACE org.xlbean.data.TableValueLoader - {aaa=2337.0, ccc=-12336.0, bbb=3336.0, ddd=689.723450000053}
20:43:22.702 [Test worker] TRACE org.xlbean.data.TableValueLoader - {aaa=2338.0, ccc=-12337.0, bbb=3337.0, ddd=689.8234500000531}
20:43:22.702 [Test worker] TRACE org.xlbean.data.TableValueLoader - {aaa=2339.0, ccc=-12338.0, bbb=3338.0, ddd=689.9234500000531}
20:43:22.704 [Test worker] TRACE org.xlbean.data.TableValueLoader - {aaa=2340.0, ccc=-12339.0, bbb=3339.0, ddd=690.0234500000531}
20:43:22.705 [Test worker] TRACE org.xlbean.data.TableValueLoader - {aaa=2341.0, ccc=-12340.0, bbb=3340.0, ddd=690.1234500000531}
20:43:22.705 [Test worker] TRACE org.xlbean.data.TableValueLoader - {aaa=2342.0, ccc=-12341.0, bbb=3341.0, ddd=690.2234500000532}
20:43:22.705 [Test worker] TRACE org.xlbean.data.TableValueLoader - {aaa=2343.0, ccc=-12342.0, bbb=3342.0, ddd=690.3234500000532}
20:43:22.706 [Test worker] TRACE org.xlbean.data.TableValueLoader - {aaa=2344.0, ccc=-12343.0, bbb=3343.0, ddd=690.4234500000532}
20:43:22.706 [Test worker] TRACE org.xlbean.data.TableValueLoader - {aaa=2345.0, ccc=-12344.0, bbb=3344.0, ddd=690.5234500000532}
20:43:22.707 [Test worker] TRACE org.xlbean.data.TableValueLoader - {aaa=2346.0, ccc=-12345.0, bbb=3345.0, ddd=690.6234500000533}
20:43:22.707 [Test worker] TRACE org.xlbean.data.TableValueLoader - {aaa=2347.0, ccc=-12346.0, bbb=3346.0, ddd=690.7234500000533}
20:43:22.707 [Test worker] TRACE org.xlbean.data.TableValueLoader - {aaa=2348.0, ccc=-12347.0, bbb=3347.0, ddd=690.8234500000533}
20:43:22.708 [Test worker] TRACE org.xlbean.data.TableValueLoader - {aaa=2349.0, ccc=-12348.0, bbb=3348.0, ddd=690.9234500000533}
20:43:22.708 [Test worker] TRACE org.xlbean.data.TableValueLoader - {aaa=2350.0, ccc=-12349.0, bbb=3349.0, ddd=691.0234500000533}
20:43:22.708 [Test worker] TRACE org.xlbean.data.TableValueLoader - {aaa=2351.0, ccc=-12350.0, bbb=3350.0, ddd=691.1234500000534}
20:43:22.709 [Test worker] TRACE org.xlbean.data.TableValueLoader - {aaa=2352.0, ccc=-12351.0, bbb=3351.0, ddd=691.2234500000534}
20:43:22.709 [Test worker] TRACE org.xlbean.data.TableValueLoader - {aaa=2353.0, ccc=-12352.0, bbb=3352.0, ddd=691.3234500000534}
20:43:22.709 [Test worker] TRACE org.xlbean.data.TableValueLoader - {aaa=2354.0, ccc=-12353.0, bbb=3353.0, ddd=691.4234500000534}
20:43:22.710 [Test worker] TRACE org.xlbean.data.TableValueLoader - {aaa=2355.0, ccc=-12354.0, bbb=3354.0, ddd=691.5234500000535}
20:43:22.710 [Test worker] TRACE org.xlbean.data.TableValueLoader - {aaa=2356.0, ccc=-12355.0, bbb=3355.0, ddd=691.6234500000535}
20:43:22.710 [Test worker] TRACE org.xlbean.data.TableValueLoader - {aaa=2357.0, ccc=-12356.0, bbb=3356.0, ddd=691.7234500000535}
20:43:22.711 [Test worker] TRACE org.xlbean.data.TableValueLoader - {aaa=2358.0, ccc=-12357.0, bbb=3357.0, ddd=691.8234500000535}
20:43:22.711 [Test worker] TRACE org.xlbean.data.TableValueLoader - {aaa=2359.0, ccc=-12358.0, bbb=3358.0, ddd=691.9234500000535}
20:43:22.712 [Test worker] TRACE org.xlbean.data.TableValueLoader - {aaa=2360.0, ccc=-12359.0, bbb=3359.0, ddd=692.0234500000536}
20:43:22.712 [Test worker] TRACE org.xlbean.data.TableValueLoader - {aaa=2361.0, ccc=-12360.0, bbb=3360.0, ddd=692.1234500000536}
20:43:22.713 [Test worker] TRACE org.xlbean.data.TableValueLoader - {aaa=2362.0, ccc=-12361.0, bbb=3361.0, ddd=692.2234500000536}
20:43:22.713 [Test worker] TRACE org.xlbean.data.TableValueLoader - {aaa=2363.0, ccc=-12362.0, bbb=3362.0, ddd=692.3234500000536}
20:43:22.714 [Test worker] TRACE org.xlbean.data.TableValueLoader - {aaa=2364.0, ccc=-12363.0, bbb=3363.0, ddd=692.4234500000537}
20:43:22.714 [Test worker] TRACE org.xlbean.data.TableValueLoader - {aaa=2365.0, ccc=-12364.0, bbb=3364.0, ddd=692.5234500000537}
20:43:22.714 [Test worker] TRACE org.xlbean.data.TableValueLoader - {aaa=2366.0, ccc=-12365.0, bbb=3365.0, ddd=692.6234500000537}
20:43:22.715 [Test worker] TRACE org.xlbean.data.TableValueLoader - {aaa=2367.0, ccc=-12366.0, bbb=3366.0, ddd=692.7234500000537}
20:43:22.715 [Test worker] TRACE org.xlbean.data.TableValueLoader - {aaa=2368.0, ccc=-12367.0, bbb=3367.0, ddd=692.8234500000538}
20:43:22.716 [Test worker] TRACE org.xlbean.data.TableValueLoader - {aaa=2369.0, ccc=-12368.0, bbb=3368.0, ddd=692.9234500000538}
20:43:22.717 [Test worker] TRACE org.xlbean.data.TableValueLoader - {aaa=2370.0, ccc=-12369.0, bbb=3369.0, ddd=693.0234500000538}
20:43:22.717 [Test worker] TRACE org.xlbean.data.TableValueLoader - {aaa=2371.0, ccc=-12370.0, bbb=3370.0, ddd=693.1234500000538}
20:43:22.718 [Test worker] TRACE org.xlbean.data.TableValueLoader - {aaa=2372.0, ccc=-12371.0, bbb=3371.0, ddd=693.2234500000538}
20:43:22.718 [Test worker] TRACE org.xlbean.data.TableValueLoader - {aaa=2373.0, ccc=-12372.0, bbb=3372.0, ddd=693.3234500000539}
20:43:22.719 [Test worker] TRACE org.xlbean.data.TableValueLoader - {aaa=2374.0, ccc=-12373.0, bbb=3373.0, ddd=693.4234500000539}
20:43:22.720 [Test worker] TRACE org.xlbean.data.TableValueLoader - {aaa=2375.0, ccc=-12374.0, bbb=3374.0, ddd=693.5234500000539}
20:43:22.720 [Test worker] TRACE org.xlbean.data.TableValueLoader - {aaa=2376.0, ccc=-12375.0, bbb=3375.0, ddd=693.6234500000539}
20:43:22.721 [Test worker] TRACE org.xlbean.data.TableValueLoader - {aaa=2377.0, ccc=-12376.0, bbb=3376.0, ddd=693.723450000054}
20:43:22.722 [Test worker] TRACE org.xlbean.data.TableValueLoader - {aaa=2378.0, ccc=-12377.0, bbb=3377.0, ddd=693.823450000054}
20:43:22.723 [Test worker] TRACE org.xlbean.data.TableValueLoader - {aaa=2379.0, ccc=-12378.0, bbb=3378.0, ddd=693.923450000054}
20:43:22.723 [Test worker] TRACE org.xlbean.data.TableValueLoader - {aaa=2380.0, ccc=-12379.0, bbb=3379.0, ddd=694.023450000054}
20:43:22.724 [Test worker] TRACE org.xlbean.data.TableValueLoader - {aaa=2381.0, ccc=-12380.0, bbb=3380.0, ddd=694.123450000054}
20:43:22.724 [Test worker] TRACE org.xlbean.data.TableValueLoader - {aaa=2382.0, ccc=-12381.0, bbb=3381.0, ddd=694.2234500000541}
20:43:22.725 [Test worker] TRACE org.xlbean.data.TableValueLoader - {aaa=2383.0, ccc=-12382.0, bbb=3382.0, ddd=694.3234500000541}
20:43:22.725 [Test worker] TRACE org.xlbean.data.TableValueLoader - {aaa=2384.0, ccc=-12383.0, bbb=3383.0, ddd=694.4234500000541}
20:43:22.726 [Test worker] TRACE org.xlbean.data.TableValueLoader - {aaa=2385.0, ccc=-12384.0, bbb=3384.0, ddd=694.5234500000541}
20:43:22.726 [Test worker] TRACE org.xlbean.data.TableValueLoader - {aaa=2386.0, ccc=-12385.0, bbb=3385.0, ddd=694.6234500000542}
20:43:22.727 [Test worker] TRACE org.xlbean.data.TableValueLoader - {aaa=2387.0, ccc=-12386.0, bbb=3386.0, ddd=694.7234500000542}
20:43:22.727 [Test worker] TRACE org.xlbean.data.TableValueLoader - {aaa=2388.0, ccc=-12387.0, bbb=3387.0, ddd=694.8234500000542}
20:43:22.728 [Test worker] TRACE org.xlbean.data.TableValueLoader - {aaa=2389.0, ccc=-12388.0, bbb=3388.0, ddd=694.9234500000542}
20:43:22.728 [Test worker] TRACE org.xlbean.data.TableValueLoader - {aaa=2390.0, ccc=-12389.0, bbb=3389.0, ddd=695.0234500000543}
20:43:22.729 [Test worker] TRACE org.xlbean.data.TableValueLoader - {aaa=2391.0, ccc=-12390.0, bbb=3390.0, ddd=695.1234500000543}
20:43:22.730 [Test worker] TRACE org.xlbean.data.TableValueLoader - {aaa=2392.0, ccc=-12391.0, bbb=3391.0, ddd=695.2234500000543}
20:43:22.730 [Test worker] TRACE org.xlbean.data.TableValueLoader - {aaa=2393.0, ccc=-12392.0, bbb=3392.0, ddd=695.3234500000543}
20:43:22.731 [Test worker] TRACE org.xlbean.data.TableValueLoader - {aaa=2394.0, ccc=-12393.0, bbb=3393.0, ddd=695.4234500000543}
20:43:22.731 [Test worker] TRACE org.xlbean.data.TableValueLoader - {aaa=2395.0, ccc=-12394.0, bbb=3394.0, ddd=695.5234500000544}
20:43:22.732 [Test worker] TRACE org.xlbean.data.TableValueLoader - {aaa=2396.0, ccc=-12395.0, bbb=3395.0, ddd=695.6234500000544}
20:43:22.732 [Test worker] TRACE org.xlbean.data.TableValueLoader - {aaa=2397.0, ccc=-12396.0, bbb=3396.0, ddd=695.7234500000544}
20:43:22.733 [Test worker] TRACE org.xlbean.data.TableValueLoader - {aaa=2398.0, ccc=-12397.0, bbb=3397.0, ddd=695.8234500000544}
20:43:22.734 [Test worker] TRACE org.xlbean.data.TableValueLoader - {aaa=2399.0, ccc=-12398.0, bbb=3398.0, ddd=695.9234500000545}
20:43:22.735 [Test worker] TRACE org.xlbean.data.TableValueLoader - {aaa=2400.0, ccc=-12399.0, bbb=3399.0, ddd=696.0234500000545}
20:43:22.735 [Test worker] TRACE org.xlbean.data.TableValueLoader - {aaa=2401.0, ccc=-12400.0, bbb=3400.0, ddd=696.1234500000545}
20:43:22.736 [Test worker] TRACE org.xlbean.data.TableValueLoader - {aaa=2402.0, ccc=-12401.0, bbb=3401.0, ddd=696.2234500000545}
20:43:22.736 [Test worker] TRACE org.xlbean.data.TableValueLoader - {aaa=2403.0, ccc=-12402.0, bbb=3402.0, ddd=696.3234500000545}
20:43:22.737 [Test worker] TRACE org.xlbean.data.TableValueLoader - {aaa=2404.0, ccc=-12403.0, bbb=3403.0, ddd=696.4234500000546}
20:43:22.737 [Test worker] TRACE org.xlbean.data.TableValueLoader - {aaa=2405.0, ccc=-12404.0, bbb=3404.0, ddd=696.5234500000546}
20:43:22.738 [Test worker] TRACE org.xlbean.data.TableValueLoader - {aaa=2406.0, ccc=-12405.0, bbb=3405.0, ddd=696.6234500000546}
20:43:22.738 [Test worker] TRACE org.xlbean.data.TableValueLoader - {aaa=2407.0, ccc=-12406.0, bbb=3406.0, ddd=696.7234500000546}
20:43:22.738 [Test worker] TRACE org.xlbean.data.TableValueLoader - {aaa=2408.0, ccc=-12407.0, bbb=3407.0, ddd=696.8234500000547}
20:43:22.739 [Test worker] TRACE org.xlbean.data.TableValueLoader - {aaa=2409.0, ccc=-12408.0, bbb=3408.0, ddd=696.9234500000547}
20:43:22.740 [Test worker] TRACE org.xlbean.data.TableValueLoader - {aaa=2410.0, ccc=-12409.0, bbb=3409.0, ddd=697.0234500000547}
20:43:22.740 [Test worker] TRACE org.xlbean.data.TableValueLoader - {aaa=2411.0, ccc=-12410.0, bbb=3410.0, ddd=697.1234500000547}
20:43:22.741 [Test worker] TRACE org.xlbean.data.TableValueLoader - {aaa=2412.0, ccc=-12411.0, bbb=3411.0, ddd=697.2234500000548}
20:43:22.741 [Test worker] TRACE org.xlbean.data.TableValueLoader - {aaa=2413.0, ccc=-12412.0, bbb=3412.0, ddd=697.3234500000548}
20:43:22.742 [Test worker] TRACE org.xlbean.data.TableValueLoader - {aaa=2414.0, ccc=-12413.0, bbb=3413.0, ddd=697.4234500000548}
20:43:22.742 [Test worker] TRACE org.xlbean.data.TableValueLoader - {aaa=2415.0, ccc=-12414.0, bbb=3414.0, ddd=697.5234500000548}
20:43:22.743 [Test worker] TRACE org.xlbean.data.TableValueLoader - {aaa=2416.0, ccc=-12415.0, bbb=3415.0, ddd=697.6234500000548}
20:43:22.743 [Test worker] TRACE org.xlbean.data.TableValueLoader - {aaa=2417.0, ccc=-12416.0, bbb=3416.0, ddd=697.7234500000549}
20:43:22.744 [Test worker] TRACE org.xlbean.data.TableValueLoader - {aaa=2418.0, ccc=-12417.0, bbb=3417.0, ddd=697.8234500000549}
20:43:22.744 [Test worker] TRACE org.xlbean.data.TableValueLoader - {aaa=2419.0, ccc=-12418.0, bbb=3418.0, ddd=697.9234500000549}
20:43:22.745 [Test worker] TRACE org.xlbean.data.TableValueLoader - {aaa=2420.0, ccc=-12419.0, bbb=3419.0, ddd=698.0234500000549}
20:43:22.745 [Test worker] TRACE org.xlbean.data.TableValueLoader - {aaa=2421.0, ccc=-12420.0, bbb=3420.0, ddd=698.123450000055}
20:43:22.745 [Test worker] TRACE org.xlbean.data.TableValueLoader - {aaa=2422.0, ccc=-12421.0, bbb=3421.0, ddd=698.223450000055}
20:43:22.746 [Test worker] TRACE org.xlbean.data.TableValueLoader - {aaa=2423.0, ccc=-12422.0, bbb=3422.0, ddd=698.323450000055}
20:43:22.746 [Test worker] TRACE org.xlbean.data.TableValueLoader - {aaa=2424.0, ccc=-12423.0, bbb=3423.0, ddd=698.423450000055}
20:43:22.747 [Test worker] TRACE org.xlbean.data.TableValueLoader - {aaa=2425.0, ccc=-12424.0, bbb=3424.0, ddd=698.523450000055}
20:43:22.747 [Test worker] TRACE org.xlbean.data.TableValueLoader - {aaa=2426.0, ccc=-12425.0, bbb=3425.0, ddd=698.6234500000551}
20:43:22.748 [Test worker] TRACE org.xlbean.data.TableValueLoader - {aaa=2427.0, ccc=-12426.0, bbb=3426.0, ddd=698.7234500000551}
20:43:22.748 [Test worker] TRACE org.xlbean.data.TableValueLoader - {aaa=2428.0, ccc=-12427.0, bbb=3427.0, ddd=698.8234500000551}
20:43:22.749 [Test worker] TRACE org.xlbean.data.TableValueLoader - {aaa=2429.0, ccc=-12428.0, bbb=3428.0, ddd=698.9234500000551}
20:43:22.749 [Test worker] TRACE org.xlbean.data.TableValueLoader - {aaa=2430.0, ccc=-12429.0, bbb=3429.0, ddd=699.0234500000552}
20:43:22.750 [Test worker] TRACE org.xlbean.data.TableValueLoader - {aaa=2431.0, ccc=-12430.0, bbb=3430.0, ddd=699.1234500000552}
20:43:22.750 [Test worker] TRACE org.xlbean.data.TableValueLoader - {aaa=2432.0, ccc=-12431.0, bbb=3431.0, ddd=699.2234500000552}
20:43:22.752 [Test worker] TRACE org.xlbean.data.TableValueLoader - {aaa=2433.0, ccc=-12432.0, bbb=3432.0, ddd=699.3234500000552}
20:43:22.752 [Test worker] TRACE org.xlbean.data.TableValueLoader - {aaa=2434.0, ccc=-12433.0, bbb=3433.0, ddd=699.4234500000553}
20:43:22.753 [Test worker] TRACE org.xlbean.data.TableValueLoader - {aaa=2435.0, ccc=-12434.0, bbb=3434.0, ddd=699.5234500000553}
20:43:22.753 [Test worker] TRACE org.xlbean.data.TableValueLoader - {aaa=2436.0, ccc=-12435.0, bbb=3435.0, ddd=699.6234500000553}
20:43:22.753 [Test worker] TRACE org.xlbean.data.TableValueLoader - {aaa=2437.0, ccc=-12436.0, bbb=3436.0, ddd=699.7234500000553}
20:43:22.754 [Test worker] TRACE org.xlbean.data.TableValueLoader - {aaa=2438.0, ccc=-12437.0, bbb=3437.0, ddd=699.8234500000553}
20:43:22.754 [Test worker] TRACE org.xlbean.data.TableValueLoader - {aaa=2439.0, ccc=-12438.0, bbb=3438.0, ddd=699.9234500000554}
20:43:22.755 [Test worker] TRACE org.xlbean.data.TableValueLoader - {aaa=2440.0, ccc=-12439.0, bbb=3439.0, ddd=700.0234500000554}
20:43:22.755 [Test worker] TRACE org.xlbean.data.TableValueLoader - {aaa=2441.0, ccc=-12440.0, bbb=3440.0, ddd=700.1234500000554}
20:43:22.756 [Test worker] TRACE org.xlbean.data.TableValueLoader - {aaa=2442.0, ccc=-12441.0, bbb=3441.0, ddd=700.2234500000554}
20:43:22.756 [Test worker] TRACE org.xlbean.data.TableValueLoader - {aaa=2443.0, ccc=-12442.0, bbb=3442.0, ddd=700.3234500000555}
20:43:22.756 [Test worker] TRACE org.xlbean.data.TableValueLoader - {aaa=2444.0, ccc=-12443.0, bbb=3443.0, ddd=700.4234500000555}
20:43:22.757 [Test worker] TRACE org.xlbean.data.TableValueLoader - {aaa=2445.0, ccc=-12444.0, bbb=3444.0, ddd=700.5234500000555}
20:43:22.757 [Test worker] TRACE org.xlbean.data.TableValueLoader - {aaa=2446.0, ccc=-12445.0, bbb=3445.0, ddd=700.6234500000555}
20:43:22.758 [Test worker] TRACE org.xlbean.data.TableValueLoader - {aaa=2447.0, ccc=-12446.0, bbb=3446.0, ddd=700.7234500000555}
20:43:22.758 [Test worker] TRACE org.xlbean.data.TableValueLoader - {aaa=2448.0, ccc=-12447.0, bbb=3447.0, ddd=700.8234500000556}
20:43:22.759 [Test worker] TRACE org.xlbean.data.TableValueLoader - {aaa=2449.0, ccc=-12448.0, bbb=3448.0, ddd=700.9234500000556}
20:43:22.759 [Test worker] TRACE org.xlbean.data.TableValueLoader - {aaa=2450.0, ccc=-12449.0, bbb=3449.0, ddd=701.0234500000556}
20:43:22.759 [Test worker] TRACE org.xlbean.data.TableValueLoader - {aaa=2451.0, ccc=-12450.0, bbb=3450.0, ddd=701.1234500000556}
20:43:22.760 [Test worker] TRACE org.xlbean.data.TableValueLoader - {aaa=2452.0, ccc=-12451.0, bbb=3451.0, ddd=701.2234500000557}
20:43:22.760 [Test worker] TRACE org.xlbean.data.TableValueLoader - {aaa=2453.0, ccc=-12452.0, bbb=3452.0, ddd=701.3234500000557}
20:43:22.761 [Test worker] TRACE org.xlbean.data.TableValueLoader - {aaa=2454.0, ccc=-12453.0, bbb=3453.0, ddd=701.4234500000557}
20:43:22.761 [Test worker] TRACE org.xlbean.data.TableValueLoader - {aaa=2455.0, ccc=-12454.0, bbb=3454.0, ddd=701.5234500000557}
20:43:22.762 [Test worker] TRACE org.xlbean.data.TableValueLoader - {aaa=2456.0, ccc=-12455.0, bbb=3455.0, ddd=701.6234500000558}
20:43:22.762 [Test worker] TRACE org.xlbean.data.TableValueLoader - {aaa=2457.0, ccc=-12456.0, bbb=3456.0, ddd=701.7234500000558}
20:43:22.763 [Test worker] TRACE org.xlbean.data.TableValueLoader - {aaa=2458.0, ccc=-12457.0, bbb=3457.0, ddd=701.8234500000558}
20:43:22.763 [Test worker] TRACE org.xlbean.data.TableValueLoader - {aaa=2459.0, ccc=-12458.0, bbb=3458.0, ddd=701.9234500000558}
20:43:22.764 [Test worker] TRACE org.xlbean.data.TableValueLoader - {aaa=2460.0, ccc=-12459.0, bbb=3459.0, ddd=702.0234500000558}
20:43:22.764 [Test worker] TRACE org.xlbean.data.TableValueLoader - {aaa=2461.0, ccc=-12460.0, bbb=3460.0, ddd=702.1234500000559}
20:43:22.765 [Test worker] TRACE org.xlbean.data.TableValueLoader - {aaa=2462.0, ccc=-12461.0, bbb=3461.0, ddd=702.2234500000559}
20:43:22.765 [Test worker] TRACE org.xlbean.data.TableValueLoader - {aaa=2463.0, ccc=-12462.0, bbb=3462.0, ddd=702.3234500000559}
20:43:22.765 [Test worker] TRACE org.xlbean.data.TableValueLoader - {aaa=2464.0, ccc=-12463.0, bbb=3463.0, ddd=702.4234500000559}
20:43:22.766 [Test worker] TRACE org.xlbean.data.TableValueLoader - {aaa=2465.0, ccc=-12464.0, bbb=3464.0, ddd=702.523450000056}
20:43:22.766 [Test worker] TRACE org.xlbean.data.TableValueLoader - {aaa=2466.0, ccc=-12465.0, bbb=3465.0, ddd=702.623450000056}
20:43:22.767 [Test worker] TRACE org.xlbean.data.TableValueLoader - {aaa=2467.0, ccc=-12466.0, bbb=3466.0, ddd=702.723450000056}
20:43:22.768 [Test worker] TRACE org.xlbean.data.TableValueLoader - {aaa=2468.0, ccc=-12467.0, bbb=3467.0, ddd=702.823450000056}
20:43:22.768 [Test worker] TRACE org.xlbean.data.TableValueLoader - {aaa=2469.0, ccc=-12468.0, bbb=3468.0, ddd=702.923450000056}
20:43:22.768 [Test worker] TRACE org.xlbean.data.TableValueLoader - {aaa=2470.0, ccc=-12469.0, bbb=3469.0, ddd=703.0234500000561}
20:43:22.769 [Test worker] TRACE org.xlbean.data.TableValueLoader - {aaa=2471.0, ccc=-12470.0, bbb=3470.0, ddd=703.1234500000561}
20:43:22.770 [Test worker] TRACE org.xlbean.data.TableValueLoader - {aaa=2472.0, ccc=-12471.0, bbb=3471.0, ddd=703.2234500000561}
20:43:22.771 [Test worker] TRACE org.xlbean.data.TableValueLoader - {aaa=2473.0, ccc=-12472.0, bbb=3472.0, ddd=703.3234500000561}
20:43:22.771 [Test worker] TRACE org.xlbean.data.TableValueLoader - {aaa=2474.0, ccc=-12473.0, bbb=3473.0, ddd=703.4234500000562}
20:43:22.772 [Test worker] TRACE org.xlbean.data.TableValueLoader - {aaa=2475.0, ccc=-12474.0, bbb=3474.0, ddd=703.5234500000562}
20:43:22.772 [Test worker] TRACE org.xlbean.data.TableValueLoader - {aaa=2476.0, ccc=-12475.0, bbb=3475.0, ddd=703.6234500000562}
20:43:22.772 [Test worker] TRACE org.xlbean.data.TableValueLoader - {aaa=2477.0, ccc=-12476.0, bbb=3476.0, ddd=703.7234500000562}
20:43:22.773 [Test worker] TRACE org.xlbean.data.TableValueLoader - {aaa=2478.0, ccc=-12477.0, bbb=3477.0, ddd=703.8234500000563}
20:43:22.773 [Test worker] TRACE org.xlbean.data.TableValueLoader - {aaa=2479.0, ccc=-12478.0, bbb=3478.0, ddd=703.9234500000563}
20:43:22.774 [Test worker] TRACE org.xlbean.data.TableValueLoader - {aaa=2480.0, ccc=-12479.0, bbb=3479.0, ddd=704.0234500000563}
20:43:22.774 [Test worker] TRACE org.xlbean.data.TableValueLoader - {aaa=2481.0, ccc=-12480.0, bbb=3480.0, ddd=704.1234500000563}
20:43:22.775 [Test worker] TRACE org.xlbean.data.TableValueLoader - {aaa=2482.0, ccc=-12481.0, bbb=3481.0, ddd=704.2234500000563}
20:43:22.775 [Test worker] TRACE org.xlbean.data.TableValueLoader - {aaa=2483.0, ccc=-12482.0, bbb=3482.0, ddd=704.3234500000564}
20:43:22.776 [Test worker] TRACE org.xlbean.data.TableValueLoader - {aaa=2484.0, ccc=-12483.0, bbb=3483.0, ddd=704.4234500000564}
20:43:22.777 [Test worker] TRACE org.xlbean.data.TableValueLoader - {aaa=2485.0, ccc=-12484.0, bbb=3484.0, ddd=704.5234500000564}
20:43:22.778 [Test worker] TRACE org.xlbean.data.TableValueLoader - {aaa=2486.0, ccc=-12485.0, bbb=3485.0, ddd=704.6234500000564}
20:43:22.779 [Test worker] TRACE org.xlbean.data.TableValueLoader - {aaa=2487.0, ccc=-12486.0, bbb=3486.0, ddd=704.7234500000565}
20:43:22.779 [Test worker] TRACE org.xlbean.data.TableValueLoader - {aaa=2488.0, ccc=-12487.0, bbb=3487.0, ddd=704.8234500000565}
20:43:22.780 [Test worker] TRACE org.xlbean.data.TableValueLoader - {aaa=2489.0, ccc=-12488.0, bbb=3488.0, ddd=704.9234500000565}
20:43:22.781 [Test worker] TRACE org.xlbean.data.TableValueLoader - {aaa=2490.0, ccc=-12489.0, bbb=3489.0, ddd=705.0234500000565}
20:43:22.782 [Test worker] TRACE org.xlbean.data.TableValueLoader - {aaa=2491.0, ccc=-12490.0, bbb=3490.0, ddd=705.1234500000566}
20:43:22.783 [Test worker] TRACE org.xlbean.data.TableValueLoader - {aaa=2492.0, ccc=-12491.0, bbb=3491.0, ddd=705.2234500000566}
20:43:22.785 [Test worker] TRACE org.xlbean.data.TableValueLoader - {aaa=2493.0, ccc=-12492.0, bbb=3492.0, ddd=705.3234500000566}
20:43:22.787 [Test worker] TRACE org.xlbean.data.TableValueLoader - {aaa=2494.0, ccc=-12493.0, bbb=3493.0, ddd=705.4234500000566}
20:43:22.788 [Test worker] TRACE org.xlbean.data.TableValueLoader - {aaa=2495.0, ccc=-12494.0, bbb=3494.0, ddd=705.5234500000566}
20:43:22.789 [Test worker] TRACE org.xlbean.data.TableValueLoader - {aaa=2496.0, ccc=-12495.0, bbb=3495.0, ddd=705.6234500000567}
20:43:22.790 [Test worker] TRACE org.xlbean.data.TableValueLoader - {aaa=2497.0, ccc=-12496.0, bbb=3496.0, ddd=705.7234500000567}
20:43:22.791 [Test worker] TRACE org.xlbean.data.TableValueLoader - {aaa=2498.0, ccc=-12497.0, bbb=3497.0, ddd=705.8234500000567}
20:43:22.792 [Test worker] TRACE org.xlbean.data.TableValueLoader - {aaa=2499.0, ccc=-12498.0, bbb=3498.0, ddd=705.9234500000567}
20:43:22.793 [Test worker] TRACE org.xlbean.data.TableValueLoader - {aaa=2500.0, ccc=-12499.0, bbb=3499.0, ddd=706.0234500000568}
20:43:22.793 [Test worker] TRACE org.xlbean.data.TableValueLoader - {}
20:43:22.794 [Test worker] INFO  org.xlbean.data.ExcelDataLoader - Loaded data: bigtable [5714 msec]
with index :-> 1
without index :-> 125

20:43:23.173 [Test worker] DEBUG o.x.d.ExcelR1C1DefinitionLoader - Start loading table definition from sheet bigtable
20:43:23.177 [Test worker] INFO  o.x.d.ExcelR1C1DefinitionLoader - Loaded table definition from sheet bigtable [4 msec]
20:43:23.178 [Test worker] DEBUG org.xlbean.data.ExcelDataLoader - Start loading data: bigtable
20:43:23.178 [Test worker] TRACE org.xlbean.data.TableValueLoader - {aaa=1.0, ccc=-10000.0, bbb=1000.0, ddd=456.12345}
20:43:23.183 [Test worker] TRACE org.xlbean.data.TableValueLoader - {aaa=2.0, ccc=-10001.0, bbb=1001.0, ddd=456.22345}
20:43:23.184 [Test worker] TRACE org.xlbean.data.TableValueLoader - {aaa=3.0, ccc=-10002.0, bbb=1002.0, ddd=456.32345000000004}
20:43:23.185 [Test worker] TRACE org.xlbean.data.TableValueLoader - {aaa=4.0, ccc=-10003.0, bbb=1003.0, ddd=456.42345000000006}
20:43:23.185 [Test worker] TRACE org.xlbean.data.TableValueLoader - {aaa=5.0, ccc=-10004.0, bbb=1004.0, ddd=456.5234500000001}
20:43:23.185 [Test worker] TRACE org.xlbean.data.TableValueLoader - {aaa=6.0, ccc=-10005.0, bbb=1005.0, ddd=456.6234500000001}
20:43:23.186 [Test worker] TRACE org.xlbean.data.TableValueLoader - {aaa=7.0, ccc=-10006.0, bbb=1006.0, ddd=456.7234500000001}
20:43:23.186 [Test worker] TRACE org.xlbean.data.TableValueLoader - {aaa=8.0, ccc=-10007.0, bbb=1007.0, ddd=456.82345000000015}
20:43:23.187 [Test worker] TRACE org.xlbean.data.TableValueLoader - {aaa=9.0, ccc=-10008.0, bbb=1008.0, ddd=456.9234500000002}
20:43:23.187 [Test worker] TRACE org.xlbean.data.TableValueLoader - {aaa=10.0, ccc=-10009.0, bbb=1009.0, ddd=457.0234500000002}
20:43:23.187 [Test worker] TRACE org.xlbean.data.TableValueLoader - {aaa=11.0, ccc=-10010.0, bbb=1010.0, ddd=457.1234500000002}
20:43:23.187 [Test worker] TRACE org.xlbean.data.TableValueLoader - {aaa=12.0, ccc=-10011.0, bbb=1011.0, ddd=457.22345000000024}
20:43:23.188 [Test worker] TRACE org.xlbean.data.TableValueLoader - {aaa=13.0, ccc=-10012.0, bbb=1012.0, ddd=457.32345000000026}
20:43:23.188 [Test worker] TRACE org.xlbean.data.TableValueLoader - {aaa=14.0, ccc=-10013.0, bbb=1013.0, ddd=457.4234500000003}
20:43:23.188 [Test worker] TRACE org.xlbean.data.TableValueLoader - {aaa=15.0, ccc=-10014.0, bbb=1014.0, ddd=457.5234500000003}
20:43:23.189 [Test worker] TRACE org.xlbean.data.TableValueLoader - {aaa=16.0, ccc=-10015.0, bbb=1015.0, ddd=457.62345000000033}
20:43:23.189 [Test worker] TRACE org.xlbean.data.TableValueLoader - {aaa=17.0, ccc=-10016.0, bbb=1016.0, ddd=457.72345000000035}
20:43:23.189 [Test worker] TRACE org.xlbean.data.TableValueLoader - {aaa=18.0, ccc=-10017.0, bbb=1017.0, ddd=457.8234500000004}
20:43:23.190 [Test worker] TRACE org.xlbean.data.TableValueLoader - {aaa=19.0, ccc=-10018.0, bbb=1018.0, ddd=457.9234500000004}
20:43:23.190 [Test worker] TRACE org.xlbean.data.TableValueLoader - {aaa=20.0, ccc=-10019.0, bbb=1019.0, ddd=458.0234500000004}
20:43:23.191 [Test worker] TRACE org.xlbean.data.TableValueLoader - {aaa=21.0, ccc=-10020.0, bbb=1020.0, ddd=458.12345000000045}
20:43:23.191 [Test worker] TRACE org.xlbean.data.TableValueLoader - {aaa=22.0, ccc=-10021.0, bbb=1021.0, ddd=458.22345000000047}
20:43:23.191 [Test worker] TRACE org.xlbean.data.TableValueLoader - {aaa=23.0, ccc=-10022.0, bbb=1022.0, ddd=458.3234500000005}
20:43:23.192 [Test worker] TRACE org.xlbean.data.TableValueLoader - {aaa=24.0, ccc=-10023.0, bbb=1023.0, ddd=458.4234500000005}
20:43:23.192 [Test worker] TRACE org.xlbean.data.TableValueLoader - {aaa=25.0, ccc=-10024.0, bbb=1024.0, ddd=458.52345000000054}
20:43:23.193 [Test worker] TRACE org.xlbean.data.TableValueLoader - {aaa=26.0, ccc=-10025.0, bbb=1025.0, ddd=458.62345000000056}
20:43:23.193 [Test worker] TRACE org.xlbean.data.TableValueLoader - {aaa=27.0, ccc=-10026.0, bbb=1026.0, ddd=458.7234500000006}
20:43:23.194 [Test worker] TRACE org.xlbean.data.TableValueLoader - {aaa=28.0, ccc=-10027.0, bbb=1027.0, ddd=458.8234500000006}
20:43:23.194 [Test worker] TRACE org.xlbean.data.TableValueLoader - {aaa=29.0, ccc=-10028.0, bbb=1028.0, ddd=458.9234500000006}
20:43:23.194 [Test worker] TRACE org.xlbean.data.TableValueLoader - {aaa=30.0, ccc=-10029.0, bbb=1029.0, ddd=459.02345000000065}
20:43:23.195 [Test worker] TRACE org.xlbean.data.TableValueLoader - {aaa=31.0, ccc=-10030.0, bbb=1030.0, ddd=459.1234500000007}
20:43:23.195 [Test worker] TRACE org.xlbean.data.TableValueLoader - {aaa=32.0, ccc=-10031.0, bbb=1031.0, ddd=459.2234500000007}
20:43:23.195 [Test worker] TRACE org.xlbean.data.TableValueLoader - {aaa=33.0, ccc=-10032.0, bbb=1032.0, ddd=459.3234500000007}
20:43:23.197 [Test worker] TRACE org.xlbean.data.TableValueLoader - {aaa=34.0, ccc=-10033.0, bbb=1033.0, ddd=459.42345000000074}
20:43:23.197 [Test worker] TRACE org.xlbean.data.TableValueLoader - {aaa=35.0, ccc=-10034.0, bbb=1034.0, ddd=459.52345000000076}
20:43:23.198 [Test worker] TRACE org.xlbean.data.TableValueLoader - {aaa=36.0, ccc=-10035.0, bbb=1035.0, ddd=459.6234500000008}
20:43:23.198 [Test worker] TRACE org.xlbean.data.TableValueLoader - {aaa=37.0, ccc=-10036.0, bbb=1036.0, ddd=459.7234500000008}
20:43:23.199 [Test worker] TRACE org.xlbean.data.TableValueLoader - {aaa=38.0, ccc=-10037.0, bbb=1037.0, ddd=459.82345000000083}
20:43:23.199 [Test worker] TRACE org.xlbean.data.TableValueLoader - {aaa=39.0, ccc=-10038.0, bbb=1038.0, ddd=459.92345000000086}
20:43:23.200 [Test worker] TRACE org.xlbean.data.TableValueLoader - {aaa=40.0, ccc=-10039.0, bbb=1039.0, ddd=460.0234500000009}
20:43:23.200 [Test worker] TRACE org.xlbean.data.TableValueLoader - {aaa=41.0, ccc=-10040.0, bbb=1040.0, ddd=460.1234500000009}
20:43:23.201 [Test worker] TRACE org.xlbean.data.TableValueLoader - {aaa=42.0, ccc=-10041.0, bbb=1041.0, ddd=460.2234500000009}
20:43:23.202 [Test worker] TRACE org.xlbean.data.TableValueLoader - {aaa=43.0, ccc=-10042.0, bbb=1042.0, ddd=460.32345000000095}
20:43:23.203 [Test worker] TRACE org.xlbean.data.TableValueLoader - {aaa=44.0, ccc=-10043.0, bbb=1043.0, ddd=460.42345000000097}
20:43:23.204 [Test worker] TRACE org.xlbean.data.TableValueLoader - {aaa=45.0, ccc=-10044.0, bbb=1044.0, ddd=460.523450000001}
20:43:23.204 [Test worker] TRACE org.xlbean.data.TableValueLoader - {aaa=46.0, ccc=-10045.0, bbb=1045.0, ddd=460.623450000001}
20:43:23.205 [Test worker] TRACE org.xlbean.data.TableValueLoader - {aaa=47.0, ccc=-10046.0, bbb=1046.0, ddd=460.72345000000104}
20:43:23.205 [Test worker] TRACE org.xlbean.data.TableValueLoader - {aaa=48.0, ccc=-10047.0, bbb=1047.0, ddd=460.82345000000106}
20:43:23.206 [Test worker] TRACE org.xlbean.data.TableValueLoader - {aaa=49.0, ccc=-10048.0, bbb=1048.0, ddd=460.9234500000011}
20:43:23.206 [Test worker] TRACE org.xlbean.data.TableValueLoader - {aaa=50.0, ccc=-10049.0, bbb=1049.0, ddd=461.0234500000011}
20:43:23.207 [Test worker] TRACE org.xlbean.data.TableValueLoader - {aaa=51.0, ccc=-10050.0, bbb=1050.0, ddd=461.1234500000011}
20:43:23.207 [Test worker] TRACE org.xlbean.data.TableValueLoader - {aaa=52.0, ccc=-10051.0, bbb=1051.0, ddd=461.22345000000115}
20:43:23.208 [Test worker] TRACE org.xlbean.data.TableValueLoader - {aaa=53.0, ccc=-10052.0, bbb=1052.0, ddd=461.3234500000012}
20:43:23.208 [Test worker] TRACE org.xlbean.data.TableValueLoader - {aaa=54.0, ccc=-10053.0, bbb=1053.0, ddd=461.4234500000012}
20:43:23.209 [Test worker] TRACE org.xlbean.data.TableValueLoader - {aaa=55.0, ccc=-10054.0, bbb=1054.0, ddd=461.5234500000012}
20:43:23.209 [Test worker] TRACE org.xlbean.data.TableValueLoader - {aaa=56.0, ccc=-10055.0, bbb=1055.0, ddd=461.62345000000124}
20:43:23.209 [Test worker] TRACE org.xlbean.data.TableValueLoader - {aaa=57.0, ccc=-10056.0, bbb=1056.0, ddd=461.72345000000126}
20:43:23.210 [Test worker] TRACE org.xlbean.data.TableValueLoader - {aaa=58.0, ccc=-10057.0, bbb=1057.0, ddd=461.8234500000013}
20:43:23.210 [Test worker] TRACE org.xlbean.data.TableValueLoader - {aaa=59.0, ccc=-10058.0, bbb=1058.0, ddd=461.9234500000013}
20:43:23.210 [Test worker] TRACE org.xlbean.data.TableValueLoader - {aaa=60.0, ccc=-10059.0, bbb=1059.0, ddd=462.02345000000133}
20:43:23.211 [Test worker] TRACE org.xlbean.data.TableValueLoader - {aaa=61.0, ccc=-10060.0, bbb=1060.0, ddd=462.12345000000136}
20:43:23.211 [Test worker] TRACE org.xlbean.data.TableValueLoader - {aaa=62.0, ccc=-10061.0, bbb=1061.0, ddd=462.2234500000014}
20:43:23.212 [Test worker] TRACE org.xlbean.data.TableValueLoader - {aaa=63.0, ccc=-10062.0, bbb=1062.0, ddd=462.3234500000014}
20:43:23.212 [Test worker] TRACE org.xlbean.data.TableValueLoader - {aaa=64.0, ccc=-10063.0, bbb=1063.0, ddd=462.4234500000014}
20:43:23.212 [Test worker] TRACE org.xlbean.data.TableValueLoader - {aaa=65.0, ccc=-10064.0, bbb=1064.0, ddd=462.52345000000145}
20:43:23.213 [Test worker] TRACE org.xlbean.data.TableValueLoader - {aaa=66.0, ccc=-10065.0, bbb=1065.0, ddd=462.62345000000147}
20:43:23.213 [Test worker] TRACE org.xlbean.data.TableValueLoader - {aaa=67.0, ccc=-10066.0, bbb=1066.0, ddd=462.7234500000015}
20:43:23.214 [Test worker] TRACE org.xlbean.data.TableValueLoader - {aaa=68.0, ccc=-10067.0, bbb=1067.0, ddd=462.8234500000015}
20:43:23.214 [Test worker] TRACE org.xlbean.data.TableValueLoader - {aaa=69.0, ccc=-10068.0, bbb=1068.0, ddd=462.92345000000154}
20:43:23.215 [Test worker] TRACE org.xlbean.data.TableValueLoader - {aaa=70.0, ccc=-10069.0, bbb=1069.0, ddd=463.02345000000156}
20:43:23.215 [Test worker] TRACE org.xlbean.data.TableValueLoader - {aaa=71.0, ccc=-10070.0, bbb=1070.0, ddd=463.1234500000016}
20:43:23.215 [Test worker] TRACE org.xlbean.data.TableValueLoader - {aaa=72.0, ccc=-10071.0, bbb=1071.0, ddd=463.2234500000016}
20:43:23.216 [Test worker] TRACE org.xlbean.data.TableValueLoader - {aaa=73.0, ccc=-10072.0, bbb=1072.0, ddd=463.3234500000016}
20:43:23.216 [Test worker] TRACE org.xlbean.data.TableValueLoader - {aaa=74.0, ccc=-10073.0, bbb=1073.0, ddd=463.42345000000165}
20:43:23.216 [Test worker] TRACE org.xlbean.data.TableValueLoader - {aaa=75.0, ccc=-10074.0, bbb=1074.0, ddd=463.5234500000017}
20:43:23.217 [Test worker] TRACE org.xlbean.data.TableValueLoader - {aaa=76.0, ccc=-10075.0, bbb=1075.0, ddd=463.6234500000017}
20:43:23.217 [Test worker] TRACE org.xlbean.data.TableValueLoader - {aaa=77.0, ccc=-10076.0, bbb=1076.0, ddd=463.7234500000017}
20:43:23.217 [Test worker] TRACE org.xlbean.data.TableValueLoader - {aaa=78.0, ccc=-10077.0, bbb=1077.0, ddd=463.82345000000174}
20:43:23.218 [Test worker] TRACE org.xlbean.data.TableValueLoader - {aaa=79.0, ccc=-10078.0, bbb=1078.0, ddd=463.92345000000176}
20:43:23.218 [Test worker] TRACE org.xlbean.data.TableValueLoader - {aaa=80.0, ccc=-10079.0, bbb=1079.0, ddd=464.0234500000018}
20:43:23.218 [Test worker] TRACE org.xlbean.data.TableValueLoader - {aaa=81.0, ccc=-10080.0, bbb=1080.0, ddd=464.1234500000018}
20:43:23.219 [Test worker] TRACE org.xlbean.data.TableValueLoader - {aaa=82.0, ccc=-10081.0, bbb=1081.0, ddd=464.22345000000183}
20:43:23.219 [Test worker] TRACE org.xlbean.data.TableValueLoader - {aaa=83.0, ccc=-10082.0, bbb=1082.0, ddd=464.32345000000186}
20:43:23.219 [Test worker] TRACE org.xlbean.data.TableValueLoader - {aaa=84.0, ccc=-10083.0, bbb=1083.0, ddd=464.4234500000019}
20:43:23.220 [Test worker] TRACE org.xlbean.data.TableValueLoader - {aaa=85.0, ccc=-10084.0, bbb=1084.0, ddd=464.5234500000019}
20:43:23.220 [Test worker] TRACE org.xlbean.data.TableValueLoader - {aaa=86.0, ccc=-10085.0, bbb=1085.0, ddd=464.6234500000019}
20:43:23.220 [Test worker] TRACE org.xlbean.data.TableValueLoader - {aaa=87.0, ccc=-10086.0, bbb=1086.0, ddd=464.72345000000195}
20:43:23.221 [Test worker] TRACE org.xlbean.data.TableValueLoader - {aaa=88.0, ccc=-10087.0, bbb=1087.0, ddd=464.82345000000197}
20:43:23.221 [Test worker] TRACE org.xlbean.data.TableValueLoader - {aaa=89.0, ccc=-10088.0, bbb=1088.0, ddd=464.923450000002}
20:43:23.221 [Test worker] TRACE org.xlbean.data.TableValueLoader - {aaa=90.0, ccc=-10089.0, bbb=1089.0, ddd=465.023450000002}
20:43:23.221 [Test worker] TRACE org.xlbean.data.TableValueLoader - {aaa=91.0, ccc=-10090.0, bbb=1090.0, ddd=465.12345000000204}
20:43:23.222 [Test worker] TRACE org.xlbean.data.TableValueLoader - {aaa=92.0, ccc=-10091.0, bbb=1091.0, ddd=465.22345000000206}
20:43:23.222 [Test worker] TRACE org.xlbean.data.TableValueLoader - {aaa=93.0, ccc=-10092.0, bbb=1092.0, ddd=465.3234500000021}
20:43:23.223 [Test worker] TRACE org.xlbean.data.TableValueLoader - {aaa=94.0, ccc=-10093.0, bbb=1093.0, ddd=465.4234500000021}
20:43:23.223 [Test worker] TRACE org.xlbean.data.TableValueLoader - {aaa=95.0, ccc=-10094.0, bbb=1094.0, ddd=465.52345000000213}
20:43:23.223 [Test worker] TRACE org.xlbean.data.TableValueLoader - {aaa=96.0, ccc=-10095.0, bbb=1095.0, ddd=465.62345000000215}
20:43:23.223 [Test worker] TRACE org.xlbean.data.TableValueLoader - {aaa=97.0, ccc=-10096.0, bbb=1096.0, ddd=465.7234500000022}
20:43:23.224 [Test worker] TRACE org.xlbean.data.TableValueLoader - {aaa=98.0, ccc=-10097.0, bbb=1097.0, ddd=465.8234500000022}
20:43:23.224 [Test worker] TRACE org.xlbean.data.TableValueLoader - {aaa=99.0, ccc=-10098.0, bbb=1098.0, ddd=465.9234500000022}
20:43:23.224 [Test worker] TRACE org.xlbean.data.TableValueLoader - {aaa=100.0, ccc=-10099.0, bbb=1099.0, ddd=466.02345000000224}
20:43:23.225 [Test worker] TRACE org.xlbean.data.TableValueLoader - {aaa=101.0, ccc=-10100.0, bbb=1100.0, ddd=466.12345000000226}
20:43:23.225 [Test worker] TRACE org.xlbean.data.TableValueLoader - {aaa=102.0, ccc=-10101.0, bbb=1101.0, ddd=466.2234500000023}
20:43:23.225 [Test worker] TRACE org.xlbean.data.TableValueLoader - {aaa=103.0, ccc=-10102.0, bbb=1102.0, ddd=466.3234500000023}
20:43:23.226 [Test worker] TRACE org.xlbean.data.TableValueLoader - {aaa=104.0, ccc=-10103.0, bbb=1103.0, ddd=466.42345000000233}
20:43:23.226 [Test worker] TRACE org.xlbean.data.TableValueLoader - {aaa=105.0, ccc=-10104.0, bbb=1104.0, ddd=466.52345000000236}
20:43:23.226 [Test worker] TRACE org.xlbean.data.TableValueLoader - {aaa=106.0, ccc=-10105.0, bbb=1105.0, ddd=466.6234500000024}
20:43:23.227 [Test worker] TRACE org.xlbean.data.TableValueLoader - {aaa=107.0, ccc=-10106.0, bbb=1106.0, ddd=466.7234500000024}
20:43:23.227 [Test worker] TRACE org.xlbean.data.TableValueLoader - {aaa=108.0, ccc=-10107.0, bbb=1107.0, ddd=466.8234500000024}
20:43:23.227 [Test worker] TRACE org.xlbean.data.TableValueLoader - {aaa=109.0, ccc=-10108.0, bbb=1108.0, ddd=466.92345000000245}
20:43:23.228 [Test worker] TRACE org.xlbean.data.TableValueLoader - {aaa=110.0, ccc=-10109.0, bbb=1109.0, ddd=467.02345000000247}
20:43:23.228 [Test worker] TRACE org.xlbean.data.TableValueLoader - {aaa=111.0, ccc=-10110.0, bbb=1110.0, ddd=467.1234500000025}
20:43:23.228 [Test worker] TRACE org.xlbean.data.TableValueLoader - {aaa=112.0, ccc=-10111.0, bbb=1111.0, ddd=467.2234500000025}
20:43:23.228 [Test worker] TRACE org.xlbean.data.TableValueLoader - {aaa=113.0, ccc=-10112.0, bbb=1112.0, ddd=467.32345000000254}
20:43:23.229 [Test worker] TRACE org.xlbean.data.TableValueLoader - {aaa=114.0, ccc=-10113.0, bbb=1113.0, ddd=467.42345000000256}
20:43:23.229 [Test worker] TRACE org.xlbean.data.TableValueLoader - {aaa=115.0, ccc=-10114.0, bbb=1114.0, ddd=467.5234500000026}
20:43:23.229 [Test worker] TRACE org.xlbean.data.TableValueLoader - {aaa=116.0, ccc=-10115.0, bbb=1115.0, ddd=467.6234500000026}
20:43:23.230 [Test worker] TRACE org.xlbean.data.TableValueLoader - {aaa=117.0, ccc=-10116.0, bbb=1116.0, ddd=467.72345000000263}
20:43:23.230 [Test worker] TRACE org.xlbean.data.TableValueLoader - {aaa=118.0, ccc=-10117.0, bbb=1117.0, ddd=467.82345000000265}
20:43:23.230 [Test worker] TRACE org.xlbean.data.TableValueLoader - {aaa=119.0, ccc=-10118.0, bbb=1118.0, ddd=467.9234500000027}
20:43:23.230 [Test worker] TRACE org.xlbean.data.TableValueLoader - {aaa=120.0, ccc=-10119.0, bbb=1119.0, ddd=468.0234500000027}
20:43:23.231 [Test worker] TRACE org.xlbean.data.TableValueLoader - {aaa=121.0, ccc=-10120.0, bbb=1120.0, ddd=468.1234500000027}
20:43:23.231 [Test worker] TRACE org.xlbean.data.TableValueLoader - {aaa=122.0, ccc=-10121.0, bbb=1121.0, ddd=468.22345000000274}
20:43:23.231 [Test worker] TRACE org.xlbean.data.TableValueLoader - {aaa=123.0, ccc=-10122.0, bbb=1122.0, ddd=468.32345000000277}
20:43:23.232 [Test worker] TRACE org.xlbean.data.TableValueLoader - {aaa=124.0, ccc=-10123.0, bbb=1123.0, ddd=468.4234500000028}
20:43:23.232 [Test worker] TRACE org.xlbean.data.TableValueLoader - {aaa=125.0, ccc=-10124.0, bbb=1124.0, ddd=468.5234500000028}
20:43:23.232 [Test worker] TRACE org.xlbean.data.TableValueLoader - {aaa=126.0, ccc=-10125.0, bbb=1125.0, ddd=468.62345000000283}
20:43:23.233 [Test worker] TRACE org.xlbean.data.TableValueLoader - {aaa=127.0, ccc=-10126.0, bbb=1126.0, ddd=468.72345000000286}
20:43:23.233 [Test worker] TRACE org.xlbean.data.TableValueLoader - {aaa=128.0, ccc=-10127.0, bbb=1127.0, ddd=468.8234500000029}
20:43:23.234 [Test worker] TRACE org.xlbean.data.TableValueLoader - {aaa=129.0, ccc=-10128.0, bbb=1128.0, ddd=468.9234500000029}
20:43:23.234 [Test worker] TRACE org.xlbean.data.TableValueLoader - {aaa=130.0, ccc=-10129.0, bbb=1129.0, ddd=469.0234500000029}
20:43:23.235 [Test worker] TRACE org.xlbean.data.TableValueLoader - {aaa=131.0, ccc=-10130.0, bbb=1130.0, ddd=469.12345000000295}
20:43:23.236 [Test worker] TRACE org.xlbean.data.TableValueLoader - {aaa=132.0, ccc=-10131.0, bbb=1131.0, ddd=469.22345000000297}
20:43:23.236 [Test worker] TRACE org.xlbean.data.TableValueLoader - {aaa=133.0, ccc=-10132.0, bbb=1132.0, ddd=469.323450000003}
20:43:23.237 [Test worker] TRACE org.xlbean.data.TableValueLoader - {aaa=134.0, ccc=-10133.0, bbb=1133.0, ddd=469.423450000003}
20:43:23.238 [Test worker] TRACE org.xlbean.data.TableValueLoader - {aaa=135.0, ccc=-10134.0, bbb=1134.0, ddd=469.52345000000304}
20:43:23.238 [Test worker] TRACE org.xlbean.data.TableValueLoader - {aaa=136.0, ccc=-10135.0, bbb=1135.0, ddd=469.62345000000306}
20:43:23.238 [Test worker] TRACE org.xlbean.data.TableValueLoader - {aaa=137.0, ccc=-10136.0, bbb=1136.0, ddd=469.7234500000031}
20:43:23.239 [Test worker] TRACE org.xlbean.data.TableValueLoader - {aaa=138.0, ccc=-10137.0, bbb=1137.0, ddd=469.8234500000031}
20:43:23.239 [Test worker] TRACE org.xlbean.data.TableValueLoader - {aaa=139.0, ccc=-10138.0, bbb=1138.0, ddd=469.92345000000313}
20:43:23.240 [Test worker] TRACE org.xlbean.data.TableValueLoader - {aaa=140.0, ccc=-10139.0, bbb=1139.0, ddd=470.02345000000315}
20:43:23.240 [Test worker] TRACE org.xlbean.data.TableValueLoader - {aaa=141.0, ccc=-10140.0, bbb=1140.0, ddd=470.1234500000032}
20:43:23.241 [Test worker] TRACE org.xlbean.data.TableValueLoader - {aaa=142.0, ccc=-10141.0, bbb=1141.0, ddd=470.2234500000032}
20:43:23.242 [Test worker] TRACE org.xlbean.data.TableValueLoader - {aaa=143.0, ccc=-10142.0, bbb=1142.0, ddd=470.3234500000032}
20:43:23.242 [Test worker] TRACE org.xlbean.data.TableValueLoader - {aaa=144.0, ccc=-10143.0, bbb=1143.0, ddd=470.42345000000324}
20:43:23.242 [Test worker] TRACE org.xlbean.data.TableValueLoader - {aaa=145.0, ccc=-10144.0, bbb=1144.0, ddd=470.52345000000327}
20:43:23.243 [Test worker] TRACE org.xlbean.data.TableValueLoader - {aaa=146.0, ccc=-10145.0, bbb=1145.0, ddd=470.6234500000033}
20:43:23.243 [Test worker] TRACE org.xlbean.data.TableValueLoader - {aaa=147.0, ccc=-10146.0, bbb=1146.0, ddd=470.7234500000033}
20:43:23.244 [Test worker] TRACE org.xlbean.data.TableValueLoader - {aaa=148.0, ccc=-10147.0, bbb=1147.0, ddd=470.82345000000333}
20:43:23.244 [Test worker] TRACE org.xlbean.data.TableValueLoader - {aaa=149.0, ccc=-10148.0, bbb=1148.0, ddd=470.92345000000336}
20:43:23.245 [Test worker] TRACE org.xlbean.data.TableValueLoader - {aaa=150.0, ccc=-10149.0, bbb=1149.0, ddd=471.0234500000034}
20:43:23.245 [Test worker] TRACE org.xlbean.data.TableValueLoader - {aaa=151.0, ccc=-10150.0, bbb=1150.0, ddd=471.1234500000034}
20:43:23.245 [Test worker] TRACE org.xlbean.data.TableValueLoader - {aaa=152.0, ccc=-10151.0, bbb=1151.0, ddd=471.2234500000034}
20:43:23.246 [Test worker] TRACE org.xlbean.data.TableValueLoader - {aaa=153.0, ccc=-10152.0, bbb=1152.0, ddd=471.32345000000345}
20:43:23.246 [Test worker] TRACE org.xlbean.data.TableValueLoader - {aaa=154.0, ccc=-10153.0, bbb=1153.0, ddd=471.42345000000347}
20:43:23.247 [Test worker] TRACE org.xlbean.data.TableValueLoader - {aaa=155.0, ccc=-10154.0, bbb=1154.0, ddd=471.5234500000035}
20:43:23.247 [Test worker] TRACE org.xlbean.data.TableValueLoader - {aaa=156.0, ccc=-10155.0, bbb=1155.0, ddd=471.6234500000035}
20:43:23.248 [Test worker] TRACE org.xlbean.data.TableValueLoader - {aaa=157.0, ccc=-10156.0, bbb=1156.0, ddd=471.72345000000354}
20:43:23.248 [Test worker] TRACE org.xlbean.data.TableValueLoader - {aaa=158.0, ccc=-10157.0, bbb=1157.0, ddd=471.82345000000356}
20:43:23.248 [Test worker] TRACE org.xlbean.data.TableValueLoader - {aaa=159.0, ccc=-10158.0, bbb=1158.0, ddd=471.9234500000036}
20:43:23.249 [Test worker] TRACE org.xlbean.data.TableValueLoader - {aaa=160.0, ccc=-10159.0, bbb=1159.0, ddd=472.0234500000036}
20:43:23.249 [Test worker] TRACE org.xlbean.data.TableValueLoader - {aaa=161.0, ccc=-10160.0, bbb=1160.0, ddd=472.12345000000363}
20:43:23.250 [Test worker] TRACE org.xlbean.data.TableValueLoader - {aaa=162.0, ccc=-10161.0, bbb=1161.0, ddd=472.22345000000365}
20:43:23.250 [Test worker] TRACE org.xlbean.data.TableValueLoader - {aaa=163.0, ccc=-10162.0, bbb=1162.0, ddd=472.3234500000037}
20:43:23.251 [Test worker] TRACE org.xlbean.data.TableValueLoader - {aaa=164.0, ccc=-10163.0, bbb=1163.0, ddd=472.4234500000037}
20:43:23.252 [Test worker] TRACE org.xlbean.data.TableValueLoader - {aaa=165.0, ccc=-10164.0, bbb=1164.0, ddd=472.5234500000037}
20:43:23.252 [Test worker] TRACE org.xlbean.data.TableValueLoader - {aaa=166.0, ccc=-10165.0, bbb=1165.0, ddd=472.62345000000374}
20:43:23.253 [Test worker] TRACE org.xlbean.data.TableValueLoader - {aaa=167.0, ccc=-10166.0, bbb=1166.0, ddd=472.72345000000377}
20:43:23.253 [Test worker] TRACE org.xlbean.data.TableValueLoader - {aaa=168.0, ccc=-10167.0, bbb=1167.0, ddd=472.8234500000038}
20:43:23.254 [Test worker] TRACE org.xlbean.data.TableValueLoader - {aaa=169.0, ccc=-10168.0, bbb=1168.0, ddd=472.9234500000038}
20:43:23.254 [Test worker] TRACE org.xlbean.data.TableValueLoader - {aaa=170.0, ccc=-10169.0, bbb=1169.0, ddd=473.02345000000383}
20:43:23.255 [Test worker] TRACE org.xlbean.data.TableValueLoader - {aaa=171.0, ccc=-10170.0, bbb=1170.0, ddd=473.12345000000386}
20:43:23.255 [Test worker] TRACE org.xlbean.data.TableValueLoader - {aaa=172.0, ccc=-10171.0, bbb=1171.0, ddd=473.2234500000039}
20:43:23.256 [Test worker] TRACE org.xlbean.data.TableValueLoader - {aaa=173.0, ccc=-10172.0, bbb=1172.0, ddd=473.3234500000039}
20:43:23.256 [Test worker] TRACE org.xlbean.data.TableValueLoader - {aaa=174.0, ccc=-10173.0, bbb=1173.0, ddd=473.4234500000039}
20:43:23.257 [Test worker] TRACE org.xlbean.data.TableValueLoader - {aaa=175.0, ccc=-10174.0, bbb=1174.0, ddd=473.52345000000395}
20:43:23.257 [Test worker] TRACE org.xlbean.data.TableValueLoader - {aaa=176.0, ccc=-10175.0, bbb=1175.0, ddd=473.62345000000397}
20:43:23.258 [Test worker] TRACE org.xlbean.data.TableValueLoader - {aaa=177.0, ccc=-10176.0, bbb=1176.0, ddd=473.723450000004}
20:43:23.258 [Test worker] TRACE org.xlbean.data.TableValueLoader - {aaa=178.0, ccc=-10177.0, bbb=1177.0, ddd=473.823450000004}
20:43:23.259 [Test worker] TRACE org.xlbean.data.TableValueLoader - {aaa=179.0, ccc=-10178.0, bbb=1178.0, ddd=473.92345000000404}
20:43:23.259 [Test worker] TRACE org.xlbean.data.TableValueLoader - {aaa=180.0, ccc=-10179.0, bbb=1179.0, ddd=474.02345000000406}
20:43:23.260 [Test worker] TRACE org.xlbean.data.TableValueLoader - {aaa=181.0, ccc=-10180.0, bbb=1180.0, ddd=474.1234500000041}
20:43:23.261 [Test worker] TRACE org.xlbean.data.TableValueLoader - {aaa=182.0, ccc=-10181.0, bbb=1181.0, ddd=474.2234500000041}
20:43:23.261 [Test worker] TRACE org.xlbean.data.TableValueLoader - {aaa=183.0, ccc=-10182.0, bbb=1182.0, ddd=474.32345000000413}
20:43:23.262 [Test worker] TRACE org.xlbean.data.TableValueLoader - {aaa=184.0, ccc=-10183.0, bbb=1183.0, ddd=474.42345000000415}
20:43:23.262 [Test worker] TRACE org.xlbean.data.TableValueLoader - {aaa=185.0, ccc=-10184.0, bbb=1184.0, ddd=474.5234500000042}
20:43:23.263 [Test worker] TRACE org.xlbean.data.TableValueLoader - {aaa=186.0, ccc=-10185.0, bbb=1185.0, ddd=474.6234500000042}
20:43:23.263 [Test worker] TRACE org.xlbean.data.TableValueLoader - {aaa=187.0, ccc=-10186.0, bbb=1186.0, ddd=474.7234500000042}
20:43:23.264 [Test worker] TRACE org.xlbean.data.TableValueLoader - {aaa=188.0, ccc=-10187.0, bbb=1187.0, ddd=474.82345000000424}
20:43:23.264 [Test worker] TRACE org.xlbean.data.TableValueLoader - {aaa=189.0, ccc=-10188.0, bbb=1188.0, ddd=474.92345000000427}
20:43:23.265 [Test worker] TRACE org.xlbean.data.TableValueLoader - {aaa=190.0, ccc=-10189.0, bbb=1189.0, ddd=475.0234500000043}
20:43:23.265 [Test worker] TRACE org.xlbean.data.TableValueLoader - {aaa=191.0, ccc=-10190.0, bbb=1190.0, ddd=475.1234500000043}
20:43:23.265 [Test worker] TRACE org.xlbean.data.TableValueLoader - {aaa=192.0, ccc=-10191.0, bbb=1191.0, ddd=475.22345000000433}
20:43:23.266 [Test worker] TRACE org.xlbean.data.TableValueLoader - {aaa=193.0, ccc=-10192.0, bbb=1192.0, ddd=475.32345000000436}
20:43:23.266 [Test worker] TRACE org.xlbean.data.TableValueLoader - {aaa=194.0, ccc=-10193.0, bbb=1193.0, ddd=475.4234500000044}
20:43:23.267 [Test worker] TRACE org.xlbean.data.TableValueLoader - {aaa=195.0, ccc=-10194.0, bbb=1194.0, ddd=475.5234500000044}
20:43:23.268 [Test worker] TRACE org.xlbean.data.TableValueLoader - {aaa=196.0, ccc=-10195.0, bbb=1195.0, ddd=475.6234500000044}
20:43:23.268 [Test worker] TRACE org.xlbean.data.TableValueLoader - {aaa=197.0, ccc=-10196.0, bbb=1196.0, ddd=475.72345000000445}
20:43:23.269 [Test worker] TRACE org.xlbean.data.TableValueLoader - {aaa=198.0, ccc=-10197.0, bbb=1197.0, ddd=475.82345000000447}
20:43:23.269 [Test worker] TRACE org.xlbean.data.TableValueLoader - {aaa=199.0, ccc=-10198.0, bbb=1198.0, ddd=475.9234500000045}
20:43:23.270 [Test worker] TRACE org.xlbean.data.TableValueLoader - {aaa=200.0, ccc=-10199.0, bbb=1199.0, ddd=476.0234500000045}
20:43:23.271 [Test worker] TRACE org.xlbean.data.TableValueLoader - {aaa=201.0, ccc=-10200.0, bbb=1200.0, ddd=476.12345000000454}
20:43:23.271 [Test worker] TRACE org.xlbean.data.TableValueLoader - {aaa=202.0, ccc=-10201.0, bbb=1201.0, ddd=476.22345000000456}
20:43:23.272 [Test worker] TRACE org.xlbean.data.TableValueLoader - {aaa=203.0, ccc=-10202.0, bbb=1202.0, ddd=476.3234500000046}
20:43:23.272 [Test worker] TRACE org.xlbean.data.TableValueLoader - {aaa=204.0, ccc=-10203.0, bbb=1203.0, ddd=476.4234500000046}
20:43:23.272 [Test worker] TRACE org.xlbean.data.TableValueLoader - {aaa=205.0, ccc=-10204.0, bbb=1204.0, ddd=476.52345000000463}
20:43:23.273 [Test worker] TRACE org.xlbean.data.TableValueLoader - {aaa=206.0, ccc=-10205.0, bbb=1205.0, ddd=476.62345000000465}
20:43:23.273 [Test worker] TRACE org.xlbean.data.TableValueLoader - {aaa=207.0, ccc=-10206.0, bbb=1206.0, ddd=476.7234500000047}
20:43:23.274 [Test worker] TRACE org.xlbean.data.TableValueLoader - {aaa=208.0, ccc=-10207.0, bbb=1207.0, ddd=476.8234500000047}
20:43:23.274 [Test worker] TRACE org.xlbean.data.TableValueLoader - {aaa=209.0, ccc=-10208.0, bbb=1208.0, ddd=476.9234500000047}
20:43:23.275 [Test worker] TRACE org.xlbean.data.TableValueLoader - {aaa=210.0, ccc=-10209.0, bbb=1209.0, ddd=477.02345000000474}
20:43:23.275 [Test worker] TRACE org.xlbean.data.TableValueLoader - {aaa=211.0, ccc=-10210.0, bbb=1210.0, ddd=477.12345000000477}
20:43:23.276 [Test worker] TRACE org.xlbean.data.TableValueLoader - {aaa=212.0, ccc=-10211.0, bbb=1211.0, ddd=477.2234500000048}
20:43:23.276 [Test worker] TRACE org.xlbean.data.TableValueLoader - {aaa=213.0, ccc=-10212.0, bbb=1212.0, ddd=477.3234500000048}
20:43:23.277 [Test worker] TRACE org.xlbean.data.TableValueLoader - {aaa=214.0, ccc=-10213.0, bbb=1213.0, ddd=477.42345000000483}
20:43:23.277 [Test worker] TRACE org.xlbean.data.TableValueLoader - {aaa=215.0, ccc=-10214.0, bbb=1214.0, ddd=477.52345000000486}
20:43:23.278 [Test worker] TRACE org.xlbean.data.TableValueLoader - {aaa=216.0, ccc=-10215.0, bbb=1215.0, ddd=477.6234500000049}
20:43:23.278 [Test worker] TRACE org.xlbean.data.TableValueLoader - {aaa=217.0, ccc=-10216.0, bbb=1216.0, ddd=477.7234500000049}
20:43:23.278 [Test worker] TRACE org.xlbean.data.TableValueLoader - {aaa=218.0, ccc=-10217.0, bbb=1217.0, ddd=477.8234500000049}
20:43:23.279 [Test worker] TRACE org.xlbean.data.TableValueLoader - {aaa=219.0, ccc=-10218.0, bbb=1218.0, ddd=477.92345000000495}
20:43:23.280 [Test worker] TRACE org.xlbean.data.TableValueLoader - {aaa=220.0, ccc=-10219.0, bbb=1219.0, ddd=478.02345000000497}
20:43:23.280 [Test worker] TRACE org.xlbean.data.TableValueLoader - {aaa=221.0, ccc=-10220.0, bbb=1220.0, ddd=478.123450000005}
20:43:23.280 [Test worker] TRACE org.xlbean.data.TableValueLoader - {aaa=222.0, ccc=-10221.0, bbb=1221.0, ddd=478.223450000005}
20:43:23.281 [Test worker] TRACE org.xlbean.data.TableValueLoader - {aaa=223.0, ccc=-10222.0, bbb=1222.0, ddd=478.32345000000504}
20:43:23.281 [Test worker] TRACE org.xlbean.data.TableValueLoader - {aaa=224.0, ccc=-10223.0, bbb=1223.0, ddd=478.42345000000506}
20:43:23.282 [Test worker] TRACE org.xlbean.data.TableValueLoader - {aaa=225.0, ccc=-10224.0, bbb=1224.0, ddd=478.5234500000051}
20:43:23.282 [Test worker] TRACE org.xlbean.data.TableValueLoader - {aaa=226.0, ccc=-10225.0, bbb=1225.0, ddd=478.6234500000051}
20:43:23.282 [Test worker] TRACE org.xlbean.data.TableValueLoader - {aaa=227.0, ccc=-10226.0, bbb=1226.0, ddd=478.72345000000513}
20:43:23.283 [Test worker] TRACE org.xlbean.data.TableValueLoader - {aaa=228.0, ccc=-10227.0, bbb=1227.0, ddd=478.82345000000515}
20:43:23.284 [Test worker] TRACE org.xlbean.data.TableValueLoader - {aaa=229.0, ccc=-10228.0, bbb=1228.0, ddd=478.9234500000052}
20:43:23.284 [Test worker] TRACE org.xlbean.data.TableValueLoader - {aaa=230.0, ccc=-10229.0, bbb=1229.0, ddd=479.0234500000052}
20:43:23.285 [Test worker] TRACE org.xlbean.data.TableValueLoader - {aaa=231.0, ccc=-10230.0, bbb=1230.0, ddd=479.1234500000052}
20:43:23.285 [Test worker] TRACE org.xlbean.data.TableValueLoader - {aaa=232.0, ccc=-10231.0, bbb=1231.0, ddd=479.22345000000524}
20:43:23.285 [Test worker] TRACE org.xlbean.data.TableValueLoader - {aaa=233.0, ccc=-10232.0, bbb=1232.0, ddd=479.32345000000527}
20:43:23.286 [Test worker] TRACE org.xlbean.data.TableValueLoader - {aaa=234.0, ccc=-10233.0, bbb=1233.0, ddd=479.4234500000053}
20:43:23.286 [Test worker] TRACE org.xlbean.data.TableValueLoader - {aaa=235.0, ccc=-10234.0, bbb=1234.0, ddd=479.5234500000053}
20:43:23.287 [Test worker] TRACE org.xlbean.data.TableValueLoader - {aaa=236.0, ccc=-10235.0, bbb=1235.0, ddd=479.62345000000533}
20:43:23.287 [Test worker] TRACE org.xlbean.data.TableValueLoader - {aaa=237.0, ccc=-10236.0, bbb=1236.0, ddd=479.72345000000536}
20:43:23.288 [Test worker] TRACE org.xlbean.data.TableValueLoader - {aaa=238.0, ccc=-10237.0, bbb=1237.0, ddd=479.8234500000054}
20:43:23.288 [Test worker] TRACE org.xlbean.data.TableValueLoader - {aaa=239.0, ccc=-10238.0, bbb=1238.0, ddd=479.9234500000054}
20:43:23.288 [Test worker] TRACE org.xlbean.data.TableValueLoader - {aaa=240.0, ccc=-10239.0, bbb=1239.0, ddd=480.0234500000054}
20:43:23.289 [Test worker] TRACE org.xlbean.data.TableValueLoader - {aaa=241.0, ccc=-10240.0, bbb=1240.0, ddd=480.12345000000545}
20:43:23.290 [Test worker] TRACE org.xlbean.data.TableValueLoader - {aaa=242.0, ccc=-10241.0, bbb=1241.0, ddd=480.22345000000547}
20:43:23.290 [Test worker] TRACE org.xlbean.data.TableValueLoader - {aaa=243.0, ccc=-10242.0, bbb=1242.0, ddd=480.3234500000055}
20:43:23.290 [Test worker] TRACE org.xlbean.data.TableValueLoader - {aaa=244.0, ccc=-10243.0, bbb=1243.0, ddd=480.4234500000055}
20:43:23.291 [Test worker] TRACE org.xlbean.data.TableValueLoader - {aaa=245.0, ccc=-10244.0, bbb=1244.0, ddd=480.52345000000554}
20:43:23.291 [Test worker] TRACE org.xlbean.data.TableValueLoader - {aaa=246.0, ccc=-10245.0, bbb=1245.0, ddd=480.62345000000556}
20:43:23.292 [Test worker] TRACE org.xlbean.data.TableValueLoader - {aaa=247.0, ccc=-10246.0, bbb=1246.0, ddd=480.7234500000056}
20:43:23.292 [Test worker] TRACE org.xlbean.data.TableValueLoader - {aaa=248.0, ccc=-10247.0, bbb=1247.0, ddd=480.8234500000056}
20:43:23.293 [Test worker] TRACE org.xlbean.data.TableValueLoader - {aaa=249.0, ccc=-10248.0, bbb=1248.0, ddd=480.92345000000563}
20:43:23.293 [Test worker] TRACE org.xlbean.data.TableValueLoader - {aaa=250.0, ccc=-10249.0, bbb=1249.0, ddd=481.02345000000565}
20:43:23.294 [Test worker] TRACE org.xlbean.data.TableValueLoader - {aaa=251.0, ccc=-10250.0, bbb=1250.0, ddd=481.1234500000057}
20:43:23.294 [Test worker] TRACE org.xlbean.data.TableValueLoader - {aaa=252.0, ccc=-10251.0, bbb=1251.0, ddd=481.2234500000057}
20:43:23.294 [Test worker] TRACE org.xlbean.data.TableValueLoader - {aaa=253.0, ccc=-10252.0, bbb=1252.0, ddd=481.3234500000057}
20:43:23.295 [Test worker] TRACE org.xlbean.data.TableValueLoader - {aaa=254.0, ccc=-10253.0, bbb=1253.0, ddd=481.42345000000574}
20:43:23.295 [Test worker] TRACE org.xlbean.data.TableValueLoader - {aaa=255.0, ccc=-10254.0, bbb=1254.0, ddd=481.52345000000577}
20:43:23.296 [Test worker] TRACE org.xlbean.data.TableValueLoader - {aaa=256.0, ccc=-10255.0, bbb=1255.0, ddd=481.6234500000058}
20:43:23.296 [Test worker] TRACE org.xlbean.data.TableValueLoader - {aaa=257.0, ccc=-10256.0, bbb=1256.0, ddd=481.7234500000058}
20:43:23.296 [Test worker] TRACE org.xlbean.data.TableValueLoader - {aaa=258.0, ccc=-10257.0, bbb=1257.0, ddd=481.82345000000583}
20:43:23.297 [Test worker] TRACE org.xlbean.data.TableValueLoader - {aaa=259.0, ccc=-10258.0, bbb=1258.0, ddd=481.92345000000586}
20:43:23.297 [Test worker] TRACE org.xlbean.data.TableValueLoader - {aaa=260.0, ccc=-10259.0, bbb=1259.0, ddd=482.0234500000059}
20:43:23.298 [Test worker] TRACE org.xlbean.data.TableValueLoader - {aaa=261.0, ccc=-10260.0, bbb=1260.0, ddd=482.1234500000059}
20:43:23.298 [Test worker] TRACE org.xlbean.data.TableValueLoader - {aaa=262.0, ccc=-10261.0, bbb=1261.0, ddd=482.2234500000059}
20:43:23.299 [Test worker] TRACE org.xlbean.data.TableValueLoader - {aaa=263.0, ccc=-10262.0, bbb=1262.0, ddd=482.32345000000595}
20:43:23.300 [Test worker] TRACE org.xlbean.data.TableValueLoader - {aaa=264.0, ccc=-10263.0, bbb=1263.0, ddd=482.42345000000597}
20:43:23.300 [Test worker] TRACE org.xlbean.data.TableValueLoader - {aaa=265.0, ccc=-10264.0, bbb=1264.0, ddd=482.523450000006}
20:43:23.300 [Test worker] TRACE org.xlbean.data.TableValueLoader - {aaa=266.0, ccc=-10265.0, bbb=1265.0, ddd=482.623450000006}
20:43:23.301 [Test worker] TRACE org.xlbean.data.TableValueLoader - {aaa=267.0, ccc=-10266.0, bbb=1266.0, ddd=482.72345000000604}
20:43:23.301 [Test worker] TRACE org.xlbean.data.TableValueLoader - {aaa=268.0, ccc=-10267.0, bbb=1267.0, ddd=482.82345000000606}
20:43:23.302 [Test worker] TRACE org.xlbean.data.TableValueLoader - {aaa=269.0, ccc=-10268.0, bbb=1268.0, ddd=482.9234500000061}
20:43:23.302 [Test worker] TRACE org.xlbean.data.TableValueLoader - {aaa=270.0, ccc=-10269.0, bbb=1269.0, ddd=483.0234500000061}
20:43:23.303 [Test worker] TRACE org.xlbean.data.TableValueLoader - {aaa=271.0, ccc=-10270.0, bbb=1270.0, ddd=483.12345000000613}
20:43:23.303 [Test worker] TRACE org.xlbean.data.TableValueLoader - {aaa=272.0, ccc=-10271.0, bbb=1271.0, ddd=483.22345000000615}
20:43:23.304 [Test worker] TRACE org.xlbean.data.TableValueLoader - {aaa=273.0, ccc=-10272.0, bbb=1272.0, ddd=483.3234500000062}
20:43:23.304 [Test worker] TRACE org.xlbean.data.TableValueLoader - {aaa=274.0, ccc=-10273.0, bbb=1273.0, ddd=483.4234500000062}
20:43:23.304 [Test worker] TRACE org.xlbean.data.TableValueLoader - {aaa=275.0, ccc=-10274.0, bbb=1274.0, ddd=483.5234500000062}
20:43:23.305 [Test worker] TRACE org.xlbean.data.TableValueLoader - {aaa=276.0, ccc=-10275.0, bbb=1275.0, ddd=483.62345000000624}
20:43:23.305 [Test worker] TRACE org.xlbean.data.TableValueLoader - {aaa=277.0, ccc=-10276.0, bbb=1276.0, ddd=483.72345000000627}
20:43:23.305 [Test worker] TRACE org.xlbean.data.TableValueLoader - {aaa=278.0, ccc=-10277.0, bbb=1277.0, ddd=483.8234500000063}
20:43:23.306 [Test worker] TRACE org.xlbean.data.TableValueLoader - {aaa=279.0, ccc=-10278.0, bbb=1278.0, ddd=483.9234500000063}
20:43:23.306 [Test worker] TRACE org.xlbean.data.TableValueLoader - {aaa=280.0, ccc=-10279.0, bbb=1279.0, ddd=484.02345000000633}
20:43:23.307 [Test worker] TRACE org.xlbean.data.TableValueLoader - {aaa=281.0, ccc=-10280.0, bbb=1280.0, ddd=484.12345000000636}
20:43:23.307 [Test worker] TRACE org.xlbean.data.TableValueLoader - {aaa=282.0, ccc=-10281.0, bbb=1281.0, ddd=484.2234500000064}
20:43:23.307 [Test worker] TRACE org.xlbean.data.TableValueLoader - {aaa=283.0, ccc=-10282.0, bbb=1282.0, ddd=484.3234500000064}
20:43:23.308 [Test worker] TRACE org.xlbean.data.TableValueLoader - {aaa=284.0, ccc=-10283.0, bbb=1283.0, ddd=484.4234500000064}
20:43:23.309 [Test worker] TRACE org.xlbean.data.TableValueLoader - {aaa=285.0, ccc=-10284.0, bbb=1284.0, ddd=484.52345000000645}
20:43:23.309 [Test worker] TRACE org.xlbean.data.TableValueLoader - {aaa=286.0, ccc=-10285.0, bbb=1285.0, ddd=484.62345000000647}
20:43:23.309 [Test worker] TRACE org.xlbean.data.TableValueLoader - {aaa=287.0, ccc=-10286.0, bbb=1286.0, ddd=484.7234500000065}
20:43:23.310 [Test worker] TRACE org.xlbean.data.TableValueLoader - {aaa=288.0, ccc=-10287.0, bbb=1287.0, ddd=484.8234500000065}
20:43:23.310 [Test worker] TRACE org.xlbean.data.TableValueLoader - {aaa=289.0, ccc=-10288.0, bbb=1288.0, ddd=484.92345000000654}
20:43:23.311 [Test worker] TRACE org.xlbean.data.TableValueLoader - {aaa=290.0, ccc=-10289.0, bbb=1289.0, ddd=485.02345000000656}
20:43:23.312 [Test worker] TRACE org.xlbean.data.TableValueLoader - {aaa=291.0, ccc=-10290.0, bbb=1290.0, ddd=485.1234500000066}
20:43:23.312 [Test worker] TRACE org.xlbean.data.TableValueLoader - {aaa=292.0, ccc=-10291.0, bbb=1291.0, ddd=485.2234500000066}
20:43:23.312 [Test worker] TRACE org.xlbean.data.TableValueLoader - {aaa=293.0, ccc=-10292.0, bbb=1292.0, ddd=485.32345000000663}
20:43:23.313 [Test worker] TRACE org.xlbean.data.TableValueLoader - {aaa=294.0, ccc=-10293.0, bbb=1293.0, ddd=485.42345000000665}
20:43:23.313 [Test worker] TRACE org.xlbean.data.TableValueLoader - {aaa=295.0, ccc=-10294.0, bbb=1294.0, ddd=485.5234500000067}
20:43:23.314 [Test worker] TRACE org.xlbean.data.TableValueLoader - {aaa=296.0, ccc=-10295.0, bbb=1295.0, ddd=485.6234500000067}
20:43:23.314 [Test worker] TRACE org.xlbean.data.TableValueLoader - {aaa=297.0, ccc=-10296.0, bbb=1296.0, ddd=485.7234500000067}
20:43:23.314 [Test worker] TRACE org.xlbean.data.TableValueLoader - {aaa=298.0, ccc=-10297.0, bbb=1297.0, ddd=485.82345000000674}
20:43:23.315 [Test worker] TRACE org.xlbean.data.TableValueLoader - {aaa=299.0, ccc=-10298.0, bbb=1298.0, ddd=485.92345000000677}
20:43:23.315 [Test worker] TRACE org.xlbean.data.TableValueLoader - {aaa=300.0, ccc=-10299.0, bbb=1299.0, ddd=486.0234500000068}
20:43:23.316 [Test worker] TRACE org.xlbean.data.TableValueLoader - {aaa=301.0, ccc=-10300.0, bbb=1300.0, ddd=486.1234500000068}
20:43:23.316 [Test worker] TRACE org.xlbean.data.TableValueLoader - {aaa=302.0, ccc=-10301.0, bbb=1301.0, ddd=486.22345000000684}
20:43:23.316 [Test worker] TRACE org.xlbean.data.TableValueLoader - {aaa=303.0, ccc=-10302.0, bbb=1302.0, ddd=486.32345000000686}
20:43:23.317 [Test worker] TRACE org.xlbean.data.TableValueLoader - {aaa=304.0, ccc=-10303.0, bbb=1303.0, ddd=486.4234500000069}
20:43:23.318 [Test worker] TRACE org.xlbean.data.TableValueLoader - {aaa=305.0, ccc=-10304.0, bbb=1304.0, ddd=486.5234500000069}
20:43:23.318 [Test worker] TRACE org.xlbean.data.TableValueLoader - {aaa=306.0, ccc=-10305.0, bbb=1305.0, ddd=486.6234500000069}
20:43:23.318 [Test worker] TRACE org.xlbean.data.TableValueLoader - {aaa=307.0, ccc=-10306.0, bbb=1306.0, ddd=486.72345000000695}
20:43:23.319 [Test worker] TRACE org.xlbean.data.TableValueLoader - {aaa=308.0, ccc=-10307.0, bbb=1307.0, ddd=486.82345000000697}
20:43:23.320 [Test worker] TRACE org.xlbean.data.TableValueLoader - {aaa=309.0, ccc=-10308.0, bbb=1308.0, ddd=486.923450000007}
20:43:23.320 [Test worker] TRACE org.xlbean.data.TableValueLoader - {aaa=310.0, ccc=-10309.0, bbb=1309.0, ddd=487.023450000007}
20:43:23.320 [Test worker] TRACE org.xlbean.data.TableValueLoader - {aaa=311.0, ccc=-10310.0, bbb=1310.0, ddd=487.12345000000704}
20:43:23.321 [Test worker] TRACE org.xlbean.data.TableValueLoader - {aaa=312.0, ccc=-10311.0, bbb=1311.0, ddd=487.22345000000706}
20:43:23.321 [Test worker] TRACE org.xlbean.data.TableValueLoader - {aaa=313.0, ccc=-10312.0, bbb=1312.0, ddd=487.3234500000071}
20:43:23.321 [Test worker] TRACE org.xlbean.data.TableValueLoader - {aaa=314.0, ccc=-10313.0, bbb=1313.0, ddd=487.4234500000071}
20:43:23.322 [Test worker] TRACE org.xlbean.data.TableValueLoader - {aaa=315.0, ccc=-10314.0, bbb=1314.0, ddd=487.52345000000713}
20:43:23.322 [Test worker] TRACE org.xlbean.data.TableValueLoader - {aaa=316.0, ccc=-10315.0, bbb=1315.0, ddd=487.62345000000715}
20:43:23.322 [Test worker] TRACE org.xlbean.data.TableValueLoader - {aaa=317.0, ccc=-10316.0, bbb=1316.0, ddd=487.7234500000072}
20:43:23.323 [Test worker] TRACE org.xlbean.data.TableValueLoader - {aaa=318.0, ccc=-10317.0, bbb=1317.0, ddd=487.8234500000072}
20:43:23.323 [Test worker] TRACE org.xlbean.data.TableValueLoader - {aaa=319.0, ccc=-10318.0, bbb=1318.0, ddd=487.9234500000072}
20:43:23.324 [Test worker] TRACE org.xlbean.data.TableValueLoader - {aaa=320.0, ccc=-10319.0, bbb=1319.0, ddd=488.02345000000724}
20:43:23.324 [Test worker] TRACE org.xlbean.data.TableValueLoader - {aaa=321.0, ccc=-10320.0, bbb=1320.0, ddd=488.12345000000727}
20:43:23.324 [Test worker] TRACE org.xlbean.data.TableValueLoader - {aaa=322.0, ccc=-10321.0, bbb=1321.0, ddd=488.2234500000073}
20:43:23.325 [Test worker] TRACE org.xlbean.data.TableValueLoader - {aaa=323.0, ccc=-10322.0, bbb=1322.0, ddd=488.3234500000073}
20:43:23.325 [Test worker] TRACE org.xlbean.data.TableValueLoader - {aaa=324.0, ccc=-10323.0, bbb=1323.0, ddd=488.42345000000734}
20:43:23.325 [Test worker] TRACE org.xlbean.data.TableValueLoader - {aaa=325.0, ccc=-10324.0, bbb=1324.0, ddd=488.52345000000736}
20:43:23.326 [Test worker] TRACE org.xlbean.data.TableValueLoader - {aaa=326.0, ccc=-10325.0, bbb=1325.0, ddd=488.6234500000074}
20:43:23.326 [Test worker] TRACE org.xlbean.data.TableValueLoader - {aaa=327.0, ccc=-10326.0, bbb=1326.0, ddd=488.7234500000074}
20:43:23.326 [Test worker] TRACE org.xlbean.data.TableValueLoader - {aaa=328.0, ccc=-10327.0, bbb=1327.0, ddd=488.8234500000074}
20:43:23.327 [Test worker] TRACE org.xlbean.data.TableValueLoader - {aaa=329.0, ccc=-10328.0, bbb=1328.0, ddd=488.92345000000745}
20:43:23.327 [Test worker] TRACE org.xlbean.data.TableValueLoader - {aaa=330.0, ccc=-10329.0, bbb=1329.0, ddd=489.0234500000075}
20:43:23.328 [Test worker] TRACE org.xlbean.data.TableValueLoader - {aaa=331.0, ccc=-10330.0, bbb=1330.0, ddd=489.1234500000075}
20:43:23.328 [Test worker] TRACE org.xlbean.data.TableValueLoader - {aaa=332.0, ccc=-10331.0, bbb=1331.0, ddd=489.2234500000075}
20:43:23.328 [Test worker] TRACE org.xlbean.data.TableValueLoader - {aaa=333.0, ccc=-10332.0, bbb=1332.0, ddd=489.32345000000754}
20:43:23.329 [Test worker] TRACE org.xlbean.data.TableValueLoader - {aaa=334.0, ccc=-10333.0, bbb=1333.0, ddd=489.42345000000756}
20:43:23.329 [Test worker] TRACE org.xlbean.data.TableValueLoader - {aaa=335.0, ccc=-10334.0, bbb=1334.0, ddd=489.5234500000076}
20:43:23.329 [Test worker] TRACE org.xlbean.data.TableValueLoader - {aaa=336.0, ccc=-10335.0, bbb=1335.0, ddd=489.6234500000076}
20:43:23.330 [Test worker] TRACE org.xlbean.data.TableValueLoader - {aaa=337.0, ccc=-10336.0, bbb=1336.0, ddd=489.72345000000763}
20:43:23.330 [Test worker] TRACE org.xlbean.data.TableValueLoader - {aaa=338.0, ccc=-10337.0, bbb=1337.0, ddd=489.82345000000765}
20:43:23.331 [Test worker] TRACE org.xlbean.data.TableValueLoader - {aaa=339.0, ccc=-10338.0, bbb=1338.0, ddd=489.9234500000077}
20:43:23.331 [Test worker] TRACE org.xlbean.data.TableValueLoader - {aaa=340.0, ccc=-10339.0, bbb=1339.0, ddd=490.0234500000077}
20:43:23.332 [Test worker] TRACE org.xlbean.data.TableValueLoader - {aaa=341.0, ccc=-10340.0, bbb=1340.0, ddd=490.1234500000077}
20:43:23.332 [Test worker] TRACE org.xlbean.data.TableValueLoader - {aaa=342.0, ccc=-10341.0, bbb=1341.0, ddd=490.22345000000774}
20:43:23.333 [Test worker] TRACE org.xlbean.data.TableValueLoader - {aaa=343.0, ccc=-10342.0, bbb=1342.0, ddd=490.32345000000777}
20:43:23.333 [Test worker] TRACE org.xlbean.data.TableValueLoader - {aaa=344.0, ccc=-10343.0, bbb=1343.0, ddd=490.4234500000078}
20:43:23.334 [Test worker] TRACE org.xlbean.data.TableValueLoader - {aaa=345.0, ccc=-10344.0, bbb=1344.0, ddd=490.5234500000078}
20:43:23.334 [Test worker] TRACE org.xlbean.data.TableValueLoader - {aaa=346.0, ccc=-10345.0, bbb=1345.0, ddd=490.62345000000784}
20:43:23.335 [Test worker] TRACE org.xlbean.data.TableValueLoader - {aaa=347.0, ccc=-10346.0, bbb=1346.0, ddd=490.72345000000786}
20:43:23.335 [Test worker] TRACE org.xlbean.data.TableValueLoader - {aaa=348.0, ccc=-10347.0, bbb=1347.0, ddd=490.8234500000079}
20:43:23.335 [Test worker] TRACE org.xlbean.data.TableValueLoader - {aaa=349.0, ccc=-10348.0, bbb=1348.0, ddd=490.9234500000079}
20:43:23.336 [Test worker] TRACE org.xlbean.data.TableValueLoader - {aaa=350.0, ccc=-10349.0, bbb=1349.0, ddd=491.0234500000079}
20:43:23.336 [Test worker] TRACE org.xlbean.data.TableValueLoader - {aaa=351.0, ccc=-10350.0, bbb=1350.0, ddd=491.12345000000795}
20:43:23.337 [Test worker] TRACE org.xlbean.data.TableValueLoader - {aaa=352.0, ccc=-10351.0, bbb=1351.0, ddd=491.223450000008}
20:43:23.337 [Test worker] TRACE org.xlbean.data.TableValueLoader - {aaa=353.0, ccc=-10352.0, bbb=1352.0, ddd=491.323450000008}
20:43:23.337 [Test worker] TRACE org.xlbean.data.TableValueLoader - {aaa=354.0, ccc=-10353.0, bbb=1353.0, ddd=491.423450000008}
20:43:23.338 [Test worker] TRACE org.xlbean.data.TableValueLoader - {aaa=355.0, ccc=-10354.0, bbb=1354.0, ddd=491.52345000000804}
20:43:23.338 [Test worker] TRACE org.xlbean.data.TableValueLoader - {aaa=356.0, ccc=-10355.0, bbb=1355.0, ddd=491.62345000000806}
20:43:23.338 [Test worker] TRACE org.xlbean.data.TableValueLoader - {aaa=357.0, ccc=-10356.0, bbb=1356.0, ddd=491.7234500000081}
20:43:23.339 [Test worker] TRACE org.xlbean.data.TableValueLoader - {aaa=358.0, ccc=-10357.0, bbb=1357.0, ddd=491.8234500000081}
20:43:23.339 [Test worker] TRACE org.xlbean.data.TableValueLoader - {aaa=359.0, ccc=-10358.0, bbb=1358.0, ddd=491.92345000000813}
20:43:23.340 [Test worker] TRACE org.xlbean.data.TableValueLoader - {aaa=360.0, ccc=-10359.0, bbb=1359.0, ddd=492.02345000000815}
20:43:23.340 [Test worker] TRACE org.xlbean.data.TableValueLoader - {aaa=361.0, ccc=-10360.0, bbb=1360.0, ddd=492.1234500000082}
20:43:23.340 [Test worker] TRACE org.xlbean.data.TableValueLoader - {aaa=362.0, ccc=-10361.0, bbb=1361.0, ddd=492.2234500000082}
20:43:23.341 [Test worker] TRACE org.xlbean.data.TableValueLoader - {aaa=363.0, ccc=-10362.0, bbb=1362.0, ddd=492.3234500000082}
20:43:23.341 [Test worker] TRACE org.xlbean.data.TableValueLoader - {aaa=364.0, ccc=-10363.0, bbb=1363.0, ddd=492.42345000000824}
20:43:23.341 [Test worker] TRACE org.xlbean.data.TableValueLoader - {aaa=365.0, ccc=-10364.0, bbb=1364.0, ddd=492.52345000000827}
20:43:23.342 [Test worker] TRACE org.xlbean.data.TableValueLoader - {aaa=366.0, ccc=-10365.0, bbb=1365.0, ddd=492.6234500000083}
20:43:23.342 [Test worker] TRACE org.xlbean.data.TableValueLoader - {aaa=367.0, ccc=-10366.0, bbb=1366.0, ddd=492.7234500000083}
20:43:23.342 [Test worker] TRACE org.xlbean.data.TableValueLoader - {aaa=368.0, ccc=-10367.0, bbb=1367.0, ddd=492.82345000000834}
20:43:23.343 [Test worker] TRACE org.xlbean.data.TableValueLoader - {aaa=369.0, ccc=-10368.0, bbb=1368.0, ddd=492.92345000000836}
20:43:23.343 [Test worker] TRACE org.xlbean.data.TableValueLoader - {aaa=370.0, ccc=-10369.0, bbb=1369.0, ddd=493.0234500000084}
20:43:23.343 [Test worker] TRACE org.xlbean.data.TableValueLoader - {aaa=371.0, ccc=-10370.0, bbb=1370.0, ddd=493.1234500000084}
20:43:23.344 [Test worker] TRACE org.xlbean.data.TableValueLoader - {aaa=372.0, ccc=-10371.0, bbb=1371.0, ddd=493.2234500000084}
20:43:23.344 [Test worker] TRACE org.xlbean.data.TableValueLoader - {aaa=373.0, ccc=-10372.0, bbb=1372.0, ddd=493.32345000000845}
20:43:23.344 [Test worker] TRACE org.xlbean.data.TableValueLoader - {aaa=374.0, ccc=-10373.0, bbb=1373.0, ddd=493.4234500000085}
20:43:23.345 [Test worker] TRACE org.xlbean.data.TableValueLoader - {aaa=375.0, ccc=-10374.0, bbb=1374.0, ddd=493.5234500000085}
20:43:23.345 [Test worker] TRACE org.xlbean.data.TableValueLoader - {aaa=376.0, ccc=-10375.0, bbb=1375.0, ddd=493.6234500000085}
20:43:23.345 [Test worker] TRACE org.xlbean.data.TableValueLoader - {aaa=377.0, ccc=-10376.0, bbb=1376.0, ddd=493.72345000000854}
20:43:23.346 [Test worker] TRACE org.xlbean.data.TableValueLoader - {aaa=378.0, ccc=-10377.0, bbb=1377.0, ddd=493.82345000000856}
20:43:23.346 [Test worker] TRACE org.xlbean.data.TableValueLoader - {aaa=379.0, ccc=-10378.0, bbb=1378.0, ddd=493.9234500000086}
20:43:23.346 [Test worker] TRACE org.xlbean.data.TableValueLoader - {aaa=380.0, ccc=-10379.0, bbb=1379.0, ddd=494.0234500000086}
20:43:23.347 [Test worker] TRACE org.xlbean.data.TableValueLoader - {aaa=381.0, ccc=-10380.0, bbb=1380.0, ddd=494.12345000000863}
20:43:23.347 [Test worker] TRACE org.xlbean.data.TableValueLoader - {aaa=382.0, ccc=-10381.0, bbb=1381.0, ddd=494.22345000000865}
20:43:23.348 [Test worker] TRACE org.xlbean.data.TableValueLoader - {aaa=383.0, ccc=-10382.0, bbb=1382.0, ddd=494.3234500000087}
20:43:23.348 [Test worker] TRACE org.xlbean.data.TableValueLoader - {aaa=384.0, ccc=-10383.0, bbb=1383.0, ddd=494.4234500000087}
20:43:23.349 [Test worker] TRACE org.xlbean.data.TableValueLoader - {aaa=385.0, ccc=-10384.0, bbb=1384.0, ddd=494.5234500000087}
20:43:23.349 [Test worker] TRACE org.xlbean.data.TableValueLoader - {aaa=386.0, ccc=-10385.0, bbb=1385.0, ddd=494.62345000000875}
20:43:23.350 [Test worker] TRACE org.xlbean.data.TableValueLoader - {aaa=387.0, ccc=-10386.0, bbb=1386.0, ddd=494.72345000000877}
20:43:23.351 [Test worker] TRACE org.xlbean.data.TableValueLoader - {aaa=388.0, ccc=-10387.0, bbb=1387.0, ddd=494.8234500000088}
20:43:23.352 [Test worker] TRACE org.xlbean.data.TableValueLoader - {aaa=389.0, ccc=-10388.0, bbb=1388.0, ddd=494.9234500000088}
20:43:23.353 [Test worker] TRACE org.xlbean.data.TableValueLoader - {aaa=390.0, ccc=-10389.0, bbb=1389.0, ddd=495.02345000000884}
20:43:23.353 [Test worker] TRACE org.xlbean.data.TableValueLoader - {aaa=391.0, ccc=-10390.0, bbb=1390.0, ddd=495.12345000000886}
20:43:23.354 [Test worker] TRACE org.xlbean.data.TableValueLoader - {aaa=392.0, ccc=-10391.0, bbb=1391.0, ddd=495.2234500000089}
20:43:23.354 [Test worker] TRACE org.xlbean.data.TableValueLoader - {aaa=393.0, ccc=-10392.0, bbb=1392.0, ddd=495.3234500000089}
20:43:23.354 [Test worker] TRACE org.xlbean.data.TableValueLoader - {aaa=394.0, ccc=-10393.0, bbb=1393.0, ddd=495.4234500000089}
20:43:23.355 [Test worker] TRACE org.xlbean.data.TableValueLoader - {aaa=395.0, ccc=-10394.0, bbb=1394.0, ddd=495.52345000000895}
20:43:23.355 [Test worker] TRACE org.xlbean.data.TableValueLoader - {aaa=396.0, ccc=-10395.0, bbb=1395.0, ddd=495.623450000009}
20:43:23.356 [Test worker] TRACE org.xlbean.data.TableValueLoader - {aaa=397.0, ccc=-10396.0, bbb=1396.0, ddd=495.723450000009}
20:43:23.356 [Test worker] TRACE org.xlbean.data.TableValueLoader - {aaa=398.0, ccc=-10397.0, bbb=1397.0, ddd=495.823450000009}
20:43:23.356 [Test worker] TRACE org.xlbean.data.TableValueLoader - {aaa=399.0, ccc=-10398.0, bbb=1398.0, ddd=495.92345000000904}
20:43:23.357 [Test worker] TRACE org.xlbean.data.TableValueLoader - {aaa=400.0, ccc=-10399.0, bbb=1399.0, ddd=496.02345000000906}
20:43:23.357 [Test worker] TRACE org.xlbean.data.TableValueLoader - {aaa=401.0, ccc=-10400.0, bbb=1400.0, ddd=496.1234500000091}
20:43:23.358 [Test worker] TRACE org.xlbean.data.TableValueLoader - {aaa=402.0, ccc=-10401.0, bbb=1401.0, ddd=496.2234500000091}
20:43:23.358 [Test worker] TRACE org.xlbean.data.TableValueLoader - {aaa=403.0, ccc=-10402.0, bbb=1402.0, ddd=496.32345000000913}
20:43:23.358 [Test worker] TRACE org.xlbean.data.TableValueLoader - {aaa=404.0, ccc=-10403.0, bbb=1403.0, ddd=496.42345000000915}
20:43:23.359 [Test worker] TRACE org.xlbean.data.TableValueLoader - {aaa=405.0, ccc=-10404.0, bbb=1404.0, ddd=496.5234500000092}
20:43:23.359 [Test worker] TRACE org.xlbean.data.TableValueLoader - {aaa=406.0, ccc=-10405.0, bbb=1405.0, ddd=496.6234500000092}
20:43:23.360 [Test worker] TRACE org.xlbean.data.TableValueLoader - {aaa=407.0, ccc=-10406.0, bbb=1406.0, ddd=496.7234500000092}
20:43:23.360 [Test worker] TRACE org.xlbean.data.TableValueLoader - {aaa=408.0, ccc=-10407.0, bbb=1407.0, ddd=496.82345000000925}
20:43:23.360 [Test worker] TRACE org.xlbean.data.TableValueLoader - {aaa=409.0, ccc=-10408.0, bbb=1408.0, ddd=496.92345000000927}
20:43:23.361 [Test worker] TRACE org.xlbean.data.TableValueLoader - {aaa=410.0, ccc=-10409.0, bbb=1409.0, ddd=497.0234500000093}
20:43:23.361 [Test worker] TRACE org.xlbean.data.TableValueLoader - {aaa=411.0, ccc=-10410.0, bbb=1410.0, ddd=497.1234500000093}
20:43:23.361 [Test worker] TRACE org.xlbean.data.TableValueLoader - {aaa=412.0, ccc=-10411.0, bbb=1411.0, ddd=497.22345000000934}
20:43:23.362 [Test worker] TRACE org.xlbean.data.TableValueLoader - {aaa=413.0, ccc=-10412.0, bbb=1412.0, ddd=497.32345000000936}
20:43:23.362 [Test worker] TRACE org.xlbean.data.TableValueLoader - {aaa=414.0, ccc=-10413.0, bbb=1413.0, ddd=497.4234500000094}
20:43:23.363 [Test worker] TRACE org.xlbean.data.TableValueLoader - {aaa=415.0, ccc=-10414.0, bbb=1414.0, ddd=497.5234500000094}
20:43:23.363 [Test worker] TRACE org.xlbean.data.TableValueLoader - {aaa=416.0, ccc=-10415.0, bbb=1415.0, ddd=497.6234500000094}
20:43:23.363 [Test worker] TRACE org.xlbean.data.TableValueLoader - {aaa=417.0, ccc=-10416.0, bbb=1416.0, ddd=497.72345000000945}
20:43:23.364 [Test worker] TRACE org.xlbean.data.TableValueLoader - {aaa=418.0, ccc=-10417.0, bbb=1417.0, ddd=497.8234500000095}
20:43:23.364 [Test worker] TRACE org.xlbean.data.TableValueLoader - {aaa=419.0, ccc=-10418.0, bbb=1418.0, ddd=497.9234500000095}
20:43:23.365 [Test worker] TRACE org.xlbean.data.TableValueLoader - {aaa=420.0, ccc=-10419.0, bbb=1419.0, ddd=498.0234500000095}
20:43:23.365 [Test worker] TRACE org.xlbean.data.TableValueLoader - {aaa=421.0, ccc=-10420.0, bbb=1420.0, ddd=498.12345000000954}
20:43:23.366 [Test worker] TRACE org.xlbean.data.TableValueLoader - {aaa=422.0, ccc=-10421.0, bbb=1421.0, ddd=498.22345000000956}
20:43:23.366 [Test worker] TRACE org.xlbean.data.TableValueLoader - {aaa=423.0, ccc=-10422.0, bbb=1422.0, ddd=498.3234500000096}
20:43:23.367 [Test worker] TRACE org.xlbean.data.TableValueLoader - {aaa=424.0, ccc=-10423.0, bbb=1423.0, ddd=498.4234500000096}
20:43:23.368 [Test worker] TRACE org.xlbean.data.TableValueLoader - {aaa=425.0, ccc=-10424.0, bbb=1424.0, ddd=498.52345000000963}
20:43:23.368 [Test worker] TRACE org.xlbean.data.TableValueLoader - {aaa=426.0, ccc=-10425.0, bbb=1425.0, ddd=498.62345000000965}
20:43:23.368 [Test worker] TRACE org.xlbean.data.TableValueLoader - {aaa=427.0, ccc=-10426.0, bbb=1426.0, ddd=498.7234500000097}
20:43:23.369 [Test worker] TRACE org.xlbean.data.TableValueLoader - {aaa=428.0, ccc=-10427.0, bbb=1427.0, ddd=498.8234500000097}
20:43:23.369 [Test worker] TRACE org.xlbean.data.TableValueLoader - {aaa=429.0, ccc=-10428.0, bbb=1428.0, ddd=498.9234500000097}
20:43:23.370 [Test worker] TRACE org.xlbean.data.TableValueLoader - {aaa=430.0, ccc=-10429.0, bbb=1429.0, ddd=499.02345000000975}
20:43:23.370 [Test worker] TRACE org.xlbean.data.TableValueLoader - {aaa=431.0, ccc=-10430.0, bbb=1430.0, ddd=499.12345000000977}
20:43:23.370 [Test worker] TRACE org.xlbean.data.TableValueLoader - {aaa=432.0, ccc=-10431.0, bbb=1431.0, ddd=499.2234500000098}
20:43:23.371 [Test worker] TRACE org.xlbean.data.TableValueLoader - {aaa=433.0, ccc=-10432.0, bbb=1432.0, ddd=499.3234500000098}
20:43:23.372 [Test worker] TRACE org.xlbean.data.TableValueLoader - {aaa=434.0, ccc=-10433.0, bbb=1433.0, ddd=499.42345000000984}
20:43:23.372 [Test worker] TRACE org.xlbean.data.TableValueLoader - {aaa=435.0, ccc=-10434.0, bbb=1434.0, ddd=499.52345000000986}
20:43:23.372 [Test worker] TRACE org.xlbean.data.TableValueLoader - {aaa=436.0, ccc=-10435.0, bbb=1435.0, ddd=499.6234500000099}
20:43:23.373 [Test worker] TRACE org.xlbean.data.TableValueLoader - {aaa=437.0, ccc=-10436.0, bbb=1436.0, ddd=499.7234500000099}
20:43:23.373 [Test worker] TRACE org.xlbean.data.TableValueLoader - {aaa=438.0, ccc=-10437.0, bbb=1437.0, ddd=499.8234500000099}
20:43:23.374 [Test worker] TRACE org.xlbean.data.TableValueLoader - {aaa=439.0, ccc=-10438.0, bbb=1438.0, ddd=499.92345000000995}
20:43:23.374 [Test worker] TRACE org.xlbean.data.TableValueLoader - {aaa=440.0, ccc=-10439.0, bbb=1439.0, ddd=500.02345000001}
20:43:23.374 [Test worker] TRACE org.xlbean.data.TableValueLoader - {aaa=441.0, ccc=-10440.0, bbb=1440.0, ddd=500.12345000001}
20:43:23.375 [Test worker] TRACE org.xlbean.data.TableValueLoader - {aaa=442.0, ccc=-10441.0, bbb=1441.0, ddd=500.22345000001}
20:43:23.375 [Test worker] TRACE org.xlbean.data.TableValueLoader - {aaa=443.0, ccc=-10442.0, bbb=1442.0, ddd=500.32345000001004}
20:43:23.376 [Test worker] TRACE org.xlbean.data.TableValueLoader - {aaa=444.0, ccc=-10443.0, bbb=1443.0, ddd=500.42345000001006}
20:43:23.376 [Test worker] TRACE org.xlbean.data.TableValueLoader - {aaa=445.0, ccc=-10444.0, bbb=1444.0, ddd=500.5234500000101}
20:43:23.377 [Test worker] TRACE org.xlbean.data.TableValueLoader - {aaa=446.0, ccc=-10445.0, bbb=1445.0, ddd=500.6234500000101}
20:43:23.377 [Test worker] TRACE org.xlbean.data.TableValueLoader - {aaa=447.0, ccc=-10446.0, bbb=1446.0, ddd=500.72345000001013}
20:43:23.378 [Test worker] TRACE org.xlbean.data.TableValueLoader - {aaa=448.0, ccc=-10447.0, bbb=1447.0, ddd=500.82345000001015}
20:43:23.412 [Test worker] TRACE org.xlbean.data.TableValueLoader - {aaa=449.0, ccc=-10448.0, bbb=1448.0, ddd=500.9234500000102}
20:43:23.412 [Test worker] TRACE org.xlbean.data.TableValueLoader - {aaa=450.0, ccc=-10449.0, bbb=1449.0, ddd=501.0234500000102}
20:43:23.413 [Test worker] TRACE org.xlbean.data.TableValueLoader - {aaa=451.0, ccc=-10450.0, bbb=1450.0, ddd=501.1234500000102}
20:43:23.413 [Test worker] TRACE org.xlbean.data.TableValueLoader - {aaa=452.0, ccc=-10451.0, bbb=1451.0, ddd=501.22345000001025}
20:43:23.413 [Test worker] TRACE org.xlbean.data.TableValueLoader - {aaa=453.0, ccc=-10452.0, bbb=1452.0, ddd=501.32345000001027}
20:43:23.414 [Test worker] TRACE org.xlbean.data.TableValueLoader - {aaa=454.0, ccc=-10453.0, bbb=1453.0, ddd=501.4234500000103}
20:43:23.414 [Test worker] TRACE org.xlbean.data.TableValueLoader - {aaa=455.0, ccc=-10454.0, bbb=1454.0, ddd=501.5234500000103}
20:43:23.414 [Test worker] TRACE org.xlbean.data.TableValueLoader - {aaa=456.0, ccc=-10455.0, bbb=1455.0, ddd=501.62345000001034}
20:43:23.415 [Test worker] TRACE org.xlbean.data.TableValueLoader - {aaa=457.0, ccc=-10456.0, bbb=1456.0, ddd=501.72345000001036}
20:43:23.415 [Test worker] TRACE org.xlbean.data.TableValueLoader - {aaa=458.0, ccc=-10457.0, bbb=1457.0, ddd=501.8234500000104}
20:43:23.415 [Test worker] TRACE org.xlbean.data.TableValueLoader - {aaa=459.0, ccc=-10458.0, bbb=1458.0, ddd=501.9234500000104}
20:43:23.415 [Test worker] TRACE org.xlbean.data.TableValueLoader - {aaa=460.0, ccc=-10459.0, bbb=1459.0, ddd=502.0234500000104}
20:43:23.416 [Test worker] TRACE org.xlbean.data.TableValueLoader - {aaa=461.0, ccc=-10460.0, bbb=1460.0, ddd=502.12345000001045}
20:43:23.416 [Test worker] TRACE org.xlbean.data.TableValueLoader - {aaa=462.0, ccc=-10461.0, bbb=1461.0, ddd=502.2234500000105}
20:43:23.416 [Test worker] TRACE org.xlbean.data.TableValueLoader - {aaa=463.0, ccc=-10462.0, bbb=1462.0, ddd=502.3234500000105}
20:43:23.417 [Test worker] TRACE org.xlbean.data.TableValueLoader - {aaa=464.0, ccc=-10463.0, bbb=1463.0, ddd=502.4234500000105}
20:43:23.417 [Test worker] TRACE org.xlbean.data.TableValueLoader - {aaa=465.0, ccc=-10464.0, bbb=1464.0, ddd=502.52345000001054}
20:43:23.417 [Test worker] TRACE org.xlbean.data.TableValueLoader - {aaa=466.0, ccc=-10465.0, bbb=1465.0, ddd=502.62345000001056}
20:43:23.417 [Test worker] TRACE org.xlbean.data.TableValueLoader - {aaa=467.0, ccc=-10466.0, bbb=1466.0, ddd=502.7234500000106}
20:43:23.418 [Test worker] TRACE org.xlbean.data.TableValueLoader - {aaa=468.0, ccc=-10467.0, bbb=1467.0, ddd=502.8234500000106}
20:43:23.418 [Test worker] TRACE org.xlbean.data.TableValueLoader - {aaa=469.0, ccc=-10468.0, bbb=1468.0, ddd=502.92345000001063}
20:43:23.418 [Test worker] TRACE org.xlbean.data.TableValueLoader - {aaa=470.0, ccc=-10469.0, bbb=1469.0, ddd=503.02345000001066}
20:43:23.419 [Test worker] TRACE org.xlbean.data.TableValueLoader - {aaa=471.0, ccc=-10470.0, bbb=1470.0, ddd=503.1234500000107}
20:43:23.419 [Test worker] TRACE org.xlbean.data.TableValueLoader - {aaa=472.0, ccc=-10471.0, bbb=1471.0, ddd=503.2234500000107}
20:43:23.419 [Test worker] TRACE org.xlbean.data.TableValueLoader - {aaa=473.0, ccc=-10472.0, bbb=1472.0, ddd=503.3234500000107}
20:43:23.419 [Test worker] TRACE org.xlbean.data.TableValueLoader - {aaa=474.0, ccc=-10473.0, bbb=1473.0, ddd=503.42345000001075}
20:43:23.420 [Test worker] TRACE org.xlbean.data.TableValueLoader - {aaa=475.0, ccc=-10474.0, bbb=1474.0, ddd=503.52345000001077}
20:43:23.420 [Test worker] TRACE org.xlbean.data.TableValueLoader - {aaa=476.0, ccc=-10475.0, bbb=1475.0, ddd=503.6234500000108}
20:43:23.420 [Test worker] TRACE org.xlbean.data.TableValueLoader - {aaa=477.0, ccc=-10476.0, bbb=1476.0, ddd=503.7234500000108}
20:43:23.421 [Test worker] TRACE org.xlbean.data.TableValueLoader - {aaa=478.0, ccc=-10477.0, bbb=1477.0, ddd=503.82345000001084}
20:43:23.421 [Test worker] TRACE org.xlbean.data.TableValueLoader - {aaa=479.0, ccc=-10478.0, bbb=1478.0, ddd=503.92345000001086}
20:43:23.421 [Test worker] TRACE org.xlbean.data.TableValueLoader - {aaa=480.0, ccc=-10479.0, bbb=1479.0, ddd=504.0234500000109}
20:43:23.422 [Test worker] TRACE org.xlbean.data.TableValueLoader - {aaa=481.0, ccc=-10480.0, bbb=1480.0, ddd=504.1234500000109}
20:43:23.422 [Test worker] TRACE org.xlbean.data.TableValueLoader - {aaa=482.0, ccc=-10481.0, bbb=1481.0, ddd=504.2234500000109}
20:43:23.422 [Test worker] TRACE org.xlbean.data.TableValueLoader - {aaa=483.0, ccc=-10482.0, bbb=1482.0, ddd=504.32345000001095}
20:43:23.423 [Test worker] TRACE org.xlbean.data.TableValueLoader - {aaa=484.0, ccc=-10483.0, bbb=1483.0, ddd=504.423450000011}
20:43:23.423 [Test worker] TRACE org.xlbean.data.TableValueLoader - {aaa=485.0, ccc=-10484.0, bbb=1484.0, ddd=504.523450000011}
20:43:23.423 [Test worker] TRACE org.xlbean.data.TableValueLoader - {aaa=486.0, ccc=-10485.0, bbb=1485.0, ddd=504.623450000011}
20:43:23.423 [Test worker] TRACE org.xlbean.data.TableValueLoader - {aaa=487.0, ccc=-10486.0, bbb=1486.0, ddd=504.72345000001104}
20:43:23.424 [Test worker] TRACE org.xlbean.data.TableValueLoader - {aaa=488.0, ccc=-10487.0, bbb=1487.0, ddd=504.82345000001106}
20:43:23.424 [Test worker] TRACE org.xlbean.data.TableValueLoader - {aaa=489.0, ccc=-10488.0, bbb=1488.0, ddd=504.9234500000111}
20:43:23.424 [Test worker] TRACE org.xlbean.data.TableValueLoader - {aaa=490.0, ccc=-10489.0, bbb=1489.0, ddd=505.0234500000111}
20:43:23.425 [Test worker] TRACE org.xlbean.data.TableValueLoader - {aaa=491.0, ccc=-10490.0, bbb=1490.0, ddd=505.12345000001113}
20:43:23.425 [Test worker] TRACE org.xlbean.data.TableValueLoader - {aaa=492.0, ccc=-10491.0, bbb=1491.0, ddd=505.22345000001116}
20:43:23.425 [Test worker] TRACE org.xlbean.data.TableValueLoader - {aaa=493.0, ccc=-10492.0, bbb=1492.0, ddd=505.3234500000112}
20:43:23.425 [Test worker] TRACE org.xlbean.data.TableValueLoader - {aaa=494.0, ccc=-10493.0, bbb=1493.0, ddd=505.4234500000112}
20:43:23.426 [Test worker] TRACE org.xlbean.data.TableValueLoader - {aaa=495.0, ccc=-10494.0, bbb=1494.0, ddd=505.5234500000112}
20:43:23.427 [Test worker] TRACE org.xlbean.data.TableValueLoader - {aaa=496.0, ccc=-10495.0, bbb=1495.0, ddd=505.62345000001125}
20:43:23.427 [Test worker] TRACE org.xlbean.data.TableValueLoader - {aaa=497.0, ccc=-10496.0, bbb=1496.0, ddd=505.72345000001127}
20:43:23.427 [Test worker] TRACE org.xlbean.data.TableValueLoader - {aaa=498.0, ccc=-10497.0, bbb=1497.0, ddd=505.8234500000113}
20:43:23.428 [Test worker] TRACE org.xlbean.data.TableValueLoader - {aaa=499.0, ccc=-10498.0, bbb=1498.0, ddd=505.9234500000113}
20:43:23.428 [Test worker] TRACE org.xlbean.data.TableValueLoader - {aaa=500.0, ccc=-10499.0, bbb=1499.0, ddd=506.02345000001134}
20:43:23.428 [Test worker] TRACE org.xlbean.data.TableValueLoader - {aaa=501.0, ccc=-10500.0, bbb=1500.0, ddd=506.12345000001136}
20:43:23.428 [Test worker] TRACE org.xlbean.data.TableValueLoader - {aaa=502.0, ccc=-10501.0, bbb=1501.0, ddd=506.2234500000114}
20:43:23.429 [Test worker] TRACE org.xlbean.data.TableValueLoader - {aaa=503.0, ccc=-10502.0, bbb=1502.0, ddd=506.3234500000114}
20:43:23.429 [Test worker] TRACE org.xlbean.data.TableValueLoader - {aaa=504.0, ccc=-10503.0, bbb=1503.0, ddd=506.4234500000114}
20:43:23.430 [Test worker] TRACE org.xlbean.data.TableValueLoader - {aaa=505.0, ccc=-10504.0, bbb=1504.0, ddd=506.52345000001145}
20:43:23.430 [Test worker] TRACE org.xlbean.data.TableValueLoader - {aaa=506.0, ccc=-10505.0, bbb=1505.0, ddd=506.6234500000115}
20:43:23.430 [Test worker] TRACE org.xlbean.data.TableValueLoader - {aaa=507.0, ccc=-10506.0, bbb=1506.0, ddd=506.7234500000115}
20:43:23.430 [Test worker] TRACE org.xlbean.data.TableValueLoader - {aaa=508.0, ccc=-10507.0, bbb=1507.0, ddd=506.8234500000115}
20:43:23.431 [Test worker] TRACE org.xlbean.data.TableValueLoader - {aaa=509.0, ccc=-10508.0, bbb=1508.0, ddd=506.92345000001154}
20:43:23.431 [Test worker] TRACE org.xlbean.data.TableValueLoader - {aaa=510.0, ccc=-10509.0, bbb=1509.0, ddd=507.02345000001156}
20:43:23.431 [Test worker] TRACE org.xlbean.data.TableValueLoader - {aaa=511.0, ccc=-10510.0, bbb=1510.0, ddd=507.1234500000116}
20:43:23.431 [Test worker] TRACE org.xlbean.data.TableValueLoader - {aaa=512.0, ccc=-10511.0, bbb=1511.0, ddd=507.2234500000116}
20:43:23.432 [Test worker] TRACE org.xlbean.data.TableValueLoader - {aaa=513.0, ccc=-10512.0, bbb=1512.0, ddd=507.32345000001163}
20:43:23.432 [Test worker] TRACE org.xlbean.data.TableValueLoader - {aaa=514.0, ccc=-10513.0, bbb=1513.0, ddd=507.42345000001166}
20:43:23.432 [Test worker] TRACE org.xlbean.data.TableValueLoader - {aaa=515.0, ccc=-10514.0, bbb=1514.0, ddd=507.5234500000117}
20:43:23.432 [Test worker] TRACE org.xlbean.data.TableValueLoader - {aaa=516.0, ccc=-10515.0, bbb=1515.0, ddd=507.6234500000117}
20:43:23.433 [Test worker] TRACE org.xlbean.data.TableValueLoader - {aaa=517.0, ccc=-10516.0, bbb=1516.0, ddd=507.7234500000117}
20:43:23.433 [Test worker] TRACE org.xlbean.data.TableValueLoader - {aaa=518.0, ccc=-10517.0, bbb=1517.0, ddd=507.82345000001175}
20:43:23.433 [Test worker] TRACE org.xlbean.data.TableValueLoader - {aaa=519.0, ccc=-10518.0, bbb=1518.0, ddd=507.92345000001177}
20:43:23.434 [Test worker] TRACE org.xlbean.data.TableValueLoader - {aaa=520.0, ccc=-10519.0, bbb=1519.0, ddd=508.0234500000118}
20:43:23.435 [Test worker] TRACE org.xlbean.data.TableValueLoader - {aaa=521.0, ccc=-10520.0, bbb=1520.0, ddd=508.1234500000118}
20:43:23.435 [Test worker] TRACE org.xlbean.data.TableValueLoader - {aaa=522.0, ccc=-10521.0, bbb=1521.0, ddd=508.22345000001184}
20:43:23.435 [Test worker] TRACE org.xlbean.data.TableValueLoader - {aaa=523.0, ccc=-10522.0, bbb=1522.0, ddd=508.32345000001186}
20:43:23.436 [Test worker] TRACE org.xlbean.data.TableValueLoader - {aaa=524.0, ccc=-10523.0, bbb=1523.0, ddd=508.4234500000119}
20:43:23.436 [Test worker] TRACE org.xlbean.data.TableValueLoader - {aaa=525.0, ccc=-10524.0, bbb=1524.0, ddd=508.5234500000119}
20:43:23.436 [Test worker] TRACE org.xlbean.data.TableValueLoader - {aaa=526.0, ccc=-10525.0, bbb=1525.0, ddd=508.6234500000119}
20:43:23.437 [Test worker] TRACE org.xlbean.data.TableValueLoader - {aaa=527.0, ccc=-10526.0, bbb=1526.0, ddd=508.72345000001195}
20:43:23.437 [Test worker] TRACE org.xlbean.data.TableValueLoader - {aaa=528.0, ccc=-10527.0, bbb=1527.0, ddd=508.823450000012}
20:43:23.437 [Test worker] TRACE org.xlbean.data.TableValueLoader - {aaa=529.0, ccc=-10528.0, bbb=1528.0, ddd=508.923450000012}
20:43:23.438 [Test worker] TRACE org.xlbean.data.TableValueLoader - {aaa=530.0, ccc=-10529.0, bbb=1529.0, ddd=509.023450000012}
20:43:23.438 [Test worker] TRACE org.xlbean.data.TableValueLoader - {aaa=531.0, ccc=-10530.0, bbb=1530.0, ddd=509.12345000001204}
20:43:23.438 [Test worker] TRACE org.xlbean.data.TableValueLoader - {aaa=532.0, ccc=-10531.0, bbb=1531.0, ddd=509.22345000001206}
20:43:23.438 [Test worker] TRACE org.xlbean.data.TableValueLoader - {aaa=533.0, ccc=-10532.0, bbb=1532.0, ddd=509.3234500000121}
20:43:23.439 [Test worker] TRACE org.xlbean.data.TableValueLoader - {aaa=534.0, ccc=-10533.0, bbb=1533.0, ddd=509.4234500000121}
20:43:23.439 [Test worker] TRACE org.xlbean.data.TableValueLoader - {aaa=535.0, ccc=-10534.0, bbb=1534.0, ddd=509.52345000001213}
20:43:23.439 [Test worker] TRACE org.xlbean.data.TableValueLoader - {aaa=536.0, ccc=-10535.0, bbb=1535.0, ddd=509.62345000001216}
20:43:23.439 [Test worker] TRACE org.xlbean.data.TableValueLoader - {aaa=537.0, ccc=-10536.0, bbb=1536.0, ddd=509.7234500000122}
20:43:23.440 [Test worker] TRACE org.xlbean.data.TableValueLoader - {aaa=538.0, ccc=-10537.0, bbb=1537.0, ddd=509.8234500000122}
20:43:23.440 [Test worker] TRACE org.xlbean.data.TableValueLoader - {aaa=539.0, ccc=-10538.0, bbb=1538.0, ddd=509.9234500000122}
20:43:23.440 [Test worker] TRACE org.xlbean.data.TableValueLoader - {aaa=540.0, ccc=-10539.0, bbb=1539.0, ddd=510.02345000001225}
20:43:23.440 [Test worker] TRACE org.xlbean.data.TableValueLoader - {aaa=541.0, ccc=-10540.0, bbb=1540.0, ddd=510.12345000001227}
20:43:23.441 [Test worker] TRACE org.xlbean.data.TableValueLoader - {aaa=542.0, ccc=-10541.0, bbb=1541.0, ddd=510.2234500000123}
20:43:23.441 [Test worker] TRACE org.xlbean.data.TableValueLoader - {aaa=543.0, ccc=-10542.0, bbb=1542.0, ddd=510.3234500000123}
20:43:23.441 [Test worker] TRACE org.xlbean.data.TableValueLoader - {aaa=544.0, ccc=-10543.0, bbb=1543.0, ddd=510.42345000001234}
20:43:23.441 [Test worker] TRACE org.xlbean.data.TableValueLoader - {aaa=545.0, ccc=-10544.0, bbb=1544.0, ddd=510.52345000001236}
20:43:23.442 [Test worker] TRACE org.xlbean.data.TableValueLoader - {aaa=546.0, ccc=-10545.0, bbb=1545.0, ddd=510.6234500000124}
20:43:23.442 [Test worker] TRACE org.xlbean.data.TableValueLoader - {aaa=547.0, ccc=-10546.0, bbb=1546.0, ddd=510.7234500000124}
20:43:23.442 [Test worker] TRACE org.xlbean.data.TableValueLoader - {aaa=548.0, ccc=-10547.0, bbb=1547.0, ddd=510.82345000001243}
20:43:23.443 [Test worker] TRACE org.xlbean.data.TableValueLoader - {aaa=549.0, ccc=-10548.0, bbb=1548.0, ddd=510.92345000001245}
20:43:23.443 [Test worker] TRACE org.xlbean.data.TableValueLoader - {aaa=550.0, ccc=-10549.0, bbb=1549.0, ddd=511.0234500000125}
20:43:23.443 [Test worker] TRACE org.xlbean.data.TableValueLoader - {aaa=551.0, ccc=-10550.0, bbb=1550.0, ddd=511.1234500000125}
20:43:23.444 [Test worker] TRACE org.xlbean.data.TableValueLoader - {aaa=552.0, ccc=-10551.0, bbb=1551.0, ddd=511.2234500000125}
20:43:23.444 [Test worker] TRACE org.xlbean.data.TableValueLoader - {aaa=553.0, ccc=-10552.0, bbb=1552.0, ddd=511.32345000001254}
20:43:23.444 [Test worker] TRACE org.xlbean.data.TableValueLoader - {aaa=554.0, ccc=-10553.0, bbb=1553.0, ddd=511.42345000001256}
20:43:23.445 [Test worker] TRACE org.xlbean.data.TableValueLoader - {aaa=555.0, ccc=-10554.0, bbb=1554.0, ddd=511.5234500000126}
20:43:23.445 [Test worker] TRACE org.xlbean.data.TableValueLoader - {aaa=556.0, ccc=-10555.0, bbb=1555.0, ddd=511.6234500000126}
20:43:23.445 [Test worker] TRACE org.xlbean.data.TableValueLoader - {aaa=557.0, ccc=-10556.0, bbb=1556.0, ddd=511.72345000001263}
20:43:23.445 [Test worker] TRACE org.xlbean.data.TableValueLoader - {aaa=558.0, ccc=-10557.0, bbb=1557.0, ddd=511.82345000001266}
20:43:23.446 [Test worker] TRACE org.xlbean.data.TableValueLoader - {aaa=559.0, ccc=-10558.0, bbb=1558.0, ddd=511.9234500000127}
20:43:23.446 [Test worker] TRACE org.xlbean.data.TableValueLoader - {aaa=560.0, ccc=-10559.0, bbb=1559.0, ddd=512.0234500000126}
20:43:23.446 [Test worker] TRACE org.xlbean.data.TableValueLoader - {aaa=561.0, ccc=-10560.0, bbb=1560.0, ddd=512.1234500000127}
20:43:23.447 [Test worker] TRACE org.xlbean.data.TableValueLoader - {aaa=562.0, ccc=-10561.0, bbb=1561.0, ddd=512.2234500000127}
20:43:23.447 [Test worker] TRACE org.xlbean.data.TableValueLoader - {aaa=563.0, ccc=-10562.0, bbb=1562.0, ddd=512.3234500000127}
20:43:23.448 [Test worker] TRACE org.xlbean.data.TableValueLoader - {aaa=564.0, ccc=-10563.0, bbb=1563.0, ddd=512.4234500000127}
20:43:23.448 [Test worker] TRACE org.xlbean.data.TableValueLoader - {aaa=565.0, ccc=-10564.0, bbb=1564.0, ddd=512.5234500000128}
20:43:23.448 [Test worker] TRACE org.xlbean.data.TableValueLoader - {aaa=566.0, ccc=-10565.0, bbb=1565.0, ddd=512.6234500000128}
20:43:23.449 [Test worker] TRACE org.xlbean.data.TableValueLoader - {aaa=567.0, ccc=-10566.0, bbb=1566.0, ddd=512.7234500000128}
20:43:23.449 [Test worker] TRACE org.xlbean.data.TableValueLoader - {aaa=568.0, ccc=-10567.0, bbb=1567.0, ddd=512.8234500000128}
20:43:23.450 [Test worker] TRACE org.xlbean.data.TableValueLoader - {aaa=569.0, ccc=-10568.0, bbb=1568.0, ddd=512.9234500000128}
20:43:23.450 [Test worker] TRACE org.xlbean.data.TableValueLoader - {aaa=570.0, ccc=-10569.0, bbb=1569.0, ddd=513.0234500000129}
20:43:23.450 [Test worker] TRACE org.xlbean.data.TableValueLoader - {aaa=571.0, ccc=-10570.0, bbb=1570.0, ddd=513.1234500000129}
20:43:23.451 [Test worker] TRACE org.xlbean.data.TableValueLoader - {aaa=572.0, ccc=-10571.0, bbb=1571.0, ddd=513.2234500000129}
20:43:23.452 [Test worker] TRACE org.xlbean.data.TableValueLoader - {aaa=573.0, ccc=-10572.0, bbb=1572.0, ddd=513.3234500000129}
20:43:23.452 [Test worker] TRACE org.xlbean.data.TableValueLoader - {aaa=574.0, ccc=-10573.0, bbb=1573.0, ddd=513.423450000013}
20:43:23.452 [Test worker] TRACE org.xlbean.data.TableValueLoader - {aaa=575.0, ccc=-10574.0, bbb=1574.0, ddd=513.523450000013}
20:43:23.453 [Test worker] TRACE org.xlbean.data.TableValueLoader - {aaa=576.0, ccc=-10575.0, bbb=1575.0, ddd=513.623450000013}
20:43:23.453 [Test worker] TRACE org.xlbean.data.TableValueLoader - {aaa=577.0, ccc=-10576.0, bbb=1576.0, ddd=513.723450000013}
20:43:23.454 [Test worker] TRACE org.xlbean.data.TableValueLoader - {aaa=578.0, ccc=-10577.0, bbb=1577.0, ddd=513.823450000013}
20:43:23.454 [Test worker] TRACE org.xlbean.data.TableValueLoader - {aaa=579.0, ccc=-10578.0, bbb=1578.0, ddd=513.9234500000131}
20:43:23.455 [Test worker] TRACE org.xlbean.data.TableValueLoader - {aaa=580.0, ccc=-10579.0, bbb=1579.0, ddd=514.0234500000131}
20:43:23.455 [Test worker] TRACE org.xlbean.data.TableValueLoader - {aaa=581.0, ccc=-10580.0, bbb=1580.0, ddd=514.1234500000131}
20:43:23.455 [Test worker] TRACE org.xlbean.data.TableValueLoader - {aaa=582.0, ccc=-10581.0, bbb=1581.0, ddd=514.2234500000131}
20:43:23.456 [Test worker] TRACE org.xlbean.data.TableValueLoader - {aaa=583.0, ccc=-10582.0, bbb=1582.0, ddd=514.3234500000132}
20:43:23.456 [Test worker] TRACE org.xlbean.data.TableValueLoader - {aaa=584.0, ccc=-10583.0, bbb=1583.0, ddd=514.4234500000132}
20:43:23.456 [Test worker] TRACE org.xlbean.data.TableValueLoader - {aaa=585.0, ccc=-10584.0, bbb=1584.0, ddd=514.5234500000132}
20:43:23.457 [Test worker] TRACE org.xlbean.data.TableValueLoader - {aaa=586.0, ccc=-10585.0, bbb=1585.0, ddd=514.6234500000132}
20:43:23.457 [Test worker] TRACE org.xlbean.data.TableValueLoader - {aaa=587.0, ccc=-10586.0, bbb=1586.0, ddd=514.7234500000133}
20:43:23.457 [Test worker] TRACE org.xlbean.data.TableValueLoader - {aaa=588.0, ccc=-10587.0, bbb=1587.0, ddd=514.8234500000133}
20:43:23.458 [Test worker] TRACE org.xlbean.data.TableValueLoader - {aaa=589.0, ccc=-10588.0, bbb=1588.0, ddd=514.9234500000133}
20:43:23.458 [Test worker] TRACE org.xlbean.data.TableValueLoader - {aaa=590.0, ccc=-10589.0, bbb=1589.0, ddd=515.0234500000133}
20:43:23.459 [Test worker] TRACE org.xlbean.data.TableValueLoader - {aaa=591.0, ccc=-10590.0, bbb=1590.0, ddd=515.1234500000133}
20:43:23.459 [Test worker] TRACE org.xlbean.data.TableValueLoader - {aaa=592.0, ccc=-10591.0, bbb=1591.0, ddd=515.2234500000134}
20:43:23.459 [Test worker] TRACE org.xlbean.data.TableValueLoader - {aaa=593.0, ccc=-10592.0, bbb=1592.0, ddd=515.3234500000134}
20:43:23.460 [Test worker] TRACE org.xlbean.data.TableValueLoader - {aaa=594.0, ccc=-10593.0, bbb=1593.0, ddd=515.4234500000134}
20:43:23.460 [Test worker] TRACE org.xlbean.data.TableValueLoader - {aaa=595.0, ccc=-10594.0, bbb=1594.0, ddd=515.5234500000134}
20:43:23.460 [Test worker] TRACE org.xlbean.data.TableValueLoader - {aaa=596.0, ccc=-10595.0, bbb=1595.0, ddd=515.6234500000135}
20:43:23.461 [Test worker] TRACE org.xlbean.data.TableValueLoader - {aaa=597.0, ccc=-10596.0, bbb=1596.0, ddd=515.7234500000135}
20:43:23.461 [Test worker] TRACE org.xlbean.data.TableValueLoader - {aaa=598.0, ccc=-10597.0, bbb=1597.0, ddd=515.8234500000135}
20:43:23.461 [Test worker] TRACE org.xlbean.data.TableValueLoader - {aaa=599.0, ccc=-10598.0, bbb=1598.0, ddd=515.9234500000135}
20:43:23.462 [Test worker] TRACE org.xlbean.data.TableValueLoader - {aaa=600.0, ccc=-10599.0, bbb=1599.0, ddd=516.0234500000136}
20:43:23.462 [Test worker] TRACE org.xlbean.data.TableValueLoader - {aaa=601.0, ccc=-10600.0, bbb=1600.0, ddd=516.1234500000136}
20:43:23.462 [Test worker] TRACE org.xlbean.data.TableValueLoader - {aaa=602.0, ccc=-10601.0, bbb=1601.0, ddd=516.2234500000136}
20:43:23.463 [Test worker] TRACE org.xlbean.data.TableValueLoader - {aaa=603.0, ccc=-10602.0, bbb=1602.0, ddd=516.3234500000136}
20:43:23.463 [Test worker] TRACE org.xlbean.data.TableValueLoader - {aaa=604.0, ccc=-10603.0, bbb=1603.0, ddd=516.4234500000136}
20:43:23.463 [Test worker] TRACE org.xlbean.data.TableValueLoader - {aaa=605.0, ccc=-10604.0, bbb=1604.0, ddd=516.5234500000137}
20:43:23.464 [Test worker] TRACE org.xlbean.data.TableValueLoader - {aaa=606.0, ccc=-10605.0, bbb=1605.0, ddd=516.6234500000137}
20:43:23.464 [Test worker] TRACE org.xlbean.data.TableValueLoader - {aaa=607.0, ccc=-10606.0, bbb=1606.0, ddd=516.7234500000137}
20:43:23.465 [Test worker] TRACE org.xlbean.data.TableValueLoader - {aaa=608.0, ccc=-10607.0, bbb=1607.0, ddd=516.8234500000137}
20:43:23.465 [Test worker] TRACE org.xlbean.data.TableValueLoader - {aaa=609.0, ccc=-10608.0, bbb=1608.0, ddd=516.9234500000138}
20:43:23.466 [Test worker] TRACE org.xlbean.data.TableValueLoader - {aaa=610.0, ccc=-10609.0, bbb=1609.0, ddd=517.0234500000138}
20:43:23.466 [Test worker] TRACE org.xlbean.data.TableValueLoader - {aaa=611.0, ccc=-10610.0, bbb=1610.0, ddd=517.1234500000138}
20:43:23.466 [Test worker] TRACE org.xlbean.data.TableValueLoader - {aaa=612.0, ccc=-10611.0, bbb=1611.0, ddd=517.2234500000138}
20:43:23.467 [Test worker] TRACE org.xlbean.data.TableValueLoader - {aaa=613.0, ccc=-10612.0, bbb=1612.0, ddd=517.3234500000138}
20:43:23.468 [Test worker] TRACE org.xlbean.data.TableValueLoader - {aaa=614.0, ccc=-10613.0, bbb=1613.0, ddd=517.4234500000139}
20:43:23.468 [Test worker] TRACE org.xlbean.data.TableValueLoader - {aaa=615.0, ccc=-10614.0, bbb=1614.0, ddd=517.5234500000139}
20:43:23.469 [Test worker] TRACE org.xlbean.data.TableValueLoader - {aaa=616.0, ccc=-10615.0, bbb=1615.0, ddd=517.6234500000139}
20:43:23.469 [Test worker] TRACE org.xlbean.data.TableValueLoader - {aaa=617.0, ccc=-10616.0, bbb=1616.0, ddd=517.7234500000139}
20:43:23.469 [Test worker] TRACE org.xlbean.data.TableValueLoader - {aaa=618.0, ccc=-10617.0, bbb=1617.0, ddd=517.823450000014}
20:43:23.470 [Test worker] TRACE org.xlbean.data.TableValueLoader - {aaa=619.0, ccc=-10618.0, bbb=1618.0, ddd=517.923450000014}
20:43:23.470 [Test worker] TRACE org.xlbean.data.TableValueLoader - {aaa=620.0, ccc=-10619.0, bbb=1619.0, ddd=518.023450000014}
20:43:23.471 [Test worker] TRACE org.xlbean.data.TableValueLoader - {aaa=621.0, ccc=-10620.0, bbb=1620.0, ddd=518.123450000014}
20:43:23.471 [Test worker] TRACE org.xlbean.data.TableValueLoader - {aaa=622.0, ccc=-10621.0, bbb=1621.0, ddd=518.223450000014}
20:43:23.471 [Test worker] TRACE org.xlbean.data.TableValueLoader - {aaa=623.0, ccc=-10622.0, bbb=1622.0, ddd=518.3234500000141}
20:43:23.472 [Test worker] TRACE org.xlbean.data.TableValueLoader - {aaa=624.0, ccc=-10623.0, bbb=1623.0, ddd=518.4234500000141}
20:43:23.472 [Test worker] TRACE org.xlbean.data.TableValueLoader - {aaa=625.0, ccc=-10624.0, bbb=1624.0, ddd=518.5234500000141}
20:43:23.472 [Test worker] TRACE org.xlbean.data.TableValueLoader - {aaa=626.0, ccc=-10625.0, bbb=1625.0, ddd=518.6234500000141}
20:43:23.473 [Test worker] TRACE org.xlbean.data.TableValueLoader - {aaa=627.0, ccc=-10626.0, bbb=1626.0, ddd=518.7234500000142}
20:43:23.473 [Test worker] TRACE org.xlbean.data.TableValueLoader - {aaa=628.0, ccc=-10627.0, bbb=1627.0, ddd=518.8234500000142}
20:43:23.473 [Test worker] TRACE org.xlbean.data.TableValueLoader - {aaa=629.0, ccc=-10628.0, bbb=1628.0, ddd=518.9234500000142}
20:43:23.474 [Test worker] TRACE org.xlbean.data.TableValueLoader - {aaa=630.0, ccc=-10629.0, bbb=1629.0, ddd=519.0234500000142}
20:43:23.474 [Test worker] TRACE org.xlbean.data.TableValueLoader - {aaa=631.0, ccc=-10630.0, bbb=1630.0, ddd=519.1234500000143}
20:43:23.474 [Test worker] TRACE org.xlbean.data.TableValueLoader - {aaa=632.0, ccc=-10631.0, bbb=1631.0, ddd=519.2234500000143}
20:43:23.476 [Test worker] TRACE org.xlbean.data.TableValueLoader - {aaa=633.0, ccc=-10632.0, bbb=1632.0, ddd=519.3234500000143}
20:43:23.476 [Test worker] TRACE org.xlbean.data.TableValueLoader - {aaa=634.0, ccc=-10633.0, bbb=1633.0, ddd=519.4234500000143}
20:43:23.476 [Test worker] TRACE org.xlbean.data.TableValueLoader - {aaa=635.0, ccc=-10634.0, bbb=1634.0, ddd=519.5234500000143}
20:43:23.477 [Test worker] TRACE org.xlbean.data.TableValueLoader - {aaa=636.0, ccc=-10635.0, bbb=1635.0, ddd=519.6234500000144}
20:43:23.477 [Test worker] TRACE org.xlbean.data.TableValueLoader - {aaa=637.0, ccc=-10636.0, bbb=1636.0, ddd=519.7234500000144}
20:43:23.478 [Test worker] TRACE org.xlbean.data.TableValueLoader - {aaa=638.0, ccc=-10637.0, bbb=1637.0, ddd=519.8234500000144}
20:43:23.478 [Test worker] TRACE org.xlbean.data.TableValueLoader - {aaa=639.0, ccc=-10638.0, bbb=1638.0, ddd=519.9234500000144}
20:43:23.478 [Test worker] TRACE org.xlbean.data.TableValueLoader - {aaa=640.0, ccc=-10639.0, bbb=1639.0, ddd=520.0234500000145}
20:43:23.479 [Test worker] TRACE org.xlbean.data.TableValueLoader - {aaa=641.0, ccc=-10640.0, bbb=1640.0, ddd=520.1234500000145}
20:43:23.479 [Test worker] TRACE org.xlbean.data.TableValueLoader - {aaa=642.0, ccc=-10641.0, bbb=1641.0, ddd=520.2234500000145}
20:43:23.479 [Test worker] TRACE org.xlbean.data.TableValueLoader - {aaa=643.0, ccc=-10642.0, bbb=1642.0, ddd=520.3234500000145}
20:43:23.480 [Test worker] TRACE org.xlbean.data.TableValueLoader - {aaa=644.0, ccc=-10643.0, bbb=1643.0, ddd=520.4234500000146}
20:43:23.480 [Test worker] TRACE org.xlbean.data.TableValueLoader - {aaa=645.0, ccc=-10644.0, bbb=1644.0, ddd=520.5234500000146}
20:43:23.480 [Test worker] TRACE org.xlbean.data.TableValueLoader - {aaa=646.0, ccc=-10645.0, bbb=1645.0, ddd=520.6234500000146}
20:43:23.481 [Test worker] TRACE org.xlbean.data.TableValueLoader - {aaa=647.0, ccc=-10646.0, bbb=1646.0, ddd=520.7234500000146}
20:43:23.481 [Test worker] TRACE org.xlbean.data.TableValueLoader - {aaa=648.0, ccc=-10647.0, bbb=1647.0, ddd=520.8234500000146}
20:43:23.481 [Test worker] TRACE org.xlbean.data.TableValueLoader - {aaa=649.0, ccc=-10648.0, bbb=1648.0, ddd=520.9234500000147}
20:43:23.482 [Test worker] TRACE org.xlbean.data.TableValueLoader - {aaa=650.0, ccc=-10649.0, bbb=1649.0, ddd=521.0234500000147}
20:43:23.482 [Test worker] TRACE org.xlbean.data.TableValueLoader - {aaa=651.0, ccc=-10650.0, bbb=1650.0, ddd=521.1234500000147}
20:43:23.483 [Test worker] TRACE org.xlbean.data.TableValueLoader - {aaa=652.0, ccc=-10651.0, bbb=1651.0, ddd=521.2234500000147}
20:43:23.483 [Test worker] TRACE org.xlbean.data.TableValueLoader - {aaa=653.0, ccc=-10652.0, bbb=1652.0, ddd=521.3234500000148}
20:43:23.484 [Test worker] TRACE org.xlbean.data.TableValueLoader - {aaa=654.0, ccc=-10653.0, bbb=1653.0, ddd=521.4234500000148}
20:43:23.485 [Test worker] TRACE org.xlbean.data.TableValueLoader - {aaa=655.0, ccc=-10654.0, bbb=1654.0, ddd=521.5234500000148}
20:43:23.485 [Test worker] TRACE org.xlbean.data.TableValueLoader - {aaa=656.0, ccc=-10655.0, bbb=1655.0, ddd=521.6234500000148}
20:43:23.486 [Test worker] TRACE org.xlbean.data.TableValueLoader - {aaa=657.0, ccc=-10656.0, bbb=1656.0, ddd=521.7234500000149}
20:43:23.486 [Test worker] TRACE org.xlbean.data.TableValueLoader - {aaa=658.0, ccc=-10657.0, bbb=1657.0, ddd=521.8234500000149}
20:43:23.486 [Test worker] TRACE org.xlbean.data.TableValueLoader - {aaa=659.0, ccc=-10658.0, bbb=1658.0, ddd=521.9234500000149}
20:43:23.487 [Test worker] TRACE org.xlbean.data.TableValueLoader - {aaa=660.0, ccc=-10659.0, bbb=1659.0, ddd=522.0234500000149}
20:43:23.487 [Test worker] TRACE org.xlbean.data.TableValueLoader - {aaa=661.0, ccc=-10660.0, bbb=1660.0, ddd=522.1234500000149}
20:43:23.488 [Test worker] TRACE org.xlbean.data.TableValueLoader - {aaa=662.0, ccc=-10661.0, bbb=1661.0, ddd=522.223450000015}
20:43:23.488 [Test worker] TRACE org.xlbean.data.TableValueLoader - {aaa=663.0, ccc=-10662.0, bbb=1662.0, ddd=522.323450000015}
20:43:23.488 [Test worker] TRACE org.xlbean.data.TableValueLoader - {aaa=664.0, ccc=-10663.0, bbb=1663.0, ddd=522.423450000015}
20:43:23.489 [Test worker] TRACE org.xlbean.data.TableValueLoader - {aaa=665.0, ccc=-10664.0, bbb=1664.0, ddd=522.523450000015}
20:43:23.490 [Test worker] TRACE org.xlbean.data.TableValueLoader - {aaa=666.0, ccc=-10665.0, bbb=1665.0, ddd=522.623450000015}
20:43:23.490 [Test worker] TRACE org.xlbean.data.TableValueLoader - {aaa=667.0, ccc=-10666.0, bbb=1666.0, ddd=522.7234500000151}
20:43:23.491 [Test worker] TRACE org.xlbean.data.TableValueLoader - {aaa=668.0, ccc=-10667.0, bbb=1667.0, ddd=522.8234500000151}
20:43:23.492 [Test worker] TRACE org.xlbean.data.TableValueLoader - {aaa=669.0, ccc=-10668.0, bbb=1668.0, ddd=522.9234500000151}
20:43:23.493 [Test worker] TRACE org.xlbean.data.TableValueLoader - {aaa=670.0, ccc=-10669.0, bbb=1669.0, ddd=523.0234500000151}
20:43:23.493 [Test worker] TRACE org.xlbean.data.TableValueLoader - {aaa=671.0, ccc=-10670.0, bbb=1670.0, ddd=523.1234500000152}
20:43:23.494 [Test worker] TRACE org.xlbean.data.TableValueLoader - {aaa=672.0, ccc=-10671.0, bbb=1671.0, ddd=523.2234500000152}
20:43:23.494 [Test worker] TRACE org.xlbean.data.TableValueLoader - {aaa=673.0, ccc=-10672.0, bbb=1672.0, ddd=523.3234500000152}
20:43:23.496 [Test worker] TRACE org.xlbean.data.TableValueLoader - {aaa=674.0, ccc=-10673.0, bbb=1673.0, ddd=523.4234500000152}
20:43:23.496 [Test worker] TRACE org.xlbean.data.TableValueLoader - {aaa=675.0, ccc=-10674.0, bbb=1674.0, ddd=523.5234500000153}
20:43:23.497 [Test worker] TRACE org.xlbean.data.TableValueLoader - {aaa=676.0, ccc=-10675.0, bbb=1675.0, ddd=523.6234500000153}
20:43:23.498 [Test worker] TRACE org.xlbean.data.TableValueLoader - {aaa=677.0, ccc=-10676.0, bbb=1676.0, ddd=523.7234500000153}
20:43:23.498 [Test worker] TRACE org.xlbean.data.TableValueLoader - {aaa=678.0, ccc=-10677.0, bbb=1677.0, ddd=523.8234500000153}
20:43:23.499 [Test worker] TRACE org.xlbean.data.TableValueLoader - {aaa=679.0, ccc=-10678.0, bbb=1678.0, ddd=523.9234500000154}
20:43:23.499 [Test worker] TRACE org.xlbean.data.TableValueLoader - {aaa=680.0, ccc=-10679.0, bbb=1679.0, ddd=524.0234500000154}
20:43:23.499 [Test worker] TRACE org.xlbean.data.TableValueLoader - {aaa=681.0, ccc=-10680.0, bbb=1680.0, ddd=524.1234500000154}
20:43:23.500 [Test worker] TRACE org.xlbean.data.TableValueLoader - {aaa=682.0, ccc=-10681.0, bbb=1681.0, ddd=524.2234500000154}
20:43:23.500 [Test worker] TRACE org.xlbean.data.TableValueLoader - {aaa=683.0, ccc=-10682.0, bbb=1682.0, ddd=524.3234500000154}
20:43:23.501 [Test worker] TRACE org.xlbean.data.TableValueLoader - {aaa=684.0, ccc=-10683.0, bbb=1683.0, ddd=524.4234500000155}
20:43:23.502 [Test worker] TRACE org.xlbean.data.TableValueLoader - {aaa=685.0, ccc=-10684.0, bbb=1684.0, ddd=524.5234500000155}
20:43:23.502 [Test worker] TRACE org.xlbean.data.TableValueLoader - {aaa=686.0, ccc=-10685.0, bbb=1685.0, ddd=524.6234500000155}
20:43:23.502 [Test worker] TRACE org.xlbean.data.TableValueLoader - {aaa=687.0, ccc=-10686.0, bbb=1686.0, ddd=524.7234500000155}
20:43:23.503 [Test worker] TRACE org.xlbean.data.TableValueLoader - {aaa=688.0, ccc=-10687.0, bbb=1687.0, ddd=524.8234500000156}
20:43:23.503 [Test worker] TRACE org.xlbean.data.TableValueLoader - {aaa=689.0, ccc=-10688.0, bbb=1688.0, ddd=524.9234500000156}
20:43:23.503 [Test worker] TRACE org.xlbean.data.TableValueLoader - {aaa=690.0, ccc=-10689.0, bbb=1689.0, ddd=525.0234500000156}
20:43:23.503 [Test worker] TRACE org.xlbean.data.TableValueLoader - {aaa=691.0, ccc=-10690.0, bbb=1690.0, ddd=525.1234500000156}
20:43:23.504 [Test worker] TRACE org.xlbean.data.TableValueLoader - {aaa=692.0, ccc=-10691.0, bbb=1691.0, ddd=525.2234500000156}
20:43:23.504 [Test worker] TRACE org.xlbean.data.TableValueLoader - {aaa=693.0, ccc=-10692.0, bbb=1692.0, ddd=525.3234500000157}
20:43:23.504 [Test worker] TRACE org.xlbean.data.TableValueLoader - {aaa=694.0, ccc=-10693.0, bbb=1693.0, ddd=525.4234500000157}
20:43:23.505 [Test worker] TRACE org.xlbean.data.TableValueLoader - {aaa=695.0, ccc=-10694.0, bbb=1694.0, ddd=525.5234500000157}
20:43:23.505 [Test worker] TRACE org.xlbean.data.TableValueLoader - {aaa=696.0, ccc=-10695.0, bbb=1695.0, ddd=525.6234500000157}
20:43:23.505 [Test worker] TRACE org.xlbean.data.TableValueLoader - {aaa=697.0, ccc=-10696.0, bbb=1696.0, ddd=525.7234500000158}
20:43:23.505 [Test worker] TRACE org.xlbean.data.TableValueLoader - {aaa=698.0, ccc=-10697.0, bbb=1697.0, ddd=525.8234500000158}
20:43:23.506 [Test worker] TRACE org.xlbean.data.TableValueLoader - {aaa=699.0, ccc=-10698.0, bbb=1698.0, ddd=525.9234500000158}
20:43:23.506 [Test worker] TRACE org.xlbean.data.TableValueLoader - {aaa=700.0, ccc=-10699.0, bbb=1699.0, ddd=526.0234500000158}
20:43:23.506 [Test worker] TRACE org.xlbean.data.TableValueLoader - {aaa=701.0, ccc=-10700.0, bbb=1700.0, ddd=526.1234500000159}
20:43:23.506 [Test worker] TRACE org.xlbean.data.TableValueLoader - {aaa=702.0, ccc=-10701.0, bbb=1701.0, ddd=526.2234500000159}
20:43:23.507 [Test worker] TRACE org.xlbean.data.TableValueLoader - {aaa=703.0, ccc=-10702.0, bbb=1702.0, ddd=526.3234500000159}
20:43:23.507 [Test worker] TRACE org.xlbean.data.TableValueLoader - {aaa=704.0, ccc=-10703.0, bbb=1703.0, ddd=526.4234500000159}
20:43:23.507 [Test worker] TRACE org.xlbean.data.TableValueLoader - {aaa=705.0, ccc=-10704.0, bbb=1704.0, ddd=526.5234500000159}
20:43:23.507 [Test worker] TRACE org.xlbean.data.TableValueLoader - {aaa=706.0, ccc=-10705.0, bbb=1705.0, ddd=526.623450000016}
20:43:23.508 [Test worker] TRACE org.xlbean.data.TableValueLoader - {aaa=707.0, ccc=-10706.0, bbb=1706.0, ddd=526.723450000016}
20:43:23.508 [Test worker] TRACE org.xlbean.data.TableValueLoader - {aaa=708.0, ccc=-10707.0, bbb=1707.0, ddd=526.823450000016}
20:43:23.508 [Test worker] TRACE org.xlbean.data.TableValueLoader - {aaa=709.0, ccc=-10708.0, bbb=1708.0, ddd=526.923450000016}
20:43:23.508 [Test worker] TRACE org.xlbean.data.TableValueLoader - {aaa=710.0, ccc=-10709.0, bbb=1709.0, ddd=527.023450000016}
20:43:23.509 [Test worker] TRACE org.xlbean.data.TableValueLoader - {aaa=711.0, ccc=-10710.0, bbb=1710.0, ddd=527.1234500000161}
20:43:23.509 [Test worker] TRACE org.xlbean.data.TableValueLoader - {aaa=712.0, ccc=-10711.0, bbb=1711.0, ddd=527.2234500000161}
20:43:23.509 [Test worker] TRACE org.xlbean.data.TableValueLoader - {aaa=713.0, ccc=-10712.0, bbb=1712.0, ddd=527.3234500000161}
20:43:23.510 [Test worker] TRACE org.xlbean.data.TableValueLoader - {aaa=714.0, ccc=-10713.0, bbb=1713.0, ddd=527.4234500000161}
20:43:23.510 [Test worker] TRACE org.xlbean.data.TableValueLoader - {aaa=715.0, ccc=-10714.0, bbb=1714.0, ddd=527.5234500000162}
20:43:23.510 [Test worker] TRACE org.xlbean.data.TableValueLoader - {aaa=716.0, ccc=-10715.0, bbb=1715.0, ddd=527.6234500000162}
20:43:23.511 [Test worker] TRACE org.xlbean.data.TableValueLoader - {aaa=717.0, ccc=-10716.0, bbb=1716.0, ddd=527.7234500000162}
20:43:23.511 [Test worker] TRACE org.xlbean.data.TableValueLoader - {aaa=718.0, ccc=-10717.0, bbb=1717.0, ddd=527.8234500000162}
20:43:23.511 [Test worker] TRACE org.xlbean.data.TableValueLoader - {aaa=719.0, ccc=-10718.0, bbb=1718.0, ddd=527.9234500000163}
20:43:23.511 [Test worker] TRACE org.xlbean.data.TableValueLoader - {aaa=720.0, ccc=-10719.0, bbb=1719.0, ddd=528.0234500000163}
20:43:23.512 [Test worker] TRACE org.xlbean.data.TableValueLoader - {aaa=721.0, ccc=-10720.0, bbb=1720.0, ddd=528.1234500000163}
20:43:23.512 [Test worker] TRACE org.xlbean.data.TableValueLoader - {aaa=722.0, ccc=-10721.0, bbb=1721.0, ddd=528.2234500000163}
20:43:23.512 [Test worker] TRACE org.xlbean.data.TableValueLoader - {aaa=723.0, ccc=-10722.0, bbb=1722.0, ddd=528.3234500000164}
20:43:23.513 [Test worker] TRACE org.xlbean.data.TableValueLoader - {aaa=724.0, ccc=-10723.0, bbb=1723.0, ddd=528.4234500000164}
20:43:23.513 [Test worker] TRACE org.xlbean.data.TableValueLoader - {aaa=725.0, ccc=-10724.0, bbb=1724.0, ddd=528.5234500000164}
20:43:23.513 [Test worker] TRACE org.xlbean.data.TableValueLoader - {aaa=726.0, ccc=-10725.0, bbb=1725.0, ddd=528.6234500000164}
20:43:23.514 [Test worker] TRACE org.xlbean.data.TableValueLoader - {aaa=727.0, ccc=-10726.0, bbb=1726.0, ddd=528.7234500000164}
20:43:23.514 [Test worker] TRACE org.xlbean.data.TableValueLoader - {aaa=728.0, ccc=-10727.0, bbb=1727.0, ddd=528.8234500000165}
20:43:23.514 [Test worker] TRACE org.xlbean.data.TableValueLoader - {aaa=729.0, ccc=-10728.0, bbb=1728.0, ddd=528.9234500000165}
20:43:23.514 [Test worker] TRACE org.xlbean.data.TableValueLoader - {aaa=730.0, ccc=-10729.0, bbb=1729.0, ddd=529.0234500000165}
20:43:23.515 [Test worker] TRACE org.xlbean.data.TableValueLoader - {aaa=731.0, ccc=-10730.0, bbb=1730.0, ddd=529.1234500000165}
20:43:23.515 [Test worker] TRACE org.xlbean.data.TableValueLoader - {aaa=732.0, ccc=-10731.0, bbb=1731.0, ddd=529.2234500000166}
20:43:23.515 [Test worker] TRACE org.xlbean.data.TableValueLoader - {aaa=733.0, ccc=-10732.0, bbb=1732.0, ddd=529.3234500000166}
20:43:23.516 [Test worker] TRACE org.xlbean.data.TableValueLoader - {aaa=734.0, ccc=-10733.0, bbb=1733.0, ddd=529.4234500000166}
20:43:23.516 [Test worker] TRACE org.xlbean.data.TableValueLoader - {aaa=735.0, ccc=-10734.0, bbb=1734.0, ddd=529.5234500000166}
20:43:23.516 [Test worker] TRACE org.xlbean.data.TableValueLoader - {aaa=736.0, ccc=-10735.0, bbb=1735.0, ddd=529.6234500000166}
20:43:23.516 [Test worker] TRACE org.xlbean.data.TableValueLoader - {aaa=737.0, ccc=-10736.0, bbb=1736.0, ddd=529.7234500000167}
20:43:23.517 [Test worker] TRACE org.xlbean.data.TableValueLoader - {aaa=738.0, ccc=-10737.0, bbb=1737.0, ddd=529.8234500000167}
20:43:23.517 [Test worker] TRACE org.xlbean.data.TableValueLoader - {aaa=739.0, ccc=-10738.0, bbb=1738.0, ddd=529.9234500000167}
20:43:23.517 [Test worker] TRACE org.xlbean.data.TableValueLoader - {aaa=740.0, ccc=-10739.0, bbb=1739.0, ddd=530.0234500000167}
20:43:23.518 [Test worker] TRACE org.xlbean.data.TableValueLoader - {aaa=741.0, ccc=-10740.0, bbb=1740.0, ddd=530.1234500000168}
20:43:23.518 [Test worker] TRACE org.xlbean.data.TableValueLoader - {aaa=742.0, ccc=-10741.0, bbb=1741.0, ddd=530.2234500000168}
20:43:23.518 [Test worker] TRACE org.xlbean.data.TableValueLoader - {aaa=743.0, ccc=-10742.0, bbb=1742.0, ddd=530.3234500000168}
20:43:23.519 [Test worker] TRACE org.xlbean.data.TableValueLoader - {aaa=744.0, ccc=-10743.0, bbb=1743.0, ddd=530.4234500000168}
20:43:23.519 [Test worker] TRACE org.xlbean.data.TableValueLoader - {aaa=745.0, ccc=-10744.0, bbb=1744.0, ddd=530.5234500000169}
20:43:23.519 [Test worker] TRACE org.xlbean.data.TableValueLoader - {aaa=746.0, ccc=-10745.0, bbb=1745.0, ddd=530.6234500000169}
20:43:23.519 [Test worker] TRACE org.xlbean.data.TableValueLoader - {aaa=747.0, ccc=-10746.0, bbb=1746.0, ddd=530.7234500000169}
20:43:23.520 [Test worker] TRACE org.xlbean.data.TableValueLoader - {aaa=748.0, ccc=-10747.0, bbb=1747.0, ddd=530.8234500000169}
20:43:23.520 [Test worker] TRACE org.xlbean.data.TableValueLoader - {aaa=749.0, ccc=-10748.0, bbb=1748.0, ddd=530.9234500000169}
20:43:23.520 [Test worker] TRACE org.xlbean.data.TableValueLoader - {aaa=750.0, ccc=-10749.0, bbb=1749.0, ddd=531.023450000017}
20:43:23.521 [Test worker] TRACE org.xlbean.data.TableValueLoader - {aaa=751.0, ccc=-10750.0, bbb=1750.0, ddd=531.123450000017}
20:43:23.521 [Test worker] TRACE org.xlbean.data.TableValueLoader - {aaa=752.0, ccc=-10751.0, bbb=1751.0, ddd=531.223450000017}
20:43:23.521 [Test worker] TRACE org.xlbean.data.TableValueLoader - {aaa=753.0, ccc=-10752.0, bbb=1752.0, ddd=531.323450000017}
20:43:23.522 [Test worker] TRACE org.xlbean.data.TableValueLoader - {aaa=754.0, ccc=-10753.0, bbb=1753.0, ddd=531.423450000017}
20:43:23.522 [Test worker] TRACE org.xlbean.data.TableValueLoader - {aaa=755.0, ccc=-10754.0, bbb=1754.0, ddd=531.5234500000171}
20:43:23.522 [Test worker] TRACE org.xlbean.data.TableValueLoader - {aaa=756.0, ccc=-10755.0, bbb=1755.0, ddd=531.6234500000171}
20:43:23.523 [Test worker] TRACE org.xlbean.data.TableValueLoader - {aaa=757.0, ccc=-10756.0, bbb=1756.0, ddd=531.7234500000171}
20:43:23.523 [Test worker] TRACE org.xlbean.data.TableValueLoader - {aaa=758.0, ccc=-10757.0, bbb=1757.0, ddd=531.8234500000171}
20:43:23.523 [Test worker] TRACE org.xlbean.data.TableValueLoader - {aaa=759.0, ccc=-10758.0, bbb=1758.0, ddd=531.9234500000172}
20:43:23.524 [Test worker] TRACE org.xlbean.data.TableValueLoader - {aaa=760.0, ccc=-10759.0, bbb=1759.0, ddd=532.0234500000172}
20:43:23.525 [Test worker] TRACE org.xlbean.data.TableValueLoader - {aaa=761.0, ccc=-10760.0, bbb=1760.0, ddd=532.1234500000172}
20:43:23.526 [Test worker] TRACE org.xlbean.data.TableValueLoader - {aaa=762.0, ccc=-10761.0, bbb=1761.0, ddd=532.2234500000172}
20:43:23.526 [Test worker] TRACE org.xlbean.data.TableValueLoader - {aaa=763.0, ccc=-10762.0, bbb=1762.0, ddd=532.3234500000173}
20:43:23.527 [Test worker] TRACE org.xlbean.data.TableValueLoader - {aaa=764.0, ccc=-10763.0, bbb=1763.0, ddd=532.4234500000173}
20:43:23.527 [Test worker] TRACE org.xlbean.data.TableValueLoader - {aaa=765.0, ccc=-10764.0, bbb=1764.0, ddd=532.5234500000173}
20:43:23.528 [Test worker] TRACE org.xlbean.data.TableValueLoader - {aaa=766.0, ccc=-10765.0, bbb=1765.0, ddd=532.6234500000173}
20:43:23.529 [Test worker] TRACE org.xlbean.data.TableValueLoader - {aaa=767.0, ccc=-10766.0, bbb=1766.0, ddd=532.7234500000174}
20:43:23.529 [Test worker] TRACE org.xlbean.data.TableValueLoader - {aaa=768.0, ccc=-10767.0, bbb=1767.0, ddd=532.8234500000174}
20:43:23.530 [Test worker] TRACE org.xlbean.data.TableValueLoader - {aaa=769.0, ccc=-10768.0, bbb=1768.0, ddd=532.9234500000174}
20:43:23.531 [Test worker] TRACE org.xlbean.data.TableValueLoader - {aaa=770.0, ccc=-10769.0, bbb=1769.0, ddd=533.0234500000174}
20:43:23.532 [Test worker] TRACE org.xlbean.data.TableValueLoader - {aaa=771.0, ccc=-10770.0, bbb=1770.0, ddd=533.1234500000174}
20:43:23.532 [Test worker] TRACE org.xlbean.data.TableValueLoader - {aaa=772.0, ccc=-10771.0, bbb=1771.0, ddd=533.2234500000175}
20:43:23.533 [Test worker] TRACE org.xlbean.data.TableValueLoader - {aaa=773.0, ccc=-10772.0, bbb=1772.0, ddd=533.3234500000175}
20:43:23.533 [Test worker] TRACE org.xlbean.data.TableValueLoader - {aaa=774.0, ccc=-10773.0, bbb=1773.0, ddd=533.4234500000175}
20:43:23.534 [Test worker] TRACE org.xlbean.data.TableValueLoader - {aaa=775.0, ccc=-10774.0, bbb=1774.0, ddd=533.5234500000175}
20:43:23.534 [Test worker] TRACE org.xlbean.data.TableValueLoader - {aaa=776.0, ccc=-10775.0, bbb=1775.0, ddd=533.6234500000176}
20:43:23.535 [Test worker] TRACE org.xlbean.data.TableValueLoader - {aaa=777.0, ccc=-10776.0, bbb=1776.0, ddd=533.7234500000176}
20:43:23.535 [Test worker] TRACE org.xlbean.data.TableValueLoader - {aaa=778.0, ccc=-10777.0, bbb=1777.0, ddd=533.8234500000176}
20:43:23.536 [Test worker] TRACE org.xlbean.data.TableValueLoader - {aaa=779.0, ccc=-10778.0, bbb=1778.0, ddd=533.9234500000176}
20:43:23.536 [Test worker] TRACE org.xlbean.data.TableValueLoader - {aaa=780.0, ccc=-10779.0, bbb=1779.0, ddd=534.0234500000176}
20:43:23.537 [Test worker] TRACE org.xlbean.data.TableValueLoader - {aaa=781.0, ccc=-10780.0, bbb=1780.0, ddd=534.1234500000177}
20:43:23.537 [Test worker] TRACE org.xlbean.data.TableValueLoader - {aaa=782.0, ccc=-10781.0, bbb=1781.0, ddd=534.2234500000177}
20:43:23.537 [Test worker] TRACE org.xlbean.data.TableValueLoader - {aaa=783.0, ccc=-10782.0, bbb=1782.0, ddd=534.3234500000177}
20:43:23.538 [Test worker] TRACE org.xlbean.data.TableValueLoader - {aaa=784.0, ccc=-10783.0, bbb=1783.0, ddd=534.4234500000177}
20:43:23.538 [Test worker] TRACE org.xlbean.data.TableValueLoader - {aaa=785.0, ccc=-10784.0, bbb=1784.0, ddd=534.5234500000178}
20:43:23.538 [Test worker] TRACE org.xlbean.data.TableValueLoader - {aaa=786.0, ccc=-10785.0, bbb=1785.0, ddd=534.6234500000178}
20:43:23.539 [Test worker] TRACE org.xlbean.data.TableValueLoader - {aaa=787.0, ccc=-10786.0, bbb=1786.0, ddd=534.7234500000178}
20:43:23.539 [Test worker] TRACE org.xlbean.data.TableValueLoader - {aaa=788.0, ccc=-10787.0, bbb=1787.0, ddd=534.8234500000178}
20:43:23.540 [Test worker] TRACE org.xlbean.data.TableValueLoader - {aaa=789.0, ccc=-10788.0, bbb=1788.0, ddd=534.9234500000179}
20:43:23.540 [Test worker] TRACE org.xlbean.data.TableValueLoader - {aaa=790.0, ccc=-10789.0, bbb=1789.0, ddd=535.0234500000179}
20:43:23.541 [Test worker] TRACE org.xlbean.data.TableValueLoader - {aaa=791.0, ccc=-10790.0, bbb=1790.0, ddd=535.1234500000179}
20:43:23.541 [Test worker] TRACE org.xlbean.data.TableValueLoader - {aaa=792.0, ccc=-10791.0, bbb=1791.0, ddd=535.2234500000179}
20:43:23.541 [Test worker] TRACE org.xlbean.data.TableValueLoader - {aaa=793.0, ccc=-10792.0, bbb=1792.0, ddd=535.3234500000179}
20:43:23.542 [Test worker] TRACE org.xlbean.data.TableValueLoader - {aaa=794.0, ccc=-10793.0, bbb=1793.0, ddd=535.423450000018}
20:43:23.543 [Test worker] TRACE org.xlbean.data.TableValueLoader - {aaa=795.0, ccc=-10794.0, bbb=1794.0, ddd=535.523450000018}
20:43:23.543 [Test worker] TRACE org.xlbean.data.TableValueLoader - {aaa=796.0, ccc=-10795.0, bbb=1795.0, ddd=535.623450000018}
20:43:23.544 [Test worker] TRACE org.xlbean.data.TableValueLoader - {aaa=797.0, ccc=-10796.0, bbb=1796.0, ddd=535.723450000018}
20:43:23.545 [Test worker] TRACE org.xlbean.data.TableValueLoader - {aaa=798.0, ccc=-10797.0, bbb=1797.0, ddd=535.823450000018}
20:43:23.545 [Test worker] TRACE org.xlbean.data.TableValueLoader - {aaa=799.0, ccc=-10798.0, bbb=1798.0, ddd=535.9234500000181}
20:43:23.546 [Test worker] TRACE org.xlbean.data.TableValueLoader - {aaa=800.0, ccc=-10799.0, bbb=1799.0, ddd=536.0234500000181}
20:43:23.546 [Test worker] TRACE org.xlbean.data.TableValueLoader - {aaa=801.0, ccc=-10800.0, bbb=1800.0, ddd=536.1234500000181}
20:43:23.547 [Test worker] TRACE org.xlbean.data.TableValueLoader - {aaa=802.0, ccc=-10801.0, bbb=1801.0, ddd=536.2234500000181}
20:43:23.548 [Test worker] TRACE org.xlbean.data.TableValueLoader - {aaa=803.0, ccc=-10802.0, bbb=1802.0, ddd=536.3234500000182}
20:43:23.548 [Test worker] TRACE org.xlbean.data.TableValueLoader - {aaa=804.0, ccc=-10803.0, bbb=1803.0, ddd=536.4234500000182}
20:43:23.549 [Test worker] TRACE org.xlbean.data.TableValueLoader - {aaa=805.0, ccc=-10804.0, bbb=1804.0, ddd=536.5234500000182}
20:43:23.549 [Test worker] TRACE org.xlbean.data.TableValueLoader - {aaa=806.0, ccc=-10805.0, bbb=1805.0, ddd=536.6234500000182}
20:43:23.550 [Test worker] TRACE org.xlbean.data.TableValueLoader - {aaa=807.0, ccc=-10806.0, bbb=1806.0, ddd=536.7234500000183}
20:43:23.551 [Test worker] TRACE org.xlbean.data.TableValueLoader - {aaa=808.0, ccc=-10807.0, bbb=1807.0, ddd=536.8234500000183}
20:43:23.552 [Test worker] TRACE org.xlbean.data.TableValueLoader - {aaa=809.0, ccc=-10808.0, bbb=1808.0, ddd=536.9234500000183}
20:43:23.552 [Test worker] TRACE org.xlbean.data.TableValueLoader - {aaa=810.0, ccc=-10809.0, bbb=1809.0, ddd=537.0234500000183}
20:43:23.553 [Test worker] TRACE org.xlbean.data.TableValueLoader - {aaa=811.0, ccc=-10810.0, bbb=1810.0, ddd=537.1234500000184}
20:43:23.553 [Test worker] TRACE org.xlbean.data.TableValueLoader - {aaa=812.0, ccc=-10811.0, bbb=1811.0, ddd=537.2234500000184}
20:43:23.553 [Test worker] TRACE org.xlbean.data.TableValueLoader - {aaa=813.0, ccc=-10812.0, bbb=1812.0, ddd=537.3234500000184}
20:43:23.554 [Test worker] TRACE org.xlbean.data.TableValueLoader - {aaa=814.0, ccc=-10813.0, bbb=1813.0, ddd=537.4234500000184}
20:43:23.554 [Test worker] TRACE org.xlbean.data.TableValueLoader - {aaa=815.0, ccc=-10814.0, bbb=1814.0, ddd=537.5234500000184}
20:43:23.554 [Test worker] TRACE org.xlbean.data.TableValueLoader - {aaa=816.0, ccc=-10815.0, bbb=1815.0, ddd=537.6234500000185}
20:43:23.554 [Test worker] TRACE org.xlbean.data.TableValueLoader - {aaa=817.0, ccc=-10816.0, bbb=1816.0, ddd=537.7234500000185}
20:43:23.555 [Test worker] TRACE org.xlbean.data.TableValueLoader - {aaa=818.0, ccc=-10817.0, bbb=1817.0, ddd=537.8234500000185}
20:43:23.555 [Test worker] TRACE org.xlbean.data.TableValueLoader - {aaa=819.0, ccc=-10818.0, bbb=1818.0, ddd=537.9234500000185}
20:43:23.555 [Test worker] TRACE org.xlbean.data.TableValueLoader - {aaa=820.0, ccc=-10819.0, bbb=1819.0, ddd=538.0234500000186}
20:43:23.556 [Test worker] TRACE org.xlbean.data.TableValueLoader - {aaa=821.0, ccc=-10820.0, bbb=1820.0, ddd=538.1234500000186}
20:43:23.556 [Test worker] TRACE org.xlbean.data.TableValueLoader - {aaa=822.0, ccc=-10821.0, bbb=1821.0, ddd=538.2234500000186}
20:43:23.557 [Test worker] TRACE org.xlbean.data.TableValueLoader - {aaa=823.0, ccc=-10822.0, bbb=1822.0, ddd=538.3234500000186}
20:43:23.557 [Test worker] TRACE org.xlbean.data.TableValueLoader - {aaa=824.0, ccc=-10823.0, bbb=1823.0, ddd=538.4234500000186}
20:43:23.558 [Test worker] TRACE org.xlbean.data.TableValueLoader - {aaa=825.0, ccc=-10824.0, bbb=1824.0, ddd=538.5234500000187}
20:43:23.558 [Test worker] TRACE org.xlbean.data.TableValueLoader - {aaa=826.0, ccc=-10825.0, bbb=1825.0, ddd=538.6234500000187}
20:43:23.558 [Test worker] TRACE org.xlbean.data.TableValueLoader - {aaa=827.0, ccc=-10826.0, bbb=1826.0, ddd=538.7234500000187}
20:43:23.559 [Test worker] TRACE org.xlbean.data.TableValueLoader - {aaa=828.0, ccc=-10827.0, bbb=1827.0, ddd=538.8234500000187}
20:43:23.559 [Test worker] TRACE org.xlbean.data.TableValueLoader - {aaa=829.0, ccc=-10828.0, bbb=1828.0, ddd=538.9234500000188}
20:43:23.559 [Test worker] TRACE org.xlbean.data.TableValueLoader - {aaa=830.0, ccc=-10829.0, bbb=1829.0, ddd=539.0234500000188}
20:43:23.560 [Test worker] TRACE org.xlbean.data.TableValueLoader - {aaa=831.0, ccc=-10830.0, bbb=1830.0, ddd=539.1234500000188}
20:43:23.560 [Test worker] TRACE org.xlbean.data.TableValueLoader - {aaa=832.0, ccc=-10831.0, bbb=1831.0, ddd=539.2234500000188}
20:43:23.561 [Test worker] TRACE org.xlbean.data.TableValueLoader - {aaa=833.0, ccc=-10832.0, bbb=1832.0, ddd=539.3234500000189}
20:43:23.561 [Test worker] TRACE org.xlbean.data.TableValueLoader - {aaa=834.0, ccc=-10833.0, bbb=1833.0, ddd=539.4234500000189}
20:43:23.562 [Test worker] TRACE org.xlbean.data.TableValueLoader - {aaa=835.0, ccc=-10834.0, bbb=1834.0, ddd=539.5234500000189}
20:43:23.562 [Test worker] TRACE org.xlbean.data.TableValueLoader - {aaa=836.0, ccc=-10835.0, bbb=1835.0, ddd=539.6234500000189}
20:43:23.562 [Test worker] TRACE org.xlbean.data.TableValueLoader - {aaa=837.0, ccc=-10836.0, bbb=1836.0, ddd=539.7234500000189}
20:43:23.563 [Test worker] TRACE org.xlbean.data.TableValueLoader - {aaa=838.0, ccc=-10837.0, bbb=1837.0, ddd=539.823450000019}
20:43:23.563 [Test worker] TRACE org.xlbean.data.TableValueLoader - {aaa=839.0, ccc=-10838.0, bbb=1838.0, ddd=539.923450000019}
20:43:23.564 [Test worker] TRACE org.xlbean.data.TableValueLoader - {aaa=840.0, ccc=-10839.0, bbb=1839.0, ddd=540.023450000019}
20:43:23.564 [Test worker] TRACE org.xlbean.data.TableValueLoader - {aaa=841.0, ccc=-10840.0, bbb=1840.0, ddd=540.123450000019}
20:43:23.564 [Test worker] TRACE org.xlbean.data.TableValueLoader - {aaa=842.0, ccc=-10841.0, bbb=1841.0, ddd=540.223450000019}
20:43:23.565 [Test worker] TRACE org.xlbean.data.TableValueLoader - {aaa=843.0, ccc=-10842.0, bbb=1842.0, ddd=540.3234500000191}
20:43:23.565 [Test worker] TRACE org.xlbean.data.TableValueLoader - {aaa=844.0, ccc=-10843.0, bbb=1843.0, ddd=540.4234500000191}
20:43:23.565 [Test worker] TRACE org.xlbean.data.TableValueLoader - {aaa=845.0, ccc=-10844.0, bbb=1844.0, ddd=540.5234500000191}
20:43:23.566 [Test worker] TRACE org.xlbean.data.TableValueLoader - {aaa=846.0, ccc=-10845.0, bbb=1845.0, ddd=540.6234500000191}
20:43:23.566 [Test worker] TRACE org.xlbean.data.TableValueLoader - {aaa=847.0, ccc=-10846.0, bbb=1846.0, ddd=540.7234500000192}
20:43:23.567 [Test worker] TRACE org.xlbean.data.TableValueLoader - {aaa=848.0, ccc=-10847.0, bbb=1847.0, ddd=540.8234500000192}
20:43:23.567 [Test worker] TRACE org.xlbean.data.TableValueLoader - {aaa=849.0, ccc=-10848.0, bbb=1848.0, ddd=540.9234500000192}
20:43:23.568 [Test worker] TRACE org.xlbean.data.TableValueLoader - {aaa=850.0, ccc=-10849.0, bbb=1849.0, ddd=541.0234500000192}
20:43:23.569 [Test worker] TRACE org.xlbean.data.TableValueLoader - {aaa=851.0, ccc=-10850.0, bbb=1850.0, ddd=541.1234500000193}
20:43:23.569 [Test worker] TRACE org.xlbean.data.TableValueLoader - {aaa=852.0, ccc=-10851.0, bbb=1851.0, ddd=541.2234500000193}
20:43:23.570 [Test worker] TRACE org.xlbean.data.TableValueLoader - {aaa=853.0, ccc=-10852.0, bbb=1852.0, ddd=541.3234500000193}
20:43:23.570 [Test worker] TRACE org.xlbean.data.TableValueLoader - {aaa=854.0, ccc=-10853.0, bbb=1853.0, ddd=541.4234500000193}
20:43:23.570 [Test worker] TRACE org.xlbean.data.TableValueLoader - {aaa=855.0, ccc=-10854.0, bbb=1854.0, ddd=541.5234500000194}
20:43:23.570 [Test worker] TRACE org.xlbean.data.TableValueLoader - {aaa=856.0, ccc=-10855.0, bbb=1855.0, ddd=541.6234500000194}
20:43:23.571 [Test worker] TRACE org.xlbean.data.TableValueLoader - {aaa=857.0, ccc=-10856.0, bbb=1856.0, ddd=541.7234500000194}
20:43:23.572 [Test worker] TRACE org.xlbean.data.TableValueLoader - {aaa=858.0, ccc=-10857.0, bbb=1857.0, ddd=541.8234500000194}
20:43:23.573 [Test worker] TRACE org.xlbean.data.TableValueLoader - {aaa=859.0, ccc=-10858.0, bbb=1858.0, ddd=541.9234500000194}
20:43:23.573 [Test worker] TRACE org.xlbean.data.TableValueLoader - {aaa=860.0, ccc=-10859.0, bbb=1859.0, ddd=542.0234500000195}
20:43:23.573 [Test worker] TRACE org.xlbean.data.TableValueLoader - {aaa=861.0, ccc=-10860.0, bbb=1860.0, ddd=542.1234500000195}
20:43:23.574 [Test worker] TRACE org.xlbean.data.TableValueLoader - {aaa=862.0, ccc=-10861.0, bbb=1861.0, ddd=542.2234500000195}
20:43:23.574 [Test worker] TRACE org.xlbean.data.TableValueLoader - {aaa=863.0, ccc=-10862.0, bbb=1862.0, ddd=542.3234500000195}
20:43:23.574 [Test worker] TRACE org.xlbean.data.TableValueLoader - {aaa=864.0, ccc=-10863.0, bbb=1863.0, ddd=542.4234500000196}
20:43:23.575 [Test worker] TRACE org.xlbean.data.TableValueLoader - {aaa=865.0, ccc=-10864.0, bbb=1864.0, ddd=542.5234500000196}
20:43:23.575 [Test worker] TRACE org.xlbean.data.TableValueLoader - {aaa=866.0, ccc=-10865.0, bbb=1865.0, ddd=542.6234500000196}
20:43:23.576 [Test worker] TRACE org.xlbean.data.TableValueLoader - {aaa=867.0, ccc=-10866.0, bbb=1866.0, ddd=542.7234500000196}
20:43:23.576 [Test worker] TRACE org.xlbean.data.TableValueLoader - {aaa=868.0, ccc=-10867.0, bbb=1867.0, ddd=542.8234500000196}
20:43:23.576 [Test worker] TRACE org.xlbean.data.TableValueLoader - {aaa=869.0, ccc=-10868.0, bbb=1868.0, ddd=542.9234500000197}
20:43:23.577 [Test worker] TRACE org.xlbean.data.TableValueLoader - {aaa=870.0, ccc=-10869.0, bbb=1869.0, ddd=543.0234500000197}
20:43:23.577 [Test worker] TRACE org.xlbean.data.TableValueLoader - {aaa=871.0, ccc=-10870.0, bbb=1870.0, ddd=543.1234500000197}
20:43:23.577 [Test worker] TRACE org.xlbean.data.TableValueLoader - {aaa=872.0, ccc=-10871.0, bbb=1871.0, ddd=543.2234500000197}
20:43:23.578 [Test worker] TRACE org.xlbean.data.TableValueLoader - {aaa=873.0, ccc=-10872.0, bbb=1872.0, ddd=543.3234500000198}
20:43:23.578 [Test worker] TRACE org.xlbean.data.TableValueLoader - {aaa=874.0, ccc=-10873.0, bbb=1873.0, ddd=543.4234500000198}
20:43:23.578 [Test worker] TRACE org.xlbean.data.TableValueLoader - {aaa=875.0, ccc=-10874.0, bbb=1874.0, ddd=543.5234500000198}
20:43:23.579 [Test worker] TRACE org.xlbean.data.TableValueLoader - {aaa=876.0, ccc=-10875.0, bbb=1875.0, ddd=543.6234500000198}
20:43:23.579 [Test worker] TRACE org.xlbean.data.TableValueLoader - {aaa=877.0, ccc=-10876.0, bbb=1876.0, ddd=543.7234500000199}
20:43:23.580 [Test worker] TRACE org.xlbean.data.TableValueLoader - {aaa=878.0, ccc=-10877.0, bbb=1877.0, ddd=543.8234500000199}
20:43:23.580 [Test worker] TRACE org.xlbean.data.TableValueLoader - {aaa=879.0, ccc=-10878.0, bbb=1878.0, ddd=543.9234500000199}
20:43:23.580 [Test worker] TRACE org.xlbean.data.TableValueLoader - {aaa=880.0, ccc=-10879.0, bbb=1879.0, ddd=544.0234500000199}
20:43:23.581 [Test worker] TRACE org.xlbean.data.TableValueLoader - {aaa=881.0, ccc=-10880.0, bbb=1880.0, ddd=544.12345000002}
20:43:23.581 [Test worker] TRACE org.xlbean.data.TableValueLoader - {aaa=882.0, ccc=-10881.0, bbb=1881.0, ddd=544.22345000002}
20:43:23.581 [Test worker] TRACE org.xlbean.data.TableValueLoader - {aaa=883.0, ccc=-10882.0, bbb=1882.0, ddd=544.32345000002}
20:43:23.582 [Test worker] TRACE org.xlbean.data.TableValueLoader - {aaa=884.0, ccc=-10883.0, bbb=1883.0, ddd=544.42345000002}
20:43:23.582 [Test worker] TRACE org.xlbean.data.TableValueLoader - {aaa=885.0, ccc=-10884.0, bbb=1884.0, ddd=544.52345000002}
20:43:23.582 [Test worker] TRACE org.xlbean.data.TableValueLoader - {aaa=886.0, ccc=-10885.0, bbb=1885.0, ddd=544.6234500000201}
20:43:23.583 [Test worker] TRACE org.xlbean.data.TableValueLoader - {aaa=887.0, ccc=-10886.0, bbb=1886.0, ddd=544.7234500000201}
20:43:23.583 [Test worker] TRACE org.xlbean.data.TableValueLoader - {aaa=888.0, ccc=-10887.0, bbb=1887.0, ddd=544.8234500000201}
20:43:23.583 [Test worker] TRACE org.xlbean.data.TableValueLoader - {aaa=889.0, ccc=-10888.0, bbb=1888.0, ddd=544.9234500000201}
20:43:23.584 [Test worker] TRACE org.xlbean.data.TableValueLoader - {aaa=890.0, ccc=-10889.0, bbb=1889.0, ddd=545.0234500000201}
20:43:23.585 [Test worker] TRACE org.xlbean.data.TableValueLoader - {aaa=891.0, ccc=-10890.0, bbb=1890.0, ddd=545.1234500000202}
20:43:23.585 [Test worker] TRACE org.xlbean.data.TableValueLoader - {aaa=892.0, ccc=-10891.0, bbb=1891.0, ddd=545.2234500000202}
20:43:23.586 [Test worker] TRACE org.xlbean.data.TableValueLoader - {aaa=893.0, ccc=-10892.0, bbb=1892.0, ddd=545.3234500000202}
20:43:23.586 [Test worker] TRACE org.xlbean.data.TableValueLoader - {aaa=894.0, ccc=-10893.0, bbb=1893.0, ddd=545.4234500000202}
20:43:23.586 [Test worker] TRACE org.xlbean.data.TableValueLoader - {aaa=895.0, ccc=-10894.0, bbb=1894.0, ddd=545.5234500000203}
20:43:23.587 [Test worker] TRACE org.xlbean.data.TableValueLoader - {aaa=896.0, ccc=-10895.0, bbb=1895.0, ddd=545.6234500000203}
20:43:23.587 [Test worker] TRACE org.xlbean.data.TableValueLoader - {aaa=897.0, ccc=-10896.0, bbb=1896.0, ddd=545.7234500000203}
20:43:23.587 [Test worker] TRACE org.xlbean.data.TableValueLoader - {aaa=898.0, ccc=-10897.0, bbb=1897.0, ddd=545.8234500000203}
20:43:23.588 [Test worker] TRACE org.xlbean.data.TableValueLoader - {aaa=899.0, ccc=-10898.0, bbb=1898.0, ddd=545.9234500000204}
20:43:23.588 [Test worker] TRACE org.xlbean.data.TableValueLoader - {aaa=900.0, ccc=-10899.0, bbb=1899.0, ddd=546.0234500000204}
20:43:23.588 [Test worker] TRACE org.xlbean.data.TableValueLoader - {aaa=901.0, ccc=-10900.0, bbb=1900.0, ddd=546.1234500000204}
20:43:23.589 [Test worker] TRACE org.xlbean.data.TableValueLoader - {aaa=902.0, ccc=-10901.0, bbb=1901.0, ddd=546.2234500000204}
20:43:23.589 [Test worker] TRACE org.xlbean.data.TableValueLoader - {aaa=903.0, ccc=-10902.0, bbb=1902.0, ddd=546.3234500000204}
20:43:23.590 [Test worker] TRACE org.xlbean.data.TableValueLoader - {aaa=904.0, ccc=-10903.0, bbb=1903.0, ddd=546.4234500000205}
20:43:23.590 [Test worker] TRACE org.xlbean.data.TableValueLoader - {aaa=905.0, ccc=-10904.0, bbb=1904.0, ddd=546.5234500000205}
20:43:23.590 [Test worker] TRACE org.xlbean.data.TableValueLoader - {aaa=906.0, ccc=-10905.0, bbb=1905.0, ddd=546.6234500000205}
20:43:23.591 [Test worker] TRACE org.xlbean.data.TableValueLoader - {aaa=907.0, ccc=-10906.0, bbb=1906.0, ddd=546.7234500000205}
20:43:23.591 [Test worker] TRACE org.xlbean.data.TableValueLoader - {aaa=908.0, ccc=-10907.0, bbb=1907.0, ddd=546.8234500000206}
20:43:23.591 [Test worker] TRACE org.xlbean.data.TableValueLoader - {aaa=909.0, ccc=-10908.0, bbb=1908.0, ddd=546.9234500000206}
20:43:23.592 [Test worker] TRACE org.xlbean.data.TableValueLoader - {aaa=910.0, ccc=-10909.0, bbb=1909.0, ddd=547.0234500000206}
20:43:23.592 [Test worker] TRACE org.xlbean.data.TableValueLoader - {aaa=911.0, ccc=-10910.0, bbb=1910.0, ddd=547.1234500000206}
20:43:23.592 [Test worker] TRACE org.xlbean.data.TableValueLoader - {aaa=912.0, ccc=-10911.0, bbb=1911.0, ddd=547.2234500000206}
20:43:23.593 [Test worker] TRACE org.xlbean.data.TableValueLoader - {aaa=913.0, ccc=-10912.0, bbb=1912.0, ddd=547.3234500000207}
20:43:23.593 [Test worker] TRACE org.xlbean.data.TableValueLoader - {aaa=914.0, ccc=-10913.0, bbb=1913.0, ddd=547.4234500000207}
20:43:23.593 [Test worker] TRACE org.xlbean.data.TableValueLoader - {aaa=915.0, ccc=-10914.0, bbb=1914.0, ddd=547.5234500000207}
20:43:23.594 [Test worker] TRACE org.xlbean.data.TableValueLoader - {aaa=916.0, ccc=-10915.0, bbb=1915.0, ddd=547.6234500000207}
20:43:23.594 [Test worker] TRACE org.xlbean.data.TableValueLoader - {aaa=917.0, ccc=-10916.0, bbb=1916.0, ddd=547.7234500000208}
20:43:23.594 [Test worker] TRACE org.xlbean.data.TableValueLoader - {aaa=918.0, ccc=-10917.0, bbb=1917.0, ddd=547.8234500000208}
20:43:23.595 [Test worker] TRACE org.xlbean.data.TableValueLoader - {aaa=919.0, ccc=-10918.0, bbb=1918.0, ddd=547.9234500000208}
20:43:23.595 [Test worker] TRACE org.xlbean.data.TableValueLoader - {aaa=920.0, ccc=-10919.0, bbb=1919.0, ddd=548.0234500000208}
20:43:23.595 [Test worker] TRACE org.xlbean.data.TableValueLoader - {aaa=921.0, ccc=-10920.0, bbb=1920.0, ddd=548.1234500000209}
20:43:23.596 [Test worker] TRACE org.xlbean.data.TableValueLoader - {aaa=922.0, ccc=-10921.0, bbb=1921.0, ddd=548.2234500000209}
20:43:23.596 [Test worker] TRACE org.xlbean.data.TableValueLoader - {aaa=923.0, ccc=-10922.0, bbb=1922.0, ddd=548.3234500000209}
20:43:23.596 [Test worker] TRACE org.xlbean.data.TableValueLoader - {aaa=924.0, ccc=-10923.0, bbb=1923.0, ddd=548.4234500000209}
20:43:23.597 [Test worker] TRACE org.xlbean.data.TableValueLoader - {aaa=925.0, ccc=-10924.0, bbb=1924.0, ddd=548.523450000021}
20:43:23.597 [Test worker] TRACE org.xlbean.data.TableValueLoader - {aaa=926.0, ccc=-10925.0, bbb=1925.0, ddd=548.623450000021}
20:43:23.597 [Test worker] TRACE org.xlbean.data.TableValueLoader - {aaa=927.0, ccc=-10926.0, bbb=1926.0, ddd=548.723450000021}
20:43:23.598 [Test worker] TRACE org.xlbean.data.TableValueLoader - {aaa=928.0, ccc=-10927.0, bbb=1927.0, ddd=548.823450000021}
20:43:23.598 [Test worker] TRACE org.xlbean.data.TableValueLoader - {aaa=929.0, ccc=-10928.0, bbb=1928.0, ddd=548.923450000021}
20:43:23.598 [Test worker] TRACE org.xlbean.data.TableValueLoader - {aaa=930.0, ccc=-10929.0, bbb=1929.0, ddd=549.0234500000211}
20:43:23.599 [Test worker] TRACE org.xlbean.data.TableValueLoader - {aaa=931.0, ccc=-10930.0, bbb=1930.0, ddd=549.1234500000211}
20:43:23.599 [Test worker] TRACE org.xlbean.data.TableValueLoader - {aaa=932.0, ccc=-10931.0, bbb=1931.0, ddd=549.2234500000211}
20:43:23.600 [Test worker] TRACE org.xlbean.data.TableValueLoader - {aaa=933.0, ccc=-10932.0, bbb=1932.0, ddd=549.3234500000211}
20:43:23.600 [Test worker] TRACE org.xlbean.data.TableValueLoader - {aaa=934.0, ccc=-10933.0, bbb=1933.0, ddd=549.4234500000211}
20:43:23.600 [Test worker] TRACE org.xlbean.data.TableValueLoader - {aaa=935.0, ccc=-10934.0, bbb=1934.0, ddd=549.5234500000212}
20:43:23.601 [Test worker] TRACE org.xlbean.data.TableValueLoader - {aaa=936.0, ccc=-10935.0, bbb=1935.0, ddd=549.6234500000212}
20:43:23.601 [Test worker] TRACE org.xlbean.data.TableValueLoader - {aaa=937.0, ccc=-10936.0, bbb=1936.0, ddd=549.7234500000212}
20:43:23.602 [Test worker] TRACE org.xlbean.data.TableValueLoader - {aaa=938.0, ccc=-10937.0, bbb=1937.0, ddd=549.8234500000212}
20:43:23.602 [Test worker] TRACE org.xlbean.data.TableValueLoader - {aaa=939.0, ccc=-10938.0, bbb=1938.0, ddd=549.9234500000213}
20:43:23.603 [Test worker] TRACE org.xlbean.data.TableValueLoader - {aaa=940.0, ccc=-10939.0, bbb=1939.0, ddd=550.0234500000213}
20:43:23.603 [Test worker] TRACE org.xlbean.data.TableValueLoader - {aaa=941.0, ccc=-10940.0, bbb=1940.0, ddd=550.1234500000213}
20:43:23.603 [Test worker] TRACE org.xlbean.data.TableValueLoader - {aaa=942.0, ccc=-10941.0, bbb=1941.0, ddd=550.2234500000213}
20:43:23.604 [Test worker] TRACE org.xlbean.data.TableValueLoader - {aaa=943.0, ccc=-10942.0, bbb=1942.0, ddd=550.3234500000214}
20:43:23.604 [Test worker] TRACE org.xlbean.data.TableValueLoader - {aaa=944.0, ccc=-10943.0, bbb=1943.0, ddd=550.4234500000214}
20:43:23.604 [Test worker] TRACE org.xlbean.data.TableValueLoader - {aaa=945.0, ccc=-10944.0, bbb=1944.0, ddd=550.5234500000214}
20:43:23.605 [Test worker] TRACE org.xlbean.data.TableValueLoader - {aaa=946.0, ccc=-10945.0, bbb=1945.0, ddd=550.6234500000214}
20:43:23.605 [Test worker] TRACE org.xlbean.data.TableValueLoader - {aaa=947.0, ccc=-10946.0, bbb=1946.0, ddd=550.7234500000214}
20:43:23.605 [Test worker] TRACE org.xlbean.data.TableValueLoader - {aaa=948.0, ccc=-10947.0, bbb=1947.0, ddd=550.8234500000215}
20:43:23.606 [Test worker] TRACE org.xlbean.data.TableValueLoader - {aaa=949.0, ccc=-10948.0, bbb=1948.0, ddd=550.9234500000215}
20:43:23.606 [Test worker] TRACE org.xlbean.data.TableValueLoader - {aaa=950.0, ccc=-10949.0, bbb=1949.0, ddd=551.0234500000215}
20:43:23.606 [Test worker] TRACE org.xlbean.data.TableValueLoader - {aaa=951.0, ccc=-10950.0, bbb=1950.0, ddd=551.1234500000215}
20:43:23.607 [Test worker] TRACE org.xlbean.data.TableValueLoader - {aaa=952.0, ccc=-10951.0, bbb=1951.0, ddd=551.2234500000216}
20:43:23.607 [Test worker] TRACE org.xlbean.data.TableValueLoader - {aaa=953.0, ccc=-10952.0, bbb=1952.0, ddd=551.3234500000216}
20:43:23.608 [Test worker] TRACE org.xlbean.data.TableValueLoader - {aaa=954.0, ccc=-10953.0, bbb=1953.0, ddd=551.4234500000216}
20:43:23.608 [Test worker] TRACE org.xlbean.data.TableValueLoader - {aaa=955.0, ccc=-10954.0, bbb=1954.0, ddd=551.5234500000216}
20:43:23.608 [Test worker] TRACE org.xlbean.data.TableValueLoader - {aaa=956.0, ccc=-10955.0, bbb=1955.0, ddd=551.6234500000216}
20:43:23.609 [Test worker] TRACE org.xlbean.data.TableValueLoader - {aaa=957.0, ccc=-10956.0, bbb=1956.0, ddd=551.7234500000217}
20:43:23.609 [Test worker] TRACE org.xlbean.data.TableValueLoader - {aaa=958.0, ccc=-10957.0, bbb=1957.0, ddd=551.8234500000217}
20:43:23.609 [Test worker] TRACE org.xlbean.data.TableValueLoader - {aaa=959.0, ccc=-10958.0, bbb=1958.0, ddd=551.9234500000217}
20:43:23.610 [Test worker] TRACE org.xlbean.data.TableValueLoader - {aaa=960.0, ccc=-10959.0, bbb=1959.0, ddd=552.0234500000217}
20:43:23.610 [Test worker] TRACE org.xlbean.data.TableValueLoader - {aaa=961.0, ccc=-10960.0, bbb=1960.0, ddd=552.1234500000218}
20:43:23.610 [Test worker] TRACE org.xlbean.data.TableValueLoader - {aaa=962.0, ccc=-10961.0, bbb=1961.0, ddd=552.2234500000218}
20:43:23.611 [Test worker] TRACE org.xlbean.data.TableValueLoader - {aaa=963.0, ccc=-10962.0, bbb=1962.0, ddd=552.3234500000218}
20:43:23.611 [Test worker] TRACE org.xlbean.data.TableValueLoader - {aaa=964.0, ccc=-10963.0, bbb=1963.0, ddd=552.4234500000218}
20:43:23.611 [Test worker] TRACE org.xlbean.data.TableValueLoader - {aaa=965.0, ccc=-10964.0, bbb=1964.0, ddd=552.5234500000219}
20:43:23.612 [Test worker] TRACE org.xlbean.data.TableValueLoader - {aaa=966.0, ccc=-10965.0, bbb=1965.0, ddd=552.6234500000219}
20:43:23.612 [Test worker] TRACE org.xlbean.data.TableValueLoader - {aaa=967.0, ccc=-10966.0, bbb=1966.0, ddd=552.7234500000219}
20:43:23.612 [Test worker] TRACE org.xlbean.data.TableValueLoader - {aaa=968.0, ccc=-10967.0, bbb=1967.0, ddd=552.8234500000219}
20:43:23.613 [Test worker] TRACE org.xlbean.data.TableValueLoader - {aaa=969.0, ccc=-10968.0, bbb=1968.0, ddd=552.923450000022}
20:43:23.613 [Test worker] TRACE org.xlbean.data.TableValueLoader - {aaa=970.0, ccc=-10969.0, bbb=1969.0, ddd=553.023450000022}
20:43:23.613 [Test worker] TRACE org.xlbean.data.TableValueLoader - {aaa=971.0, ccc=-10970.0, bbb=1970.0, ddd=553.123450000022}
20:43:23.614 [Test worker] TRACE org.xlbean.data.TableValueLoader - {aaa=972.0, ccc=-10971.0, bbb=1971.0, ddd=553.223450000022}
20:43:23.614 [Test worker] TRACE org.xlbean.data.TableValueLoader - {aaa=973.0, ccc=-10972.0, bbb=1972.0, ddd=553.323450000022}
20:43:23.614 [Test worker] TRACE org.xlbean.data.TableValueLoader - {aaa=974.0, ccc=-10973.0, bbb=1973.0, ddd=553.4234500000221}
20:43:23.615 [Test worker] TRACE org.xlbean.data.TableValueLoader - {aaa=975.0, ccc=-10974.0, bbb=1974.0, ddd=553.5234500000221}
20:43:23.615 [Test worker] TRACE org.xlbean.data.TableValueLoader - {aaa=976.0, ccc=-10975.0, bbb=1975.0, ddd=553.6234500000221}
20:43:23.615 [Test worker] TRACE org.xlbean.data.TableValueLoader - {aaa=977.0, ccc=-10976.0, bbb=1976.0, ddd=553.7234500000221}
20:43:23.615 [Test worker] TRACE org.xlbean.data.TableValueLoader - {aaa=978.0, ccc=-10977.0, bbb=1977.0, ddd=553.8234500000221}
20:43:23.616 [Test worker] TRACE org.xlbean.data.TableValueLoader - {aaa=979.0, ccc=-10978.0, bbb=1978.0, ddd=553.9234500000222}
20:43:23.616 [Test worker] TRACE org.xlbean.data.TableValueLoader - {aaa=980.0, ccc=-10979.0, bbb=1979.0, ddd=554.0234500000222}
20:43:23.617 [Test worker] TRACE org.xlbean.data.TableValueLoader - {aaa=981.0, ccc=-10980.0, bbb=1980.0, ddd=554.1234500000222}
20:43:23.617 [Test worker] TRACE org.xlbean.data.TableValueLoader - {aaa=982.0, ccc=-10981.0, bbb=1981.0, ddd=554.2234500000222}
20:43:23.617 [Test worker] TRACE org.xlbean.data.TableValueLoader - {aaa=983.0, ccc=-10982.0, bbb=1982.0, ddd=554.3234500000223}
20:43:23.618 [Test worker] TRACE org.xlbean.data.TableValueLoader - {aaa=984.0, ccc=-10983.0, bbb=1983.0, ddd=554.4234500000223}
20:43:23.618 [Test worker] TRACE org.xlbean.data.TableValueLoader - {aaa=985.0, ccc=-10984.0, bbb=1984.0, ddd=554.5234500000223}
20:43:23.619 [Test worker] TRACE org.xlbean.data.TableValueLoader - {aaa=986.0, ccc=-10985.0, bbb=1985.0, ddd=554.6234500000223}
20:43:23.619 [Test worker] TRACE org.xlbean.data.TableValueLoader - {aaa=987.0, ccc=-10986.0, bbb=1986.0, ddd=554.7234500000224}
20:43:23.619 [Test worker] TRACE org.xlbean.data.TableValueLoader - {aaa=988.0, ccc=-10987.0, bbb=1987.0, ddd=554.8234500000224}
20:43:23.620 [Test worker] TRACE org.xlbean.data.TableValueLoader - {aaa=989.0, ccc=-10988.0, bbb=1988.0, ddd=554.9234500000224}
20:43:23.620 [Test worker] TRACE org.xlbean.data.TableValueLoader - {aaa=990.0, ccc=-10989.0, bbb=1989.0, ddd=555.0234500000224}
20:43:23.620 [Test worker] TRACE org.xlbean.data.TableValueLoader - {aaa=991.0, ccc=-10990.0, bbb=1990.0, ddd=555.1234500000224}
20:43:23.621 [Test worker] TRACE org.xlbean.data.TableValueLoader - {aaa=992.0, ccc=-10991.0, bbb=1991.0, ddd=555.2234500000225}
20:43:23.621 [Test worker] TRACE org.xlbean.data.TableValueLoader - {aaa=993.0, ccc=-10992.0, bbb=1992.0, ddd=555.3234500000225}
20:43:23.621 [Test worker] TRACE org.xlbean.data.TableValueLoader - {aaa=994.0, ccc=-10993.0, bbb=1993.0, ddd=555.4234500000225}
20:43:23.622 [Test worker] TRACE org.xlbean.data.TableValueLoader - {aaa=995.0, ccc=-10994.0, bbb=1994.0, ddd=555.5234500000225}
20:43:23.622 [Test worker] TRACE org.xlbean.data.TableValueLoader - {aaa=996.0, ccc=-10995.0, bbb=1995.0, ddd=555.6234500000226}
20:43:23.622 [Test worker] TRACE org.xlbean.data.TableValueLoader - {aaa=997.0, ccc=-10996.0, bbb=1996.0, ddd=555.7234500000226}
20:43:23.623 [Test worker] TRACE org.xlbean.data.TableValueLoader - {aaa=998.0, ccc=-10997.0, bbb=1997.0, ddd=555.8234500000226}
20:43:23.623 [Test worker] TRACE org.xlbean.data.TableValueLoader - {aaa=999.0, ccc=-10998.0, bbb=1998.0, ddd=555.9234500000226}
20:43:23.623 [Test worker] TRACE org.xlbean.data.TableValueLoader - {aaa=1000.0, ccc=-10999.0, bbb=1999.0, ddd=556.0234500000226}
20:43:23.623 [Test worker] TRACE org.xlbean.data.TableValueLoader - {aaa=1001.0, ccc=-11000.0, bbb=2000.0, ddd=556.1234500000227}
20:43:23.624 [Test worker] TRACE org.xlbean.data.TableValueLoader - {aaa=1002.0, ccc=-11001.0, bbb=2001.0, ddd=556.2234500000227}
20:43:23.624 [Test worker] TRACE org.xlbean.data.TableValueLoader - {aaa=1003.0, ccc=-11002.0, bbb=2002.0, ddd=556.3234500000227}
20:43:23.624 [Test worker] TRACE org.xlbean.data.TableValueLoader - {aaa=1004.0, ccc=-11003.0, bbb=2003.0, ddd=556.4234500000227}
20:43:23.625 [Test worker] TRACE org.xlbean.data.TableValueLoader - {aaa=1005.0, ccc=-11004.0, bbb=2004.0, ddd=556.5234500000228}
20:43:23.625 [Test worker] TRACE org.xlbean.data.TableValueLoader - {aaa=1006.0, ccc=-11005.0, bbb=2005.0, ddd=556.6234500000228}
20:43:23.625 [Test worker] TRACE org.xlbean.data.TableValueLoader - {aaa=1007.0, ccc=-11006.0, bbb=2006.0, ddd=556.7234500000228}
20:43:23.626 [Test worker] TRACE org.xlbean.data.TableValueLoader - {aaa=1008.0, ccc=-11007.0, bbb=2007.0, ddd=556.8234500000228}
20:43:23.626 [Test worker] TRACE org.xlbean.data.TableValueLoader - {aaa=1009.0, ccc=-11008.0, bbb=2008.0, ddd=556.9234500000229}
20:43:23.626 [Test worker] TRACE org.xlbean.data.TableValueLoader - {aaa=1010.0, ccc=-11009.0, bbb=2009.0, ddd=557.0234500000229}
20:43:23.627 [Test worker] TRACE org.xlbean.data.TableValueLoader - {aaa=1011.0, ccc=-11010.0, bbb=2010.0, ddd=557.1234500000229}
20:43:23.627 [Test worker] TRACE org.xlbean.data.TableValueLoader - {aaa=1012.0, ccc=-11011.0, bbb=2011.0, ddd=557.2234500000229}
20:43:23.627 [Test worker] TRACE org.xlbean.data.TableValueLoader - {aaa=1013.0, ccc=-11012.0, bbb=2012.0, ddd=557.323450000023}
20:43:23.628 [Test worker] TRACE org.xlbean.data.TableValueLoader - {aaa=1014.0, ccc=-11013.0, bbb=2013.0, ddd=557.423450000023}
20:43:23.628 [Test worker] TRACE org.xlbean.data.TableValueLoader - {aaa=1015.0, ccc=-11014.0, bbb=2014.0, ddd=557.523450000023}
20:43:23.629 [Test worker] TRACE org.xlbean.data.TableValueLoader - {aaa=1016.0, ccc=-11015.0, bbb=2015.0, ddd=557.623450000023}
20:43:23.629 [Test worker] TRACE org.xlbean.data.TableValueLoader - {aaa=1017.0, ccc=-11016.0, bbb=2016.0, ddd=557.723450000023}
20:43:23.629 [Test worker] TRACE org.xlbean.data.TableValueLoader - {aaa=1018.0, ccc=-11017.0, bbb=2017.0, ddd=557.8234500000231}
20:43:23.630 [Test worker] TRACE org.xlbean.data.TableValueLoader - {aaa=1019.0, ccc=-11018.0, bbb=2018.0, ddd=557.9234500000231}
20:43:23.630 [Test worker] TRACE org.xlbean.data.TableValueLoader - {aaa=1020.0, ccc=-11019.0, bbb=2019.0, ddd=558.0234500000231}
20:43:23.630 [Test worker] TRACE org.xlbean.data.TableValueLoader - {aaa=1021.0, ccc=-11020.0, bbb=2020.0, ddd=558.1234500000231}
20:43:23.631 [Test worker] TRACE org.xlbean.data.TableValueLoader - {aaa=1022.0, ccc=-11021.0, bbb=2021.0, ddd=558.2234500000231}
20:43:23.631 [Test worker] TRACE org.xlbean.data.TableValueLoader - {aaa=1023.0, ccc=-11022.0, bbb=2022.0, ddd=558.3234500000232}
20:43:23.631 [Test worker] TRACE org.xlbean.data.TableValueLoader - {aaa=1024.0, ccc=-11023.0, bbb=2023.0, ddd=558.4234500000232}
20:43:23.631 [Test worker] TRACE org.xlbean.data.TableValueLoader - {aaa=1025.0, ccc=-11024.0, bbb=2024.0, ddd=558.5234500000232}
20:43:23.632 [Test worker] TRACE org.xlbean.data.TableValueLoader - {aaa=1026.0, ccc=-11025.0, bbb=2025.0, ddd=558.6234500000232}
20:43:23.632 [Test worker] TRACE org.xlbean.data.TableValueLoader - {aaa=1027.0, ccc=-11026.0, bbb=2026.0, ddd=558.7234500000233}
20:43:23.633 [Test worker] TRACE org.xlbean.data.TableValueLoader - {aaa=1028.0, ccc=-11027.0, bbb=2027.0, ddd=558.8234500000233}
20:43:23.633 [Test worker] TRACE org.xlbean.data.TableValueLoader - {aaa=1029.0, ccc=-11028.0, bbb=2028.0, ddd=558.9234500000233}
20:43:23.633 [Test worker] TRACE org.xlbean.data.TableValueLoader - {aaa=1030.0, ccc=-11029.0, bbb=2029.0, ddd=559.0234500000233}
20:43:23.634 [Test worker] TRACE org.xlbean.data.TableValueLoader - {aaa=1031.0, ccc=-11030.0, bbb=2030.0, ddd=559.1234500000234}
20:43:23.634 [Test worker] TRACE org.xlbean.data.TableValueLoader - {aaa=1032.0, ccc=-11031.0, bbb=2031.0, ddd=559.2234500000234}
20:43:23.635 [Test worker] TRACE org.xlbean.data.TableValueLoader - {aaa=1033.0, ccc=-11032.0, bbb=2032.0, ddd=559.3234500000234}
20:43:23.635 [Test worker] TRACE org.xlbean.data.TableValueLoader - {aaa=1034.0, ccc=-11033.0, bbb=2033.0, ddd=559.4234500000234}
20:43:23.636 [Test worker] TRACE org.xlbean.data.TableValueLoader - {aaa=1035.0, ccc=-11034.0, bbb=2034.0, ddd=559.5234500000234}
20:43:23.636 [Test worker] TRACE org.xlbean.data.TableValueLoader - {aaa=1036.0, ccc=-11035.0, bbb=2035.0, ddd=559.6234500000235}
20:43:23.637 [Test worker] TRACE org.xlbean.data.TableValueLoader - {aaa=1037.0, ccc=-11036.0, bbb=2036.0, ddd=559.7234500000235}
20:43:23.638 [Test worker] TRACE org.xlbean.data.TableValueLoader - {aaa=1038.0, ccc=-11037.0, bbb=2037.0, ddd=559.8234500000235}
20:43:23.638 [Test worker] TRACE org.xlbean.data.TableValueLoader - {aaa=1039.0, ccc=-11038.0, bbb=2038.0, ddd=559.9234500000235}
20:43:23.638 [Test worker] TRACE org.xlbean.data.TableValueLoader - {aaa=1040.0, ccc=-11039.0, bbb=2039.0, ddd=560.0234500000236}
20:43:23.639 [Test worker] TRACE org.xlbean.data.TableValueLoader - {aaa=1041.0, ccc=-11040.0, bbb=2040.0, ddd=560.1234500000236}
20:43:23.639 [Test worker] TRACE org.xlbean.data.TableValueLoader - {aaa=1042.0, ccc=-11041.0, bbb=2041.0, ddd=560.2234500000236}
20:43:23.640 [Test worker] TRACE org.xlbean.data.TableValueLoader - {aaa=1043.0, ccc=-11042.0, bbb=2042.0, ddd=560.3234500000236}
20:43:23.640 [Test worker] TRACE org.xlbean.data.TableValueLoader - {aaa=1044.0, ccc=-11043.0, bbb=2043.0, ddd=560.4234500000236}
20:43:23.640 [Test worker] TRACE org.xlbean.data.TableValueLoader - {aaa=1045.0, ccc=-11044.0, bbb=2044.0, ddd=560.5234500000237}
20:43:23.641 [Test worker] TRACE org.xlbean.data.TableValueLoader - {aaa=1046.0, ccc=-11045.0, bbb=2045.0, ddd=560.6234500000237}
20:43:23.641 [Test worker] TRACE org.xlbean.data.TableValueLoader - {aaa=1047.0, ccc=-11046.0, bbb=2046.0, ddd=560.7234500000237}
20:43:23.641 [Test worker] TRACE org.xlbean.data.TableValueLoader - {aaa=1048.0, ccc=-11047.0, bbb=2047.0, ddd=560.8234500000237}
20:43:23.642 [Test worker] TRACE org.xlbean.data.TableValueLoader - {aaa=1049.0, ccc=-11048.0, bbb=2048.0, ddd=560.9234500000238}
20:43:23.642 [Test worker] TRACE org.xlbean.data.TableValueLoader - {aaa=1050.0, ccc=-11049.0, bbb=2049.0, ddd=561.0234500000238}
20:43:23.643 [Test worker] TRACE org.xlbean.data.TableValueLoader - {aaa=1051.0, ccc=-11050.0, bbb=2050.0, ddd=561.1234500000238}
20:43:23.643 [Test worker] TRACE org.xlbean.data.TableValueLoader - {aaa=1052.0, ccc=-11051.0, bbb=2051.0, ddd=561.2234500000238}
20:43:23.643 [Test worker] TRACE org.xlbean.data.TableValueLoader - {aaa=1053.0, ccc=-11052.0, bbb=2052.0, ddd=561.3234500000239}
20:43:23.644 [Test worker] TRACE org.xlbean.data.TableValueLoader - {aaa=1054.0, ccc=-11053.0, bbb=2053.0, ddd=561.4234500000239}
20:43:23.644 [Test worker] TRACE org.xlbean.data.TableValueLoader - {aaa=1055.0, ccc=-11054.0, bbb=2054.0, ddd=561.5234500000239}
20:43:23.645 [Test worker] TRACE org.xlbean.data.TableValueLoader - {aaa=1056.0, ccc=-11055.0, bbb=2055.0, ddd=561.6234500000239}
20:43:23.645 [Test worker] TRACE org.xlbean.data.TableValueLoader - {aaa=1057.0, ccc=-11056.0, bbb=2056.0, ddd=561.723450000024}
20:43:23.646 [Test worker] TRACE org.xlbean.data.TableValueLoader - {aaa=1058.0, ccc=-11057.0, bbb=2057.0, ddd=561.823450000024}
20:43:23.646 [Test worker] TRACE org.xlbean.data.TableValueLoader - {aaa=1059.0, ccc=-11058.0, bbb=2058.0, ddd=561.923450000024}
20:43:23.646 [Test worker] TRACE org.xlbean.data.TableValueLoader - {aaa=1060.0, ccc=-11059.0, bbb=2059.0, ddd=562.023450000024}
20:43:23.647 [Test worker] TRACE org.xlbean.data.TableValueLoader - {aaa=1061.0, ccc=-11060.0, bbb=2060.0, ddd=562.123450000024}
20:43:23.647 [Test worker] TRACE org.xlbean.data.TableValueLoader - {aaa=1062.0, ccc=-11061.0, bbb=2061.0, ddd=562.2234500000241}
20:43:23.648 [Test worker] TRACE org.xlbean.data.TableValueLoader - {aaa=1063.0, ccc=-11062.0, bbb=2062.0, ddd=562.3234500000241}
20:43:23.648 [Test worker] TRACE org.xlbean.data.TableValueLoader - {aaa=1064.0, ccc=-11063.0, bbb=2063.0, ddd=562.4234500000241}
20:43:23.649 [Test worker] TRACE org.xlbean.data.TableValueLoader - {aaa=1065.0, ccc=-11064.0, bbb=2064.0, ddd=562.5234500000241}
20:43:23.649 [Test worker] TRACE org.xlbean.data.TableValueLoader - {aaa=1066.0, ccc=-11065.0, bbb=2065.0, ddd=562.6234500000241}
20:43:23.650 [Test worker] TRACE org.xlbean.data.TableValueLoader - {aaa=1067.0, ccc=-11066.0, bbb=2066.0, ddd=562.7234500000242}
20:43:23.650 [Test worker] TRACE org.xlbean.data.TableValueLoader - {aaa=1068.0, ccc=-11067.0, bbb=2067.0, ddd=562.8234500000242}
20:43:23.651 [Test worker] TRACE org.xlbean.data.TableValueLoader - {aaa=1069.0, ccc=-11068.0, bbb=2068.0, ddd=562.9234500000242}
20:43:23.651 [Test worker] TRACE org.xlbean.data.TableValueLoader - {aaa=1070.0, ccc=-11069.0, bbb=2069.0, ddd=563.0234500000242}
20:43:23.652 [Test worker] TRACE org.xlbean.data.TableValueLoader - {aaa=1071.0, ccc=-11070.0, bbb=2070.0, ddd=563.1234500000243}
20:43:23.652 [Test worker] TRACE org.xlbean.data.TableValueLoader - {aaa=1072.0, ccc=-11071.0, bbb=2071.0, ddd=563.2234500000243}
20:43:23.652 [Test worker] TRACE org.xlbean.data.TableValueLoader - {aaa=1073.0, ccc=-11072.0, bbb=2072.0, ddd=563.3234500000243}
20:43:23.653 [Test worker] TRACE org.xlbean.data.TableValueLoader - {aaa=1074.0, ccc=-11073.0, bbb=2073.0, ddd=563.4234500000243}
20:43:23.653 [Test worker] TRACE org.xlbean.data.TableValueLoader - {aaa=1075.0, ccc=-11074.0, bbb=2074.0, ddd=563.5234500000244}
20:43:23.653 [Test worker] TRACE org.xlbean.data.TableValueLoader - {aaa=1076.0, ccc=-11075.0, bbb=2075.0, ddd=563.6234500000244}
20:43:23.654 [Test worker] TRACE org.xlbean.data.TableValueLoader - {aaa=1077.0, ccc=-11076.0, bbb=2076.0, ddd=563.7234500000244}
20:43:23.654 [Test worker] TRACE org.xlbean.data.TableValueLoader - {aaa=1078.0, ccc=-11077.0, bbb=2077.0, ddd=563.8234500000244}
20:43:23.654 [Test worker] TRACE org.xlbean.data.TableValueLoader - {aaa=1079.0, ccc=-11078.0, bbb=2078.0, ddd=563.9234500000244}
20:43:23.655 [Test worker] TRACE org.xlbean.data.TableValueLoader - {aaa=1080.0, ccc=-11079.0, bbb=2079.0, ddd=564.0234500000245}
20:43:23.655 [Test worker] TRACE org.xlbean.data.TableValueLoader - {aaa=1081.0, ccc=-11080.0, bbb=2080.0, ddd=564.1234500000245}
20:43:23.655 [Test worker] TRACE org.xlbean.data.TableValueLoader - {aaa=1082.0, ccc=-11081.0, bbb=2081.0, ddd=564.2234500000245}
20:43:23.656 [Test worker] TRACE org.xlbean.data.TableValueLoader - {aaa=1083.0, ccc=-11082.0, bbb=2082.0, ddd=564.3234500000245}
20:43:23.656 [Test worker] TRACE org.xlbean.data.TableValueLoader - {aaa=1084.0, ccc=-11083.0, bbb=2083.0, ddd=564.4234500000246}
20:43:23.657 [Test worker] TRACE org.xlbean.data.TableValueLoader - {aaa=1085.0, ccc=-11084.0, bbb=2084.0, ddd=564.5234500000246}
20:43:23.657 [Test worker] TRACE org.xlbean.data.TableValueLoader - {aaa=1086.0, ccc=-11085.0, bbb=2085.0, ddd=564.6234500000246}
20:43:23.657 [Test worker] TRACE org.xlbean.data.TableValueLoader - {aaa=1087.0, ccc=-11086.0, bbb=2086.0, ddd=564.7234500000246}
20:43:23.658 [Test worker] TRACE org.xlbean.data.TableValueLoader - {aaa=1088.0, ccc=-11087.0, bbb=2087.0, ddd=564.8234500000246}
20:43:23.658 [Test worker] TRACE org.xlbean.data.TableValueLoader - {aaa=1089.0, ccc=-11088.0, bbb=2088.0, ddd=564.9234500000247}
20:43:23.658 [Test worker] TRACE org.xlbean.data.TableValueLoader - {aaa=1090.0, ccc=-11089.0, bbb=2089.0, ddd=565.0234500000247}
20:43:23.659 [Test worker] TRACE org.xlbean.data.TableValueLoader - {aaa=1091.0, ccc=-11090.0, bbb=2090.0, ddd=565.1234500000247}
20:43:23.659 [Test worker] TRACE org.xlbean.data.TableValueLoader - {aaa=1092.0, ccc=-11091.0, bbb=2091.0, ddd=565.2234500000247}
20:43:23.659 [Test worker] TRACE org.xlbean.data.TableValueLoader - {aaa=1093.0, ccc=-11092.0, bbb=2092.0, ddd=565.3234500000248}
20:43:23.660 [Test worker] TRACE org.xlbean.data.TableValueLoader - {aaa=1094.0, ccc=-11093.0, bbb=2093.0, ddd=565.4234500000248}
20:43:23.660 [Test worker] TRACE org.xlbean.data.TableValueLoader - {aaa=1095.0, ccc=-11094.0, bbb=2094.0, ddd=565.5234500000248}
20:43:23.661 [Test worker] TRACE org.xlbean.data.TableValueLoader - {aaa=1096.0, ccc=-11095.0, bbb=2095.0, ddd=565.6234500000248}
20:43:23.661 [Test worker] TRACE org.xlbean.data.TableValueLoader - {aaa=1097.0, ccc=-11096.0, bbb=2096.0, ddd=565.7234500000249}
20:43:23.661 [Test worker] TRACE org.xlbean.data.TableValueLoader - {aaa=1098.0, ccc=-11097.0, bbb=2097.0, ddd=565.8234500000249}
20:43:23.662 [Test worker] TRACE org.xlbean.data.TableValueLoader - {aaa=1099.0, ccc=-11098.0, bbb=2098.0, ddd=565.9234500000249}
20:43:23.662 [Test worker] TRACE org.xlbean.data.TableValueLoader - {aaa=1100.0, ccc=-11099.0, bbb=2099.0, ddd=566.0234500000249}
20:43:23.662 [Test worker] TRACE org.xlbean.data.TableValueLoader - {aaa=1101.0, ccc=-11100.0, bbb=2100.0, ddd=566.123450000025}
20:43:23.663 [Test worker] TRACE org.xlbean.data.TableValueLoader - {aaa=1102.0, ccc=-11101.0, bbb=2101.0, ddd=566.223450000025}
20:43:23.663 [Test worker] TRACE org.xlbean.data.TableValueLoader - {aaa=1103.0, ccc=-11102.0, bbb=2102.0, ddd=566.323450000025}
20:43:23.663 [Test worker] TRACE org.xlbean.data.TableValueLoader - {aaa=1104.0, ccc=-11103.0, bbb=2103.0, ddd=566.423450000025}
20:43:23.664 [Test worker] TRACE org.xlbean.data.TableValueLoader - {aaa=1105.0, ccc=-11104.0, bbb=2104.0, ddd=566.523450000025}
20:43:23.664 [Test worker] TRACE org.xlbean.data.TableValueLoader - {aaa=1106.0, ccc=-11105.0, bbb=2105.0, ddd=566.6234500000251}
20:43:23.665 [Test worker] TRACE org.xlbean.data.TableValueLoader - {aaa=1107.0, ccc=-11106.0, bbb=2106.0, ddd=566.7234500000251}
20:43:23.665 [Test worker] TRACE org.xlbean.data.TableValueLoader - {aaa=1108.0, ccc=-11107.0, bbb=2107.0, ddd=566.8234500000251}
20:43:23.665 [Test worker] TRACE org.xlbean.data.TableValueLoader - {aaa=1109.0, ccc=-11108.0, bbb=2108.0, ddd=566.9234500000251}
20:43:23.666 [Test worker] TRACE org.xlbean.data.TableValueLoader - {aaa=1110.0, ccc=-11109.0, bbb=2109.0, ddd=567.0234500000252}
20:43:23.667 [Test worker] TRACE org.xlbean.data.TableValueLoader - {aaa=1111.0, ccc=-11110.0, bbb=2110.0, ddd=567.1234500000252}
20:43:23.668 [Test worker] TRACE org.xlbean.data.TableValueLoader - {aaa=1112.0, ccc=-11111.0, bbb=2111.0, ddd=567.2234500000252}
20:43:23.669 [Test worker] TRACE org.xlbean.data.TableValueLoader - {aaa=1113.0, ccc=-11112.0, bbb=2112.0, ddd=567.3234500000252}
20:43:23.669 [Test worker] TRACE org.xlbean.data.TableValueLoader - {aaa=1114.0, ccc=-11113.0, bbb=2113.0, ddd=567.4234500000252}
20:43:23.670 [Test worker] TRACE org.xlbean.data.TableValueLoader - {aaa=1115.0, ccc=-11114.0, bbb=2114.0, ddd=567.5234500000253}
20:43:23.670 [Test worker] TRACE org.xlbean.data.TableValueLoader - {aaa=1116.0, ccc=-11115.0, bbb=2115.0, ddd=567.6234500000253}
20:43:23.670 [Test worker] TRACE org.xlbean.data.TableValueLoader - {aaa=1117.0, ccc=-11116.0, bbb=2116.0, ddd=567.7234500000253}
20:43:23.671 [Test worker] TRACE org.xlbean.data.TableValueLoader - {aaa=1118.0, ccc=-11117.0, bbb=2117.0, ddd=567.8234500000253}
20:43:23.671 [Test worker] TRACE org.xlbean.data.TableValueLoader - {aaa=1119.0, ccc=-11118.0, bbb=2118.0, ddd=567.9234500000254}
20:43:23.671 [Test worker] TRACE org.xlbean.data.TableValueLoader - {aaa=1120.0, ccc=-11119.0, bbb=2119.0, ddd=568.0234500000254}
20:43:23.672 [Test worker] TRACE org.xlbean.data.TableValueLoader - {aaa=1121.0, ccc=-11120.0, bbb=2120.0, ddd=568.1234500000254}
20:43:23.672 [Test worker] TRACE org.xlbean.data.TableValueLoader - {aaa=1122.0, ccc=-11121.0, bbb=2121.0, ddd=568.2234500000254}
20:43:23.672 [Test worker] TRACE org.xlbean.data.TableValueLoader - {aaa=1123.0, ccc=-11122.0, bbb=2122.0, ddd=568.3234500000254}
20:43:23.673 [Test worker] TRACE org.xlbean.data.TableValueLoader - {aaa=1124.0, ccc=-11123.0, bbb=2123.0, ddd=568.4234500000255}
20:43:23.673 [Test worker] TRACE org.xlbean.data.TableValueLoader - {aaa=1125.0, ccc=-11124.0, bbb=2124.0, ddd=568.5234500000255}
20:43:23.673 [Test worker] TRACE org.xlbean.data.TableValueLoader - {aaa=1126.0, ccc=-11125.0, bbb=2125.0, ddd=568.6234500000255}
20:43:23.674 [Test worker] TRACE org.xlbean.data.TableValueLoader - {aaa=1127.0, ccc=-11126.0, bbb=2126.0, ddd=568.7234500000255}
20:43:23.674 [Test worker] TRACE org.xlbean.data.TableValueLoader - {aaa=1128.0, ccc=-11127.0, bbb=2127.0, ddd=568.8234500000256}
20:43:23.675 [Test worker] TRACE org.xlbean.data.TableValueLoader - {aaa=1129.0, ccc=-11128.0, bbb=2128.0, ddd=568.9234500000256}
20:43:23.675 [Test worker] TRACE org.xlbean.data.TableValueLoader - {aaa=1130.0, ccc=-11129.0, bbb=2129.0, ddd=569.0234500000256}
20:43:23.675 [Test worker] TRACE org.xlbean.data.TableValueLoader - {aaa=1131.0, ccc=-11130.0, bbb=2130.0, ddd=569.1234500000256}
20:43:23.676 [Test worker] TRACE org.xlbean.data.TableValueLoader - {aaa=1132.0, ccc=-11131.0, bbb=2131.0, ddd=569.2234500000257}
20:43:23.676 [Test worker] TRACE org.xlbean.data.TableValueLoader - {aaa=1133.0, ccc=-11132.0, bbb=2132.0, ddd=569.3234500000257}
20:43:23.677 [Test worker] TRACE org.xlbean.data.TableValueLoader - {aaa=1134.0, ccc=-11133.0, bbb=2133.0, ddd=569.4234500000257}
20:43:23.677 [Test worker] TRACE org.xlbean.data.TableValueLoader - {aaa=1135.0, ccc=-11134.0, bbb=2134.0, ddd=569.5234500000257}
20:43:23.678 [Test worker] TRACE org.xlbean.data.TableValueLoader - {aaa=1136.0, ccc=-11135.0, bbb=2135.0, ddd=569.6234500000257}
20:43:23.678 [Test worker] TRACE org.xlbean.data.TableValueLoader - {aaa=1137.0, ccc=-11136.0, bbb=2136.0, ddd=569.7234500000258}
20:43:23.678 [Test worker] TRACE org.xlbean.data.TableValueLoader - {aaa=1138.0, ccc=-11137.0, bbb=2137.0, ddd=569.8234500000258}
20:43:23.679 [Test worker] TRACE org.xlbean.data.TableValueLoader - {aaa=1139.0, ccc=-11138.0, bbb=2138.0, ddd=569.9234500000258}
20:43:23.679 [Test worker] TRACE org.xlbean.data.TableValueLoader - {aaa=1140.0, ccc=-11139.0, bbb=2139.0, ddd=570.0234500000258}
20:43:23.679 [Test worker] TRACE org.xlbean.data.TableValueLoader - {aaa=1141.0, ccc=-11140.0, bbb=2140.0, ddd=570.1234500000259}
20:43:23.680 [Test worker] TRACE org.xlbean.data.TableValueLoader - {aaa=1142.0, ccc=-11141.0, bbb=2141.0, ddd=570.2234500000259}
20:43:23.680 [Test worker] TRACE org.xlbean.data.TableValueLoader - {aaa=1143.0, ccc=-11142.0, bbb=2142.0, ddd=570.3234500000259}
20:43:23.681 [Test worker] TRACE org.xlbean.data.TableValueLoader - {aaa=1144.0, ccc=-11143.0, bbb=2143.0, ddd=570.4234500000259}
20:43:23.681 [Test worker] TRACE org.xlbean.data.TableValueLoader - {aaa=1145.0, ccc=-11144.0, bbb=2144.0, ddd=570.523450000026}
20:43:23.681 [Test worker] TRACE org.xlbean.data.TableValueLoader - {aaa=1146.0, ccc=-11145.0, bbb=2145.0, ddd=570.623450000026}
20:43:23.682 [Test worker] TRACE org.xlbean.data.TableValueLoader - {aaa=1147.0, ccc=-11146.0, bbb=2146.0, ddd=570.723450000026}
20:43:23.682 [Test worker] TRACE org.xlbean.data.TableValueLoader - {aaa=1148.0, ccc=-11147.0, bbb=2147.0, ddd=570.823450000026}
20:43:23.682 [Test worker] TRACE org.xlbean.data.TableValueLoader - {aaa=1149.0, ccc=-11148.0, bbb=2148.0, ddd=570.923450000026}
20:43:23.683 [Test worker] TRACE org.xlbean.data.TableValueLoader - {aaa=1150.0, ccc=-11149.0, bbb=2149.0, ddd=571.0234500000261}
20:43:23.683 [Test worker] TRACE org.xlbean.data.TableValueLoader - {aaa=1151.0, ccc=-11150.0, bbb=2150.0, ddd=571.1234500000261}
20:43:23.684 [Test worker] TRACE org.xlbean.data.TableValueLoader - {aaa=1152.0, ccc=-11151.0, bbb=2151.0, ddd=571.2234500000261}
20:43:23.684 [Test worker] TRACE org.xlbean.data.TableValueLoader - {aaa=1153.0, ccc=-11152.0, bbb=2152.0, ddd=571.3234500000261}
20:43:23.685 [Test worker] TRACE org.xlbean.data.TableValueLoader - {aaa=1154.0, ccc=-11153.0, bbb=2153.0, ddd=571.4234500000262}
20:43:23.685 [Test worker] TRACE org.xlbean.data.TableValueLoader - {aaa=1155.0, ccc=-11154.0, bbb=2154.0, ddd=571.5234500000262}
20:43:23.686 [Test worker] TRACE org.xlbean.data.TableValueLoader - {aaa=1156.0, ccc=-11155.0, bbb=2155.0, ddd=571.6234500000262}
20:43:23.686 [Test worker] TRACE org.xlbean.data.TableValueLoader - {aaa=1157.0, ccc=-11156.0, bbb=2156.0, ddd=571.7234500000262}
20:43:23.686 [Test worker] TRACE org.xlbean.data.TableValueLoader - {aaa=1158.0, ccc=-11157.0, bbb=2157.0, ddd=571.8234500000262}
20:43:23.687 [Test worker] TRACE org.xlbean.data.TableValueLoader - {aaa=1159.0, ccc=-11158.0, bbb=2158.0, ddd=571.9234500000263}
20:43:23.687 [Test worker] TRACE org.xlbean.data.TableValueLoader - {aaa=1160.0, ccc=-11159.0, bbb=2159.0, ddd=572.0234500000263}
20:43:23.687 [Test worker] TRACE org.xlbean.data.TableValueLoader - {aaa=1161.0, ccc=-11160.0, bbb=2160.0, ddd=572.1234500000263}
20:43:23.688 [Test worker] TRACE org.xlbean.data.TableValueLoader - {aaa=1162.0, ccc=-11161.0, bbb=2161.0, ddd=572.2234500000263}
20:43:23.688 [Test worker] TRACE org.xlbean.data.TableValueLoader - {aaa=1163.0, ccc=-11162.0, bbb=2162.0, ddd=572.3234500000264}
20:43:23.688 [Test worker] TRACE org.xlbean.data.TableValueLoader - {aaa=1164.0, ccc=-11163.0, bbb=2163.0, ddd=572.4234500000264}
20:43:23.689 [Test worker] TRACE org.xlbean.data.TableValueLoader - {aaa=1165.0, ccc=-11164.0, bbb=2164.0, ddd=572.5234500000264}
20:43:23.689 [Test worker] TRACE org.xlbean.data.TableValueLoader - {aaa=1166.0, ccc=-11165.0, bbb=2165.0, ddd=572.6234500000264}
20:43:23.689 [Test worker] TRACE org.xlbean.data.TableValueLoader - {aaa=1167.0, ccc=-11166.0, bbb=2166.0, ddd=572.7234500000264}
20:43:23.690 [Test worker] TRACE org.xlbean.data.TableValueLoader - {aaa=1168.0, ccc=-11167.0, bbb=2167.0, ddd=572.8234500000265}
20:43:23.690 [Test worker] TRACE org.xlbean.data.TableValueLoader - {aaa=1169.0, ccc=-11168.0, bbb=2168.0, ddd=572.9234500000265}
20:43:23.690 [Test worker] TRACE org.xlbean.data.TableValueLoader - {aaa=1170.0, ccc=-11169.0, bbb=2169.0, ddd=573.0234500000265}
20:43:23.691 [Test worker] TRACE org.xlbean.data.TableValueLoader - {aaa=1171.0, ccc=-11170.0, bbb=2170.0, ddd=573.1234500000265}
20:43:23.691 [Test worker] TRACE org.xlbean.data.TableValueLoader - {aaa=1172.0, ccc=-11171.0, bbb=2171.0, ddd=573.2234500000266}
20:43:23.691 [Test worker] TRACE org.xlbean.data.TableValueLoader - {aaa=1173.0, ccc=-11172.0, bbb=2172.0, ddd=573.3234500000266}
20:43:23.692 [Test worker] TRACE org.xlbean.data.TableValueLoader - {aaa=1174.0, ccc=-11173.0, bbb=2173.0, ddd=573.4234500000266}
20:43:23.692 [Test worker] TRACE org.xlbean.data.TableValueLoader - {aaa=1175.0, ccc=-11174.0, bbb=2174.0, ddd=573.5234500000266}
20:43:23.692 [Test worker] TRACE org.xlbean.data.TableValueLoader - {aaa=1176.0, ccc=-11175.0, bbb=2175.0, ddd=573.6234500000267}
20:43:23.693 [Test worker] TRACE org.xlbean.data.TableValueLoader - {aaa=1177.0, ccc=-11176.0, bbb=2176.0, ddd=573.7234500000267}
20:43:23.693 [Test worker] TRACE org.xlbean.data.TableValueLoader - {aaa=1178.0, ccc=-11177.0, bbb=2177.0, ddd=573.8234500000267}
20:43:23.693 [Test worker] TRACE org.xlbean.data.TableValueLoader - {aaa=1179.0, ccc=-11178.0, bbb=2178.0, ddd=573.9234500000267}
20:43:23.694 [Test worker] TRACE org.xlbean.data.TableValueLoader - {aaa=1180.0, ccc=-11179.0, bbb=2179.0, ddd=574.0234500000267}
20:43:23.694 [Test worker] TRACE org.xlbean.data.TableValueLoader - {aaa=1181.0, ccc=-11180.0, bbb=2180.0, ddd=574.1234500000268}
20:43:23.694 [Test worker] TRACE org.xlbean.data.TableValueLoader - {aaa=1182.0, ccc=-11181.0, bbb=2181.0, ddd=574.2234500000268}
20:43:23.695 [Test worker] TRACE org.xlbean.data.TableValueLoader - {aaa=1183.0, ccc=-11182.0, bbb=2182.0, ddd=574.3234500000268}
20:43:23.695 [Test worker] TRACE org.xlbean.data.TableValueLoader - {aaa=1184.0, ccc=-11183.0, bbb=2183.0, ddd=574.4234500000268}
20:43:23.696 [Test worker] TRACE org.xlbean.data.TableValueLoader - {aaa=1185.0, ccc=-11184.0, bbb=2184.0, ddd=574.5234500000269}
20:43:23.696 [Test worker] TRACE org.xlbean.data.TableValueLoader - {aaa=1186.0, ccc=-11185.0, bbb=2185.0, ddd=574.6234500000269}
20:43:23.696 [Test worker] TRACE org.xlbean.data.TableValueLoader - {aaa=1187.0, ccc=-11186.0, bbb=2186.0, ddd=574.7234500000269}
20:43:23.697 [Test worker] TRACE org.xlbean.data.TableValueLoader - {aaa=1188.0, ccc=-11187.0, bbb=2187.0, ddd=574.8234500000269}
20:43:23.697 [Test worker] TRACE org.xlbean.data.TableValueLoader - {aaa=1189.0, ccc=-11188.0, bbb=2188.0, ddd=574.923450000027}
20:43:23.697 [Test worker] TRACE org.xlbean.data.TableValueLoader - {aaa=1190.0, ccc=-11189.0, bbb=2189.0, ddd=575.023450000027}
20:43:23.698 [Test worker] TRACE org.xlbean.data.TableValueLoader - {aaa=1191.0, ccc=-11190.0, bbb=2190.0, ddd=575.123450000027}
20:43:23.698 [Test worker] TRACE org.xlbean.data.TableValueLoader - {aaa=1192.0, ccc=-11191.0, bbb=2191.0, ddd=575.223450000027}
20:43:23.698 [Test worker] TRACE org.xlbean.data.TableValueLoader - {aaa=1193.0, ccc=-11192.0, bbb=2192.0, ddd=575.323450000027}
20:43:23.698 [Test worker] TRACE org.xlbean.data.TableValueLoader - {aaa=1194.0, ccc=-11193.0, bbb=2193.0, ddd=575.4234500000271}
20:43:23.699 [Test worker] TRACE org.xlbean.data.TableValueLoader - {aaa=1195.0, ccc=-11194.0, bbb=2194.0, ddd=575.5234500000271}
20:43:23.699 [Test worker] TRACE org.xlbean.data.TableValueLoader - {aaa=1196.0, ccc=-11195.0, bbb=2195.0, ddd=575.6234500000271}
20:43:23.699 [Test worker] TRACE org.xlbean.data.TableValueLoader - {aaa=1197.0, ccc=-11196.0, bbb=2196.0, ddd=575.7234500000271}
20:43:23.700 [Test worker] TRACE org.xlbean.data.TableValueLoader - {aaa=1198.0, ccc=-11197.0, bbb=2197.0, ddd=575.8234500000272}
20:43:23.700 [Test worker] TRACE org.xlbean.data.TableValueLoader - {aaa=1199.0, ccc=-11198.0, bbb=2198.0, ddd=575.9234500000272}
20:43:23.700 [Test worker] TRACE org.xlbean.data.TableValueLoader - {aaa=1200.0, ccc=-11199.0, bbb=2199.0, ddd=576.0234500000272}
20:43:23.701 [Test worker] TRACE org.xlbean.data.TableValueLoader - {aaa=1201.0, ccc=-11200.0, bbb=2200.0, ddd=576.1234500000272}
20:43:23.701 [Test worker] TRACE org.xlbean.data.TableValueLoader - {aaa=1202.0, ccc=-11201.0, bbb=2201.0, ddd=576.2234500000272}
20:43:23.702 [Test worker] TRACE org.xlbean.data.TableValueLoader - {aaa=1203.0, ccc=-11202.0, bbb=2202.0, ddd=576.3234500000273}
20:43:23.702 [Test worker] TRACE org.xlbean.data.TableValueLoader - {aaa=1204.0, ccc=-11203.0, bbb=2203.0, ddd=576.4234500000273}
20:43:23.702 [Test worker] TRACE org.xlbean.data.TableValueLoader - {aaa=1205.0, ccc=-11204.0, bbb=2204.0, ddd=576.5234500000273}
20:43:23.703 [Test worker] TRACE org.xlbean.data.TableValueLoader - {aaa=1206.0, ccc=-11205.0, bbb=2205.0, ddd=576.6234500000273}
20:43:23.703 [Test worker] TRACE org.xlbean.data.TableValueLoader - {aaa=1207.0, ccc=-11206.0, bbb=2206.0, ddd=576.7234500000274}
20:43:23.703 [Test worker] TRACE org.xlbean.data.TableValueLoader - {aaa=1208.0, ccc=-11207.0, bbb=2207.0, ddd=576.8234500000274}
20:43:23.703 [Test worker] TRACE org.xlbean.data.TableValueLoader - {aaa=1209.0, ccc=-11208.0, bbb=2208.0, ddd=576.9234500000274}
20:43:23.704 [Test worker] TRACE org.xlbean.data.TableValueLoader - {aaa=1210.0, ccc=-11209.0, bbb=2209.0, ddd=577.0234500000274}
20:43:23.704 [Test worker] TRACE org.xlbean.data.TableValueLoader - {aaa=1211.0, ccc=-11210.0, bbb=2210.0, ddd=577.1234500000274}
20:43:23.705 [Test worker] TRACE org.xlbean.data.TableValueLoader - {aaa=1212.0, ccc=-11211.0, bbb=2211.0, ddd=577.2234500000275}
20:43:23.705 [Test worker] TRACE org.xlbean.data.TableValueLoader - {aaa=1213.0, ccc=-11212.0, bbb=2212.0, ddd=577.3234500000275}
20:43:23.705 [Test worker] TRACE org.xlbean.data.TableValueLoader - {aaa=1214.0, ccc=-11213.0, bbb=2213.0, ddd=577.4234500000275}
20:43:23.706 [Test worker] TRACE org.xlbean.data.TableValueLoader - {aaa=1215.0, ccc=-11214.0, bbb=2214.0, ddd=577.5234500000275}
20:43:23.706 [Test worker] TRACE org.xlbean.data.TableValueLoader - {aaa=1216.0, ccc=-11215.0, bbb=2215.0, ddd=577.6234500000276}
20:43:23.706 [Test worker] TRACE org.xlbean.data.TableValueLoader - {aaa=1217.0, ccc=-11216.0, bbb=2216.0, ddd=577.7234500000276}
20:43:23.707 [Test worker] TRACE org.xlbean.data.TableValueLoader - {aaa=1218.0, ccc=-11217.0, bbb=2217.0, ddd=577.8234500000276}
20:43:23.707 [Test worker] TRACE org.xlbean.data.TableValueLoader - {aaa=1219.0, ccc=-11218.0, bbb=2218.0, ddd=577.9234500000276}
20:43:23.707 [Test worker] TRACE org.xlbean.data.TableValueLoader - {aaa=1220.0, ccc=-11219.0, bbb=2219.0, ddd=578.0234500000277}
20:43:23.708 [Test worker] TRACE org.xlbean.data.TableValueLoader - {aaa=1221.0, ccc=-11220.0, bbb=2220.0, ddd=578.1234500000277}
20:43:23.708 [Test worker] TRACE org.xlbean.data.TableValueLoader - {aaa=1222.0, ccc=-11221.0, bbb=2221.0, ddd=578.2234500000277}
20:43:23.708 [Test worker] TRACE org.xlbean.data.TableValueLoader - {aaa=1223.0, ccc=-11222.0, bbb=2222.0, ddd=578.3234500000277}
20:43:23.709 [Test worker] TRACE org.xlbean.data.TableValueLoader - {aaa=1224.0, ccc=-11223.0, bbb=2223.0, ddd=578.4234500000277}
20:43:23.709 [Test worker] TRACE org.xlbean.data.TableValueLoader - {aaa=1225.0, ccc=-11224.0, bbb=2224.0, ddd=578.5234500000278}
20:43:23.709 [Test worker] TRACE org.xlbean.data.TableValueLoader - {aaa=1226.0, ccc=-11225.0, bbb=2225.0, ddd=578.6234500000278}
20:43:23.710 [Test worker] TRACE org.xlbean.data.TableValueLoader - {aaa=1227.0, ccc=-11226.0, bbb=2226.0, ddd=578.7234500000278}
20:43:23.710 [Test worker] TRACE org.xlbean.data.TableValueLoader - {aaa=1228.0, ccc=-11227.0, bbb=2227.0, ddd=578.8234500000278}
20:43:23.710 [Test worker] TRACE org.xlbean.data.TableValueLoader - {aaa=1229.0, ccc=-11228.0, bbb=2228.0, ddd=578.9234500000279}
20:43:23.710 [Test worker] TRACE org.xlbean.data.TableValueLoader - {aaa=1230.0, ccc=-11229.0, bbb=2229.0, ddd=579.0234500000279}
20:43:23.711 [Test worker] TRACE org.xlbean.data.TableValueLoader - {aaa=1231.0, ccc=-11230.0, bbb=2230.0, ddd=579.1234500000279}
20:43:23.711 [Test worker] TRACE org.xlbean.data.TableValueLoader - {aaa=1232.0, ccc=-11231.0, bbb=2231.0, ddd=579.2234500000279}
20:43:23.711 [Test worker] TRACE org.xlbean.data.TableValueLoader - {aaa=1233.0, ccc=-11232.0, bbb=2232.0, ddd=579.323450000028}
20:43:23.712 [Test worker] TRACE org.xlbean.data.TableValueLoader - {aaa=1234.0, ccc=-11233.0, bbb=2233.0, ddd=579.423450000028}
20:43:23.712 [Test worker] TRACE org.xlbean.data.TableValueLoader - {aaa=1235.0, ccc=-11234.0, bbb=2234.0, ddd=579.523450000028}
20:43:23.712 [Test worker] TRACE org.xlbean.data.TableValueLoader - {aaa=1236.0, ccc=-11235.0, bbb=2235.0, ddd=579.623450000028}
20:43:23.713 [Test worker] TRACE org.xlbean.data.TableValueLoader - {aaa=1237.0, ccc=-11236.0, bbb=2236.0, ddd=579.723450000028}
20:43:23.713 [Test worker] TRACE org.xlbean.data.TableValueLoader - {aaa=1238.0, ccc=-11237.0, bbb=2237.0, ddd=579.8234500000281}
20:43:23.713 [Test worker] TRACE org.xlbean.data.TableValueLoader - {aaa=1239.0, ccc=-11238.0, bbb=2238.0, ddd=579.9234500000281}
20:43:23.714 [Test worker] TRACE org.xlbean.data.TableValueLoader - {aaa=1240.0, ccc=-11239.0, bbb=2239.0, ddd=580.0234500000281}
20:43:23.714 [Test worker] TRACE org.xlbean.data.TableValueLoader - {aaa=1241.0, ccc=-11240.0, bbb=2240.0, ddd=580.1234500000281}
20:43:23.715 [Test worker] TRACE org.xlbean.data.TableValueLoader - {aaa=1242.0, ccc=-11241.0, bbb=2241.0, ddd=580.2234500000282}
20:43:23.715 [Test worker] TRACE org.xlbean.data.TableValueLoader - {aaa=1243.0, ccc=-11242.0, bbb=2242.0, ddd=580.3234500000282}
20:43:23.715 [Test worker] TRACE org.xlbean.data.TableValueLoader - {aaa=1244.0, ccc=-11243.0, bbb=2243.0, ddd=580.4234500000282}
20:43:23.716 [Test worker] TRACE org.xlbean.data.TableValueLoader - {aaa=1245.0, ccc=-11244.0, bbb=2244.0, ddd=580.5234500000282}
20:43:23.716 [Test worker] TRACE org.xlbean.data.TableValueLoader - {aaa=1246.0, ccc=-11245.0, bbb=2245.0, ddd=580.6234500000282}
20:43:23.716 [Test worker] TRACE org.xlbean.data.TableValueLoader - {aaa=1247.0, ccc=-11246.0, bbb=2246.0, ddd=580.7234500000283}
20:43:23.717 [Test worker] TRACE org.xlbean.data.TableValueLoader - {aaa=1248.0, ccc=-11247.0, bbb=2247.0, ddd=580.8234500000283}
20:43:23.717 [Test worker] TRACE org.xlbean.data.TableValueLoader - {aaa=1249.0, ccc=-11248.0, bbb=2248.0, ddd=580.9234500000283}
20:43:23.718 [Test worker] TRACE org.xlbean.data.TableValueLoader - {aaa=1250.0, ccc=-11249.0, bbb=2249.0, ddd=581.0234500000283}
20:43:23.718 [Test worker] TRACE org.xlbean.data.TableValueLoader - {aaa=1251.0, ccc=-11250.0, bbb=2250.0, ddd=581.1234500000284}
20:43:23.719 [Test worker] TRACE org.xlbean.data.TableValueLoader - {aaa=1252.0, ccc=-11251.0, bbb=2251.0, ddd=581.2234500000284}
20:43:23.719 [Test worker] TRACE org.xlbean.data.TableValueLoader - {aaa=1253.0, ccc=-11252.0, bbb=2252.0, ddd=581.3234500000284}
20:43:23.719 [Test worker] TRACE org.xlbean.data.TableValueLoader - {aaa=1254.0, ccc=-11253.0, bbb=2253.0, ddd=581.4234500000284}
20:43:23.720 [Test worker] TRACE org.xlbean.data.TableValueLoader - {aaa=1255.0, ccc=-11254.0, bbb=2254.0, ddd=581.5234500000284}
20:43:23.720 [Test worker] TRACE org.xlbean.data.TableValueLoader - {aaa=1256.0, ccc=-11255.0, bbb=2255.0, ddd=581.6234500000285}
20:43:23.721 [Test worker] TRACE org.xlbean.data.TableValueLoader - {aaa=1257.0, ccc=-11256.0, bbb=2256.0, ddd=581.7234500000285}
20:43:23.721 [Test worker] TRACE org.xlbean.data.TableValueLoader - {aaa=1258.0, ccc=-11257.0, bbb=2257.0, ddd=581.8234500000285}
20:43:23.721 [Test worker] TRACE org.xlbean.data.TableValueLoader - {aaa=1259.0, ccc=-11258.0, bbb=2258.0, ddd=581.9234500000285}
20:43:23.722 [Test worker] TRACE org.xlbean.data.TableValueLoader - {aaa=1260.0, ccc=-11259.0, bbb=2259.0, ddd=582.0234500000286}
20:43:23.722 [Test worker] TRACE org.xlbean.data.TableValueLoader - {aaa=1261.0, ccc=-11260.0, bbb=2260.0, ddd=582.1234500000286}
20:43:23.722 [Test worker] TRACE org.xlbean.data.TableValueLoader - {aaa=1262.0, ccc=-11261.0, bbb=2261.0, ddd=582.2234500000286}
20:43:23.723 [Test worker] TRACE org.xlbean.data.TableValueLoader - {aaa=1263.0, ccc=-11262.0, bbb=2262.0, ddd=582.3234500000286}
20:43:23.723 [Test worker] TRACE org.xlbean.data.TableValueLoader - {aaa=1264.0, ccc=-11263.0, bbb=2263.0, ddd=582.4234500000287}
20:43:23.723 [Test worker] TRACE org.xlbean.data.TableValueLoader - {aaa=1265.0, ccc=-11264.0, bbb=2264.0, ddd=582.5234500000287}
20:43:23.724 [Test worker] TRACE org.xlbean.data.TableValueLoader - {aaa=1266.0, ccc=-11265.0, bbb=2265.0, ddd=582.6234500000287}
20:43:23.724 [Test worker] TRACE org.xlbean.data.TableValueLoader - {aaa=1267.0, ccc=-11266.0, bbb=2266.0, ddd=582.7234500000287}
20:43:23.725 [Test worker] TRACE org.xlbean.data.TableValueLoader - {aaa=1268.0, ccc=-11267.0, bbb=2267.0, ddd=582.8234500000287}
20:43:23.725 [Test worker] TRACE org.xlbean.data.TableValueLoader - {aaa=1269.0, ccc=-11268.0, bbb=2268.0, ddd=582.9234500000288}
20:43:23.725 [Test worker] TRACE org.xlbean.data.TableValueLoader - {aaa=1270.0, ccc=-11269.0, bbb=2269.0, ddd=583.0234500000288}
20:43:23.726 [Test worker] TRACE org.xlbean.data.TableValueLoader - {aaa=1271.0, ccc=-11270.0, bbb=2270.0, ddd=583.1234500000288}
20:43:23.726 [Test worker] TRACE org.xlbean.data.TableValueLoader - {aaa=1272.0, ccc=-11271.0, bbb=2271.0, ddd=583.2234500000288}
20:43:23.726 [Test worker] TRACE org.xlbean.data.TableValueLoader - {aaa=1273.0, ccc=-11272.0, bbb=2272.0, ddd=583.3234500000289}
20:43:23.726 [Test worker] TRACE org.xlbean.data.TableValueLoader - {aaa=1274.0, ccc=-11273.0, bbb=2273.0, ddd=583.4234500000289}
20:43:23.727 [Test worker] TRACE org.xlbean.data.TableValueLoader - {aaa=1275.0, ccc=-11274.0, bbb=2274.0, ddd=583.5234500000289}
20:43:23.727 [Test worker] TRACE org.xlbean.data.TableValueLoader - {aaa=1276.0, ccc=-11275.0, bbb=2275.0, ddd=583.6234500000289}
20:43:23.728 [Test worker] TRACE org.xlbean.data.TableValueLoader - {aaa=1277.0, ccc=-11276.0, bbb=2276.0, ddd=583.723450000029}
20:43:23.728 [Test worker] TRACE org.xlbean.data.TableValueLoader - {aaa=1278.0, ccc=-11277.0, bbb=2277.0, ddd=583.823450000029}
20:43:23.728 [Test worker] TRACE org.xlbean.data.TableValueLoader - {aaa=1279.0, ccc=-11278.0, bbb=2278.0, ddd=583.923450000029}
20:43:23.729 [Test worker] TRACE org.xlbean.data.TableValueLoader - {aaa=1280.0, ccc=-11279.0, bbb=2279.0, ddd=584.023450000029}
20:43:23.729 [Test worker] TRACE org.xlbean.data.TableValueLoader - {aaa=1281.0, ccc=-11280.0, bbb=2280.0, ddd=584.123450000029}
20:43:23.729 [Test worker] TRACE org.xlbean.data.TableValueLoader - {aaa=1282.0, ccc=-11281.0, bbb=2281.0, ddd=584.2234500000291}
20:43:23.730 [Test worker] TRACE org.xlbean.data.TableValueLoader - {aaa=1283.0, ccc=-11282.0, bbb=2282.0, ddd=584.3234500000291}
20:43:23.730 [Test worker] TRACE org.xlbean.data.TableValueLoader - {aaa=1284.0, ccc=-11283.0, bbb=2283.0, ddd=584.4234500000291}
20:43:23.730 [Test worker] TRACE org.xlbean.data.TableValueLoader - {aaa=1285.0, ccc=-11284.0, bbb=2284.0, ddd=584.5234500000291}
20:43:23.730 [Test worker] TRACE org.xlbean.data.TableValueLoader - {aaa=1286.0, ccc=-11285.0, bbb=2285.0, ddd=584.6234500000292}
20:43:23.730 [Test worker] TRACE org.xlbean.data.TableValueLoader - {aaa=1287.0, ccc=-11286.0, bbb=2286.0, ddd=584.7234500000292}
20:43:23.731 [Test worker] TRACE org.xlbean.data.TableValueLoader - {aaa=1288.0, ccc=-11287.0, bbb=2287.0, ddd=584.8234500000292}
20:43:23.731 [Test worker] TRACE org.xlbean.data.TableValueLoader - {aaa=1289.0, ccc=-11288.0, bbb=2288.0, ddd=584.9234500000292}
20:43:23.731 [Test worker] TRACE org.xlbean.data.TableValueLoader - {aaa=1290.0, ccc=-11289.0, bbb=2289.0, ddd=585.0234500000292}
20:43:23.731 [Test worker] TRACE org.xlbean.data.TableValueLoader - {aaa=1291.0, ccc=-11290.0, bbb=2290.0, ddd=585.1234500000293}
20:43:23.732 [Test worker] TRACE org.xlbean.data.TableValueLoader - {aaa=1292.0, ccc=-11291.0, bbb=2291.0, ddd=585.2234500000293}
20:43:23.732 [Test worker] TRACE org.xlbean.data.TableValueLoader - {aaa=1293.0, ccc=-11292.0, bbb=2292.0, ddd=585.3234500000293}
20:43:23.732 [Test worker] TRACE org.xlbean.data.TableValueLoader - {aaa=1294.0, ccc=-11293.0, bbb=2293.0, ddd=585.4234500000293}
20:43:23.732 [Test worker] TRACE org.xlbean.data.TableValueLoader - {aaa=1295.0, ccc=-11294.0, bbb=2294.0, ddd=585.5234500000294}
20:43:23.733 [Test worker] TRACE org.xlbean.data.TableValueLoader - {aaa=1296.0, ccc=-11295.0, bbb=2295.0, ddd=585.6234500000294}
20:43:23.733 [Test worker] TRACE org.xlbean.data.TableValueLoader - {aaa=1297.0, ccc=-11296.0, bbb=2296.0, ddd=585.7234500000294}
20:43:23.733 [Test worker] TRACE org.xlbean.data.TableValueLoader - {aaa=1298.0, ccc=-11297.0, bbb=2297.0, ddd=585.8234500000294}
20:43:23.733 [Test worker] TRACE org.xlbean.data.TableValueLoader - {aaa=1299.0, ccc=-11298.0, bbb=2298.0, ddd=585.9234500000294}
20:43:23.734 [Test worker] TRACE org.xlbean.data.TableValueLoader - {aaa=1300.0, ccc=-11299.0, bbb=2299.0, ddd=586.0234500000295}
20:43:23.734 [Test worker] TRACE org.xlbean.data.TableValueLoader - {aaa=1301.0, ccc=-11300.0, bbb=2300.0, ddd=586.1234500000295}
20:43:23.734 [Test worker] TRACE org.xlbean.data.TableValueLoader - {aaa=1302.0, ccc=-11301.0, bbb=2301.0, ddd=586.2234500000295}
20:43:23.735 [Test worker] TRACE org.xlbean.data.TableValueLoader - {aaa=1303.0, ccc=-11302.0, bbb=2302.0, ddd=586.3234500000295}
20:43:23.735 [Test worker] TRACE org.xlbean.data.TableValueLoader - {aaa=1304.0, ccc=-11303.0, bbb=2303.0, ddd=586.4234500000296}
20:43:23.735 [Test worker] TRACE org.xlbean.data.TableValueLoader - {aaa=1305.0, ccc=-11304.0, bbb=2304.0, ddd=586.5234500000296}
20:43:23.735 [Test worker] TRACE org.xlbean.data.TableValueLoader - {aaa=1306.0, ccc=-11305.0, bbb=2305.0, ddd=586.6234500000296}
20:43:23.736 [Test worker] TRACE org.xlbean.data.TableValueLoader - {aaa=1307.0, ccc=-11306.0, bbb=2306.0, ddd=586.7234500000296}
20:43:23.736 [Test worker] TRACE org.xlbean.data.TableValueLoader - {aaa=1308.0, ccc=-11307.0, bbb=2307.0, ddd=586.8234500000297}
20:43:23.736 [Test worker] TRACE org.xlbean.data.TableValueLoader - {aaa=1309.0, ccc=-11308.0, bbb=2308.0, ddd=586.9234500000297}
20:43:23.736 [Test worker] TRACE org.xlbean.data.TableValueLoader - {aaa=1310.0, ccc=-11309.0, bbb=2309.0, ddd=587.0234500000297}
20:43:23.737 [Test worker] TRACE org.xlbean.data.TableValueLoader - {aaa=1311.0, ccc=-11310.0, bbb=2310.0, ddd=587.1234500000297}
20:43:23.737 [Test worker] TRACE org.xlbean.data.TableValueLoader - {aaa=1312.0, ccc=-11311.0, bbb=2311.0, ddd=587.2234500000297}
20:43:23.737 [Test worker] TRACE org.xlbean.data.TableValueLoader - {aaa=1313.0, ccc=-11312.0, bbb=2312.0, ddd=587.3234500000298}
20:43:23.737 [Test worker] TRACE org.xlbean.data.TableValueLoader - {aaa=1314.0, ccc=-11313.0, bbb=2313.0, ddd=587.4234500000298}
20:43:23.737 [Test worker] TRACE org.xlbean.data.TableValueLoader - {aaa=1315.0, ccc=-11314.0, bbb=2314.0, ddd=587.5234500000298}
20:43:23.738 [Test worker] TRACE org.xlbean.data.TableValueLoader - {aaa=1316.0, ccc=-11315.0, bbb=2315.0, ddd=587.6234500000298}
20:43:23.738 [Test worker] TRACE org.xlbean.data.TableValueLoader - {aaa=1317.0, ccc=-11316.0, bbb=2316.0, ddd=587.7234500000299}
20:43:23.738 [Test worker] TRACE org.xlbean.data.TableValueLoader - {aaa=1318.0, ccc=-11317.0, bbb=2317.0, ddd=587.8234500000299}
20:43:23.738 [Test worker] TRACE org.xlbean.data.TableValueLoader - {aaa=1319.0, ccc=-11318.0, bbb=2318.0, ddd=587.9234500000299}
20:43:23.739 [Test worker] TRACE org.xlbean.data.TableValueLoader - {aaa=1320.0, ccc=-11319.0, bbb=2319.0, ddd=588.0234500000299}
20:43:23.739 [Test worker] TRACE org.xlbean.data.TableValueLoader - {aaa=1321.0, ccc=-11320.0, bbb=2320.0, ddd=588.12345000003}
20:43:23.739 [Test worker] TRACE org.xlbean.data.TableValueLoader - {aaa=1322.0, ccc=-11321.0, bbb=2321.0, ddd=588.22345000003}
20:43:23.739 [Test worker] TRACE org.xlbean.data.TableValueLoader - {aaa=1323.0, ccc=-11322.0, bbb=2322.0, ddd=588.32345000003}
20:43:23.740 [Test worker] TRACE org.xlbean.data.TableValueLoader - {aaa=1324.0, ccc=-11323.0, bbb=2323.0, ddd=588.42345000003}
20:43:23.740 [Test worker] TRACE org.xlbean.data.TableValueLoader - {aaa=1325.0, ccc=-11324.0, bbb=2324.0, ddd=588.52345000003}
20:43:23.740 [Test worker] TRACE org.xlbean.data.TableValueLoader - {aaa=1326.0, ccc=-11325.0, bbb=2325.0, ddd=588.6234500000301}
20:43:23.740 [Test worker] TRACE org.xlbean.data.TableValueLoader - {aaa=1327.0, ccc=-11326.0, bbb=2326.0, ddd=588.7234500000301}
20:43:23.741 [Test worker] TRACE org.xlbean.data.TableValueLoader - {aaa=1328.0, ccc=-11327.0, bbb=2327.0, ddd=588.8234500000301}
20:43:23.741 [Test worker] TRACE org.xlbean.data.TableValueLoader - {aaa=1329.0, ccc=-11328.0, bbb=2328.0, ddd=588.9234500000301}
20:43:23.741 [Test worker] TRACE org.xlbean.data.TableValueLoader - {aaa=1330.0, ccc=-11329.0, bbb=2329.0, ddd=589.0234500000302}
20:43:23.741 [Test worker] TRACE org.xlbean.data.TableValueLoader - {aaa=1331.0, ccc=-11330.0, bbb=2330.0, ddd=589.1234500000302}
20:43:23.742 [Test worker] TRACE org.xlbean.data.TableValueLoader - {aaa=1332.0, ccc=-11331.0, bbb=2331.0, ddd=589.2234500000302}
20:43:23.742 [Test worker] TRACE org.xlbean.data.TableValueLoader - {aaa=1333.0, ccc=-11332.0, bbb=2332.0, ddd=589.3234500000302}
20:43:23.742 [Test worker] TRACE org.xlbean.data.TableValueLoader - {aaa=1334.0, ccc=-11333.0, bbb=2333.0, ddd=589.4234500000302}
20:43:23.742 [Test worker] TRACE org.xlbean.data.TableValueLoader - {aaa=1335.0, ccc=-11334.0, bbb=2334.0, ddd=589.5234500000303}
20:43:23.742 [Test worker] TRACE org.xlbean.data.TableValueLoader - {aaa=1336.0, ccc=-11335.0, bbb=2335.0, ddd=589.6234500000303}
20:43:23.743 [Test worker] TRACE org.xlbean.data.TableValueLoader - {aaa=1337.0, ccc=-11336.0, bbb=2336.0, ddd=589.7234500000303}
20:43:23.743 [Test worker] TRACE org.xlbean.data.TableValueLoader - {aaa=1338.0, ccc=-11337.0, bbb=2337.0, ddd=589.8234500000303}
20:43:23.743 [Test worker] TRACE org.xlbean.data.TableValueLoader - {aaa=1339.0, ccc=-11338.0, bbb=2338.0, ddd=589.9234500000304}
20:43:23.743 [Test worker] TRACE org.xlbean.data.TableValueLoader - {aaa=1340.0, ccc=-11339.0, bbb=2339.0, ddd=590.0234500000304}
20:43:23.744 [Test worker] TRACE org.xlbean.data.TableValueLoader - {aaa=1341.0, ccc=-11340.0, bbb=2340.0, ddd=590.1234500000304}
20:43:23.744 [Test worker] TRACE org.xlbean.data.TableValueLoader - {aaa=1342.0, ccc=-11341.0, bbb=2341.0, ddd=590.2234500000304}
20:43:23.744 [Test worker] TRACE org.xlbean.data.TableValueLoader - {aaa=1343.0, ccc=-11342.0, bbb=2342.0, ddd=590.3234500000304}
20:43:23.745 [Test worker] TRACE org.xlbean.data.TableValueLoader - {aaa=1344.0, ccc=-11343.0, bbb=2343.0, ddd=590.4234500000305}
20:43:23.745 [Test worker] TRACE org.xlbean.data.TableValueLoader - {aaa=1345.0, ccc=-11344.0, bbb=2344.0, ddd=590.5234500000305}
20:43:23.745 [Test worker] TRACE org.xlbean.data.TableValueLoader - {aaa=1346.0, ccc=-11345.0, bbb=2345.0, ddd=590.6234500000305}
20:43:23.745 [Test worker] TRACE org.xlbean.data.TableValueLoader - {aaa=1347.0, ccc=-11346.0, bbb=2346.0, ddd=590.7234500000305}
20:43:23.745 [Test worker] TRACE org.xlbean.data.TableValueLoader - {aaa=1348.0, ccc=-11347.0, bbb=2347.0, ddd=590.8234500000306}
20:43:23.746 [Test worker] TRACE org.xlbean.data.TableValueLoader - {aaa=1349.0, ccc=-11348.0, bbb=2348.0, ddd=590.9234500000306}
20:43:23.746 [Test worker] TRACE org.xlbean.data.TableValueLoader - {aaa=1350.0, ccc=-11349.0, bbb=2349.0, ddd=591.0234500000306}
20:43:23.746 [Test worker] TRACE org.xlbean.data.TableValueLoader - {aaa=1351.0, ccc=-11350.0, bbb=2350.0, ddd=591.1234500000306}
20:43:23.747 [Test worker] TRACE org.xlbean.data.TableValueLoader - {aaa=1352.0, ccc=-11351.0, bbb=2351.0, ddd=591.2234500000307}
20:43:23.747 [Test worker] TRACE org.xlbean.data.TableValueLoader - {aaa=1353.0, ccc=-11352.0, bbb=2352.0, ddd=591.3234500000307}
20:43:23.747 [Test worker] TRACE org.xlbean.data.TableValueLoader - {aaa=1354.0, ccc=-11353.0, bbb=2353.0, ddd=591.4234500000307}
20:43:23.747 [Test worker] TRACE org.xlbean.data.TableValueLoader - {aaa=1355.0, ccc=-11354.0, bbb=2354.0, ddd=591.5234500000307}
20:43:23.748 [Test worker] TRACE org.xlbean.data.TableValueLoader - {aaa=1356.0, ccc=-11355.0, bbb=2355.0, ddd=591.6234500000307}
20:43:23.748 [Test worker] TRACE org.xlbean.data.TableValueLoader - {aaa=1357.0, ccc=-11356.0, bbb=2356.0, ddd=591.7234500000308}
20:43:23.748 [Test worker] TRACE org.xlbean.data.TableValueLoader - {aaa=1358.0, ccc=-11357.0, bbb=2357.0, ddd=591.8234500000308}
20:43:23.748 [Test worker] TRACE org.xlbean.data.TableValueLoader - {aaa=1359.0, ccc=-11358.0, bbb=2358.0, ddd=591.9234500000308}
20:43:23.749 [Test worker] TRACE org.xlbean.data.TableValueLoader - {aaa=1360.0, ccc=-11359.0, bbb=2359.0, ddd=592.0234500000308}
20:43:23.749 [Test worker] TRACE org.xlbean.data.TableValueLoader - {aaa=1361.0, ccc=-11360.0, bbb=2360.0, ddd=592.1234500000309}
20:43:23.749 [Test worker] TRACE org.xlbean.data.TableValueLoader - {aaa=1362.0, ccc=-11361.0, bbb=2361.0, ddd=592.2234500000309}
20:43:23.749 [Test worker] TRACE org.xlbean.data.TableValueLoader - {aaa=1363.0, ccc=-11362.0, bbb=2362.0, ddd=592.3234500000309}
20:43:23.750 [Test worker] TRACE org.xlbean.data.TableValueLoader - {aaa=1364.0, ccc=-11363.0, bbb=2363.0, ddd=592.4234500000309}
20:43:23.750 [Test worker] TRACE org.xlbean.data.TableValueLoader - {aaa=1365.0, ccc=-11364.0, bbb=2364.0, ddd=592.523450000031}
20:43:23.750 [Test worker] TRACE org.xlbean.data.TableValueLoader - {aaa=1366.0, ccc=-11365.0, bbb=2365.0, ddd=592.623450000031}
20:43:23.752 [Test worker] TRACE org.xlbean.data.TableValueLoader - {aaa=1367.0, ccc=-11366.0, bbb=2366.0, ddd=592.723450000031}
20:43:23.752 [Test worker] TRACE org.xlbean.data.TableValueLoader - {aaa=1368.0, ccc=-11367.0, bbb=2367.0, ddd=592.823450000031}
20:43:23.752 [Test worker] TRACE org.xlbean.data.TableValueLoader - {aaa=1369.0, ccc=-11368.0, bbb=2368.0, ddd=592.923450000031}
20:43:23.753 [Test worker] TRACE org.xlbean.data.TableValueLoader - {aaa=1370.0, ccc=-11369.0, bbb=2369.0, ddd=593.0234500000311}
20:43:23.753 [Test worker] TRACE org.xlbean.data.TableValueLoader - {aaa=1371.0, ccc=-11370.0, bbb=2370.0, ddd=593.1234500000311}
20:43:23.753 [Test worker] TRACE org.xlbean.data.TableValueLoader - {aaa=1372.0, ccc=-11371.0, bbb=2371.0, ddd=593.2234500000311}
20:43:23.754 [Test worker] TRACE org.xlbean.data.TableValueLoader - {aaa=1373.0, ccc=-11372.0, bbb=2372.0, ddd=593.3234500000311}
20:43:23.754 [Test worker] TRACE org.xlbean.data.TableValueLoader - {aaa=1374.0, ccc=-11373.0, bbb=2373.0, ddd=593.4234500000312}
20:43:23.754 [Test worker] TRACE org.xlbean.data.TableValueLoader - {aaa=1375.0, ccc=-11374.0, bbb=2374.0, ddd=593.5234500000312}
20:43:23.754 [Test worker] TRACE org.xlbean.data.TableValueLoader - {aaa=1376.0, ccc=-11375.0, bbb=2375.0, ddd=593.6234500000312}
20:43:23.754 [Test worker] TRACE org.xlbean.data.TableValueLoader - {aaa=1377.0, ccc=-11376.0, bbb=2376.0, ddd=593.7234500000312}
20:43:23.755 [Test worker] TRACE org.xlbean.data.TableValueLoader - {aaa=1378.0, ccc=-11377.0, bbb=2377.0, ddd=593.8234500000312}
20:43:23.755 [Test worker] TRACE org.xlbean.data.TableValueLoader - {aaa=1379.0, ccc=-11378.0, bbb=2378.0, ddd=593.9234500000313}
20:43:23.755 [Test worker] TRACE org.xlbean.data.TableValueLoader - {aaa=1380.0, ccc=-11379.0, bbb=2379.0, ddd=594.0234500000313}
20:43:23.755 [Test worker] TRACE org.xlbean.data.TableValueLoader - {aaa=1381.0, ccc=-11380.0, bbb=2380.0, ddd=594.1234500000313}
20:43:23.755 [Test worker] TRACE org.xlbean.data.TableValueLoader - {aaa=1382.0, ccc=-11381.0, bbb=2381.0, ddd=594.2234500000313}
20:43:23.756 [Test worker] TRACE org.xlbean.data.TableValueLoader - {aaa=1383.0, ccc=-11382.0, bbb=2382.0, ddd=594.3234500000314}
20:43:23.756 [Test worker] TRACE org.xlbean.data.TableValueLoader - {aaa=1384.0, ccc=-11383.0, bbb=2383.0, ddd=594.4234500000314}
20:43:23.756 [Test worker] TRACE org.xlbean.data.TableValueLoader - {aaa=1385.0, ccc=-11384.0, bbb=2384.0, ddd=594.5234500000314}
20:43:23.757 [Test worker] TRACE org.xlbean.data.TableValueLoader - {aaa=1386.0, ccc=-11385.0, bbb=2385.0, ddd=594.6234500000314}
20:43:23.757 [Test worker] TRACE org.xlbean.data.TableValueLoader - {aaa=1387.0, ccc=-11386.0, bbb=2386.0, ddd=594.7234500000314}
20:43:23.757 [Test worker] TRACE org.xlbean.data.TableValueLoader - {aaa=1388.0, ccc=-11387.0, bbb=2387.0, ddd=594.8234500000315}
20:43:23.758 [Test worker] TRACE org.xlbean.data.TableValueLoader - {aaa=1389.0, ccc=-11388.0, bbb=2388.0, ddd=594.9234500000315}
20:43:23.758 [Test worker] TRACE org.xlbean.data.TableValueLoader - {aaa=1390.0, ccc=-11389.0, bbb=2389.0, ddd=595.0234500000315}
20:43:23.758 [Test worker] TRACE org.xlbean.data.TableValueLoader - {aaa=1391.0, ccc=-11390.0, bbb=2390.0, ddd=595.1234500000315}
20:43:23.759 [Test worker] TRACE org.xlbean.data.TableValueLoader - {aaa=1392.0, ccc=-11391.0, bbb=2391.0, ddd=595.2234500000316}
20:43:23.759 [Test worker] TRACE org.xlbean.data.TableValueLoader - {aaa=1393.0, ccc=-11392.0, bbb=2392.0, ddd=595.3234500000316}
20:43:23.759 [Test worker] TRACE org.xlbean.data.TableValueLoader - {aaa=1394.0, ccc=-11393.0, bbb=2393.0, ddd=595.4234500000316}
20:43:23.760 [Test worker] TRACE org.xlbean.data.TableValueLoader - {aaa=1395.0, ccc=-11394.0, bbb=2394.0, ddd=595.5234500000316}
20:43:23.760 [Test worker] TRACE org.xlbean.data.TableValueLoader - {aaa=1396.0, ccc=-11395.0, bbb=2395.0, ddd=595.6234500000317}
20:43:23.760 [Test worker] TRACE org.xlbean.data.TableValueLoader - {aaa=1397.0, ccc=-11396.0, bbb=2396.0, ddd=595.7234500000317}
20:43:23.761 [Test worker] TRACE org.xlbean.data.TableValueLoader - {aaa=1398.0, ccc=-11397.0, bbb=2397.0, ddd=595.8234500000317}
20:43:23.761 [Test worker] TRACE org.xlbean.data.TableValueLoader - {aaa=1399.0, ccc=-11398.0, bbb=2398.0, ddd=595.9234500000317}
20:43:23.761 [Test worker] TRACE org.xlbean.data.TableValueLoader - {aaa=1400.0, ccc=-11399.0, bbb=2399.0, ddd=596.0234500000317}
20:43:23.762 [Test worker] TRACE org.xlbean.data.TableValueLoader - {aaa=1401.0, ccc=-11400.0, bbb=2400.0, ddd=596.1234500000318}
20:43:23.762 [Test worker] TRACE org.xlbean.data.TableValueLoader - {aaa=1402.0, ccc=-11401.0, bbb=2401.0, ddd=596.2234500000318}
20:43:23.762 [Test worker] TRACE org.xlbean.data.TableValueLoader - {aaa=1403.0, ccc=-11402.0, bbb=2402.0, ddd=596.3234500000318}
20:43:23.763 [Test worker] TRACE org.xlbean.data.TableValueLoader - {aaa=1404.0, ccc=-11403.0, bbb=2403.0, ddd=596.4234500000318}
20:43:23.763 [Test worker] TRACE org.xlbean.data.TableValueLoader - {aaa=1405.0, ccc=-11404.0, bbb=2404.0, ddd=596.5234500000319}
20:43:23.763 [Test worker] TRACE org.xlbean.data.TableValueLoader - {aaa=1406.0, ccc=-11405.0, bbb=2405.0, ddd=596.6234500000319}
20:43:23.764 [Test worker] TRACE org.xlbean.data.TableValueLoader - {aaa=1407.0, ccc=-11406.0, bbb=2406.0, ddd=596.7234500000319}
20:43:23.764 [Test worker] TRACE org.xlbean.data.TableValueLoader - {aaa=1408.0, ccc=-11407.0, bbb=2407.0, ddd=596.8234500000319}
20:43:23.764 [Test worker] TRACE org.xlbean.data.TableValueLoader - {aaa=1409.0, ccc=-11408.0, bbb=2408.0, ddd=596.923450000032}
20:43:23.765 [Test worker] TRACE org.xlbean.data.TableValueLoader - {aaa=1410.0, ccc=-11409.0, bbb=2409.0, ddd=597.023450000032}
20:43:23.765 [Test worker] TRACE org.xlbean.data.TableValueLoader - {aaa=1411.0, ccc=-11410.0, bbb=2410.0, ddd=597.123450000032}
20:43:23.765 [Test worker] TRACE org.xlbean.data.TableValueLoader - {aaa=1412.0, ccc=-11411.0, bbb=2411.0, ddd=597.223450000032}
20:43:23.765 [Test worker] TRACE org.xlbean.data.TableValueLoader - {aaa=1413.0, ccc=-11412.0, bbb=2412.0, ddd=597.323450000032}
20:43:23.766 [Test worker] TRACE org.xlbean.data.TableValueLoader - {aaa=1414.0, ccc=-11413.0, bbb=2413.0, ddd=597.4234500000321}
20:43:23.766 [Test worker] TRACE org.xlbean.data.TableValueLoader - {aaa=1415.0, ccc=-11414.0, bbb=2414.0, ddd=597.5234500000321}
20:43:23.766 [Test worker] TRACE org.xlbean.data.TableValueLoader - {aaa=1416.0, ccc=-11415.0, bbb=2415.0, ddd=597.6234500000321}
20:43:23.767 [Test worker] TRACE org.xlbean.data.TableValueLoader - {aaa=1417.0, ccc=-11416.0, bbb=2416.0, ddd=597.7234500000321}
20:43:23.767 [Test worker] TRACE org.xlbean.data.TableValueLoader - {aaa=1418.0, ccc=-11417.0, bbb=2417.0, ddd=597.8234500000322}
20:43:23.767 [Test worker] TRACE org.xlbean.data.TableValueLoader - {aaa=1419.0, ccc=-11418.0, bbb=2418.0, ddd=597.9234500000322}
20:43:23.768 [Test worker] TRACE org.xlbean.data.TableValueLoader - {aaa=1420.0, ccc=-11419.0, bbb=2419.0, ddd=598.0234500000322}
20:43:23.768 [Test worker] TRACE org.xlbean.data.TableValueLoader - {aaa=1421.0, ccc=-11420.0, bbb=2420.0, ddd=598.1234500000322}
20:43:23.769 [Test worker] TRACE org.xlbean.data.TableValueLoader - {aaa=1422.0, ccc=-11421.0, bbb=2421.0, ddd=598.2234500000322}
20:43:23.769 [Test worker] TRACE org.xlbean.data.TableValueLoader - {aaa=1423.0, ccc=-11422.0, bbb=2422.0, ddd=598.3234500000323}
20:43:23.769 [Test worker] TRACE org.xlbean.data.TableValueLoader - {aaa=1424.0, ccc=-11423.0, bbb=2423.0, ddd=598.4234500000323}
20:43:23.770 [Test worker] TRACE org.xlbean.data.TableValueLoader - {aaa=1425.0, ccc=-11424.0, bbb=2424.0, ddd=598.5234500000323}
20:43:23.770 [Test worker] TRACE org.xlbean.data.TableValueLoader - {aaa=1426.0, ccc=-11425.0, bbb=2425.0, ddd=598.6234500000323}
20:43:23.770 [Test worker] TRACE org.xlbean.data.TableValueLoader - {aaa=1427.0, ccc=-11426.0, bbb=2426.0, ddd=598.7234500000324}
20:43:23.771 [Test worker] TRACE org.xlbean.data.TableValueLoader - {aaa=1428.0, ccc=-11427.0, bbb=2427.0, ddd=598.8234500000324}
20:43:23.771 [Test worker] TRACE org.xlbean.data.TableValueLoader - {aaa=1429.0, ccc=-11428.0, bbb=2428.0, ddd=598.9234500000324}
20:43:23.772 [Test worker] TRACE org.xlbean.data.TableValueLoader - {aaa=1430.0, ccc=-11429.0, bbb=2429.0, ddd=599.0234500000324}
20:43:23.772 [Test worker] TRACE org.xlbean.data.TableValueLoader - {aaa=1431.0, ccc=-11430.0, bbb=2430.0, ddd=599.1234500000324}
20:43:23.773 [Test worker] TRACE org.xlbean.data.TableValueLoader - {aaa=1432.0, ccc=-11431.0, bbb=2431.0, ddd=599.2234500000325}
20:43:23.773 [Test worker] TRACE org.xlbean.data.TableValueLoader - {aaa=1433.0, ccc=-11432.0, bbb=2432.0, ddd=599.3234500000325}
20:43:23.773 [Test worker] TRACE org.xlbean.data.TableValueLoader - {aaa=1434.0, ccc=-11433.0, bbb=2433.0, ddd=599.4234500000325}
20:43:23.774 [Test worker] TRACE org.xlbean.data.TableValueLoader - {aaa=1435.0, ccc=-11434.0, bbb=2434.0, ddd=599.5234500000325}
20:43:23.774 [Test worker] TRACE org.xlbean.data.TableValueLoader - {aaa=1436.0, ccc=-11435.0, bbb=2435.0, ddd=599.6234500000326}
20:43:23.774 [Test worker] TRACE org.xlbean.data.TableValueLoader - {aaa=1437.0, ccc=-11436.0, bbb=2436.0, ddd=599.7234500000326}
20:43:23.775 [Test worker] TRACE org.xlbean.data.TableValueLoader - {aaa=1438.0, ccc=-11437.0, bbb=2437.0, ddd=599.8234500000326}
20:43:23.775 [Test worker] TRACE org.xlbean.data.TableValueLoader - {aaa=1439.0, ccc=-11438.0, bbb=2438.0, ddd=599.9234500000326}
20:43:23.776 [Test worker] TRACE org.xlbean.data.TableValueLoader - {aaa=1440.0, ccc=-11439.0, bbb=2439.0, ddd=600.0234500000327}
20:43:23.776 [Test worker] TRACE org.xlbean.data.TableValueLoader - {aaa=1441.0, ccc=-11440.0, bbb=2440.0, ddd=600.1234500000327}
20:43:23.776 [Test worker] TRACE org.xlbean.data.TableValueLoader - {aaa=1442.0, ccc=-11441.0, bbb=2441.0, ddd=600.2234500000327}
20:43:23.776 [Test worker] TRACE org.xlbean.data.TableValueLoader - {aaa=1443.0, ccc=-11442.0, bbb=2442.0, ddd=600.3234500000327}
20:43:23.777 [Test worker] TRACE org.xlbean.data.TableValueLoader - {aaa=1444.0, ccc=-11443.0, bbb=2443.0, ddd=600.4234500000327}
20:43:23.777 [Test worker] TRACE org.xlbean.data.TableValueLoader - {aaa=1445.0, ccc=-11444.0, bbb=2444.0, ddd=600.5234500000328}
20:43:23.777 [Test worker] TRACE org.xlbean.data.TableValueLoader - {aaa=1446.0, ccc=-11445.0, bbb=2445.0, ddd=600.6234500000328}
20:43:23.778 [Test worker] TRACE org.xlbean.data.TableValueLoader - {aaa=1447.0, ccc=-11446.0, bbb=2446.0, ddd=600.7234500000328}
20:43:23.778 [Test worker] TRACE org.xlbean.data.TableValueLoader - {aaa=1448.0, ccc=-11447.0, bbb=2447.0, ddd=600.8234500000328}
20:43:23.778 [Test worker] TRACE org.xlbean.data.TableValueLoader - {aaa=1449.0, ccc=-11448.0, bbb=2448.0, ddd=600.9234500000329}
20:43:23.779 [Test worker] TRACE org.xlbean.data.TableValueLoader - {aaa=1450.0, ccc=-11449.0, bbb=2449.0, ddd=601.0234500000329}
20:43:23.779 [Test worker] TRACE org.xlbean.data.TableValueLoader - {aaa=1451.0, ccc=-11450.0, bbb=2450.0, ddd=601.1234500000329}
20:43:23.779 [Test worker] TRACE org.xlbean.data.TableValueLoader - {aaa=1452.0, ccc=-11451.0, bbb=2451.0, ddd=601.2234500000329}
20:43:23.780 [Test worker] TRACE org.xlbean.data.TableValueLoader - {aaa=1453.0, ccc=-11452.0, bbb=2452.0, ddd=601.323450000033}
20:43:23.780 [Test worker] TRACE org.xlbean.data.TableValueLoader - {aaa=1454.0, ccc=-11453.0, bbb=2453.0, ddd=601.423450000033}
20:43:23.780 [Test worker] TRACE org.xlbean.data.TableValueLoader - {aaa=1455.0, ccc=-11454.0, bbb=2454.0, ddd=601.523450000033}
20:43:23.781 [Test worker] TRACE org.xlbean.data.TableValueLoader - {aaa=1456.0, ccc=-11455.0, bbb=2455.0, ddd=601.623450000033}
20:43:23.781 [Test worker] TRACE org.xlbean.data.TableValueLoader - {aaa=1457.0, ccc=-11456.0, bbb=2456.0, ddd=601.723450000033}
20:43:23.781 [Test worker] TRACE org.xlbean.data.TableValueLoader - {aaa=1458.0, ccc=-11457.0, bbb=2457.0, ddd=601.8234500000331}
20:43:23.782 [Test worker] TRACE org.xlbean.data.TableValueLoader - {aaa=1459.0, ccc=-11458.0, bbb=2458.0, ddd=601.9234500000331}
20:43:23.782 [Test worker] TRACE org.xlbean.data.TableValueLoader - {aaa=1460.0, ccc=-11459.0, bbb=2459.0, ddd=602.0234500000331}
20:43:23.782 [Test worker] TRACE org.xlbean.data.TableValueLoader - {aaa=1461.0, ccc=-11460.0, bbb=2460.0, ddd=602.1234500000331}
20:43:23.783 [Test worker] TRACE org.xlbean.data.TableValueLoader - {aaa=1462.0, ccc=-11461.0, bbb=2461.0, ddd=602.2234500000332}
20:43:23.783 [Test worker] TRACE org.xlbean.data.TableValueLoader - {aaa=1463.0, ccc=-11462.0, bbb=2462.0, ddd=602.3234500000332}
20:43:23.783 [Test worker] TRACE org.xlbean.data.TableValueLoader - {aaa=1464.0, ccc=-11463.0, bbb=2463.0, ddd=602.4234500000332}
20:43:23.783 [Test worker] TRACE org.xlbean.data.TableValueLoader - {aaa=1465.0, ccc=-11464.0, bbb=2464.0, ddd=602.5234500000332}
20:43:23.784 [Test worker] TRACE org.xlbean.data.TableValueLoader - {aaa=1466.0, ccc=-11465.0, bbb=2465.0, ddd=602.6234500000332}
20:43:23.784 [Test worker] TRACE org.xlbean.data.TableValueLoader - {aaa=1467.0, ccc=-11466.0, bbb=2466.0, ddd=602.7234500000333}
20:43:23.785 [Test worker] TRACE org.xlbean.data.TableValueLoader - {aaa=1468.0, ccc=-11467.0, bbb=2467.0, ddd=602.8234500000333}
20:43:23.785 [Test worker] TRACE org.xlbean.data.TableValueLoader - {aaa=1469.0, ccc=-11468.0, bbb=2468.0, ddd=602.9234500000333}
20:43:23.785 [Test worker] TRACE org.xlbean.data.TableValueLoader - {aaa=1470.0, ccc=-11469.0, bbb=2469.0, ddd=603.0234500000333}
20:43:23.786 [Test worker] TRACE org.xlbean.data.TableValueLoader - {aaa=1471.0, ccc=-11470.0, bbb=2470.0, ddd=603.1234500000334}
20:43:23.786 [Test worker] TRACE org.xlbean.data.TableValueLoader - {aaa=1472.0, ccc=-11471.0, bbb=2471.0, ddd=603.2234500000334}
20:43:23.786 [Test worker] TRACE org.xlbean.data.TableValueLoader - {aaa=1473.0, ccc=-11472.0, bbb=2472.0, ddd=603.3234500000334}
20:43:23.786 [Test worker] TRACE org.xlbean.data.TableValueLoader - {aaa=1474.0, ccc=-11473.0, bbb=2473.0, ddd=603.4234500000334}
20:43:23.787 [Test worker] TRACE org.xlbean.data.TableValueLoader - {aaa=1475.0, ccc=-11474.0, bbb=2474.0, ddd=603.5234500000334}
20:43:23.787 [Test worker] TRACE org.xlbean.data.TableValueLoader - {aaa=1476.0, ccc=-11475.0, bbb=2475.0, ddd=603.6234500000335}
20:43:23.787 [Test worker] TRACE org.xlbean.data.TableValueLoader - {aaa=1477.0, ccc=-11476.0, bbb=2476.0, ddd=603.7234500000335}
20:43:23.788 [Test worker] TRACE org.xlbean.data.TableValueLoader - {aaa=1478.0, ccc=-11477.0, bbb=2477.0, ddd=603.8234500000335}
20:43:23.788 [Test worker] TRACE org.xlbean.data.TableValueLoader - {aaa=1479.0, ccc=-11478.0, bbb=2478.0, ddd=603.9234500000335}
20:43:23.788 [Test worker] TRACE org.xlbean.data.TableValueLoader - {aaa=1480.0, ccc=-11479.0, bbb=2479.0, ddd=604.0234500000336}
20:43:23.789 [Test worker] TRACE org.xlbean.data.TableValueLoader - {aaa=1481.0, ccc=-11480.0, bbb=2480.0, ddd=604.1234500000336}
20:43:23.789 [Test worker] TRACE org.xlbean.data.TableValueLoader - {aaa=1482.0, ccc=-11481.0, bbb=2481.0, ddd=604.2234500000336}
20:43:23.789 [Test worker] TRACE org.xlbean.data.TableValueLoader - {aaa=1483.0, ccc=-11482.0, bbb=2482.0, ddd=604.3234500000336}
20:43:23.790 [Test worker] TRACE org.xlbean.data.TableValueLoader - {aaa=1484.0, ccc=-11483.0, bbb=2483.0, ddd=604.4234500000337}
20:43:23.790 [Test worker] TRACE org.xlbean.data.TableValueLoader - {aaa=1485.0, ccc=-11484.0, bbb=2484.0, ddd=604.5234500000337}
20:43:23.790 [Test worker] TRACE org.xlbean.data.TableValueLoader - {aaa=1486.0, ccc=-11485.0, bbb=2485.0, ddd=604.6234500000337}
20:43:23.791 [Test worker] TRACE org.xlbean.data.TableValueLoader - {aaa=1487.0, ccc=-11486.0, bbb=2486.0, ddd=604.7234500000337}
20:43:23.791 [Test worker] TRACE org.xlbean.data.TableValueLoader - {aaa=1488.0, ccc=-11487.0, bbb=2487.0, ddd=604.8234500000337}
20:43:23.791 [Test worker] TRACE org.xlbean.data.TableValueLoader - {aaa=1489.0, ccc=-11488.0, bbb=2488.0, ddd=604.9234500000338}
20:43:23.791 [Test worker] TRACE org.xlbean.data.TableValueLoader - {aaa=1490.0, ccc=-11489.0, bbb=2489.0, ddd=605.0234500000338}
20:43:23.792 [Test worker] TRACE org.xlbean.data.TableValueLoader - {aaa=1491.0, ccc=-11490.0, bbb=2490.0, ddd=605.1234500000338}
20:43:23.792 [Test worker] TRACE org.xlbean.data.TableValueLoader - {aaa=1492.0, ccc=-11491.0, bbb=2491.0, ddd=605.2234500000338}
20:43:23.793 [Test worker] TRACE org.xlbean.data.TableValueLoader - {aaa=1493.0, ccc=-11492.0, bbb=2492.0, ddd=605.3234500000339}
20:43:23.793 [Test worker] TRACE org.xlbean.data.TableValueLoader - {aaa=1494.0, ccc=-11493.0, bbb=2493.0, ddd=605.4234500000339}
20:43:23.793 [Test worker] TRACE org.xlbean.data.TableValueLoader - {aaa=1495.0, ccc=-11494.0, bbb=2494.0, ddd=605.5234500000339}
20:43:23.794 [Test worker] TRACE org.xlbean.data.TableValueLoader - {aaa=1496.0, ccc=-11495.0, bbb=2495.0, ddd=605.6234500000339}
20:43:23.794 [Test worker] TRACE org.xlbean.data.TableValueLoader - {aaa=1497.0, ccc=-11496.0, bbb=2496.0, ddd=605.723450000034}
20:43:23.794 [Test worker] TRACE org.xlbean.data.TableValueLoader - {aaa=1498.0, ccc=-11497.0, bbb=2497.0, ddd=605.823450000034}
20:43:23.795 [Test worker] TRACE org.xlbean.data.TableValueLoader - {aaa=1499.0, ccc=-11498.0, bbb=2498.0, ddd=605.923450000034}
20:43:23.795 [Test worker] TRACE org.xlbean.data.TableValueLoader - {aaa=1500.0, ccc=-11499.0, bbb=2499.0, ddd=606.023450000034}
20:43:23.795 [Test worker] TRACE org.xlbean.data.TableValueLoader - {aaa=1501.0, ccc=-11500.0, bbb=2500.0, ddd=606.123450000034}
20:43:23.796 [Test worker] TRACE org.xlbean.data.TableValueLoader - {aaa=1502.0, ccc=-11501.0, bbb=2501.0, ddd=606.2234500000341}
20:43:23.796 [Test worker] TRACE org.xlbean.data.TableValueLoader - {aaa=1503.0, ccc=-11502.0, bbb=2502.0, ddd=606.3234500000341}
20:43:23.796 [Test worker] TRACE org.xlbean.data.TableValueLoader - {aaa=1504.0, ccc=-11503.0, bbb=2503.0, ddd=606.4234500000341}
20:43:23.797 [Test worker] TRACE org.xlbean.data.TableValueLoader - {aaa=1505.0, ccc=-11504.0, bbb=2504.0, ddd=606.5234500000341}
20:43:23.797 [Test worker] TRACE org.xlbean.data.TableValueLoader - {aaa=1506.0, ccc=-11505.0, bbb=2505.0, ddd=606.6234500000342}
20:43:23.797 [Test worker] TRACE org.xlbean.data.TableValueLoader - {aaa=1507.0, ccc=-11506.0, bbb=2506.0, ddd=606.7234500000342}
20:43:23.797 [Test worker] TRACE org.xlbean.data.TableValueLoader - {aaa=1508.0, ccc=-11507.0, bbb=2507.0, ddd=606.8234500000342}
20:43:23.798 [Test worker] TRACE org.xlbean.data.TableValueLoader - {aaa=1509.0, ccc=-11508.0, bbb=2508.0, ddd=606.9234500000342}
20:43:23.798 [Test worker] TRACE org.xlbean.data.TableValueLoader - {aaa=1510.0, ccc=-11509.0, bbb=2509.0, ddd=607.0234500000342}
20:43:23.798 [Test worker] TRACE org.xlbean.data.TableValueLoader - {aaa=1511.0, ccc=-11510.0, bbb=2510.0, ddd=607.1234500000343}
20:43:23.799 [Test worker] TRACE org.xlbean.data.TableValueLoader - {aaa=1512.0, ccc=-11511.0, bbb=2511.0, ddd=607.2234500000343}
20:43:23.799 [Test worker] TRACE org.xlbean.data.TableValueLoader - {aaa=1513.0, ccc=-11512.0, bbb=2512.0, ddd=607.3234500000343}
20:43:23.799 [Test worker] TRACE org.xlbean.data.TableValueLoader - {aaa=1514.0, ccc=-11513.0, bbb=2513.0, ddd=607.4234500000343}
20:43:23.799 [Test worker] TRACE org.xlbean.data.TableValueLoader - {aaa=1515.0, ccc=-11514.0, bbb=2514.0, ddd=607.5234500000344}
20:43:23.800 [Test worker] TRACE org.xlbean.data.TableValueLoader - {aaa=1516.0, ccc=-11515.0, bbb=2515.0, ddd=607.6234500000344}
20:43:23.800 [Test worker] TRACE org.xlbean.data.TableValueLoader - {aaa=1517.0, ccc=-11516.0, bbb=2516.0, ddd=607.7234500000344}
20:43:23.801 [Test worker] TRACE org.xlbean.data.TableValueLoader - {aaa=1518.0, ccc=-11517.0, bbb=2517.0, ddd=607.8234500000344}
20:43:23.801 [Test worker] TRACE org.xlbean.data.TableValueLoader - {aaa=1519.0, ccc=-11518.0, bbb=2518.0, ddd=607.9234500000344}
20:43:23.801 [Test worker] TRACE org.xlbean.data.TableValueLoader - {aaa=1520.0, ccc=-11519.0, bbb=2519.0, ddd=608.0234500000345}
20:43:23.802 [Test worker] TRACE org.xlbean.data.TableValueLoader - {aaa=1521.0, ccc=-11520.0, bbb=2520.0, ddd=608.1234500000345}
20:43:23.802 [Test worker] TRACE org.xlbean.data.TableValueLoader - {aaa=1522.0, ccc=-11521.0, bbb=2521.0, ddd=608.2234500000345}
20:43:23.802 [Test worker] TRACE org.xlbean.data.TableValueLoader - {aaa=1523.0, ccc=-11522.0, bbb=2522.0, ddd=608.3234500000345}
20:43:23.803 [Test worker] TRACE org.xlbean.data.TableValueLoader - {aaa=1524.0, ccc=-11523.0, bbb=2523.0, ddd=608.4234500000346}
20:43:23.804 [Test worker] TRACE org.xlbean.data.TableValueLoader - {aaa=1525.0, ccc=-11524.0, bbb=2524.0, ddd=608.5234500000346}
20:43:23.804 [Test worker] TRACE org.xlbean.data.TableValueLoader - {aaa=1526.0, ccc=-11525.0, bbb=2525.0, ddd=608.6234500000346}
20:43:23.804 [Test worker] TRACE org.xlbean.data.TableValueLoader - {aaa=1527.0, ccc=-11526.0, bbb=2526.0, ddd=608.7234500000346}
20:43:23.805 [Test worker] TRACE org.xlbean.data.TableValueLoader - {aaa=1528.0, ccc=-11527.0, bbb=2527.0, ddd=608.8234500000347}
20:43:23.805 [Test worker] TRACE org.xlbean.data.TableValueLoader - {aaa=1529.0, ccc=-11528.0, bbb=2528.0, ddd=608.9234500000347}
20:43:23.805 [Test worker] TRACE org.xlbean.data.TableValueLoader - {aaa=1530.0, ccc=-11529.0, bbb=2529.0, ddd=609.0234500000347}
20:43:23.805 [Test worker] TRACE org.xlbean.data.TableValueLoader - {aaa=1531.0, ccc=-11530.0, bbb=2530.0, ddd=609.1234500000347}
20:43:23.806 [Test worker] TRACE org.xlbean.data.TableValueLoader - {aaa=1532.0, ccc=-11531.0, bbb=2531.0, ddd=609.2234500000347}
20:43:23.806 [Test worker] TRACE org.xlbean.data.TableValueLoader - {aaa=1533.0, ccc=-11532.0, bbb=2532.0, ddd=609.3234500000348}
20:43:23.806 [Test worker] TRACE org.xlbean.data.TableValueLoader - {aaa=1534.0, ccc=-11533.0, bbb=2533.0, ddd=609.4234500000348}
20:43:23.806 [Test worker] TRACE org.xlbean.data.TableValueLoader - {aaa=1535.0, ccc=-11534.0, bbb=2534.0, ddd=609.5234500000348}
20:43:23.807 [Test worker] TRACE org.xlbean.data.TableValueLoader - {aaa=1536.0, ccc=-11535.0, bbb=2535.0, ddd=609.6234500000348}
20:43:23.807 [Test worker] TRACE org.xlbean.data.TableValueLoader - {aaa=1537.0, ccc=-11536.0, bbb=2536.0, ddd=609.7234500000349}
20:43:23.808 [Test worker] TRACE org.xlbean.data.TableValueLoader - {aaa=1538.0, ccc=-11537.0, bbb=2537.0, ddd=609.8234500000349}
20:43:23.808 [Test worker] TRACE org.xlbean.data.TableValueLoader - {aaa=1539.0, ccc=-11538.0, bbb=2538.0, ddd=609.9234500000349}
20:43:23.808 [Test worker] TRACE org.xlbean.data.TableValueLoader - {aaa=1540.0, ccc=-11539.0, bbb=2539.0, ddd=610.0234500000349}
20:43:23.809 [Test worker] TRACE org.xlbean.data.TableValueLoader - {aaa=1541.0, ccc=-11540.0, bbb=2540.0, ddd=610.123450000035}
20:43:23.809 [Test worker] TRACE org.xlbean.data.TableValueLoader - {aaa=1542.0, ccc=-11541.0, bbb=2541.0, ddd=610.223450000035}
20:43:23.809 [Test worker] TRACE org.xlbean.data.TableValueLoader - {aaa=1543.0, ccc=-11542.0, bbb=2542.0, ddd=610.323450000035}
20:43:23.810 [Test worker] TRACE org.xlbean.data.TableValueLoader - {aaa=1544.0, ccc=-11543.0, bbb=2543.0, ddd=610.423450000035}
20:43:23.810 [Test worker] TRACE org.xlbean.data.TableValueLoader - {aaa=1545.0, ccc=-11544.0, bbb=2544.0, ddd=610.523450000035}
20:43:23.811 [Test worker] TRACE org.xlbean.data.TableValueLoader - {aaa=1546.0, ccc=-11545.0, bbb=2545.0, ddd=610.6234500000351}
20:43:23.811 [Test worker] TRACE org.xlbean.data.TableValueLoader - {aaa=1547.0, ccc=-11546.0, bbb=2546.0, ddd=610.7234500000351}
20:43:23.812 [Test worker] TRACE org.xlbean.data.TableValueLoader - {aaa=1548.0, ccc=-11547.0, bbb=2547.0, ddd=610.8234500000351}
20:43:23.812 [Test worker] TRACE org.xlbean.data.TableValueLoader - {aaa=1549.0, ccc=-11548.0, bbb=2548.0, ddd=610.9234500000351}
20:43:23.812 [Test worker] TRACE org.xlbean.data.TableValueLoader - {aaa=1550.0, ccc=-11549.0, bbb=2549.0, ddd=611.0234500000352}
20:43:23.813 [Test worker] TRACE org.xlbean.data.TableValueLoader - {aaa=1551.0, ccc=-11550.0, bbb=2550.0, ddd=611.1234500000352}
20:43:23.813 [Test worker] TRACE org.xlbean.data.TableValueLoader - {aaa=1552.0, ccc=-11551.0, bbb=2551.0, ddd=611.2234500000352}
20:43:23.813 [Test worker] TRACE org.xlbean.data.TableValueLoader - {aaa=1553.0, ccc=-11552.0, bbb=2552.0, ddd=611.3234500000352}
20:43:23.814 [Test worker] TRACE org.xlbean.data.TableValueLoader - {aaa=1554.0, ccc=-11553.0, bbb=2553.0, ddd=611.4234500000352}
20:43:23.814 [Test worker] TRACE org.xlbean.data.TableValueLoader - {aaa=1555.0, ccc=-11554.0, bbb=2554.0, ddd=611.5234500000353}
20:43:23.814 [Test worker] TRACE org.xlbean.data.TableValueLoader - {aaa=1556.0, ccc=-11555.0, bbb=2555.0, ddd=611.6234500000353}
20:43:23.815 [Test worker] TRACE org.xlbean.data.TableValueLoader - {aaa=1557.0, ccc=-11556.0, bbb=2556.0, ddd=611.7234500000353}
20:43:23.815 [Test worker] TRACE org.xlbean.data.TableValueLoader - {aaa=1558.0, ccc=-11557.0, bbb=2557.0, ddd=611.8234500000353}
20:43:23.815 [Test worker] TRACE org.xlbean.data.TableValueLoader - {aaa=1559.0, ccc=-11558.0, bbb=2558.0, ddd=611.9234500000354}
20:43:23.816 [Test worker] TRACE org.xlbean.data.TableValueLoader - {aaa=1560.0, ccc=-11559.0, bbb=2559.0, ddd=612.0234500000354}
20:43:23.816 [Test worker] TRACE org.xlbean.data.TableValueLoader - {aaa=1561.0, ccc=-11560.0, bbb=2560.0, ddd=612.1234500000354}
20:43:23.816 [Test worker] TRACE org.xlbean.data.TableValueLoader - {aaa=1562.0, ccc=-11561.0, bbb=2561.0, ddd=612.2234500000354}
20:43:23.817 [Test worker] TRACE org.xlbean.data.TableValueLoader - {aaa=1563.0, ccc=-11562.0, bbb=2562.0, ddd=612.3234500000355}
20:43:23.817 [Test worker] TRACE org.xlbean.data.TableValueLoader - {aaa=1564.0, ccc=-11563.0, bbb=2563.0, ddd=612.4234500000355}
20:43:23.818 [Test worker] TRACE org.xlbean.data.TableValueLoader - {aaa=1565.0, ccc=-11564.0, bbb=2564.0, ddd=612.5234500000355}
20:43:23.818 [Test worker] TRACE org.xlbean.data.TableValueLoader - {aaa=1566.0, ccc=-11565.0, bbb=2565.0, ddd=612.6234500000355}
20:43:23.818 [Test worker] TRACE org.xlbean.data.TableValueLoader - {aaa=1567.0, ccc=-11566.0, bbb=2566.0, ddd=612.7234500000355}
20:43:23.819 [Test worker] TRACE org.xlbean.data.TableValueLoader - {aaa=1568.0, ccc=-11567.0, bbb=2567.0, ddd=612.8234500000356}
20:43:23.819 [Test worker] TRACE org.xlbean.data.TableValueLoader - {aaa=1569.0, ccc=-11568.0, bbb=2568.0, ddd=612.9234500000356}
20:43:23.819 [Test worker] TRACE org.xlbean.data.TableValueLoader - {aaa=1570.0, ccc=-11569.0, bbb=2569.0, ddd=613.0234500000356}
20:43:23.819 [Test worker] TRACE org.xlbean.data.TableValueLoader - {aaa=1571.0, ccc=-11570.0, bbb=2570.0, ddd=613.1234500000356}
20:43:23.820 [Test worker] TRACE org.xlbean.data.TableValueLoader - {aaa=1572.0, ccc=-11571.0, bbb=2571.0, ddd=613.2234500000357}
20:43:23.820 [Test worker] TRACE org.xlbean.data.TableValueLoader - {aaa=1573.0, ccc=-11572.0, bbb=2572.0, ddd=613.3234500000357}
20:43:23.821 [Test worker] TRACE org.xlbean.data.TableValueLoader - {aaa=1574.0, ccc=-11573.0, bbb=2573.0, ddd=613.4234500000357}
20:43:23.821 [Test worker] TRACE org.xlbean.data.TableValueLoader - {aaa=1575.0, ccc=-11574.0, bbb=2574.0, ddd=613.5234500000357}
20:43:23.821 [Test worker] TRACE org.xlbean.data.TableValueLoader - {aaa=1576.0, ccc=-11575.0, bbb=2575.0, ddd=613.6234500000357}
20:43:23.821 [Test worker] TRACE org.xlbean.data.TableValueLoader - {aaa=1577.0, ccc=-11576.0, bbb=2576.0, ddd=613.7234500000358}
20:43:23.822 [Test worker] TRACE org.xlbean.data.TableValueLoader - {aaa=1578.0, ccc=-11577.0, bbb=2577.0, ddd=613.8234500000358}
20:43:23.822 [Test worker] TRACE org.xlbean.data.TableValueLoader - {aaa=1579.0, ccc=-11578.0, bbb=2578.0, ddd=613.9234500000358}
20:43:23.822 [Test worker] TRACE org.xlbean.data.TableValueLoader - {aaa=1580.0, ccc=-11579.0, bbb=2579.0, ddd=614.0234500000358}
20:43:23.823 [Test worker] TRACE org.xlbean.data.TableValueLoader - {aaa=1581.0, ccc=-11580.0, bbb=2580.0, ddd=614.1234500000359}
20:43:23.823 [Test worker] TRACE org.xlbean.data.TableValueLoader - {aaa=1582.0, ccc=-11581.0, bbb=2581.0, ddd=614.2234500000359}
20:43:23.823 [Test worker] TRACE org.xlbean.data.TableValueLoader - {aaa=1583.0, ccc=-11582.0, bbb=2582.0, ddd=614.3234500000359}
20:43:23.823 [Test worker] TRACE org.xlbean.data.TableValueLoader - {aaa=1584.0, ccc=-11583.0, bbb=2583.0, ddd=614.4234500000359}
20:43:23.824 [Test worker] TRACE org.xlbean.data.TableValueLoader - {aaa=1585.0, ccc=-11584.0, bbb=2584.0, ddd=614.523450000036}
20:43:23.824 [Test worker] TRACE org.xlbean.data.TableValueLoader - {aaa=1586.0, ccc=-11585.0, bbb=2585.0, ddd=614.623450000036}
20:43:23.824 [Test worker] TRACE org.xlbean.data.TableValueLoader - {aaa=1587.0, ccc=-11586.0, bbb=2586.0, ddd=614.723450000036}
20:43:23.825 [Test worker] TRACE org.xlbean.data.TableValueLoader - {aaa=1588.0, ccc=-11587.0, bbb=2587.0, ddd=614.823450000036}
20:43:23.825 [Test worker] TRACE org.xlbean.data.TableValueLoader - {aaa=1589.0, ccc=-11588.0, bbb=2588.0, ddd=614.923450000036}
20:43:23.826 [Test worker] TRACE org.xlbean.data.TableValueLoader - {aaa=1590.0, ccc=-11589.0, bbb=2589.0, ddd=615.0234500000361}
20:43:23.827 [Test worker] TRACE org.xlbean.data.TableValueLoader - {aaa=1591.0, ccc=-11590.0, bbb=2590.0, ddd=615.1234500000361}
20:43:23.828 [Test worker] TRACE org.xlbean.data.TableValueLoader - {aaa=1592.0, ccc=-11591.0, bbb=2591.0, ddd=615.2234500000361}
20:43:23.828 [Test worker] TRACE org.xlbean.data.TableValueLoader - {aaa=1593.0, ccc=-11592.0, bbb=2592.0, ddd=615.3234500000361}
20:43:23.828 [Test worker] TRACE org.xlbean.data.TableValueLoader - {aaa=1594.0, ccc=-11593.0, bbb=2593.0, ddd=615.4234500000362}
20:43:23.828 [Test worker] TRACE org.xlbean.data.TableValueLoader - {aaa=1595.0, ccc=-11594.0, bbb=2594.0, ddd=615.5234500000362}
20:43:23.829 [Test worker] TRACE org.xlbean.data.TableValueLoader - {aaa=1596.0, ccc=-11595.0, bbb=2595.0, ddd=615.6234500000362}
20:43:23.829 [Test worker] TRACE org.xlbean.data.TableValueLoader - {aaa=1597.0, ccc=-11596.0, bbb=2596.0, ddd=615.7234500000362}
20:43:23.829 [Test worker] TRACE org.xlbean.data.TableValueLoader - {aaa=1598.0, ccc=-11597.0, bbb=2597.0, ddd=615.8234500000362}
20:43:23.829 [Test worker] TRACE org.xlbean.data.TableValueLoader - {aaa=1599.0, ccc=-11598.0, bbb=2598.0, ddd=615.9234500000363}
20:43:23.830 [Test worker] TRACE org.xlbean.data.TableValueLoader - {aaa=1600.0, ccc=-11599.0, bbb=2599.0, ddd=616.0234500000363}
20:43:23.831 [Test worker] TRACE org.xlbean.data.TableValueLoader - {aaa=1601.0, ccc=-11600.0, bbb=2600.0, ddd=616.1234500000363}
20:43:23.831 [Test worker] TRACE org.xlbean.data.TableValueLoader - {aaa=1602.0, ccc=-11601.0, bbb=2601.0, ddd=616.2234500000363}
20:43:23.831 [Test worker] TRACE org.xlbean.data.TableValueLoader - {aaa=1603.0, ccc=-11602.0, bbb=2602.0, ddd=616.3234500000364}
20:43:23.831 [Test worker] TRACE org.xlbean.data.TableValueLoader - {aaa=1604.0, ccc=-11603.0, bbb=2603.0, ddd=616.4234500000364}
20:43:23.831 [Test worker] TRACE org.xlbean.data.TableValueLoader - {aaa=1605.0, ccc=-11604.0, bbb=2604.0, ddd=616.5234500000364}
20:43:23.832 [Test worker] TRACE org.xlbean.data.TableValueLoader - {aaa=1606.0, ccc=-11605.0, bbb=2605.0, ddd=616.6234500000364}
20:43:23.832 [Test worker] TRACE org.xlbean.data.TableValueLoader - {aaa=1607.0, ccc=-11606.0, bbb=2606.0, ddd=616.7234500000365}
20:43:23.832 [Test worker] TRACE org.xlbean.data.TableValueLoader - {aaa=1608.0, ccc=-11607.0, bbb=2607.0, ddd=616.8234500000365}
20:43:23.832 [Test worker] TRACE org.xlbean.data.TableValueLoader - {aaa=1609.0, ccc=-11608.0, bbb=2608.0, ddd=616.9234500000365}
20:43:23.832 [Test worker] TRACE org.xlbean.data.TableValueLoader - {aaa=1610.0, ccc=-11609.0, bbb=2609.0, ddd=617.0234500000365}
20:43:23.833 [Test worker] TRACE org.xlbean.data.TableValueLoader - {aaa=1611.0, ccc=-11610.0, bbb=2610.0, ddd=617.1234500000365}
20:43:23.833 [Test worker] TRACE org.xlbean.data.TableValueLoader - {aaa=1612.0, ccc=-11611.0, bbb=2611.0, ddd=617.2234500000366}
20:43:23.833 [Test worker] TRACE org.xlbean.data.TableValueLoader - {aaa=1613.0, ccc=-11612.0, bbb=2612.0, ddd=617.3234500000366}
20:43:23.833 [Test worker] TRACE org.xlbean.data.TableValueLoader - {aaa=1614.0, ccc=-11613.0, bbb=2613.0, ddd=617.4234500000366}
20:43:23.835 [Test worker] TRACE org.xlbean.data.TableValueLoader - {aaa=1615.0, ccc=-11614.0, bbb=2614.0, ddd=617.5234500000366}
20:43:23.835 [Test worker] TRACE org.xlbean.data.TableValueLoader - {aaa=1616.0, ccc=-11615.0, bbb=2615.0, ddd=617.6234500000367}
20:43:23.835 [Test worker] TRACE org.xlbean.data.TableValueLoader - {aaa=1617.0, ccc=-11616.0, bbb=2616.0, ddd=617.7234500000367}
20:43:23.835 [Test worker] TRACE org.xlbean.data.TableValueLoader - {aaa=1618.0, ccc=-11617.0, bbb=2617.0, ddd=617.8234500000367}
20:43:23.836 [Test worker] TRACE org.xlbean.data.TableValueLoader - {aaa=1619.0, ccc=-11618.0, bbb=2618.0, ddd=617.9234500000367}
20:43:23.837 [Test worker] TRACE org.xlbean.data.TableValueLoader - {aaa=1620.0, ccc=-11619.0, bbb=2619.0, ddd=618.0234500000367}
20:43:23.837 [Test worker] TRACE org.xlbean.data.TableValueLoader - {aaa=1621.0, ccc=-11620.0, bbb=2620.0, ddd=618.1234500000368}
20:43:23.838 [Test worker] TRACE org.xlbean.data.TableValueLoader - {aaa=1622.0, ccc=-11621.0, bbb=2621.0, ddd=618.2234500000368}
20:43:23.838 [Test worker] TRACE org.xlbean.data.TableValueLoader - {aaa=1623.0, ccc=-11622.0, bbb=2622.0, ddd=618.3234500000368}
20:43:23.839 [Test worker] TRACE org.xlbean.data.TableValueLoader - {aaa=1624.0, ccc=-11623.0, bbb=2623.0, ddd=618.4234500000368}
20:43:23.839 [Test worker] TRACE org.xlbean.data.TableValueLoader - {aaa=1625.0, ccc=-11624.0, bbb=2624.0, ddd=618.5234500000369}
20:43:23.840 [Test worker] TRACE org.xlbean.data.TableValueLoader - {aaa=1626.0, ccc=-11625.0, bbb=2625.0, ddd=618.6234500000369}
20:43:23.840 [Test worker] TRACE org.xlbean.data.TableValueLoader - {aaa=1627.0, ccc=-11626.0, bbb=2626.0, ddd=618.7234500000369}
20:43:23.840 [Test worker] TRACE org.xlbean.data.TableValueLoader - {aaa=1628.0, ccc=-11627.0, bbb=2627.0, ddd=618.8234500000369}
20:43:23.841 [Test worker] TRACE org.xlbean.data.TableValueLoader - {aaa=1629.0, ccc=-11628.0, bbb=2628.0, ddd=618.923450000037}
20:43:23.841 [Test worker] TRACE org.xlbean.data.TableValueLoader - {aaa=1630.0, ccc=-11629.0, bbb=2629.0, ddd=619.023450000037}
20:43:23.841 [Test worker] TRACE org.xlbean.data.TableValueLoader - {aaa=1631.0, ccc=-11630.0, bbb=2630.0, ddd=619.123450000037}
20:43:23.841 [Test worker] TRACE org.xlbean.data.TableValueLoader - {aaa=1632.0, ccc=-11631.0, bbb=2631.0, ddd=619.223450000037}
20:43:23.842 [Test worker] TRACE org.xlbean.data.TableValueLoader - {aaa=1633.0, ccc=-11632.0, bbb=2632.0, ddd=619.323450000037}
20:43:23.842 [Test worker] TRACE org.xlbean.data.TableValueLoader - {aaa=1634.0, ccc=-11633.0, bbb=2633.0, ddd=619.4234500000371}
20:43:23.842 [Test worker] TRACE org.xlbean.data.TableValueLoader - {aaa=1635.0, ccc=-11634.0, bbb=2634.0, ddd=619.5234500000371}
20:43:23.843 [Test worker] TRACE org.xlbean.data.TableValueLoader - {aaa=1636.0, ccc=-11635.0, bbb=2635.0, ddd=619.6234500000371}
20:43:23.843 [Test worker] TRACE org.xlbean.data.TableValueLoader - {aaa=1637.0, ccc=-11636.0, bbb=2636.0, ddd=619.7234500000371}
20:43:23.843 [Test worker] TRACE org.xlbean.data.TableValueLoader - {aaa=1638.0, ccc=-11637.0, bbb=2637.0, ddd=619.8234500000372}
20:43:23.844 [Test worker] TRACE org.xlbean.data.TableValueLoader - {aaa=1639.0, ccc=-11638.0, bbb=2638.0, ddd=619.9234500000372}
20:43:23.844 [Test worker] TRACE org.xlbean.data.TableValueLoader - {aaa=1640.0, ccc=-11639.0, bbb=2639.0, ddd=620.0234500000372}
20:43:23.844 [Test worker] TRACE org.xlbean.data.TableValueLoader - {aaa=1641.0, ccc=-11640.0, bbb=2640.0, ddd=620.1234500000372}
20:43:23.844 [Test worker] TRACE org.xlbean.data.TableValueLoader - {aaa=1642.0, ccc=-11641.0, bbb=2641.0, ddd=620.2234500000372}
20:43:23.845 [Test worker] TRACE org.xlbean.data.TableValueLoader - {aaa=1643.0, ccc=-11642.0, bbb=2642.0, ddd=620.3234500000373}
20:43:23.845 [Test worker] TRACE org.xlbean.data.TableValueLoader - {aaa=1644.0, ccc=-11643.0, bbb=2643.0, ddd=620.4234500000373}
20:43:23.845 [Test worker] TRACE org.xlbean.data.TableValueLoader - {aaa=1645.0, ccc=-11644.0, bbb=2644.0, ddd=620.5234500000373}
20:43:23.846 [Test worker] TRACE org.xlbean.data.TableValueLoader - {aaa=1646.0, ccc=-11645.0, bbb=2645.0, ddd=620.6234500000373}
20:43:23.846 [Test worker] TRACE org.xlbean.data.TableValueLoader - {aaa=1647.0, ccc=-11646.0, bbb=2646.0, ddd=620.7234500000374}
20:43:23.846 [Test worker] TRACE org.xlbean.data.TableValueLoader - {aaa=1648.0, ccc=-11647.0, bbb=2647.0, ddd=620.8234500000374}
20:43:23.846 [Test worker] TRACE org.xlbean.data.TableValueLoader - {aaa=1649.0, ccc=-11648.0, bbb=2648.0, ddd=620.9234500000374}
20:43:23.847 [Test worker] TRACE org.xlbean.data.TableValueLoader - {aaa=1650.0, ccc=-11649.0, bbb=2649.0, ddd=621.0234500000374}
20:43:23.847 [Test worker] TRACE org.xlbean.data.TableValueLoader - {aaa=1651.0, ccc=-11650.0, bbb=2650.0, ddd=621.1234500000375}
20:43:23.847 [Test worker] TRACE org.xlbean.data.TableValueLoader - {aaa=1652.0, ccc=-11651.0, bbb=2651.0, ddd=621.2234500000375}
20:43:23.848 [Test worker] TRACE org.xlbean.data.TableValueLoader - {aaa=1653.0, ccc=-11652.0, bbb=2652.0, ddd=621.3234500000375}
20:43:23.848 [Test worker] TRACE org.xlbean.data.TableValueLoader - {aaa=1654.0, ccc=-11653.0, bbb=2653.0, ddd=621.4234500000375}
20:43:23.848 [Test worker] TRACE org.xlbean.data.TableValueLoader - {aaa=1655.0, ccc=-11654.0, bbb=2654.0, ddd=621.5234500000375}
20:43:23.848 [Test worker] TRACE org.xlbean.data.TableValueLoader - {aaa=1656.0, ccc=-11655.0, bbb=2655.0, ddd=621.6234500000376}
20:43:23.849 [Test worker] TRACE org.xlbean.data.TableValueLoader - {aaa=1657.0, ccc=-11656.0, bbb=2656.0, ddd=621.7234500000376}
20:43:23.849 [Test worker] TRACE org.xlbean.data.TableValueLoader - {aaa=1658.0, ccc=-11657.0, bbb=2657.0, ddd=621.8234500000376}
20:43:23.849 [Test worker] TRACE org.xlbean.data.TableValueLoader - {aaa=1659.0, ccc=-11658.0, bbb=2658.0, ddd=621.9234500000376}
20:43:23.850 [Test worker] TRACE org.xlbean.data.TableValueLoader - {aaa=1660.0, ccc=-11659.0, bbb=2659.0, ddd=622.0234500000377}
20:43:23.850 [Test worker] TRACE org.xlbean.data.TableValueLoader - {aaa=1661.0, ccc=-11660.0, bbb=2660.0, ddd=622.1234500000377}
20:43:23.851 [Test worker] TRACE org.xlbean.data.TableValueLoader - {aaa=1662.0, ccc=-11661.0, bbb=2661.0, ddd=622.2234500000377}
20:43:23.852 [Test worker] TRACE org.xlbean.data.TableValueLoader - {aaa=1663.0, ccc=-11662.0, bbb=2662.0, ddd=622.3234500000377}
20:43:23.852 [Test worker] TRACE org.xlbean.data.TableValueLoader - {aaa=1664.0, ccc=-11663.0, bbb=2663.0, ddd=622.4234500000377}
20:43:23.852 [Test worker] TRACE org.xlbean.data.TableValueLoader - {aaa=1665.0, ccc=-11664.0, bbb=2664.0, ddd=622.5234500000378}
20:43:23.853 [Test worker] TRACE org.xlbean.data.TableValueLoader - {aaa=1666.0, ccc=-11665.0, bbb=2665.0, ddd=622.6234500000378}
20:43:23.853 [Test worker] TRACE org.xlbean.data.TableValueLoader - {aaa=1667.0, ccc=-11666.0, bbb=2666.0, ddd=622.7234500000378}
20:43:23.853 [Test worker] TRACE org.xlbean.data.TableValueLoader - {aaa=1668.0, ccc=-11667.0, bbb=2667.0, ddd=622.8234500000378}
20:43:23.854 [Test worker] TRACE org.xlbean.data.TableValueLoader - {aaa=1669.0, ccc=-11668.0, bbb=2668.0, ddd=622.9234500000379}
20:43:23.854 [Test worker] TRACE org.xlbean.data.TableValueLoader - {aaa=1670.0, ccc=-11669.0, bbb=2669.0, ddd=623.0234500000379}
20:43:23.854 [Test worker] TRACE org.xlbean.data.TableValueLoader - {aaa=1671.0, ccc=-11670.0, bbb=2670.0, ddd=623.1234500000379}
20:43:23.854 [Test worker] TRACE org.xlbean.data.TableValueLoader - {aaa=1672.0, ccc=-11671.0, bbb=2671.0, ddd=623.2234500000379}
20:43:23.855 [Test worker] TRACE org.xlbean.data.TableValueLoader - {aaa=1673.0, ccc=-11672.0, bbb=2672.0, ddd=623.323450000038}
20:43:23.855 [Test worker] TRACE org.xlbean.data.TableValueLoader - {aaa=1674.0, ccc=-11673.0, bbb=2673.0, ddd=623.423450000038}
20:43:23.855 [Test worker] TRACE org.xlbean.data.TableValueLoader - {aaa=1675.0, ccc=-11674.0, bbb=2674.0, ddd=623.523450000038}
20:43:23.855 [Test worker] TRACE org.xlbean.data.TableValueLoader - {aaa=1676.0, ccc=-11675.0, bbb=2675.0, ddd=623.623450000038}
20:43:23.856 [Test worker] TRACE org.xlbean.data.TableValueLoader - {aaa=1677.0, ccc=-11676.0, bbb=2676.0, ddd=623.723450000038}
20:43:23.856 [Test worker] TRACE org.xlbean.data.TableValueLoader - {aaa=1678.0, ccc=-11677.0, bbb=2677.0, ddd=623.8234500000381}
20:43:23.856 [Test worker] TRACE org.xlbean.data.TableValueLoader - {aaa=1679.0, ccc=-11678.0, bbb=2678.0, ddd=623.9234500000381}
20:43:23.856 [Test worker] TRACE org.xlbean.data.TableValueLoader - {aaa=1680.0, ccc=-11679.0, bbb=2679.0, ddd=624.0234500000381}
20:43:23.857 [Test worker] TRACE org.xlbean.data.TableValueLoader - {aaa=1681.0, ccc=-11680.0, bbb=2680.0, ddd=624.1234500000381}
20:43:23.857 [Test worker] TRACE org.xlbean.data.TableValueLoader - {aaa=1682.0, ccc=-11681.0, bbb=2681.0, ddd=624.2234500000382}
20:43:23.857 [Test worker] TRACE org.xlbean.data.TableValueLoader - {aaa=1683.0, ccc=-11682.0, bbb=2682.0, ddd=624.3234500000382}
20:43:23.858 [Test worker] TRACE org.xlbean.data.TableValueLoader - {aaa=1684.0, ccc=-11683.0, bbb=2683.0, ddd=624.4234500000382}
20:43:23.858 [Test worker] TRACE org.xlbean.data.TableValueLoader - {aaa=1685.0, ccc=-11684.0, bbb=2684.0, ddd=624.5234500000382}
20:43:23.858 [Test worker] TRACE org.xlbean.data.TableValueLoader - {aaa=1686.0, ccc=-11685.0, bbb=2685.0, ddd=624.6234500000382}
20:43:23.858 [Test worker] TRACE org.xlbean.data.TableValueLoader - {aaa=1687.0, ccc=-11686.0, bbb=2686.0, ddd=624.7234500000383}
20:43:23.859 [Test worker] TRACE org.xlbean.data.TableValueLoader - {aaa=1688.0, ccc=-11687.0, bbb=2687.0, ddd=624.8234500000383}
20:43:23.859 [Test worker] TRACE org.xlbean.data.TableValueLoader - {aaa=1689.0, ccc=-11688.0, bbb=2688.0, ddd=624.9234500000383}
20:43:23.859 [Test worker] TRACE org.xlbean.data.TableValueLoader - {aaa=1690.0, ccc=-11689.0, bbb=2689.0, ddd=625.0234500000383}
20:43:23.859 [Test worker] TRACE org.xlbean.data.TableValueLoader - {aaa=1691.0, ccc=-11690.0, bbb=2690.0, ddd=625.1234500000384}
20:43:23.860 [Test worker] TRACE org.xlbean.data.TableValueLoader - {aaa=1692.0, ccc=-11691.0, bbb=2691.0, ddd=625.2234500000384}
20:43:23.860 [Test worker] TRACE org.xlbean.data.TableValueLoader - {aaa=1693.0, ccc=-11692.0, bbb=2692.0, ddd=625.3234500000384}
20:43:23.860 [Test worker] TRACE org.xlbean.data.TableValueLoader - {aaa=1694.0, ccc=-11693.0, bbb=2693.0, ddd=625.4234500000384}
20:43:23.860 [Test worker] TRACE org.xlbean.data.TableValueLoader - {aaa=1695.0, ccc=-11694.0, bbb=2694.0, ddd=625.5234500000385}
20:43:23.861 [Test worker] TRACE org.xlbean.data.TableValueLoader - {aaa=1696.0, ccc=-11695.0, bbb=2695.0, ddd=625.6234500000385}
20:43:23.861 [Test worker] TRACE org.xlbean.data.TableValueLoader - {aaa=1697.0, ccc=-11696.0, bbb=2696.0, ddd=625.7234500000385}
20:43:23.861 [Test worker] TRACE org.xlbean.data.TableValueLoader - {aaa=1698.0, ccc=-11697.0, bbb=2697.0, ddd=625.8234500000385}
20:43:23.861 [Test worker] TRACE org.xlbean.data.TableValueLoader - {aaa=1699.0, ccc=-11698.0, bbb=2698.0, ddd=625.9234500000385}
20:43:23.861 [Test worker] TRACE org.xlbean.data.TableValueLoader - {aaa=1700.0, ccc=-11699.0, bbb=2699.0, ddd=626.0234500000386}
20:43:23.862 [Test worker] TRACE org.xlbean.data.TableValueLoader - {aaa=1701.0, ccc=-11700.0, bbb=2700.0, ddd=626.1234500000386}
20:43:23.862 [Test worker] TRACE org.xlbean.data.TableValueLoader - {aaa=1702.0, ccc=-11701.0, bbb=2701.0, ddd=626.2234500000386}
20:43:23.862 [Test worker] TRACE org.xlbean.data.TableValueLoader - {aaa=1703.0, ccc=-11702.0, bbb=2702.0, ddd=626.3234500000386}
20:43:23.862 [Test worker] TRACE org.xlbean.data.TableValueLoader - {aaa=1704.0, ccc=-11703.0, bbb=2703.0, ddd=626.4234500000387}
20:43:23.863 [Test worker] TRACE org.xlbean.data.TableValueLoader - {aaa=1705.0, ccc=-11704.0, bbb=2704.0, ddd=626.5234500000387}
20:43:23.863 [Test worker] TRACE org.xlbean.data.TableValueLoader - {aaa=1706.0, ccc=-11705.0, bbb=2705.0, ddd=626.6234500000387}
20:43:23.863 [Test worker] TRACE org.xlbean.data.TableValueLoader - {aaa=1707.0, ccc=-11706.0, bbb=2706.0, ddd=626.7234500000387}
20:43:23.863 [Test worker] TRACE org.xlbean.data.TableValueLoader - {aaa=1708.0, ccc=-11707.0, bbb=2707.0, ddd=626.8234500000387}
20:43:23.863 [Test worker] TRACE org.xlbean.data.TableValueLoader - {aaa=1709.0, ccc=-11708.0, bbb=2708.0, ddd=626.9234500000388}
20:43:23.863 [Test worker] TRACE org.xlbean.data.TableValueLoader - {aaa=1710.0, ccc=-11709.0, bbb=2709.0, ddd=627.0234500000388}
20:43:23.864 [Test worker] TRACE org.xlbean.data.TableValueLoader - {aaa=1711.0, ccc=-11710.0, bbb=2710.0, ddd=627.1234500000388}
20:43:23.864 [Test worker] TRACE org.xlbean.data.TableValueLoader - {aaa=1712.0, ccc=-11711.0, bbb=2711.0, ddd=627.2234500000388}
20:43:23.864 [Test worker] TRACE org.xlbean.data.TableValueLoader - {aaa=1713.0, ccc=-11712.0, bbb=2712.0, ddd=627.3234500000389}
20:43:23.864 [Test worker] TRACE org.xlbean.data.TableValueLoader - {aaa=1714.0, ccc=-11713.0, bbb=2713.0, ddd=627.4234500000389}
20:43:23.864 [Test worker] TRACE org.xlbean.data.TableValueLoader - {aaa=1715.0, ccc=-11714.0, bbb=2714.0, ddd=627.5234500000389}
20:43:23.865 [Test worker] TRACE org.xlbean.data.TableValueLoader - {aaa=1716.0, ccc=-11715.0, bbb=2715.0, ddd=627.6234500000389}
20:43:23.865 [Test worker] TRACE org.xlbean.data.TableValueLoader - {aaa=1717.0, ccc=-11716.0, bbb=2716.0, ddd=627.723450000039}
20:43:23.865 [Test worker] TRACE org.xlbean.data.TableValueLoader - {aaa=1718.0, ccc=-11717.0, bbb=2717.0, ddd=627.823450000039}
20:43:23.865 [Test worker] TRACE org.xlbean.data.TableValueLoader - {aaa=1719.0, ccc=-11718.0, bbb=2718.0, ddd=627.923450000039}
20:43:23.865 [Test worker] TRACE org.xlbean.data.TableValueLoader - {aaa=1720.0, ccc=-11719.0, bbb=2719.0, ddd=628.023450000039}
20:43:23.865 [Test worker] TRACE org.xlbean.data.TableValueLoader - {aaa=1721.0, ccc=-11720.0, bbb=2720.0, ddd=628.123450000039}
20:43:23.866 [Test worker] TRACE org.xlbean.data.TableValueLoader - {aaa=1722.0, ccc=-11721.0, bbb=2721.0, ddd=628.2234500000391}
20:43:23.866 [Test worker] TRACE org.xlbean.data.TableValueLoader - {aaa=1723.0, ccc=-11722.0, bbb=2722.0, ddd=628.3234500000391}
20:43:23.866 [Test worker] TRACE org.xlbean.data.TableValueLoader - {aaa=1724.0, ccc=-11723.0, bbb=2723.0, ddd=628.4234500000391}
20:43:23.866 [Test worker] TRACE org.xlbean.data.TableValueLoader - {aaa=1725.0, ccc=-11724.0, bbb=2724.0, ddd=628.5234500000391}
20:43:23.866 [Test worker] TRACE org.xlbean.data.TableValueLoader - {aaa=1726.0, ccc=-11725.0, bbb=2725.0, ddd=628.6234500000392}
20:43:23.867 [Test worker] TRACE org.xlbean.data.TableValueLoader - {aaa=1727.0, ccc=-11726.0, bbb=2726.0, ddd=628.7234500000392}
20:43:23.867 [Test worker] TRACE org.xlbean.data.TableValueLoader - {aaa=1728.0, ccc=-11727.0, bbb=2727.0, ddd=628.8234500000392}
20:43:23.867 [Test worker] TRACE org.xlbean.data.TableValueLoader - {aaa=1729.0, ccc=-11728.0, bbb=2728.0, ddd=628.9234500000392}
20:43:23.867 [Test worker] TRACE org.xlbean.data.TableValueLoader - {aaa=1730.0, ccc=-11729.0, bbb=2729.0, ddd=629.0234500000392}
20:43:23.868 [Test worker] TRACE org.xlbean.data.TableValueLoader - {aaa=1731.0, ccc=-11730.0, bbb=2730.0, ddd=629.1234500000393}
20:43:23.868 [Test worker] TRACE org.xlbean.data.TableValueLoader - {aaa=1732.0, ccc=-11731.0, bbb=2731.0, ddd=629.2234500000393}
20:43:23.868 [Test worker] TRACE org.xlbean.data.TableValueLoader - {aaa=1733.0, ccc=-11732.0, bbb=2732.0, ddd=629.3234500000393}
20:43:23.869 [Test worker] TRACE org.xlbean.data.TableValueLoader - {aaa=1734.0, ccc=-11733.0, bbb=2733.0, ddd=629.4234500000393}
20:43:23.869 [Test worker] TRACE org.xlbean.data.TableValueLoader - {aaa=1735.0, ccc=-11734.0, bbb=2734.0, ddd=629.5234500000394}
20:43:23.869 [Test worker] TRACE org.xlbean.data.TableValueLoader - {aaa=1736.0, ccc=-11735.0, bbb=2735.0, ddd=629.6234500000394}
20:43:23.869 [Test worker] TRACE org.xlbean.data.TableValueLoader - {aaa=1737.0, ccc=-11736.0, bbb=2736.0, ddd=629.7234500000394}
20:43:23.870 [Test worker] TRACE org.xlbean.data.TableValueLoader - {aaa=1738.0, ccc=-11737.0, bbb=2737.0, ddd=629.8234500000394}
20:43:23.870 [Test worker] TRACE org.xlbean.data.TableValueLoader - {aaa=1739.0, ccc=-11738.0, bbb=2738.0, ddd=629.9234500000395}
20:43:23.870 [Test worker] TRACE org.xlbean.data.TableValueLoader - {aaa=1740.0, ccc=-11739.0, bbb=2739.0, ddd=630.0234500000395}
20:43:23.870 [Test worker] TRACE org.xlbean.data.TableValueLoader - {aaa=1741.0, ccc=-11740.0, bbb=2740.0, ddd=630.1234500000395}
20:43:23.870 [Test worker] TRACE org.xlbean.data.TableValueLoader - {aaa=1742.0, ccc=-11741.0, bbb=2741.0, ddd=630.2234500000395}
20:43:23.871 [Test worker] TRACE org.xlbean.data.TableValueLoader - {aaa=1743.0, ccc=-11742.0, bbb=2742.0, ddd=630.3234500000395}
20:43:23.871 [Test worker] TRACE org.xlbean.data.TableValueLoader - {aaa=1744.0, ccc=-11743.0, bbb=2743.0, ddd=630.4234500000396}
20:43:23.871 [Test worker] TRACE org.xlbean.data.TableValueLoader - {aaa=1745.0, ccc=-11744.0, bbb=2744.0, ddd=630.5234500000396}
20:43:23.871 [Test worker] TRACE org.xlbean.data.TableValueLoader - {aaa=1746.0, ccc=-11745.0, bbb=2745.0, ddd=630.6234500000396}
20:43:23.871 [Test worker] TRACE org.xlbean.data.TableValueLoader - {aaa=1747.0, ccc=-11746.0, bbb=2746.0, ddd=630.7234500000396}
20:43:23.872 [Test worker] TRACE org.xlbean.data.TableValueLoader - {aaa=1748.0, ccc=-11747.0, bbb=2747.0, ddd=630.8234500000397}
20:43:23.872 [Test worker] TRACE org.xlbean.data.TableValueLoader - {aaa=1749.0, ccc=-11748.0, bbb=2748.0, ddd=630.9234500000397}
20:43:23.872 [Test worker] TRACE org.xlbean.data.TableValueLoader - {aaa=1750.0, ccc=-11749.0, bbb=2749.0, ddd=631.0234500000397}
20:43:23.872 [Test worker] TRACE org.xlbean.data.TableValueLoader - {aaa=1751.0, ccc=-11750.0, bbb=2750.0, ddd=631.1234500000397}
20:43:23.872 [Test worker] TRACE org.xlbean.data.TableValueLoader - {aaa=1752.0, ccc=-11751.0, bbb=2751.0, ddd=631.2234500000397}
20:43:23.873 [Test worker] TRACE org.xlbean.data.TableValueLoader - {aaa=1753.0, ccc=-11752.0, bbb=2752.0, ddd=631.3234500000398}
20:43:23.873 [Test worker] TRACE org.xlbean.data.TableValueLoader - {aaa=1754.0, ccc=-11753.0, bbb=2753.0, ddd=631.4234500000398}
20:43:23.873 [Test worker] TRACE org.xlbean.data.TableValueLoader - {aaa=1755.0, ccc=-11754.0, bbb=2754.0, ddd=631.5234500000398}
20:43:23.873 [Test worker] TRACE org.xlbean.data.TableValueLoader - {aaa=1756.0, ccc=-11755.0, bbb=2755.0, ddd=631.6234500000398}
20:43:23.873 [Test worker] TRACE org.xlbean.data.TableValueLoader - {aaa=1757.0, ccc=-11756.0, bbb=2756.0, ddd=631.7234500000399}
20:43:23.874 [Test worker] TRACE org.xlbean.data.TableValueLoader - {aaa=1758.0, ccc=-11757.0, bbb=2757.0, ddd=631.8234500000399}
20:43:23.874 [Test worker] TRACE org.xlbean.data.TableValueLoader - {aaa=1759.0, ccc=-11758.0, bbb=2758.0, ddd=631.9234500000399}
20:43:23.874 [Test worker] TRACE org.xlbean.data.TableValueLoader - {aaa=1760.0, ccc=-11759.0, bbb=2759.0, ddd=632.0234500000399}
20:43:23.875 [Test worker] TRACE org.xlbean.data.TableValueLoader - {aaa=1761.0, ccc=-11760.0, bbb=2760.0, ddd=632.12345000004}
20:43:23.875 [Test worker] TRACE org.xlbean.data.TableValueLoader - {aaa=1762.0, ccc=-11761.0, bbb=2761.0, ddd=632.22345000004}
20:43:23.875 [Test worker] TRACE org.xlbean.data.TableValueLoader - {aaa=1763.0, ccc=-11762.0, bbb=2762.0, ddd=632.32345000004}
20:43:23.876 [Test worker] TRACE org.xlbean.data.TableValueLoader - {aaa=1764.0, ccc=-11763.0, bbb=2763.0, ddd=632.42345000004}
20:43:23.876 [Test worker] TRACE org.xlbean.data.TableValueLoader - {aaa=1765.0, ccc=-11764.0, bbb=2764.0, ddd=632.52345000004}
20:43:23.876 [Test worker] TRACE org.xlbean.data.TableValueLoader - {aaa=1766.0, ccc=-11765.0, bbb=2765.0, ddd=632.6234500000401}
20:43:23.877 [Test worker] TRACE org.xlbean.data.TableValueLoader - {aaa=1767.0, ccc=-11766.0, bbb=2766.0, ddd=632.7234500000401}
20:43:23.877 [Test worker] TRACE org.xlbean.data.TableValueLoader - {aaa=1768.0, ccc=-11767.0, bbb=2767.0, ddd=632.8234500000401}
20:43:23.877 [Test worker] TRACE org.xlbean.data.TableValueLoader - {aaa=1769.0, ccc=-11768.0, bbb=2768.0, ddd=632.9234500000401}
20:43:23.877 [Test worker] TRACE org.xlbean.data.TableValueLoader - {aaa=1770.0, ccc=-11769.0, bbb=2769.0, ddd=633.0234500000402}
20:43:23.878 [Test worker] TRACE org.xlbean.data.TableValueLoader - {aaa=1771.0, ccc=-11770.0, bbb=2770.0, ddd=633.1234500000402}
20:43:23.878 [Test worker] TRACE org.xlbean.data.TableValueLoader - {aaa=1772.0, ccc=-11771.0, bbb=2771.0, ddd=633.2234500000402}
20:43:23.879 [Test worker] TRACE org.xlbean.data.TableValueLoader - {aaa=1773.0, ccc=-11772.0, bbb=2772.0, ddd=633.3234500000402}
20:43:23.879 [Test worker] TRACE org.xlbean.data.TableValueLoader - {aaa=1774.0, ccc=-11773.0, bbb=2773.0, ddd=633.4234500000402}
20:43:23.879 [Test worker] TRACE org.xlbean.data.TableValueLoader - {aaa=1775.0, ccc=-11774.0, bbb=2774.0, ddd=633.5234500000403}
20:43:23.880 [Test worker] TRACE org.xlbean.data.TableValueLoader - {aaa=1776.0, ccc=-11775.0, bbb=2775.0, ddd=633.6234500000403}
20:43:23.880 [Test worker] TRACE org.xlbean.data.TableValueLoader - {aaa=1777.0, ccc=-11776.0, bbb=2776.0, ddd=633.7234500000403}
20:43:23.880 [Test worker] TRACE org.xlbean.data.TableValueLoader - {aaa=1778.0, ccc=-11777.0, bbb=2777.0, ddd=633.8234500000403}
20:43:23.880 [Test worker] TRACE org.xlbean.data.TableValueLoader - {aaa=1779.0, ccc=-11778.0, bbb=2778.0, ddd=633.9234500000404}
20:43:23.881 [Test worker] TRACE org.xlbean.data.TableValueLoader - {aaa=1780.0, ccc=-11779.0, bbb=2779.0, ddd=634.0234500000404}
20:43:23.881 [Test worker] TRACE org.xlbean.data.TableValueLoader - {aaa=1781.0, ccc=-11780.0, bbb=2780.0, ddd=634.1234500000404}
20:43:23.881 [Test worker] TRACE org.xlbean.data.TableValueLoader - {aaa=1782.0, ccc=-11781.0, bbb=2781.0, ddd=634.2234500000404}
20:43:23.882 [Test worker] TRACE org.xlbean.data.TableValueLoader - {aaa=1783.0, ccc=-11782.0, bbb=2782.0, ddd=634.3234500000405}
20:43:23.882 [Test worker] TRACE org.xlbean.data.TableValueLoader - {aaa=1784.0, ccc=-11783.0, bbb=2783.0, ddd=634.4234500000405}
20:43:23.882 [Test worker] TRACE org.xlbean.data.TableValueLoader - {aaa=1785.0, ccc=-11784.0, bbb=2784.0, ddd=634.5234500000405}
20:43:23.882 [Test worker] TRACE org.xlbean.data.TableValueLoader - {aaa=1786.0, ccc=-11785.0, bbb=2785.0, ddd=634.6234500000405}
20:43:23.883 [Test worker] TRACE org.xlbean.data.TableValueLoader - {aaa=1787.0, ccc=-11786.0, bbb=2786.0, ddd=634.7234500000405}
20:43:23.883 [Test worker] TRACE org.xlbean.data.TableValueLoader - {aaa=1788.0, ccc=-11787.0, bbb=2787.0, ddd=634.8234500000406}
20:43:23.883 [Test worker] TRACE org.xlbean.data.TableValueLoader - {aaa=1789.0, ccc=-11788.0, bbb=2788.0, ddd=634.9234500000406}
20:43:23.884 [Test worker] TRACE org.xlbean.data.TableValueLoader - {aaa=1790.0, ccc=-11789.0, bbb=2789.0, ddd=635.0234500000406}
20:43:23.884 [Test worker] TRACE org.xlbean.data.TableValueLoader - {aaa=1791.0, ccc=-11790.0, bbb=2790.0, ddd=635.1234500000406}
20:43:23.885 [Test worker] TRACE org.xlbean.data.TableValueLoader - {aaa=1792.0, ccc=-11791.0, bbb=2791.0, ddd=635.2234500000407}
20:43:23.885 [Test worker] TRACE org.xlbean.data.TableValueLoader - {aaa=1793.0, ccc=-11792.0, bbb=2792.0, ddd=635.3234500000407}
20:43:23.885 [Test worker] TRACE org.xlbean.data.TableValueLoader - {aaa=1794.0, ccc=-11793.0, bbb=2793.0, ddd=635.4234500000407}
20:43:23.886 [Test worker] TRACE org.xlbean.data.TableValueLoader - {aaa=1795.0, ccc=-11794.0, bbb=2794.0, ddd=635.5234500000407}
20:43:23.886 [Test worker] TRACE org.xlbean.data.TableValueLoader - {aaa=1796.0, ccc=-11795.0, bbb=2795.0, ddd=635.6234500000407}
20:43:23.886 [Test worker] TRACE org.xlbean.data.TableValueLoader - {aaa=1797.0, ccc=-11796.0, bbb=2796.0, ddd=635.7234500000408}
20:43:23.887 [Test worker] TRACE org.xlbean.data.TableValueLoader - {aaa=1798.0, ccc=-11797.0, bbb=2797.0, ddd=635.8234500000408}
20:43:23.887 [Test worker] TRACE org.xlbean.data.TableValueLoader - {aaa=1799.0, ccc=-11798.0, bbb=2798.0, ddd=635.9234500000408}
20:43:23.887 [Test worker] TRACE org.xlbean.data.TableValueLoader - {aaa=1800.0, ccc=-11799.0, bbb=2799.0, ddd=636.0234500000408}
20:43:23.888 [Test worker] TRACE org.xlbean.data.TableValueLoader - {aaa=1801.0, ccc=-11800.0, bbb=2800.0, ddd=636.1234500000409}
20:43:23.888 [Test worker] TRACE org.xlbean.data.TableValueLoader - {aaa=1802.0, ccc=-11801.0, bbb=2801.0, ddd=636.2234500000409}
20:43:23.888 [Test worker] TRACE org.xlbean.data.TableValueLoader - {aaa=1803.0, ccc=-11802.0, bbb=2802.0, ddd=636.3234500000409}
20:43:23.888 [Test worker] TRACE org.xlbean.data.TableValueLoader - {aaa=1804.0, ccc=-11803.0, bbb=2803.0, ddd=636.4234500000409}
20:43:23.889 [Test worker] TRACE org.xlbean.data.TableValueLoader - {aaa=1805.0, ccc=-11804.0, bbb=2804.0, ddd=636.523450000041}
20:43:23.889 [Test worker] TRACE org.xlbean.data.TableValueLoader - {aaa=1806.0, ccc=-11805.0, bbb=2805.0, ddd=636.623450000041}
20:43:23.889 [Test worker] TRACE org.xlbean.data.TableValueLoader - {aaa=1807.0, ccc=-11806.0, bbb=2806.0, ddd=636.723450000041}
20:43:23.890 [Test worker] TRACE org.xlbean.data.TableValueLoader - {aaa=1808.0, ccc=-11807.0, bbb=2807.0, ddd=636.823450000041}
20:43:23.890 [Test worker] TRACE org.xlbean.data.TableValueLoader - {aaa=1809.0, ccc=-11808.0, bbb=2808.0, ddd=636.923450000041}
20:43:23.890 [Test worker] TRACE org.xlbean.data.TableValueLoader - {aaa=1810.0, ccc=-11809.0, bbb=2809.0, ddd=637.0234500000411}
20:43:23.891 [Test worker] TRACE org.xlbean.data.TableValueLoader - {aaa=1811.0, ccc=-11810.0, bbb=2810.0, ddd=637.1234500000411}
20:43:23.891 [Test worker] TRACE org.xlbean.data.TableValueLoader - {aaa=1812.0, ccc=-11811.0, bbb=2811.0, ddd=637.2234500000411}
20:43:23.891 [Test worker] TRACE org.xlbean.data.TableValueLoader - {aaa=1813.0, ccc=-11812.0, bbb=2812.0, ddd=637.3234500000411}
20:43:23.892 [Test worker] TRACE org.xlbean.data.TableValueLoader - {aaa=1814.0, ccc=-11813.0, bbb=2813.0, ddd=637.4234500000412}
20:43:23.892 [Test worker] TRACE org.xlbean.data.TableValueLoader - {aaa=1815.0, ccc=-11814.0, bbb=2814.0, ddd=637.5234500000412}
20:43:23.892 [Test worker] TRACE org.xlbean.data.TableValueLoader - {aaa=1816.0, ccc=-11815.0, bbb=2815.0, ddd=637.6234500000412}
20:43:23.892 [Test worker] TRACE org.xlbean.data.TableValueLoader - {aaa=1817.0, ccc=-11816.0, bbb=2816.0, ddd=637.7234500000412}
20:43:23.893 [Test worker] TRACE org.xlbean.data.TableValueLoader - {aaa=1818.0, ccc=-11817.0, bbb=2817.0, ddd=637.8234500000412}
20:43:23.893 [Test worker] TRACE org.xlbean.data.TableValueLoader - {aaa=1819.0, ccc=-11818.0, bbb=2818.0, ddd=637.9234500000413}
20:43:23.893 [Test worker] TRACE org.xlbean.data.TableValueLoader - {aaa=1820.0, ccc=-11819.0, bbb=2819.0, ddd=638.0234500000413}
20:43:23.894 [Test worker] TRACE org.xlbean.data.TableValueLoader - {aaa=1821.0, ccc=-11820.0, bbb=2820.0, ddd=638.1234500000413}
20:43:23.894 [Test worker] TRACE org.xlbean.data.TableValueLoader - {aaa=1822.0, ccc=-11821.0, bbb=2821.0, ddd=638.2234500000413}
20:43:23.895 [Test worker] TRACE org.xlbean.data.TableValueLoader - {aaa=1823.0, ccc=-11822.0, bbb=2822.0, ddd=638.3234500000414}
20:43:23.895 [Test worker] TRACE org.xlbean.data.TableValueLoader - {aaa=1824.0, ccc=-11823.0, bbb=2823.0, ddd=638.4234500000414}
20:43:23.895 [Test worker] TRACE org.xlbean.data.TableValueLoader - {aaa=1825.0, ccc=-11824.0, bbb=2824.0, ddd=638.5234500000414}
20:43:23.895 [Test worker] TRACE org.xlbean.data.TableValueLoader - {aaa=1826.0, ccc=-11825.0, bbb=2825.0, ddd=638.6234500000414}
20:43:23.895 [Test worker] TRACE org.xlbean.data.TableValueLoader - {aaa=1827.0, ccc=-11826.0, bbb=2826.0, ddd=638.7234500000415}
20:43:23.896 [Test worker] TRACE org.xlbean.data.TableValueLoader - {aaa=1828.0, ccc=-11827.0, bbb=2827.0, ddd=638.8234500000415}
20:43:23.896 [Test worker] TRACE org.xlbean.data.TableValueLoader - {aaa=1829.0, ccc=-11828.0, bbb=2828.0, ddd=638.9234500000415}
20:43:23.896 [Test worker] TRACE org.xlbean.data.TableValueLoader - {aaa=1830.0, ccc=-11829.0, bbb=2829.0, ddd=639.0234500000415}
20:43:23.896 [Test worker] TRACE org.xlbean.data.TableValueLoader - {aaa=1831.0, ccc=-11830.0, bbb=2830.0, ddd=639.1234500000415}
20:43:23.897 [Test worker] TRACE org.xlbean.data.TableValueLoader - {aaa=1832.0, ccc=-11831.0, bbb=2831.0, ddd=639.2234500000416}
20:43:23.897 [Test worker] TRACE org.xlbean.data.TableValueLoader - {aaa=1833.0, ccc=-11832.0, bbb=2832.0, ddd=639.3234500000416}
20:43:23.897 [Test worker] TRACE org.xlbean.data.TableValueLoader - {aaa=1834.0, ccc=-11833.0, bbb=2833.0, ddd=639.4234500000416}
20:43:23.897 [Test worker] TRACE org.xlbean.data.TableValueLoader - {aaa=1835.0, ccc=-11834.0, bbb=2834.0, ddd=639.5234500000416}
20:43:23.897 [Test worker] TRACE org.xlbean.data.TableValueLoader - {aaa=1836.0, ccc=-11835.0, bbb=2835.0, ddd=639.6234500000417}
20:43:23.898 [Test worker] TRACE org.xlbean.data.TableValueLoader - {aaa=1837.0, ccc=-11836.0, bbb=2836.0, ddd=639.7234500000417}
20:43:23.898 [Test worker] TRACE org.xlbean.data.TableValueLoader - {aaa=1838.0, ccc=-11837.0, bbb=2837.0, ddd=639.8234500000417}
20:43:23.898 [Test worker] TRACE org.xlbean.data.TableValueLoader - {aaa=1839.0, ccc=-11838.0, bbb=2838.0, ddd=639.9234500000417}
20:43:23.898 [Test worker] TRACE org.xlbean.data.TableValueLoader - {aaa=1840.0, ccc=-11839.0, bbb=2839.0, ddd=640.0234500000417}
20:43:23.899 [Test worker] TRACE org.xlbean.data.TableValueLoader - {aaa=1841.0, ccc=-11840.0, bbb=2840.0, ddd=640.1234500000418}
20:43:23.899 [Test worker] TRACE org.xlbean.data.TableValueLoader - {aaa=1842.0, ccc=-11841.0, bbb=2841.0, ddd=640.2234500000418}
20:43:23.899 [Test worker] TRACE org.xlbean.data.TableValueLoader - {aaa=1843.0, ccc=-11842.0, bbb=2842.0, ddd=640.3234500000418}
20:43:23.899 [Test worker] TRACE org.xlbean.data.TableValueLoader - {aaa=1844.0, ccc=-11843.0, bbb=2843.0, ddd=640.4234500000418}
20:43:23.899 [Test worker] TRACE org.xlbean.data.TableValueLoader - {aaa=1845.0, ccc=-11844.0, bbb=2844.0, ddd=640.5234500000419}
20:43:23.899 [Test worker] TRACE org.xlbean.data.TableValueLoader - {aaa=1846.0, ccc=-11845.0, bbb=2845.0, ddd=640.6234500000419}
20:43:23.900 [Test worker] TRACE org.xlbean.data.TableValueLoader - {aaa=1847.0, ccc=-11846.0, bbb=2846.0, ddd=640.7234500000419}
20:43:23.900 [Test worker] TRACE org.xlbean.data.TableValueLoader - {aaa=1848.0, ccc=-11847.0, bbb=2847.0, ddd=640.8234500000419}
20:43:23.900 [Test worker] TRACE org.xlbean.data.TableValueLoader - {aaa=1849.0, ccc=-11848.0, bbb=2848.0, ddd=640.923450000042}
20:43:23.900 [Test worker] TRACE org.xlbean.data.TableValueLoader - {aaa=1850.0, ccc=-11849.0, bbb=2849.0, ddd=641.023450000042}
20:43:23.901 [Test worker] TRACE org.xlbean.data.TableValueLoader - {aaa=1851.0, ccc=-11850.0, bbb=2850.0, ddd=641.123450000042}
20:43:23.901 [Test worker] TRACE org.xlbean.data.TableValueLoader - {aaa=1852.0, ccc=-11851.0, bbb=2851.0, ddd=641.223450000042}
20:43:23.901 [Test worker] TRACE org.xlbean.data.TableValueLoader - {aaa=1853.0, ccc=-11852.0, bbb=2852.0, ddd=641.323450000042}
20:43:23.901 [Test worker] TRACE org.xlbean.data.TableValueLoader - {aaa=1854.0, ccc=-11853.0, bbb=2853.0, ddd=641.4234500000421}
20:43:23.901 [Test worker] TRACE org.xlbean.data.TableValueLoader - {aaa=1855.0, ccc=-11854.0, bbb=2854.0, ddd=641.5234500000421}
20:43:23.902 [Test worker] TRACE org.xlbean.data.TableValueLoader - {aaa=1856.0, ccc=-11855.0, bbb=2855.0, ddd=641.6234500000421}
20:43:23.902 [Test worker] TRACE org.xlbean.data.TableValueLoader - {aaa=1857.0, ccc=-11856.0, bbb=2856.0, ddd=641.7234500000421}
20:43:23.902 [Test worker] TRACE org.xlbean.data.TableValueLoader - {aaa=1858.0, ccc=-11857.0, bbb=2857.0, ddd=641.8234500000422}
20:43:23.902 [Test worker] TRACE org.xlbean.data.TableValueLoader - {aaa=1859.0, ccc=-11858.0, bbb=2858.0, ddd=641.9234500000422}
20:43:23.902 [Test worker] TRACE org.xlbean.data.TableValueLoader - {aaa=1860.0, ccc=-11859.0, bbb=2859.0, ddd=642.0234500000422}
20:43:23.903 [Test worker] TRACE org.xlbean.data.TableValueLoader - {aaa=1861.0, ccc=-11860.0, bbb=2860.0, ddd=642.1234500000422}
20:43:23.903 [Test worker] TRACE org.xlbean.data.TableValueLoader - {aaa=1862.0, ccc=-11861.0, bbb=2861.0, ddd=642.2234500000422}
20:43:23.903 [Test worker] TRACE org.xlbean.data.TableValueLoader - {aaa=1863.0, ccc=-11862.0, bbb=2862.0, ddd=642.3234500000423}
20:43:23.903 [Test worker] TRACE org.xlbean.data.TableValueLoader - {aaa=1864.0, ccc=-11863.0, bbb=2863.0, ddd=642.4234500000423}
20:43:23.903 [Test worker] TRACE org.xlbean.data.TableValueLoader - {aaa=1865.0, ccc=-11864.0, bbb=2864.0, ddd=642.5234500000423}
20:43:23.904 [Test worker] TRACE org.xlbean.data.TableValueLoader - {aaa=1866.0, ccc=-11865.0, bbb=2865.0, ddd=642.6234500000423}
20:43:23.904 [Test worker] TRACE org.xlbean.data.TableValueLoader - {aaa=1867.0, ccc=-11866.0, bbb=2866.0, ddd=642.7234500000424}
20:43:23.904 [Test worker] TRACE org.xlbean.data.TableValueLoader - {aaa=1868.0, ccc=-11867.0, bbb=2867.0, ddd=642.8234500000424}
20:43:23.904 [Test worker] TRACE org.xlbean.data.TableValueLoader - {aaa=1869.0, ccc=-11868.0, bbb=2868.0, ddd=642.9234500000424}
20:43:23.904 [Test worker] TRACE org.xlbean.data.TableValueLoader - {aaa=1870.0, ccc=-11869.0, bbb=2869.0, ddd=643.0234500000424}
20:43:23.904 [Test worker] TRACE org.xlbean.data.TableValueLoader - {aaa=1871.0, ccc=-11870.0, bbb=2870.0, ddd=643.1234500000425}
20:43:23.905 [Test worker] TRACE org.xlbean.data.TableValueLoader - {aaa=1872.0, ccc=-11871.0, bbb=2871.0, ddd=643.2234500000425}
20:43:23.905 [Test worker] TRACE org.xlbean.data.TableValueLoader - {aaa=1873.0, ccc=-11872.0, bbb=2872.0, ddd=643.3234500000425}
20:43:23.905 [Test worker] TRACE org.xlbean.data.TableValueLoader - {aaa=1874.0, ccc=-11873.0, bbb=2873.0, ddd=643.4234500000425}
20:43:23.905 [Test worker] TRACE org.xlbean.data.TableValueLoader - {aaa=1875.0, ccc=-11874.0, bbb=2874.0, ddd=643.5234500000425}
20:43:23.905 [Test worker] TRACE org.xlbean.data.TableValueLoader - {aaa=1876.0, ccc=-11875.0, bbb=2875.0, ddd=643.6234500000426}
20:43:23.906 [Test worker] TRACE org.xlbean.data.TableValueLoader - {aaa=1877.0, ccc=-11876.0, bbb=2876.0, ddd=643.7234500000426}
20:43:23.906 [Test worker] TRACE org.xlbean.data.TableValueLoader - {aaa=1878.0, ccc=-11877.0, bbb=2877.0, ddd=643.8234500000426}
20:43:23.906 [Test worker] TRACE org.xlbean.data.TableValueLoader - {aaa=1879.0, ccc=-11878.0, bbb=2878.0, ddd=643.9234500000426}
20:43:23.906 [Test worker] TRACE org.xlbean.data.TableValueLoader - {aaa=1880.0, ccc=-11879.0, bbb=2879.0, ddd=644.0234500000427}
20:43:23.906 [Test worker] TRACE org.xlbean.data.TableValueLoader - {aaa=1881.0, ccc=-11880.0, bbb=2880.0, ddd=644.1234500000427}
20:43:23.906 [Test worker] TRACE org.xlbean.data.TableValueLoader - {aaa=1882.0, ccc=-11881.0, bbb=2881.0, ddd=644.2234500000427}
20:43:23.907 [Test worker] TRACE org.xlbean.data.TableValueLoader - {aaa=1883.0, ccc=-11882.0, bbb=2882.0, ddd=644.3234500000427}
20:43:23.907 [Test worker] TRACE org.xlbean.data.TableValueLoader - {aaa=1884.0, ccc=-11883.0, bbb=2883.0, ddd=644.4234500000427}
20:43:23.907 [Test worker] TRACE org.xlbean.data.TableValueLoader - {aaa=1885.0, ccc=-11884.0, bbb=2884.0, ddd=644.5234500000428}
20:43:23.907 [Test worker] TRACE org.xlbean.data.TableValueLoader - {aaa=1886.0, ccc=-11885.0, bbb=2885.0, ddd=644.6234500000428}
20:43:23.907 [Test worker] TRACE org.xlbean.data.TableValueLoader - {aaa=1887.0, ccc=-11886.0, bbb=2886.0, ddd=644.7234500000428}
20:43:23.908 [Test worker] TRACE org.xlbean.data.TableValueLoader - {aaa=1888.0, ccc=-11887.0, bbb=2887.0, ddd=644.8234500000428}
20:43:23.908 [Test worker] TRACE org.xlbean.data.TableValueLoader - {aaa=1889.0, ccc=-11888.0, bbb=2888.0, ddd=644.9234500000429}
20:43:23.908 [Test worker] TRACE org.xlbean.data.TableValueLoader - {aaa=1890.0, ccc=-11889.0, bbb=2889.0, ddd=645.0234500000429}
20:43:23.908 [Test worker] TRACE org.xlbean.data.TableValueLoader - {aaa=1891.0, ccc=-11890.0, bbb=2890.0, ddd=645.1234500000429}
20:43:23.908 [Test worker] TRACE org.xlbean.data.TableValueLoader - {aaa=1892.0, ccc=-11891.0, bbb=2891.0, ddd=645.2234500000429}
20:43:23.908 [Test worker] TRACE org.xlbean.data.TableValueLoader - {aaa=1893.0, ccc=-11892.0, bbb=2892.0, ddd=645.323450000043}
20:43:23.909 [Test worker] TRACE org.xlbean.data.TableValueLoader - {aaa=1894.0, ccc=-11893.0, bbb=2893.0, ddd=645.423450000043}
20:43:23.909 [Test worker] TRACE org.xlbean.data.TableValueLoader - {aaa=1895.0, ccc=-11894.0, bbb=2894.0, ddd=645.523450000043}
20:43:23.909 [Test worker] TRACE org.xlbean.data.TableValueLoader - {aaa=1896.0, ccc=-11895.0, bbb=2895.0, ddd=645.623450000043}
20:43:23.909 [Test worker] TRACE org.xlbean.data.TableValueLoader - {aaa=1897.0, ccc=-11896.0, bbb=2896.0, ddd=645.723450000043}
20:43:23.909 [Test worker] TRACE org.xlbean.data.TableValueLoader - {aaa=1898.0, ccc=-11897.0, bbb=2897.0, ddd=645.8234500000431}
20:43:23.910 [Test worker] TRACE org.xlbean.data.TableValueLoader - {aaa=1899.0, ccc=-11898.0, bbb=2898.0, ddd=645.9234500000431}
20:43:23.910 [Test worker] TRACE org.xlbean.data.TableValueLoader - {aaa=1900.0, ccc=-11899.0, bbb=2899.0, ddd=646.0234500000431}
20:43:23.910 [Test worker] TRACE org.xlbean.data.TableValueLoader - {aaa=1901.0, ccc=-11900.0, bbb=2900.0, ddd=646.1234500000431}
20:43:23.910 [Test worker] TRACE org.xlbean.data.TableValueLoader - {aaa=1902.0, ccc=-11901.0, bbb=2901.0, ddd=646.2234500000432}
20:43:23.910 [Test worker] TRACE org.xlbean.data.TableValueLoader - {aaa=1903.0, ccc=-11902.0, bbb=2902.0, ddd=646.3234500000432}
20:43:23.911 [Test worker] TRACE org.xlbean.data.TableValueLoader - {aaa=1904.0, ccc=-11903.0, bbb=2903.0, ddd=646.4234500000432}
20:43:23.911 [Test worker] TRACE org.xlbean.data.TableValueLoader - {aaa=1905.0, ccc=-11904.0, bbb=2904.0, ddd=646.5234500000432}
20:43:23.911 [Test worker] TRACE org.xlbean.data.TableValueLoader - {aaa=1906.0, ccc=-11905.0, bbb=2905.0, ddd=646.6234500000432}
20:43:23.911 [Test worker] TRACE org.xlbean.data.TableValueLoader - {aaa=1907.0, ccc=-11906.0, bbb=2906.0, ddd=646.7234500000433}
20:43:23.911 [Test worker] TRACE org.xlbean.data.TableValueLoader - {aaa=1908.0, ccc=-11907.0, bbb=2907.0, ddd=646.8234500000433}
20:43:23.912 [Test worker] TRACE org.xlbean.data.TableValueLoader - {aaa=1909.0, ccc=-11908.0, bbb=2908.0, ddd=646.9234500000433}
20:43:23.912 [Test worker] TRACE org.xlbean.data.TableValueLoader - {aaa=1910.0, ccc=-11909.0, bbb=2909.0, ddd=647.0234500000433}
20:43:23.912 [Test worker] TRACE org.xlbean.data.TableValueLoader - {aaa=1911.0, ccc=-11910.0, bbb=2910.0, ddd=647.1234500000434}
20:43:23.912 [Test worker] TRACE org.xlbean.data.TableValueLoader - {aaa=1912.0, ccc=-11911.0, bbb=2911.0, ddd=647.2234500000434}
20:43:23.913 [Test worker] TRACE org.xlbean.data.TableValueLoader - {aaa=1913.0, ccc=-11912.0, bbb=2912.0, ddd=647.3234500000434}
20:43:23.913 [Test worker] TRACE org.xlbean.data.TableValueLoader - {aaa=1914.0, ccc=-11913.0, bbb=2913.0, ddd=647.4234500000434}
20:43:23.913 [Test worker] TRACE org.xlbean.data.TableValueLoader - {aaa=1915.0, ccc=-11914.0, bbb=2914.0, ddd=647.5234500000435}
20:43:23.913 [Test worker] TRACE org.xlbean.data.TableValueLoader - {aaa=1916.0, ccc=-11915.0, bbb=2915.0, ddd=647.6234500000435}
20:43:23.913 [Test worker] TRACE org.xlbean.data.TableValueLoader - {aaa=1917.0, ccc=-11916.0, bbb=2916.0, ddd=647.7234500000435}
20:43:23.914 [Test worker] TRACE org.xlbean.data.TableValueLoader - {aaa=1918.0, ccc=-11917.0, bbb=2917.0, ddd=647.8234500000435}
20:43:23.914 [Test worker] TRACE org.xlbean.data.TableValueLoader - {aaa=1919.0, ccc=-11918.0, bbb=2918.0, ddd=647.9234500000435}
20:43:23.914 [Test worker] TRACE org.xlbean.data.TableValueLoader - {aaa=1920.0, ccc=-11919.0, bbb=2919.0, ddd=648.0234500000436}
20:43:23.914 [Test worker] TRACE org.xlbean.data.TableValueLoader - {aaa=1921.0, ccc=-11920.0, bbb=2920.0, ddd=648.1234500000436}
20:43:23.915 [Test worker] TRACE org.xlbean.data.TableValueLoader - {aaa=1922.0, ccc=-11921.0, bbb=2921.0, ddd=648.2234500000436}
20:43:23.915 [Test worker] TRACE org.xlbean.data.TableValueLoader - {aaa=1923.0, ccc=-11922.0, bbb=2922.0, ddd=648.3234500000436}
20:43:23.915 [Test worker] TRACE org.xlbean.data.TableValueLoader - {aaa=1924.0, ccc=-11923.0, bbb=2923.0, ddd=648.4234500000437}
20:43:23.915 [Test worker] TRACE org.xlbean.data.TableValueLoader - {aaa=1925.0, ccc=-11924.0, bbb=2924.0, ddd=648.5234500000437}
20:43:23.915 [Test worker] TRACE org.xlbean.data.TableValueLoader - {aaa=1926.0, ccc=-11925.0, bbb=2925.0, ddd=648.6234500000437}
20:43:23.916 [Test worker] TRACE org.xlbean.data.TableValueLoader - {aaa=1927.0, ccc=-11926.0, bbb=2926.0, ddd=648.7234500000437}
20:43:23.916 [Test worker] TRACE org.xlbean.data.TableValueLoader - {aaa=1928.0, ccc=-11927.0, bbb=2927.0, ddd=648.8234500000437}
20:43:23.916 [Test worker] TRACE org.xlbean.data.TableValueLoader - {aaa=1929.0, ccc=-11928.0, bbb=2928.0, ddd=648.9234500000438}
20:43:23.916 [Test worker] TRACE org.xlbean.data.TableValueLoader - {aaa=1930.0, ccc=-11929.0, bbb=2929.0, ddd=649.0234500000438}
20:43:23.917 [Test worker] TRACE org.xlbean.data.TableValueLoader - {aaa=1931.0, ccc=-11930.0, bbb=2930.0, ddd=649.1234500000438}
20:43:23.917 [Test worker] TRACE org.xlbean.data.TableValueLoader - {aaa=1932.0, ccc=-11931.0, bbb=2931.0, ddd=649.2234500000438}
20:43:23.917 [Test worker] TRACE org.xlbean.data.TableValueLoader - {aaa=1933.0, ccc=-11932.0, bbb=2932.0, ddd=649.3234500000439}
20:43:23.917 [Test worker] TRACE org.xlbean.data.TableValueLoader - {aaa=1934.0, ccc=-11933.0, bbb=2933.0, ddd=649.4234500000439}
20:43:23.918 [Test worker] TRACE org.xlbean.data.TableValueLoader - {aaa=1935.0, ccc=-11934.0, bbb=2934.0, ddd=649.5234500000439}
20:43:23.918 [Test worker] TRACE org.xlbean.data.TableValueLoader - {aaa=1936.0, ccc=-11935.0, bbb=2935.0, ddd=649.6234500000439}
20:43:23.918 [Test worker] TRACE org.xlbean.data.TableValueLoader - {aaa=1937.0, ccc=-11936.0, bbb=2936.0, ddd=649.723450000044}
20:43:23.918 [Test worker] TRACE org.xlbean.data.TableValueLoader - {aaa=1938.0, ccc=-11937.0, bbb=2937.0, ddd=649.823450000044}
20:43:23.919 [Test worker] TRACE org.xlbean.data.TableValueLoader - {aaa=1939.0, ccc=-11938.0, bbb=2938.0, ddd=649.923450000044}
20:43:23.919 [Test worker] TRACE org.xlbean.data.TableValueLoader - {aaa=1940.0, ccc=-11939.0, bbb=2939.0, ddd=650.023450000044}
20:43:23.919 [Test worker] TRACE org.xlbean.data.TableValueLoader - {aaa=1941.0, ccc=-11940.0, bbb=2940.0, ddd=650.123450000044}
20:43:23.919 [Test worker] TRACE org.xlbean.data.TableValueLoader - {aaa=1942.0, ccc=-11941.0, bbb=2941.0, ddd=650.2234500000441}
20:43:23.919 [Test worker] TRACE org.xlbean.data.TableValueLoader - {aaa=1943.0, ccc=-11942.0, bbb=2942.0, ddd=650.3234500000441}
20:43:23.920 [Test worker] TRACE org.xlbean.data.TableValueLoader - {aaa=1944.0, ccc=-11943.0, bbb=2943.0, ddd=650.4234500000441}
20:43:23.920 [Test worker] TRACE org.xlbean.data.TableValueLoader - {aaa=1945.0, ccc=-11944.0, bbb=2944.0, ddd=650.5234500000441}
20:43:23.920 [Test worker] TRACE org.xlbean.data.TableValueLoader - {aaa=1946.0, ccc=-11945.0, bbb=2945.0, ddd=650.6234500000442}
20:43:23.921 [Test worker] TRACE org.xlbean.data.TableValueLoader - {aaa=1947.0, ccc=-11946.0, bbb=2946.0, ddd=650.7234500000442}
20:43:23.921 [Test worker] TRACE org.xlbean.data.TableValueLoader - {aaa=1948.0, ccc=-11947.0, bbb=2947.0, ddd=650.8234500000442}
20:43:23.921 [Test worker] TRACE org.xlbean.data.TableValueLoader - {aaa=1949.0, ccc=-11948.0, bbb=2948.0, ddd=650.9234500000442}
20:43:23.921 [Test worker] TRACE org.xlbean.data.TableValueLoader - {aaa=1950.0, ccc=-11949.0, bbb=2949.0, ddd=651.0234500000442}
20:43:23.922 [Test worker] TRACE org.xlbean.data.TableValueLoader - {aaa=1951.0, ccc=-11950.0, bbb=2950.0, ddd=651.1234500000443}
20:43:23.922 [Test worker] TRACE org.xlbean.data.TableValueLoader - {aaa=1952.0, ccc=-11951.0, bbb=2951.0, ddd=651.2234500000443}
20:43:23.922 [Test worker] TRACE org.xlbean.data.TableValueLoader - {aaa=1953.0, ccc=-11952.0, bbb=2952.0, ddd=651.3234500000443}
20:43:23.923 [Test worker] TRACE org.xlbean.data.TableValueLoader - {aaa=1954.0, ccc=-11953.0, bbb=2953.0, ddd=651.4234500000443}
20:43:23.923 [Test worker] TRACE org.xlbean.data.TableValueLoader - {aaa=1955.0, ccc=-11954.0, bbb=2954.0, ddd=651.5234500000444}
20:43:23.923 [Test worker] TRACE org.xlbean.data.TableValueLoader - {aaa=1956.0, ccc=-11955.0, bbb=2955.0, ddd=651.6234500000444}
20:43:23.923 [Test worker] TRACE org.xlbean.data.TableValueLoader - {aaa=1957.0, ccc=-11956.0, bbb=2956.0, ddd=651.7234500000444}
20:43:23.924 [Test worker] TRACE org.xlbean.data.TableValueLoader - {aaa=1958.0, ccc=-11957.0, bbb=2957.0, ddd=651.8234500000444}
20:43:23.924 [Test worker] TRACE org.xlbean.data.TableValueLoader - {aaa=1959.0, ccc=-11958.0, bbb=2958.0, ddd=651.9234500000445}
20:43:23.924 [Test worker] TRACE org.xlbean.data.TableValueLoader - {aaa=1960.0, ccc=-11959.0, bbb=2959.0, ddd=652.0234500000445}
20:43:23.925 [Test worker] TRACE org.xlbean.data.TableValueLoader - {aaa=1961.0, ccc=-11960.0, bbb=2960.0, ddd=652.1234500000445}
20:43:23.925 [Test worker] TRACE org.xlbean.data.TableValueLoader - {aaa=1962.0, ccc=-11961.0, bbb=2961.0, ddd=652.2234500000445}
20:43:23.926 [Test worker] TRACE org.xlbean.data.TableValueLoader - {aaa=1963.0, ccc=-11962.0, bbb=2962.0, ddd=652.3234500000445}
20:43:23.926 [Test worker] TRACE org.xlbean.data.TableValueLoader - {aaa=1964.0, ccc=-11963.0, bbb=2963.0, ddd=652.4234500000446}
20:43:23.927 [Test worker] TRACE org.xlbean.data.TableValueLoader - {aaa=1965.0, ccc=-11964.0, bbb=2964.0, ddd=652.5234500000446}
20:43:23.927 [Test worker] TRACE org.xlbean.data.TableValueLoader - {aaa=1966.0, ccc=-11965.0, bbb=2965.0, ddd=652.6234500000446}
20:43:23.928 [Test worker] TRACE org.xlbean.data.TableValueLoader - {aaa=1967.0, ccc=-11966.0, bbb=2966.0, ddd=652.7234500000446}
20:43:23.928 [Test worker] TRACE org.xlbean.data.TableValueLoader - {aaa=1968.0, ccc=-11967.0, bbb=2967.0, ddd=652.8234500000447}
20:43:23.928 [Test worker] TRACE org.xlbean.data.TableValueLoader - {aaa=1969.0, ccc=-11968.0, bbb=2968.0, ddd=652.9234500000447}
20:43:23.929 [Test worker] TRACE org.xlbean.data.TableValueLoader - {aaa=1970.0, ccc=-11969.0, bbb=2969.0, ddd=653.0234500000447}
20:43:23.929 [Test worker] TRACE org.xlbean.data.TableValueLoader - {aaa=1971.0, ccc=-11970.0, bbb=2970.0, ddd=653.1234500000447}
20:43:23.929 [Test worker] TRACE org.xlbean.data.TableValueLoader - {aaa=1972.0, ccc=-11971.0, bbb=2971.0, ddd=653.2234500000447}
20:43:23.930 [Test worker] TRACE org.xlbean.data.TableValueLoader - {aaa=1973.0, ccc=-11972.0, bbb=2972.0, ddd=653.3234500000448}
20:43:23.930 [Test worker] TRACE org.xlbean.data.TableValueLoader - {aaa=1974.0, ccc=-11973.0, bbb=2973.0, ddd=653.4234500000448}
20:43:23.930 [Test worker] TRACE org.xlbean.data.TableValueLoader - {aaa=1975.0, ccc=-11974.0, bbb=2974.0, ddd=653.5234500000448}
20:43:23.931 [Test worker] TRACE org.xlbean.data.TableValueLoader - {aaa=1976.0, ccc=-11975.0, bbb=2975.0, ddd=653.6234500000448}
20:43:23.931 [Test worker] TRACE org.xlbean.data.TableValueLoader - {aaa=1977.0, ccc=-11976.0, bbb=2976.0, ddd=653.7234500000449}
20:43:23.932 [Test worker] TRACE org.xlbean.data.TableValueLoader - {aaa=1978.0, ccc=-11977.0, bbb=2977.0, ddd=653.8234500000449}
20:43:23.932 [Test worker] TRACE org.xlbean.data.TableValueLoader - {aaa=1979.0, ccc=-11978.0, bbb=2978.0, ddd=653.9234500000449}
20:43:23.933 [Test worker] TRACE org.xlbean.data.TableValueLoader - {aaa=1980.0, ccc=-11979.0, bbb=2979.0, ddd=654.0234500000449}
20:43:23.933 [Test worker] TRACE org.xlbean.data.TableValueLoader - {aaa=1981.0, ccc=-11980.0, bbb=2980.0, ddd=654.123450000045}
20:43:23.934 [Test worker] TRACE org.xlbean.data.TableValueLoader - {aaa=1982.0, ccc=-11981.0, bbb=2981.0, ddd=654.223450000045}
20:43:23.935 [Test worker] TRACE org.xlbean.data.TableValueLoader - {aaa=1983.0, ccc=-11982.0, bbb=2982.0, ddd=654.323450000045}
20:43:23.935 [Test worker] TRACE org.xlbean.data.TableValueLoader - {aaa=1984.0, ccc=-11983.0, bbb=2983.0, ddd=654.423450000045}
20:43:23.936 [Test worker] TRACE org.xlbean.data.TableValueLoader - {aaa=1985.0, ccc=-11984.0, bbb=2984.0, ddd=654.523450000045}
20:43:23.936 [Test worker] TRACE org.xlbean.data.TableValueLoader - {aaa=1986.0, ccc=-11985.0, bbb=2985.0, ddd=654.6234500000451}
20:43:23.937 [Test worker] TRACE org.xlbean.data.TableValueLoader - {aaa=1987.0, ccc=-11986.0, bbb=2986.0, ddd=654.7234500000451}
20:43:23.937 [Test worker] TRACE org.xlbean.data.TableValueLoader - {aaa=1988.0, ccc=-11987.0, bbb=2987.0, ddd=654.8234500000451}
20:43:23.938 [Test worker] TRACE org.xlbean.data.TableValueLoader - {aaa=1989.0, ccc=-11988.0, bbb=2988.0, ddd=654.9234500000451}
20:43:23.938 [Test worker] TRACE org.xlbean.data.TableValueLoader - {aaa=1990.0, ccc=-11989.0, bbb=2989.0, ddd=655.0234500000452}
20:43:23.938 [Test worker] TRACE org.xlbean.data.TableValueLoader - {aaa=1991.0, ccc=-11990.0, bbb=2990.0, ddd=655.1234500000452}
20:43:23.938 [Test worker] TRACE org.xlbean.data.TableValueLoader - {aaa=1992.0, ccc=-11991.0, bbb=2991.0, ddd=655.2234500000452}
20:43:23.939 [Test worker] TRACE org.xlbean.data.TableValueLoader - {aaa=1993.0, ccc=-11992.0, bbb=2992.0, ddd=655.3234500000452}
20:43:23.939 [Test worker] TRACE org.xlbean.data.TableValueLoader - {aaa=1994.0, ccc=-11993.0, bbb=2993.0, ddd=655.4234500000452}
20:43:23.939 [Test worker] TRACE org.xlbean.data.TableValueLoader - {aaa=1995.0, ccc=-11994.0, bbb=2994.0, ddd=655.5234500000453}
20:43:23.940 [Test worker] TRACE org.xlbean.data.TableValueLoader - {aaa=1996.0, ccc=-11995.0, bbb=2995.0, ddd=655.6234500000453}
20:43:23.940 [Test worker] TRACE org.xlbean.data.TableValueLoader - {aaa=1997.0, ccc=-11996.0, bbb=2996.0, ddd=655.7234500000453}
20:43:23.940 [Test worker] TRACE org.xlbean.data.TableValueLoader - {aaa=1998.0, ccc=-11997.0, bbb=2997.0, ddd=655.8234500000453}
20:43:23.940 [Test worker] TRACE org.xlbean.data.TableValueLoader - {aaa=1999.0, ccc=-11998.0, bbb=2998.0, ddd=655.9234500000454}
20:43:23.941 [Test worker] TRACE org.xlbean.data.TableValueLoader - {aaa=2000.0, ccc=-11999.0, bbb=2999.0, ddd=656.0234500000454}
20:43:23.941 [Test worker] TRACE org.xlbean.data.TableValueLoader - {aaa=2001.0, ccc=-12000.0, bbb=3000.0, ddd=656.1234500000454}
20:43:23.941 [Test worker] TRACE org.xlbean.data.TableValueLoader - {aaa=2002.0, ccc=-12001.0, bbb=3001.0, ddd=656.2234500000454}
20:43:23.942 [Test worker] TRACE org.xlbean.data.TableValueLoader - {aaa=2003.0, ccc=-12002.0, bbb=3002.0, ddd=656.3234500000455}
20:43:23.942 [Test worker] TRACE org.xlbean.data.TableValueLoader - {aaa=2004.0, ccc=-12003.0, bbb=3003.0, ddd=656.4234500000455}
20:43:23.943 [Test worker] TRACE org.xlbean.data.TableValueLoader - {aaa=2005.0, ccc=-12004.0, bbb=3004.0, ddd=656.5234500000455}
20:43:23.943 [Test worker] TRACE org.xlbean.data.TableValueLoader - {aaa=2006.0, ccc=-12005.0, bbb=3005.0, ddd=656.6234500000455}
20:43:23.943 [Test worker] TRACE org.xlbean.data.TableValueLoader - {aaa=2007.0, ccc=-12006.0, bbb=3006.0, ddd=656.7234500000455}
20:43:23.944 [Test worker] TRACE org.xlbean.data.TableValueLoader - {aaa=2008.0, ccc=-12007.0, bbb=3007.0, ddd=656.8234500000456}
20:43:23.944 [Test worker] TRACE org.xlbean.data.TableValueLoader - {aaa=2009.0, ccc=-12008.0, bbb=3008.0, ddd=656.9234500000456}
20:43:23.944 [Test worker] TRACE org.xlbean.data.TableValueLoader - {aaa=2010.0, ccc=-12009.0, bbb=3009.0, ddd=657.0234500000456}
20:43:23.944 [Test worker] TRACE org.xlbean.data.TableValueLoader - {aaa=2011.0, ccc=-12010.0, bbb=3010.0, ddd=657.1234500000456}
20:43:23.945 [Test worker] TRACE org.xlbean.data.TableValueLoader - {aaa=2012.0, ccc=-12011.0, bbb=3011.0, ddd=657.2234500000457}
20:43:23.945 [Test worker] TRACE org.xlbean.data.TableValueLoader - {aaa=2013.0, ccc=-12012.0, bbb=3012.0, ddd=657.3234500000457}
20:43:23.945 [Test worker] TRACE org.xlbean.data.TableValueLoader - {aaa=2014.0, ccc=-12013.0, bbb=3013.0, ddd=657.4234500000457}
20:43:23.946 [Test worker] TRACE org.xlbean.data.TableValueLoader - {aaa=2015.0, ccc=-12014.0, bbb=3014.0, ddd=657.5234500000457}
20:43:23.946 [Test worker] TRACE org.xlbean.data.TableValueLoader - {aaa=2016.0, ccc=-12015.0, bbb=3015.0, ddd=657.6234500000458}
20:43:23.947 [Test worker] TRACE org.xlbean.data.TableValueLoader - {aaa=2017.0, ccc=-12016.0, bbb=3016.0, ddd=657.7234500000458}
20:43:23.947 [Test worker] TRACE org.xlbean.data.TableValueLoader - {aaa=2018.0, ccc=-12017.0, bbb=3017.0, ddd=657.8234500000458}
20:43:23.948 [Test worker] TRACE org.xlbean.data.TableValueLoader - {aaa=2019.0, ccc=-12018.0, bbb=3018.0, ddd=657.9234500000458}
20:43:23.948 [Test worker] TRACE org.xlbean.data.TableValueLoader - {aaa=2020.0, ccc=-12019.0, bbb=3019.0, ddd=658.0234500000458}
20:43:23.948 [Test worker] TRACE org.xlbean.data.TableValueLoader - {aaa=2021.0, ccc=-12020.0, bbb=3020.0, ddd=658.1234500000459}
20:43:23.949 [Test worker] TRACE org.xlbean.data.TableValueLoader - {aaa=2022.0, ccc=-12021.0, bbb=3021.0, ddd=658.2234500000459}
20:43:23.949 [Test worker] TRACE org.xlbean.data.TableValueLoader - {aaa=2023.0, ccc=-12022.0, bbb=3022.0, ddd=658.3234500000459}
20:43:23.950 [Test worker] TRACE org.xlbean.data.TableValueLoader - {aaa=2024.0, ccc=-12023.0, bbb=3023.0, ddd=658.4234500000459}
20:43:23.950 [Test worker] TRACE org.xlbean.data.TableValueLoader - {aaa=2025.0, ccc=-12024.0, bbb=3024.0, ddd=658.523450000046}
20:43:23.951 [Test worker] TRACE org.xlbean.data.TableValueLoader - {aaa=2026.0, ccc=-12025.0, bbb=3025.0, ddd=658.623450000046}
20:43:23.951 [Test worker] TRACE org.xlbean.data.TableValueLoader - {aaa=2027.0, ccc=-12026.0, bbb=3026.0, ddd=658.723450000046}
20:43:23.952 [Test worker] TRACE org.xlbean.data.TableValueLoader - {aaa=2028.0, ccc=-12027.0, bbb=3027.0, ddd=658.823450000046}
20:43:23.952 [Test worker] TRACE org.xlbean.data.TableValueLoader - {aaa=2029.0, ccc=-12028.0, bbb=3028.0, ddd=658.923450000046}
20:43:23.952 [Test worker] TRACE org.xlbean.data.TableValueLoader - {aaa=2030.0, ccc=-12029.0, bbb=3029.0, ddd=659.0234500000461}
20:43:23.952 [Test worker] TRACE org.xlbean.data.TableValueLoader - {aaa=2031.0, ccc=-12030.0, bbb=3030.0, ddd=659.1234500000461}
20:43:23.953 [Test worker] TRACE org.xlbean.data.TableValueLoader - {aaa=2032.0, ccc=-12031.0, bbb=3031.0, ddd=659.2234500000461}
20:43:23.953 [Test worker] TRACE org.xlbean.data.TableValueLoader - {aaa=2033.0, ccc=-12032.0, bbb=3032.0, ddd=659.3234500000461}
20:43:23.953 [Test worker] TRACE org.xlbean.data.TableValueLoader - {aaa=2034.0, ccc=-12033.0, bbb=3033.0, ddd=659.4234500000462}
20:43:23.954 [Test worker] TRACE org.xlbean.data.TableValueLoader - {aaa=2035.0, ccc=-12034.0, bbb=3034.0, ddd=659.5234500000462}
20:43:23.954 [Test worker] TRACE org.xlbean.data.TableValueLoader - {aaa=2036.0, ccc=-12035.0, bbb=3035.0, ddd=659.6234500000462}
20:43:23.954 [Test worker] TRACE org.xlbean.data.TableValueLoader - {aaa=2037.0, ccc=-12036.0, bbb=3036.0, ddd=659.7234500000462}
20:43:23.954 [Test worker] TRACE org.xlbean.data.TableValueLoader - {aaa=2038.0, ccc=-12037.0, bbb=3037.0, ddd=659.8234500000463}
20:43:23.955 [Test worker] TRACE org.xlbean.data.TableValueLoader - {aaa=2039.0, ccc=-12038.0, bbb=3038.0, ddd=659.9234500000463}
20:43:23.955 [Test worker] TRACE org.xlbean.data.TableValueLoader - {aaa=2040.0, ccc=-12039.0, bbb=3039.0, ddd=660.0234500000463}
20:43:23.955 [Test worker] TRACE org.xlbean.data.TableValueLoader - {aaa=2041.0, ccc=-12040.0, bbb=3040.0, ddd=660.1234500000463}
20:43:23.955 [Test worker] TRACE org.xlbean.data.TableValueLoader - {aaa=2042.0, ccc=-12041.0, bbb=3041.0, ddd=660.2234500000463}
20:43:23.956 [Test worker] TRACE org.xlbean.data.TableValueLoader - {aaa=2043.0, ccc=-12042.0, bbb=3042.0, ddd=660.3234500000464}
20:43:23.956 [Test worker] TRACE org.xlbean.data.TableValueLoader - {aaa=2044.0, ccc=-12043.0, bbb=3043.0, ddd=660.4234500000464}
20:43:23.956 [Test worker] TRACE org.xlbean.data.TableValueLoader - {aaa=2045.0, ccc=-12044.0, bbb=3044.0, ddd=660.5234500000464}
20:43:23.956 [Test worker] TRACE org.xlbean.data.TableValueLoader - {aaa=2046.0, ccc=-12045.0, bbb=3045.0, ddd=660.6234500000464}
20:43:23.957 [Test worker] TRACE org.xlbean.data.TableValueLoader - {aaa=2047.0, ccc=-12046.0, bbb=3046.0, ddd=660.7234500000465}
20:43:23.957 [Test worker] TRACE org.xlbean.data.TableValueLoader - {aaa=2048.0, ccc=-12047.0, bbb=3047.0, ddd=660.8234500000465}
20:43:23.957 [Test worker] TRACE org.xlbean.data.TableValueLoader - {aaa=2049.0, ccc=-12048.0, bbb=3048.0, ddd=660.9234500000465}
20:43:23.957 [Test worker] TRACE org.xlbean.data.TableValueLoader - {aaa=2050.0, ccc=-12049.0, bbb=3049.0, ddd=661.0234500000465}
20:43:23.958 [Test worker] TRACE org.xlbean.data.TableValueLoader - {aaa=2051.0, ccc=-12050.0, bbb=3050.0, ddd=661.1234500000465}
20:43:23.958 [Test worker] TRACE org.xlbean.data.TableValueLoader - {aaa=2052.0, ccc=-12051.0, bbb=3051.0, ddd=661.2234500000466}
20:43:23.958 [Test worker] TRACE org.xlbean.data.TableValueLoader - {aaa=2053.0, ccc=-12052.0, bbb=3052.0, ddd=661.3234500000466}
20:43:23.958 [Test worker] TRACE org.xlbean.data.TableValueLoader - {aaa=2054.0, ccc=-12053.0, bbb=3053.0, ddd=661.4234500000466}
20:43:23.959 [Test worker] TRACE org.xlbean.data.TableValueLoader - {aaa=2055.0, ccc=-12054.0, bbb=3054.0, ddd=661.5234500000466}
20:43:23.959 [Test worker] TRACE org.xlbean.data.TableValueLoader - {aaa=2056.0, ccc=-12055.0, bbb=3055.0, ddd=661.6234500000467}
20:43:23.959 [Test worker] TRACE org.xlbean.data.TableValueLoader - {aaa=2057.0, ccc=-12056.0, bbb=3056.0, ddd=661.7234500000467}
20:43:23.959 [Test worker] TRACE org.xlbean.data.TableValueLoader - {aaa=2058.0, ccc=-12057.0, bbb=3057.0, ddd=661.8234500000467}
20:43:23.960 [Test worker] TRACE org.xlbean.data.TableValueLoader - {aaa=2059.0, ccc=-12058.0, bbb=3058.0, ddd=661.9234500000467}
20:43:23.960 [Test worker] TRACE org.xlbean.data.TableValueLoader - {aaa=2060.0, ccc=-12059.0, bbb=3059.0, ddd=662.0234500000468}
20:43:23.960 [Test worker] TRACE org.xlbean.data.TableValueLoader - {aaa=2061.0, ccc=-12060.0, bbb=3060.0, ddd=662.1234500000468}
20:43:23.960 [Test worker] TRACE org.xlbean.data.TableValueLoader - {aaa=2062.0, ccc=-12061.0, bbb=3061.0, ddd=662.2234500000468}
20:43:23.961 [Test worker] TRACE org.xlbean.data.TableValueLoader - {aaa=2063.0, ccc=-12062.0, bbb=3062.0, ddd=662.3234500000468}
20:43:23.961 [Test worker] TRACE org.xlbean.data.TableValueLoader - {aaa=2064.0, ccc=-12063.0, bbb=3063.0, ddd=662.4234500000468}
20:43:23.961 [Test worker] TRACE org.xlbean.data.TableValueLoader - {aaa=2065.0, ccc=-12064.0, bbb=3064.0, ddd=662.5234500000469}
20:43:23.961 [Test worker] TRACE org.xlbean.data.TableValueLoader - {aaa=2066.0, ccc=-12065.0, bbb=3065.0, ddd=662.6234500000469}
20:43:23.962 [Test worker] TRACE org.xlbean.data.TableValueLoader - {aaa=2067.0, ccc=-12066.0, bbb=3066.0, ddd=662.7234500000469}
20:43:23.962 [Test worker] TRACE org.xlbean.data.TableValueLoader - {aaa=2068.0, ccc=-12067.0, bbb=3067.0, ddd=662.8234500000469}
20:43:23.962 [Test worker] TRACE org.xlbean.data.TableValueLoader - {aaa=2069.0, ccc=-12068.0, bbb=3068.0, ddd=662.923450000047}
20:43:23.963 [Test worker] TRACE org.xlbean.data.TableValueLoader - {aaa=2070.0, ccc=-12069.0, bbb=3069.0, ddd=663.023450000047}
20:43:23.963 [Test worker] TRACE org.xlbean.data.TableValueLoader - {aaa=2071.0, ccc=-12070.0, bbb=3070.0, ddd=663.123450000047}
20:43:23.963 [Test worker] TRACE org.xlbean.data.TableValueLoader - {aaa=2072.0, ccc=-12071.0, bbb=3071.0, ddd=663.223450000047}
20:43:23.963 [Test worker] TRACE org.xlbean.data.TableValueLoader - {aaa=2073.0, ccc=-12072.0, bbb=3072.0, ddd=663.323450000047}
20:43:23.964 [Test worker] TRACE org.xlbean.data.TableValueLoader - {aaa=2074.0, ccc=-12073.0, bbb=3073.0, ddd=663.4234500000471}
20:43:23.964 [Test worker] TRACE org.xlbean.data.TableValueLoader - {aaa=2075.0, ccc=-12074.0, bbb=3074.0, ddd=663.5234500000471}
20:43:23.964 [Test worker] TRACE org.xlbean.data.TableValueLoader - {aaa=2076.0, ccc=-12075.0, bbb=3075.0, ddd=663.6234500000471}
20:43:23.965 [Test worker] TRACE org.xlbean.data.TableValueLoader - {aaa=2077.0, ccc=-12076.0, bbb=3076.0, ddd=663.7234500000471}
20:43:23.965 [Test worker] TRACE org.xlbean.data.TableValueLoader - {aaa=2078.0, ccc=-12077.0, bbb=3077.0, ddd=663.8234500000472}
20:43:23.965 [Test worker] TRACE org.xlbean.data.TableValueLoader - {aaa=2079.0, ccc=-12078.0, bbb=3078.0, ddd=663.9234500000472}
20:43:23.965 [Test worker] TRACE org.xlbean.data.TableValueLoader - {aaa=2080.0, ccc=-12079.0, bbb=3079.0, ddd=664.0234500000472}
20:43:23.966 [Test worker] TRACE org.xlbean.data.TableValueLoader - {aaa=2081.0, ccc=-12080.0, bbb=3080.0, ddd=664.1234500000472}
20:43:23.966 [Test worker] TRACE org.xlbean.data.TableValueLoader - {aaa=2082.0, ccc=-12081.0, bbb=3081.0, ddd=664.2234500000473}
20:43:23.966 [Test worker] TRACE org.xlbean.data.TableValueLoader - {aaa=2083.0, ccc=-12082.0, bbb=3082.0, ddd=664.3234500000473}
20:43:23.966 [Test worker] TRACE org.xlbean.data.TableValueLoader - {aaa=2084.0, ccc=-12083.0, bbb=3083.0, ddd=664.4234500000473}
20:43:23.967 [Test worker] TRACE org.xlbean.data.TableValueLoader - {aaa=2085.0, ccc=-12084.0, bbb=3084.0, ddd=664.5234500000473}
20:43:23.967 [Test worker] TRACE org.xlbean.data.TableValueLoader - {aaa=2086.0, ccc=-12085.0, bbb=3085.0, ddd=664.6234500000473}
20:43:23.968 [Test worker] TRACE org.xlbean.data.TableValueLoader - {aaa=2087.0, ccc=-12086.0, bbb=3086.0, ddd=664.7234500000474}
20:43:23.968 [Test worker] TRACE org.xlbean.data.TableValueLoader - {aaa=2088.0, ccc=-12087.0, bbb=3087.0, ddd=664.8234500000474}
20:43:23.968 [Test worker] TRACE org.xlbean.data.TableValueLoader - {aaa=2089.0, ccc=-12088.0, bbb=3088.0, ddd=664.9234500000474}
20:43:23.969 [Test worker] TRACE org.xlbean.data.TableValueLoader - {aaa=2090.0, ccc=-12089.0, bbb=3089.0, ddd=665.0234500000474}
20:43:23.969 [Test worker] TRACE org.xlbean.data.TableValueLoader - {aaa=2091.0, ccc=-12090.0, bbb=3090.0, ddd=665.1234500000475}
20:43:23.969 [Test worker] TRACE org.xlbean.data.TableValueLoader - {aaa=2092.0, ccc=-12091.0, bbb=3091.0, ddd=665.2234500000475}
20:43:23.970 [Test worker] TRACE org.xlbean.data.TableValueLoader - {aaa=2093.0, ccc=-12092.0, bbb=3092.0, ddd=665.3234500000475}
20:43:23.970 [Test worker] TRACE org.xlbean.data.TableValueLoader - {aaa=2094.0, ccc=-12093.0, bbb=3093.0, ddd=665.4234500000475}
20:43:23.970 [Test worker] TRACE org.xlbean.data.TableValueLoader - {aaa=2095.0, ccc=-12094.0, bbb=3094.0, ddd=665.5234500000475}
20:43:23.971 [Test worker] TRACE org.xlbean.data.TableValueLoader - {aaa=2096.0, ccc=-12095.0, bbb=3095.0, ddd=665.6234500000476}
20:43:23.971 [Test worker] TRACE org.xlbean.data.TableValueLoader - {aaa=2097.0, ccc=-12096.0, bbb=3096.0, ddd=665.7234500000476}
20:43:23.971 [Test worker] TRACE org.xlbean.data.TableValueLoader - {aaa=2098.0, ccc=-12097.0, bbb=3097.0, ddd=665.8234500000476}
20:43:23.972 [Test worker] TRACE org.xlbean.data.TableValueLoader - {aaa=2099.0, ccc=-12098.0, bbb=3098.0, ddd=665.9234500000476}
20:43:23.972 [Test worker] TRACE org.xlbean.data.TableValueLoader - {aaa=2100.0, ccc=-12099.0, bbb=3099.0, ddd=666.0234500000477}
20:43:23.972 [Test worker] TRACE org.xlbean.data.TableValueLoader - {aaa=2101.0, ccc=-12100.0, bbb=3100.0, ddd=666.1234500000477}
20:43:23.973 [Test worker] TRACE org.xlbean.data.TableValueLoader - {aaa=2102.0, ccc=-12101.0, bbb=3101.0, ddd=666.2234500000477}
20:43:23.973 [Test worker] TRACE org.xlbean.data.TableValueLoader - {aaa=2103.0, ccc=-12102.0, bbb=3102.0, ddd=666.3234500000477}
20:43:23.973 [Test worker] TRACE org.xlbean.data.TableValueLoader - {aaa=2104.0, ccc=-12103.0, bbb=3103.0, ddd=666.4234500000478}
20:43:23.973 [Test worker] TRACE org.xlbean.data.TableValueLoader - {aaa=2105.0, ccc=-12104.0, bbb=3104.0, ddd=666.5234500000478}
20:43:23.974 [Test worker] TRACE org.xlbean.data.TableValueLoader - {aaa=2106.0, ccc=-12105.0, bbb=3105.0, ddd=666.6234500000478}
20:43:23.974 [Test worker] TRACE org.xlbean.data.TableValueLoader - {aaa=2107.0, ccc=-12106.0, bbb=3106.0, ddd=666.7234500000478}
20:43:23.974 [Test worker] TRACE org.xlbean.data.TableValueLoader - {aaa=2108.0, ccc=-12107.0, bbb=3107.0, ddd=666.8234500000478}
20:43:23.974 [Test worker] TRACE org.xlbean.data.TableValueLoader - {aaa=2109.0, ccc=-12108.0, bbb=3108.0, ddd=666.9234500000479}
20:43:23.975 [Test worker] TRACE org.xlbean.data.TableValueLoader - {aaa=2110.0, ccc=-12109.0, bbb=3109.0, ddd=667.0234500000479}
20:43:23.975 [Test worker] TRACE org.xlbean.data.TableValueLoader - {aaa=2111.0, ccc=-12110.0, bbb=3110.0, ddd=667.1234500000479}
20:43:23.975 [Test worker] TRACE org.xlbean.data.TableValueLoader - {aaa=2112.0, ccc=-12111.0, bbb=3111.0, ddd=667.2234500000479}
20:43:23.976 [Test worker] TRACE org.xlbean.data.TableValueLoader - {aaa=2113.0, ccc=-12112.0, bbb=3112.0, ddd=667.323450000048}
20:43:23.976 [Test worker] TRACE org.xlbean.data.TableValueLoader - {aaa=2114.0, ccc=-12113.0, bbb=3113.0, ddd=667.423450000048}
20:43:23.976 [Test worker] TRACE org.xlbean.data.TableValueLoader - {aaa=2115.0, ccc=-12114.0, bbb=3114.0, ddd=667.523450000048}
20:43:23.977 [Test worker] TRACE org.xlbean.data.TableValueLoader - {aaa=2116.0, ccc=-12115.0, bbb=3115.0, ddd=667.623450000048}
20:43:23.977 [Test worker] TRACE org.xlbean.data.TableValueLoader - {aaa=2117.0, ccc=-12116.0, bbb=3116.0, ddd=667.723450000048}
20:43:23.977 [Test worker] TRACE org.xlbean.data.TableValueLoader - {aaa=2118.0, ccc=-12117.0, bbb=3117.0, ddd=667.8234500000481}
20:43:23.978 [Test worker] TRACE org.xlbean.data.TableValueLoader - {aaa=2119.0, ccc=-12118.0, bbb=3118.0, ddd=667.9234500000481}
20:43:23.978 [Test worker] TRACE org.xlbean.data.TableValueLoader - {aaa=2120.0, ccc=-12119.0, bbb=3119.0, ddd=668.0234500000481}
20:43:23.978 [Test worker] TRACE org.xlbean.data.TableValueLoader - {aaa=2121.0, ccc=-12120.0, bbb=3120.0, ddd=668.1234500000481}
20:43:23.978 [Test worker] TRACE org.xlbean.data.TableValueLoader - {aaa=2122.0, ccc=-12121.0, bbb=3121.0, ddd=668.2234500000482}
20:43:23.979 [Test worker] TRACE org.xlbean.data.TableValueLoader - {aaa=2123.0, ccc=-12122.0, bbb=3122.0, ddd=668.3234500000482}
20:43:23.979 [Test worker] TRACE org.xlbean.data.TableValueLoader - {aaa=2124.0, ccc=-12123.0, bbb=3123.0, ddd=668.4234500000482}
20:43:23.979 [Test worker] TRACE org.xlbean.data.TableValueLoader - {aaa=2125.0, ccc=-12124.0, bbb=3124.0, ddd=668.5234500000482}
20:43:23.980 [Test worker] TRACE org.xlbean.data.TableValueLoader - {aaa=2126.0, ccc=-12125.0, bbb=3125.0, ddd=668.6234500000483}
20:43:23.980 [Test worker] TRACE org.xlbean.data.TableValueLoader - {aaa=2127.0, ccc=-12126.0, bbb=3126.0, ddd=668.7234500000483}
20:43:23.980 [Test worker] TRACE org.xlbean.data.TableValueLoader - {aaa=2128.0, ccc=-12127.0, bbb=3127.0, ddd=668.8234500000483}
20:43:23.980 [Test worker] TRACE org.xlbean.data.TableValueLoader - {aaa=2129.0, ccc=-12128.0, bbb=3128.0, ddd=668.9234500000483}
20:43:23.981 [Test worker] TRACE org.xlbean.data.TableValueLoader - {aaa=2130.0, ccc=-12129.0, bbb=3129.0, ddd=669.0234500000483}
20:43:23.981 [Test worker] TRACE org.xlbean.data.TableValueLoader - {aaa=2131.0, ccc=-12130.0, bbb=3130.0, ddd=669.1234500000484}
20:43:23.981 [Test worker] TRACE org.xlbean.data.TableValueLoader - {aaa=2132.0, ccc=-12131.0, bbb=3131.0, ddd=669.2234500000484}
20:43:23.982 [Test worker] TRACE org.xlbean.data.TableValueLoader - {aaa=2133.0, ccc=-12132.0, bbb=3132.0, ddd=669.3234500000484}
20:43:23.982 [Test worker] TRACE org.xlbean.data.TableValueLoader - {aaa=2134.0, ccc=-12133.0, bbb=3133.0, ddd=669.4234500000484}
20:43:23.982 [Test worker] TRACE org.xlbean.data.TableValueLoader - {aaa=2135.0, ccc=-12134.0, bbb=3134.0, ddd=669.5234500000485}
20:43:23.982 [Test worker] TRACE org.xlbean.data.TableValueLoader - {aaa=2136.0, ccc=-12135.0, bbb=3135.0, ddd=669.6234500000485}
20:43:23.983 [Test worker] TRACE org.xlbean.data.TableValueLoader - {aaa=2137.0, ccc=-12136.0, bbb=3136.0, ddd=669.7234500000485}
20:43:23.983 [Test worker] TRACE org.xlbean.data.TableValueLoader - {aaa=2138.0, ccc=-12137.0, bbb=3137.0, ddd=669.8234500000485}
20:43:23.983 [Test worker] TRACE org.xlbean.data.TableValueLoader - {aaa=2139.0, ccc=-12138.0, bbb=3138.0, ddd=669.9234500000485}
20:43:23.984 [Test worker] TRACE org.xlbean.data.TableValueLoader - {aaa=2140.0, ccc=-12139.0, bbb=3139.0, ddd=670.0234500000486}
20:43:23.984 [Test worker] TRACE org.xlbean.data.TableValueLoader - {aaa=2141.0, ccc=-12140.0, bbb=3140.0, ddd=670.1234500000486}
20:43:23.985 [Test worker] TRACE org.xlbean.data.TableValueLoader - {aaa=2142.0, ccc=-12141.0, bbb=3141.0, ddd=670.2234500000486}
20:43:23.985 [Test worker] TRACE org.xlbean.data.TableValueLoader - {aaa=2143.0, ccc=-12142.0, bbb=3142.0, ddd=670.3234500000486}
20:43:23.985 [Test worker] TRACE org.xlbean.data.TableValueLoader - {aaa=2144.0, ccc=-12143.0, bbb=3143.0, ddd=670.4234500000487}
20:43:23.986 [Test worker] TRACE org.xlbean.data.TableValueLoader - {aaa=2145.0, ccc=-12144.0, bbb=3144.0, ddd=670.5234500000487}
20:43:23.986 [Test worker] TRACE org.xlbean.data.TableValueLoader - {aaa=2146.0, ccc=-12145.0, bbb=3145.0, ddd=670.6234500000487}
20:43:23.986 [Test worker] TRACE org.xlbean.data.TableValueLoader - {aaa=2147.0, ccc=-12146.0, bbb=3146.0, ddd=670.7234500000487}
20:43:23.986 [Test worker] TRACE org.xlbean.data.TableValueLoader - {aaa=2148.0, ccc=-12147.0, bbb=3147.0, ddd=670.8234500000488}
20:43:23.987 [Test worker] TRACE org.xlbean.data.TableValueLoader - {aaa=2149.0, ccc=-12148.0, bbb=3148.0, ddd=670.9234500000488}
20:43:23.987 [Test worker] TRACE org.xlbean.data.TableValueLoader - {aaa=2150.0, ccc=-12149.0, bbb=3149.0, ddd=671.0234500000488}
20:43:23.987 [Test worker] TRACE org.xlbean.data.TableValueLoader - {aaa=2151.0, ccc=-12150.0, bbb=3150.0, ddd=671.1234500000488}
20:43:23.987 [Test worker] TRACE org.xlbean.data.TableValueLoader - {aaa=2152.0, ccc=-12151.0, bbb=3151.0, ddd=671.2234500000488}
20:43:23.988 [Test worker] TRACE org.xlbean.data.TableValueLoader - {aaa=2153.0, ccc=-12152.0, bbb=3152.0, ddd=671.3234500000489}
20:43:23.988 [Test worker] TRACE org.xlbean.data.TableValueLoader - {aaa=2154.0, ccc=-12153.0, bbb=3153.0, ddd=671.4234500000489}
20:43:23.988 [Test worker] TRACE org.xlbean.data.TableValueLoader - {aaa=2155.0, ccc=-12154.0, bbb=3154.0, ddd=671.5234500000489}
20:43:23.988 [Test worker] TRACE org.xlbean.data.TableValueLoader - {aaa=2156.0, ccc=-12155.0, bbb=3155.0, ddd=671.6234500000489}
20:43:23.989 [Test worker] TRACE org.xlbean.data.TableValueLoader - {aaa=2157.0, ccc=-12156.0, bbb=3156.0, ddd=671.723450000049}
20:43:23.989 [Test worker] TRACE org.xlbean.data.TableValueLoader - {aaa=2158.0, ccc=-12157.0, bbb=3157.0, ddd=671.823450000049}
20:43:23.989 [Test worker] TRACE org.xlbean.data.TableValueLoader - {aaa=2159.0, ccc=-12158.0, bbb=3158.0, ddd=671.923450000049}
20:43:23.989 [Test worker] TRACE org.xlbean.data.TableValueLoader - {aaa=2160.0, ccc=-12159.0, bbb=3159.0, ddd=672.023450000049}
20:43:23.990 [Test worker] TRACE org.xlbean.data.TableValueLoader - {aaa=2161.0, ccc=-12160.0, bbb=3160.0, ddd=672.123450000049}
20:43:23.991 [Test worker] TRACE org.xlbean.data.TableValueLoader - {aaa=2162.0, ccc=-12161.0, bbb=3161.0, ddd=672.2234500000491}
20:43:23.991 [Test worker] TRACE org.xlbean.data.TableValueLoader - {aaa=2163.0, ccc=-12162.0, bbb=3162.0, ddd=672.3234500000491}
20:43:23.991 [Test worker] TRACE org.xlbean.data.TableValueLoader - {aaa=2164.0, ccc=-12163.0, bbb=3163.0, ddd=672.4234500000491}
20:43:23.992 [Test worker] TRACE org.xlbean.data.TableValueLoader - {aaa=2165.0, ccc=-12164.0, bbb=3164.0, ddd=672.5234500000491}
20:43:23.992 [Test worker] TRACE org.xlbean.data.TableValueLoader - {aaa=2166.0, ccc=-12165.0, bbb=3165.0, ddd=672.6234500000492}
20:43:23.992 [Test worker] TRACE org.xlbean.data.TableValueLoader - {aaa=2167.0, ccc=-12166.0, bbb=3166.0, ddd=672.7234500000492}
20:43:23.992 [Test worker] TRACE org.xlbean.data.TableValueLoader - {aaa=2168.0, ccc=-12167.0, bbb=3167.0, ddd=672.8234500000492}
20:43:23.992 [Test worker] TRACE org.xlbean.data.TableValueLoader - {aaa=2169.0, ccc=-12168.0, bbb=3168.0, ddd=672.9234500000492}
20:43:23.993 [Test worker] TRACE org.xlbean.data.TableValueLoader - {aaa=2170.0, ccc=-12169.0, bbb=3169.0, ddd=673.0234500000493}
20:43:23.993 [Test worker] TRACE org.xlbean.data.TableValueLoader - {aaa=2171.0, ccc=-12170.0, bbb=3170.0, ddd=673.1234500000493}
20:43:23.993 [Test worker] TRACE org.xlbean.data.TableValueLoader - {aaa=2172.0, ccc=-12171.0, bbb=3171.0, ddd=673.2234500000493}
20:43:23.993 [Test worker] TRACE org.xlbean.data.TableValueLoader - {aaa=2173.0, ccc=-12172.0, bbb=3172.0, ddd=673.3234500000493}
20:43:23.994 [Test worker] TRACE org.xlbean.data.TableValueLoader - {aaa=2174.0, ccc=-12173.0, bbb=3173.0, ddd=673.4234500000493}
20:43:23.994 [Test worker] TRACE org.xlbean.data.TableValueLoader - {aaa=2175.0, ccc=-12174.0, bbb=3174.0, ddd=673.5234500000494}
20:43:23.994 [Test worker] TRACE org.xlbean.data.TableValueLoader - {aaa=2176.0, ccc=-12175.0, bbb=3175.0, ddd=673.6234500000494}
20:43:23.994 [Test worker] TRACE org.xlbean.data.TableValueLoader - {aaa=2177.0, ccc=-12176.0, bbb=3176.0, ddd=673.7234500000494}
20:43:23.994 [Test worker] TRACE org.xlbean.data.TableValueLoader - {aaa=2178.0, ccc=-12177.0, bbb=3177.0, ddd=673.8234500000494}
20:43:23.995 [Test worker] TRACE org.xlbean.data.TableValueLoader - {aaa=2179.0, ccc=-12178.0, bbb=3178.0, ddd=673.9234500000495}
20:43:23.995 [Test worker] TRACE org.xlbean.data.TableValueLoader - {aaa=2180.0, ccc=-12179.0, bbb=3179.0, ddd=674.0234500000495}
20:43:23.995 [Test worker] TRACE org.xlbean.data.TableValueLoader - {aaa=2181.0, ccc=-12180.0, bbb=3180.0, ddd=674.1234500000495}
20:43:23.995 [Test worker] TRACE org.xlbean.data.TableValueLoader - {aaa=2182.0, ccc=-12181.0, bbb=3181.0, ddd=674.2234500000495}
20:43:23.996 [Test worker] TRACE org.xlbean.data.TableValueLoader - {aaa=2183.0, ccc=-12182.0, bbb=3182.0, ddd=674.3234500000495}
20:43:23.996 [Test worker] TRACE org.xlbean.data.TableValueLoader - {aaa=2184.0, ccc=-12183.0, bbb=3183.0, ddd=674.4234500000496}
20:43:23.996 [Test worker] TRACE org.xlbean.data.TableValueLoader - {aaa=2185.0, ccc=-12184.0, bbb=3184.0, ddd=674.5234500000496}
20:43:23.996 [Test worker] TRACE org.xlbean.data.TableValueLoader - {aaa=2186.0, ccc=-12185.0, bbb=3185.0, ddd=674.6234500000496}
20:43:23.996 [Test worker] TRACE org.xlbean.data.TableValueLoader - {aaa=2187.0, ccc=-12186.0, bbb=3186.0, ddd=674.7234500000496}
20:43:23.997 [Test worker] TRACE org.xlbean.data.TableValueLoader - {aaa=2188.0, ccc=-12187.0, bbb=3187.0, ddd=674.8234500000497}
20:43:23.997 [Test worker] TRACE org.xlbean.data.TableValueLoader - {aaa=2189.0, ccc=-12188.0, bbb=3188.0, ddd=674.9234500000497}
20:43:23.997 [Test worker] TRACE org.xlbean.data.TableValueLoader - {aaa=2190.0, ccc=-12189.0, bbb=3189.0, ddd=675.0234500000497}
20:43:23.997 [Test worker] TRACE org.xlbean.data.TableValueLoader - {aaa=2191.0, ccc=-12190.0, bbb=3190.0, ddd=675.1234500000497}
20:43:23.997 [Test worker] TRACE org.xlbean.data.TableValueLoader - {aaa=2192.0, ccc=-12191.0, bbb=3191.0, ddd=675.2234500000498}
20:43:23.998 [Test worker] TRACE org.xlbean.data.TableValueLoader - {aaa=2193.0, ccc=-12192.0, bbb=3192.0, ddd=675.3234500000498}
20:43:23.998 [Test worker] TRACE org.xlbean.data.TableValueLoader - {aaa=2194.0, ccc=-12193.0, bbb=3193.0, ddd=675.4234500000498}
20:43:23.998 [Test worker] TRACE org.xlbean.data.TableValueLoader - {aaa=2195.0, ccc=-12194.0, bbb=3194.0, ddd=675.5234500000498}
20:43:23.998 [Test worker] TRACE org.xlbean.data.TableValueLoader - {aaa=2196.0, ccc=-12195.0, bbb=3195.0, ddd=675.6234500000498}
20:43:23.999 [Test worker] TRACE org.xlbean.data.TableValueLoader - {aaa=2197.0, ccc=-12196.0, bbb=3196.0, ddd=675.7234500000499}
20:43:23.999 [Test worker] TRACE org.xlbean.data.TableValueLoader - {aaa=2198.0, ccc=-12197.0, bbb=3197.0, ddd=675.8234500000499}
20:43:23.999 [Test worker] TRACE org.xlbean.data.TableValueLoader - {aaa=2199.0, ccc=-12198.0, bbb=3198.0, ddd=675.9234500000499}
20:43:23.999 [Test worker] TRACE org.xlbean.data.TableValueLoader - {aaa=2200.0, ccc=-12199.0, bbb=3199.0, ddd=676.0234500000499}
20:43:23.999 [Test worker] TRACE org.xlbean.data.TableValueLoader - {aaa=2201.0, ccc=-12200.0, bbb=3200.0, ddd=676.12345000005}
20:43:24.000 [Test worker] TRACE org.xlbean.data.TableValueLoader - {aaa=2202.0, ccc=-12201.0, bbb=3201.0, ddd=676.22345000005}
20:43:24.000 [Test worker] TRACE org.xlbean.data.TableValueLoader - {aaa=2203.0, ccc=-12202.0, bbb=3202.0, ddd=676.32345000005}
20:43:24.000 [Test worker] TRACE org.xlbean.data.TableValueLoader - {aaa=2204.0, ccc=-12203.0, bbb=3203.0, ddd=676.42345000005}
20:43:24.001 [Test worker] TRACE org.xlbean.data.TableValueLoader - {aaa=2205.0, ccc=-12204.0, bbb=3204.0, ddd=676.52345000005}
20:43:24.001 [Test worker] TRACE org.xlbean.data.TableValueLoader - {aaa=2206.0, ccc=-12205.0, bbb=3205.0, ddd=676.6234500000501}
20:43:24.001 [Test worker] TRACE org.xlbean.data.TableValueLoader - {aaa=2207.0, ccc=-12206.0, bbb=3206.0, ddd=676.7234500000501}
20:43:24.001 [Test worker] TRACE org.xlbean.data.TableValueLoader - {aaa=2208.0, ccc=-12207.0, bbb=3207.0, ddd=676.8234500000501}
20:43:24.002 [Test worker] TRACE org.xlbean.data.TableValueLoader - {aaa=2209.0, ccc=-12208.0, bbb=3208.0, ddd=676.9234500000501}
20:43:24.002 [Test worker] TRACE org.xlbean.data.TableValueLoader - {aaa=2210.0, ccc=-12209.0, bbb=3209.0, ddd=677.0234500000502}
20:43:24.002 [Test worker] TRACE org.xlbean.data.TableValueLoader - {aaa=2211.0, ccc=-12210.0, bbb=3210.0, ddd=677.1234500000502}
20:43:24.003 [Test worker] TRACE org.xlbean.data.TableValueLoader - {aaa=2212.0, ccc=-12211.0, bbb=3211.0, ddd=677.2234500000502}
20:43:24.003 [Test worker] TRACE org.xlbean.data.TableValueLoader - {aaa=2213.0, ccc=-12212.0, bbb=3212.0, ddd=677.3234500000502}
20:43:24.004 [Test worker] TRACE org.xlbean.data.TableValueLoader - {aaa=2214.0, ccc=-12213.0, bbb=3213.0, ddd=677.4234500000503}
20:43:24.004 [Test worker] TRACE org.xlbean.data.TableValueLoader - {aaa=2215.0, ccc=-12214.0, bbb=3214.0, ddd=677.5234500000503}
20:43:24.005 [Test worker] TRACE org.xlbean.data.TableValueLoader - {aaa=2216.0, ccc=-12215.0, bbb=3215.0, ddd=677.6234500000503}
20:43:24.005 [Test worker] TRACE org.xlbean.data.TableValueLoader - {aaa=2217.0, ccc=-12216.0, bbb=3216.0, ddd=677.7234500000503}
20:43:24.006 [Test worker] TRACE org.xlbean.data.TableValueLoader - {aaa=2218.0, ccc=-12217.0, bbb=3217.0, ddd=677.8234500000503}
20:43:24.006 [Test worker] TRACE org.xlbean.data.TableValueLoader - {aaa=2219.0, ccc=-12218.0, bbb=3218.0, ddd=677.9234500000504}
20:43:24.007 [Test worker] TRACE org.xlbean.data.TableValueLoader - {aaa=2220.0, ccc=-12219.0, bbb=3219.0, ddd=678.0234500000504}
20:43:24.007 [Test worker] TRACE org.xlbean.data.TableValueLoader - {aaa=2221.0, ccc=-12220.0, bbb=3220.0, ddd=678.1234500000504}
20:43:24.007 [Test worker] TRACE org.xlbean.data.TableValueLoader - {aaa=2222.0, ccc=-12221.0, bbb=3221.0, ddd=678.2234500000504}
20:43:24.008 [Test worker] TRACE org.xlbean.data.TableValueLoader - {aaa=2223.0, ccc=-12222.0, bbb=3222.0, ddd=678.3234500000505}
20:43:24.008 [Test worker] TRACE org.xlbean.data.TableValueLoader - {aaa=2224.0, ccc=-12223.0, bbb=3223.0, ddd=678.4234500000505}
20:43:24.008 [Test worker] TRACE org.xlbean.data.TableValueLoader - {aaa=2225.0, ccc=-12224.0, bbb=3224.0, ddd=678.5234500000505}
20:43:24.008 [Test worker] TRACE org.xlbean.data.TableValueLoader - {aaa=2226.0, ccc=-12225.0, bbb=3225.0, ddd=678.6234500000505}
20:43:24.009 [Test worker] TRACE org.xlbean.data.TableValueLoader - {aaa=2227.0, ccc=-12226.0, bbb=3226.0, ddd=678.7234500000505}
20:43:24.009 [Test worker] TRACE org.xlbean.data.TableValueLoader - {aaa=2228.0, ccc=-12227.0, bbb=3227.0, ddd=678.8234500000506}
20:43:24.009 [Test worker] TRACE org.xlbean.data.TableValueLoader - {aaa=2229.0, ccc=-12228.0, bbb=3228.0, ddd=678.9234500000506}
20:43:24.009 [Test worker] TRACE org.xlbean.data.TableValueLoader - {aaa=2230.0, ccc=-12229.0, bbb=3229.0, ddd=679.0234500000506}
20:43:24.010 [Test worker] TRACE org.xlbean.data.TableValueLoader - {aaa=2231.0, ccc=-12230.0, bbb=3230.0, ddd=679.1234500000506}
20:43:24.010 [Test worker] TRACE org.xlbean.data.TableValueLoader - {aaa=2232.0, ccc=-12231.0, bbb=3231.0, ddd=679.2234500000507}
20:43:24.010 [Test worker] TRACE org.xlbean.data.TableValueLoader - {aaa=2233.0, ccc=-12232.0, bbb=3232.0, ddd=679.3234500000507}
20:43:24.010 [Test worker] TRACE org.xlbean.data.TableValueLoader - {aaa=2234.0, ccc=-12233.0, bbb=3233.0, ddd=679.4234500000507}
20:43:24.010 [Test worker] TRACE org.xlbean.data.TableValueLoader - {aaa=2235.0, ccc=-12234.0, bbb=3234.0, ddd=679.5234500000507}
20:43:24.011 [Test worker] TRACE org.xlbean.data.TableValueLoader - {aaa=2236.0, ccc=-12235.0, bbb=3235.0, ddd=679.6234500000508}
20:43:24.011 [Test worker] TRACE org.xlbean.data.TableValueLoader - {aaa=2237.0, ccc=-12236.0, bbb=3236.0, ddd=679.7234500000508}
20:43:24.011 [Test worker] TRACE org.xlbean.data.TableValueLoader - {aaa=2238.0, ccc=-12237.0, bbb=3237.0, ddd=679.8234500000508}
20:43:24.011 [Test worker] TRACE org.xlbean.data.TableValueLoader - {aaa=2239.0, ccc=-12238.0, bbb=3238.0, ddd=679.9234500000508}
20:43:24.012 [Test worker] TRACE org.xlbean.data.TableValueLoader - {aaa=2240.0, ccc=-12239.0, bbb=3239.0, ddd=680.0234500000508}
20:43:24.012 [Test worker] TRACE org.xlbean.data.TableValueLoader - {aaa=2241.0, ccc=-12240.0, bbb=3240.0, ddd=680.1234500000509}
20:43:24.012 [Test worker] TRACE org.xlbean.data.TableValueLoader - {aaa=2242.0, ccc=-12241.0, bbb=3241.0, ddd=680.2234500000509}
20:43:24.012 [Test worker] TRACE org.xlbean.data.TableValueLoader - {aaa=2243.0, ccc=-12242.0, bbb=3242.0, ddd=680.3234500000509}
20:43:24.013 [Test worker] TRACE org.xlbean.data.TableValueLoader - {aaa=2244.0, ccc=-12243.0, bbb=3243.0, ddd=680.4234500000509}
20:43:24.013 [Test worker] TRACE org.xlbean.data.TableValueLoader - {aaa=2245.0, ccc=-12244.0, bbb=3244.0, ddd=680.523450000051}
20:43:24.013 [Test worker] TRACE org.xlbean.data.TableValueLoader - {aaa=2246.0, ccc=-12245.0, bbb=3245.0, ddd=680.623450000051}
20:43:24.013 [Test worker] TRACE org.xlbean.data.TableValueLoader - {aaa=2247.0, ccc=-12246.0, bbb=3246.0, ddd=680.723450000051}
20:43:24.014 [Test worker] TRACE org.xlbean.data.TableValueLoader - {aaa=2248.0, ccc=-12247.0, bbb=3247.0, ddd=680.823450000051}
20:43:24.014 [Test worker] TRACE org.xlbean.data.TableValueLoader - {aaa=2249.0, ccc=-12248.0, bbb=3248.0, ddd=680.923450000051}
20:43:24.014 [Test worker] TRACE org.xlbean.data.TableValueLoader - {aaa=2250.0, ccc=-12249.0, bbb=3249.0, ddd=681.0234500000511}
20:43:24.014 [Test worker] TRACE org.xlbean.data.TableValueLoader - {aaa=2251.0, ccc=-12250.0, bbb=3250.0, ddd=681.1234500000511}
20:43:24.015 [Test worker] TRACE org.xlbean.data.TableValueLoader - {aaa=2252.0, ccc=-12251.0, bbb=3251.0, ddd=681.2234500000511}
20:43:24.015 [Test worker] TRACE org.xlbean.data.TableValueLoader - {aaa=2253.0, ccc=-12252.0, bbb=3252.0, ddd=681.3234500000511}
20:43:24.015 [Test worker] TRACE org.xlbean.data.TableValueLoader - {aaa=2254.0, ccc=-12253.0, bbb=3253.0, ddd=681.4234500000512}
20:43:24.015 [Test worker] TRACE org.xlbean.data.TableValueLoader - {aaa=2255.0, ccc=-12254.0, bbb=3254.0, ddd=681.5234500000512}
20:43:24.016 [Test worker] TRACE org.xlbean.data.TableValueLoader - {aaa=2256.0, ccc=-12255.0, bbb=3255.0, ddd=681.6234500000512}
20:43:24.016 [Test worker] TRACE org.xlbean.data.TableValueLoader - {aaa=2257.0, ccc=-12256.0, bbb=3256.0, ddd=681.7234500000512}
20:43:24.016 [Test worker] TRACE org.xlbean.data.TableValueLoader - {aaa=2258.0, ccc=-12257.0, bbb=3257.0, ddd=681.8234500000513}
20:43:24.017 [Test worker] TRACE org.xlbean.data.TableValueLoader - {aaa=2259.0, ccc=-12258.0, bbb=3258.0, ddd=681.9234500000513}
20:43:24.017 [Test worker] TRACE org.xlbean.data.TableValueLoader - {aaa=2260.0, ccc=-12259.0, bbb=3259.0, ddd=682.0234500000513}
20:43:24.018 [Test worker] TRACE org.xlbean.data.TableValueLoader - {aaa=2261.0, ccc=-12260.0, bbb=3260.0, ddd=682.1234500000513}
20:43:24.018 [Test worker] TRACE org.xlbean.data.TableValueLoader - {aaa=2262.0, ccc=-12261.0, bbb=3261.0, ddd=682.2234500000513}
20:43:24.019 [Test worker] TRACE org.xlbean.data.TableValueLoader - {aaa=2263.0, ccc=-12262.0, bbb=3262.0, ddd=682.3234500000514}
20:43:24.019 [Test worker] TRACE org.xlbean.data.TableValueLoader - {aaa=2264.0, ccc=-12263.0, bbb=3263.0, ddd=682.4234500000514}
20:43:24.020 [Test worker] TRACE org.xlbean.data.TableValueLoader - {aaa=2265.0, ccc=-12264.0, bbb=3264.0, ddd=682.5234500000514}
20:43:24.020 [Test worker] TRACE org.xlbean.data.TableValueLoader - {aaa=2266.0, ccc=-12265.0, bbb=3265.0, ddd=682.6234500000514}
20:43:24.021 [Test worker] TRACE org.xlbean.data.TableValueLoader - {aaa=2267.0, ccc=-12266.0, bbb=3266.0, ddd=682.7234500000515}
20:43:24.021 [Test worker] TRACE org.xlbean.data.TableValueLoader - {aaa=2268.0, ccc=-12267.0, bbb=3267.0, ddd=682.8234500000515}
20:43:24.021 [Test worker] TRACE org.xlbean.data.TableValueLoader - {aaa=2269.0, ccc=-12268.0, bbb=3268.0, ddd=682.9234500000515}
20:43:24.021 [Test worker] TRACE org.xlbean.data.TableValueLoader - {aaa=2270.0, ccc=-12269.0, bbb=3269.0, ddd=683.0234500000515}
20:43:24.022 [Test worker] TRACE org.xlbean.data.TableValueLoader - {aaa=2271.0, ccc=-12270.0, bbb=3270.0, ddd=683.1234500000515}
20:43:24.022 [Test worker] TRACE org.xlbean.data.TableValueLoader - {aaa=2272.0, ccc=-12271.0, bbb=3271.0, ddd=683.2234500000516}
20:43:24.022 [Test worker] TRACE org.xlbean.data.TableValueLoader - {aaa=2273.0, ccc=-12272.0, bbb=3272.0, ddd=683.3234500000516}
20:43:24.022 [Test worker] TRACE org.xlbean.data.TableValueLoader - {aaa=2274.0, ccc=-12273.0, bbb=3273.0, ddd=683.4234500000516}
20:43:24.023 [Test worker] TRACE org.xlbean.data.TableValueLoader - {aaa=2275.0, ccc=-12274.0, bbb=3274.0, ddd=683.5234500000516}
20:43:24.023 [Test worker] TRACE org.xlbean.data.TableValueLoader - {aaa=2276.0, ccc=-12275.0, bbb=3275.0, ddd=683.6234500000517}
20:43:24.023 [Test worker] TRACE org.xlbean.data.TableValueLoader - {aaa=2277.0, ccc=-12276.0, bbb=3276.0, ddd=683.7234500000517}
20:43:24.024 [Test worker] TRACE org.xlbean.data.TableValueLoader - {aaa=2278.0, ccc=-12277.0, bbb=3277.0, ddd=683.8234500000517}
20:43:24.024 [Test worker] TRACE org.xlbean.data.TableValueLoader - {aaa=2279.0, ccc=-12278.0, bbb=3278.0, ddd=683.9234500000517}
20:43:24.024 [Test worker] TRACE org.xlbean.data.TableValueLoader - {aaa=2280.0, ccc=-12279.0, bbb=3279.0, ddd=684.0234500000518}
20:43:24.024 [Test worker] TRACE org.xlbean.data.TableValueLoader - {aaa=2281.0, ccc=-12280.0, bbb=3280.0, ddd=684.1234500000518}
20:43:24.025 [Test worker] TRACE org.xlbean.data.TableValueLoader - {aaa=2282.0, ccc=-12281.0, bbb=3281.0, ddd=684.2234500000518}
20:43:24.025 [Test worker] TRACE org.xlbean.data.TableValueLoader - {aaa=2283.0, ccc=-12282.0, bbb=3282.0, ddd=684.3234500000518}
20:43:24.025 [Test worker] TRACE org.xlbean.data.TableValueLoader - {aaa=2284.0, ccc=-12283.0, bbb=3283.0, ddd=684.4234500000518}
20:43:24.025 [Test worker] TRACE org.xlbean.data.TableValueLoader - {aaa=2285.0, ccc=-12284.0, bbb=3284.0, ddd=684.5234500000519}
20:43:24.026 [Test worker] TRACE org.xlbean.data.TableValueLoader - {aaa=2286.0, ccc=-12285.0, bbb=3285.0, ddd=684.6234500000519}
20:43:24.026 [Test worker] TRACE org.xlbean.data.TableValueLoader - {aaa=2287.0, ccc=-12286.0, bbb=3286.0, ddd=684.7234500000519}
20:43:24.026 [Test worker] TRACE org.xlbean.data.TableValueLoader - {aaa=2288.0, ccc=-12287.0, bbb=3287.0, ddd=684.8234500000519}
20:43:24.026 [Test worker] TRACE org.xlbean.data.TableValueLoader - {aaa=2289.0, ccc=-12288.0, bbb=3288.0, ddd=684.923450000052}
20:43:24.026 [Test worker] TRACE org.xlbean.data.TableValueLoader - {aaa=2290.0, ccc=-12289.0, bbb=3289.0, ddd=685.023450000052}
20:43:24.027 [Test worker] TRACE org.xlbean.data.TableValueLoader - {aaa=2291.0, ccc=-12290.0, bbb=3290.0, ddd=685.123450000052}
20:43:24.027 [Test worker] TRACE org.xlbean.data.TableValueLoader - {aaa=2292.0, ccc=-12291.0, bbb=3291.0, ddd=685.223450000052}
20:43:24.027 [Test worker] TRACE org.xlbean.data.TableValueLoader - {aaa=2293.0, ccc=-12292.0, bbb=3292.0, ddd=685.323450000052}
20:43:24.027 [Test worker] TRACE org.xlbean.data.TableValueLoader - {aaa=2294.0, ccc=-12293.0, bbb=3293.0, ddd=685.4234500000521}
20:43:24.028 [Test worker] TRACE org.xlbean.data.TableValueLoader - {aaa=2295.0, ccc=-12294.0, bbb=3294.0, ddd=685.5234500000521}
20:43:24.028 [Test worker] TRACE org.xlbean.data.TableValueLoader - {aaa=2296.0, ccc=-12295.0, bbb=3295.0, ddd=685.6234500000521}
20:43:24.028 [Test worker] TRACE org.xlbean.data.TableValueLoader - {aaa=2297.0, ccc=-12296.0, bbb=3296.0, ddd=685.7234500000521}
20:43:24.028 [Test worker] TRACE org.xlbean.data.TableValueLoader - {aaa=2298.0, ccc=-12297.0, bbb=3297.0, ddd=685.8234500000522}
20:43:24.029 [Test worker] TRACE org.xlbean.data.TableValueLoader - {aaa=2299.0, ccc=-12298.0, bbb=3298.0, ddd=685.9234500000522}
20:43:24.029 [Test worker] TRACE org.xlbean.data.TableValueLoader - {aaa=2300.0, ccc=-12299.0, bbb=3299.0, ddd=686.0234500000522}
20:43:24.029 [Test worker] TRACE org.xlbean.data.TableValueLoader - {aaa=2301.0, ccc=-12300.0, bbb=3300.0, ddd=686.1234500000522}
20:43:24.029 [Test worker] TRACE org.xlbean.data.TableValueLoader - {aaa=2302.0, ccc=-12301.0, bbb=3301.0, ddd=686.2234500000523}
20:43:24.029 [Test worker] TRACE org.xlbean.data.TableValueLoader - {aaa=2303.0, ccc=-12302.0, bbb=3302.0, ddd=686.3234500000523}
20:43:24.030 [Test worker] TRACE org.xlbean.data.TableValueLoader - {aaa=2304.0, ccc=-12303.0, bbb=3303.0, ddd=686.4234500000523}
20:43:24.030 [Test worker] TRACE org.xlbean.data.TableValueLoader - {aaa=2305.0, ccc=-12304.0, bbb=3304.0, ddd=686.5234500000523}
20:43:24.030 [Test worker] TRACE org.xlbean.data.TableValueLoader - {aaa=2306.0, ccc=-12305.0, bbb=3305.0, ddd=686.6234500000523}
20:43:24.031 [Test worker] TRACE org.xlbean.data.TableValueLoader - {aaa=2307.0, ccc=-12306.0, bbb=3306.0, ddd=686.7234500000524}
20:43:24.031 [Test worker] TRACE org.xlbean.data.TableValueLoader - {aaa=2308.0, ccc=-12307.0, bbb=3307.0, ddd=686.8234500000524}
20:43:24.031 [Test worker] TRACE org.xlbean.data.TableValueLoader - {aaa=2309.0, ccc=-12308.0, bbb=3308.0, ddd=686.9234500000524}
20:43:24.031 [Test worker] TRACE org.xlbean.data.TableValueLoader - {aaa=2310.0, ccc=-12309.0, bbb=3309.0, ddd=687.0234500000524}
20:43:24.032 [Test worker] TRACE org.xlbean.data.TableValueLoader - {aaa=2311.0, ccc=-12310.0, bbb=3310.0, ddd=687.1234500000525}
20:43:24.032 [Test worker] TRACE org.xlbean.data.TableValueLoader - {aaa=2312.0, ccc=-12311.0, bbb=3311.0, ddd=687.2234500000525}
20:43:24.032 [Test worker] TRACE org.xlbean.data.TableValueLoader - {aaa=2313.0, ccc=-12312.0, bbb=3312.0, ddd=687.3234500000525}
20:43:24.033 [Test worker] TRACE org.xlbean.data.TableValueLoader - {aaa=2314.0, ccc=-12313.0, bbb=3313.0, ddd=687.4234500000525}
20:43:24.033 [Test worker] TRACE org.xlbean.data.TableValueLoader - {aaa=2315.0, ccc=-12314.0, bbb=3314.0, ddd=687.5234500000525}
20:43:24.033 [Test worker] TRACE org.xlbean.data.TableValueLoader - {aaa=2316.0, ccc=-12315.0, bbb=3315.0, ddd=687.6234500000526}
20:43:24.034 [Test worker] TRACE org.xlbean.data.TableValueLoader - {aaa=2317.0, ccc=-12316.0, bbb=3316.0, ddd=687.7234500000526}
20:43:24.034 [Test worker] TRACE org.xlbean.data.TableValueLoader - {aaa=2318.0, ccc=-12317.0, bbb=3317.0, ddd=687.8234500000526}
20:43:24.035 [Test worker] TRACE org.xlbean.data.TableValueLoader - {aaa=2319.0, ccc=-12318.0, bbb=3318.0, ddd=687.9234500000526}
20:43:24.035 [Test worker] TRACE org.xlbean.data.TableValueLoader - {aaa=2320.0, ccc=-12319.0, bbb=3319.0, ddd=688.0234500000527}
20:43:24.035 [Test worker] TRACE org.xlbean.data.TableValueLoader - {aaa=2321.0, ccc=-12320.0, bbb=3320.0, ddd=688.1234500000527}
20:43:24.036 [Test worker] TRACE org.xlbean.data.TableValueLoader - {aaa=2322.0, ccc=-12321.0, bbb=3321.0, ddd=688.2234500000527}
20:43:24.036 [Test worker] TRACE org.xlbean.data.TableValueLoader - {aaa=2323.0, ccc=-12322.0, bbb=3322.0, ddd=688.3234500000527}
20:43:24.036 [Test worker] TRACE org.xlbean.data.TableValueLoader - {aaa=2324.0, ccc=-12323.0, bbb=3323.0, ddd=688.4234500000528}
20:43:24.036 [Test worker] TRACE org.xlbean.data.TableValueLoader - {aaa=2325.0, ccc=-12324.0, bbb=3324.0, ddd=688.5234500000528}
20:43:24.037 [Test worker] TRACE org.xlbean.data.TableValueLoader - {aaa=2326.0, ccc=-12325.0, bbb=3325.0, ddd=688.6234500000528}
20:43:24.037 [Test worker] TRACE org.xlbean.data.TableValueLoader - {aaa=2327.0, ccc=-12326.0, bbb=3326.0, ddd=688.7234500000528}
20:43:24.037 [Test worker] TRACE org.xlbean.data.TableValueLoader - {aaa=2328.0, ccc=-12327.0, bbb=3327.0, ddd=688.8234500000528}
20:43:24.037 [Test worker] TRACE org.xlbean.data.TableValueLoader - {aaa=2329.0, ccc=-12328.0, bbb=3328.0, ddd=688.9234500000529}
20:43:24.038 [Test worker] TRACE org.xlbean.data.TableValueLoader - {aaa=2330.0, ccc=-12329.0, bbb=3329.0, ddd=689.0234500000529}
20:43:24.038 [Test worker] TRACE org.xlbean.data.TableValueLoader - {aaa=2331.0, ccc=-12330.0, bbb=3330.0, ddd=689.1234500000529}
20:43:24.038 [Test worker] TRACE org.xlbean.data.TableValueLoader - {aaa=2332.0, ccc=-12331.0, bbb=3331.0, ddd=689.2234500000529}
20:43:24.038 [Test worker] TRACE org.xlbean.data.TableValueLoader - {aaa=2333.0, ccc=-12332.0, bbb=3332.0, ddd=689.323450000053}
20:43:24.039 [Test worker] TRACE org.xlbean.data.TableValueLoader - {aaa=2334.0, ccc=-12333.0, bbb=3333.0, ddd=689.423450000053}
20:43:24.040 [Test worker] TRACE org.xlbean.data.TableValueLoader - {aaa=2335.0, ccc=-12334.0, bbb=3334.0, ddd=689.523450000053}
20:43:24.040 [Test worker] TRACE org.xlbean.data.TableValueLoader - {aaa=2336.0, ccc=-12335.0, bbb=3335.0, ddd=689.623450000053}
20:43:24.041 [Test worker] TRACE org.xlbean.data.TableValueLoader - {aaa=2337.0, ccc=-12336.0, bbb=3336.0, ddd=689.723450000053}
20:43:24.041 [Test worker] TRACE org.xlbean.data.TableValueLoader - {aaa=2338.0, ccc=-12337.0, bbb=3337.0, ddd=689.8234500000531}
20:43:24.042 [Test worker] TRACE org.xlbean.data.TableValueLoader - {aaa=2339.0, ccc=-12338.0, bbb=3338.0, ddd=689.9234500000531}
20:43:24.042 [Test worker] TRACE org.xlbean.data.TableValueLoader - {aaa=2340.0, ccc=-12339.0, bbb=3339.0, ddd=690.0234500000531}
20:43:24.043 [Test worker] TRACE org.xlbean.data.TableValueLoader - {aaa=2341.0, ccc=-12340.0, bbb=3340.0, ddd=690.1234500000531}
20:43:24.043 [Test worker] TRACE org.xlbean.data.TableValueLoader - {aaa=2342.0, ccc=-12341.0, bbb=3341.0, ddd=690.2234500000532}
20:43:24.044 [Test worker] TRACE org.xlbean.data.TableValueLoader - {aaa=2343.0, ccc=-12342.0, bbb=3342.0, ddd=690.3234500000532}
20:43:24.044 [Test worker] TRACE org.xlbean.data.TableValueLoader - {aaa=2344.0, ccc=-12343.0, bbb=3343.0, ddd=690.4234500000532}
20:43:24.045 [Test worker] TRACE org.xlbean.data.TableValueLoader - {aaa=2345.0, ccc=-12344.0, bbb=3344.0, ddd=690.5234500000532}
20:43:24.045 [Test worker] TRACE org.xlbean.data.TableValueLoader - {aaa=2346.0, ccc=-12345.0, bbb=3345.0, ddd=690.6234500000533}
20:43:24.046 [Test worker] TRACE org.xlbean.data.TableValueLoader - {aaa=2347.0, ccc=-12346.0, bbb=3346.0, ddd=690.7234500000533}
20:43:24.046 [Test worker] TRACE org.xlbean.data.TableValueLoader - {aaa=2348.0, ccc=-12347.0, bbb=3347.0, ddd=690.8234500000533}
20:43:24.046 [Test worker] TRACE org.xlbean.data.TableValueLoader - {aaa=2349.0, ccc=-12348.0, bbb=3348.0, ddd=690.9234500000533}
20:43:24.047 [Test worker] TRACE org.xlbean.data.TableValueLoader - {aaa=2350.0, ccc=-12349.0, bbb=3349.0, ddd=691.0234500000533}
20:43:24.047 [Test worker] TRACE org.xlbean.data.TableValueLoader - {aaa=2351.0, ccc=-12350.0, bbb=3350.0, ddd=691.1234500000534}
20:43:24.047 [Test worker] TRACE org.xlbean.data.TableValueLoader - {aaa=2352.0, ccc=-12351.0, bbb=3351.0, ddd=691.2234500000534}
20:43:24.047 [Test worker] TRACE org.xlbean.data.TableValueLoader - {aaa=2353.0, ccc=-12352.0, bbb=3352.0, ddd=691.3234500000534}
20:43:24.048 [Test worker] TRACE org.xlbean.data.TableValueLoader - {aaa=2354.0, ccc=-12353.0, bbb=3353.0, ddd=691.4234500000534}
20:43:24.049 [Test worker] TRACE org.xlbean.data.TableValueLoader - {aaa=2355.0, ccc=-12354.0, bbb=3354.0, ddd=691.5234500000535}
20:43:24.049 [Test worker] TRACE org.xlbean.data.TableValueLoader - {aaa=2356.0, ccc=-12355.0, bbb=3355.0, ddd=691.6234500000535}
20:43:24.049 [Test worker] TRACE org.xlbean.data.TableValueLoader - {aaa=2357.0, ccc=-12356.0, bbb=3356.0, ddd=691.7234500000535}
20:43:24.050 [Test worker] TRACE org.xlbean.data.TableValueLoader - {aaa=2358.0, ccc=-12357.0, bbb=3357.0, ddd=691.8234500000535}
20:43:24.050 [Test worker] TRACE org.xlbean.data.TableValueLoader - {aaa=2359.0, ccc=-12358.0, bbb=3358.0, ddd=691.9234500000535}
20:43:24.051 [Test worker] TRACE org.xlbean.data.TableValueLoader - {aaa=2360.0, ccc=-12359.0, bbb=3359.0, ddd=692.0234500000536}
20:43:24.051 [Test worker] TRACE org.xlbean.data.TableValueLoader - {aaa=2361.0, ccc=-12360.0, bbb=3360.0, ddd=692.1234500000536}
20:43:24.052 [Test worker] TRACE org.xlbean.data.TableValueLoader - {aaa=2362.0, ccc=-12361.0, bbb=3361.0, ddd=692.2234500000536}
20:43:24.052 [Test worker] TRACE org.xlbean.data.TableValueLoader - {aaa=2363.0, ccc=-12362.0, bbb=3362.0, ddd=692.3234500000536}
20:43:24.052 [Test worker] TRACE org.xlbean.data.TableValueLoader - {aaa=2364.0, ccc=-12363.0, bbb=3363.0, ddd=692.4234500000537}
20:43:24.052 [Test worker] TRACE org.xlbean.data.TableValueLoader - {aaa=2365.0, ccc=-12364.0, bbb=3364.0, ddd=692.5234500000537}
20:43:24.053 [Test worker] TRACE org.xlbean.data.TableValueLoader - {aaa=2366.0, ccc=-12365.0, bbb=3365.0, ddd=692.6234500000537}
20:43:24.053 [Test worker] TRACE org.xlbean.data.TableValueLoader - {aaa=2367.0, ccc=-12366.0, bbb=3366.0, ddd=692.7234500000537}
20:43:24.053 [Test worker] TRACE org.xlbean.data.TableValueLoader - {aaa=2368.0, ccc=-12367.0, bbb=3367.0, ddd=692.8234500000538}
20:43:24.053 [Test worker] TRACE org.xlbean.data.TableValueLoader - {aaa=2369.0, ccc=-12368.0, bbb=3368.0, ddd=692.9234500000538}
20:43:24.054 [Test worker] TRACE org.xlbean.data.TableValueLoader - {aaa=2370.0, ccc=-12369.0, bbb=3369.0, ddd=693.0234500000538}
20:43:24.054 [Test worker] TRACE org.xlbean.data.TableValueLoader - {aaa=2371.0, ccc=-12370.0, bbb=3370.0, ddd=693.1234500000538}
20:43:24.054 [Test worker] TRACE org.xlbean.data.TableValueLoader - {aaa=2372.0, ccc=-12371.0, bbb=3371.0, ddd=693.2234500000538}
20:43:24.055 [Test worker] TRACE org.xlbean.data.TableValueLoader - {aaa=2373.0, ccc=-12372.0, bbb=3372.0, ddd=693.3234500000539}
20:43:24.055 [Test worker] TRACE org.xlbean.data.TableValueLoader - {aaa=2374.0, ccc=-12373.0, bbb=3373.0, ddd=693.4234500000539}
20:43:24.055 [Test worker] TRACE org.xlbean.data.TableValueLoader - {aaa=2375.0, ccc=-12374.0, bbb=3374.0, ddd=693.5234500000539}
20:43:24.056 [Test worker] TRACE org.xlbean.data.TableValueLoader - {aaa=2376.0, ccc=-12375.0, bbb=3375.0, ddd=693.6234500000539}
20:43:24.056 [Test worker] TRACE org.xlbean.data.TableValueLoader - {aaa=2377.0, ccc=-12376.0, bbb=3376.0, ddd=693.723450000054}
20:43:24.056 [Test worker] TRACE org.xlbean.data.TableValueLoader - {aaa=2378.0, ccc=-12377.0, bbb=3377.0, ddd=693.823450000054}
20:43:24.057 [Test worker] TRACE org.xlbean.data.TableValueLoader - {aaa=2379.0, ccc=-12378.0, bbb=3378.0, ddd=693.923450000054}
20:43:24.057 [Test worker] TRACE org.xlbean.data.TableValueLoader - {aaa=2380.0, ccc=-12379.0, bbb=3379.0, ddd=694.023450000054}
20:43:24.057 [Test worker] TRACE org.xlbean.data.TableValueLoader - {aaa=2381.0, ccc=-12380.0, bbb=3380.0, ddd=694.123450000054}
20:43:24.057 [Test worker] TRACE org.xlbean.data.TableValueLoader - {aaa=2382.0, ccc=-12381.0, bbb=3381.0, ddd=694.2234500000541}
20:43:24.058 [Test worker] TRACE org.xlbean.data.TableValueLoader - {aaa=2383.0, ccc=-12382.0, bbb=3382.0, ddd=694.3234500000541}
20:43:24.058 [Test worker] TRACE org.xlbean.data.TableValueLoader - {aaa=2384.0, ccc=-12383.0, bbb=3383.0, ddd=694.4234500000541}
20:43:24.058 [Test worker] TRACE org.xlbean.data.TableValueLoader - {aaa=2385.0, ccc=-12384.0, bbb=3384.0, ddd=694.5234500000541}
20:43:24.058 [Test worker] TRACE org.xlbean.data.TableValueLoader - {aaa=2386.0, ccc=-12385.0, bbb=3385.0, ddd=694.6234500000542}
20:43:24.058 [Test worker] TRACE org.xlbean.data.TableValueLoader - {aaa=2387.0, ccc=-12386.0, bbb=3386.0, ddd=694.7234500000542}
20:43:24.059 [Test worker] TRACE org.xlbean.data.TableValueLoader - {aaa=2388.0, ccc=-12387.0, bbb=3387.0, ddd=694.8234500000542}
20:43:24.059 [Test worker] TRACE org.xlbean.data.TableValueLoader - {aaa=2389.0, ccc=-12388.0, bbb=3388.0, ddd=694.9234500000542}
20:43:24.059 [Test worker] TRACE org.xlbean.data.TableValueLoader - {aaa=2390.0, ccc=-12389.0, bbb=3389.0, ddd=695.0234500000543}
20:43:24.059 [Test worker] TRACE org.xlbean.data.TableValueLoader - {aaa=2391.0, ccc=-12390.0, bbb=3390.0, ddd=695.1234500000543}
20:43:24.060 [Test worker] TRACE org.xlbean.data.TableValueLoader - {aaa=2392.0, ccc=-12391.0, bbb=3391.0, ddd=695.2234500000543}
20:43:24.060 [Test worker] TRACE org.xlbean.data.TableValueLoader - {aaa=2393.0, ccc=-12392.0, bbb=3392.0, ddd=695.3234500000543}
20:43:24.060 [Test worker] TRACE org.xlbean.data.TableValueLoader - {aaa=2394.0, ccc=-12393.0, bbb=3393.0, ddd=695.4234500000543}
20:43:24.060 [Test worker] TRACE org.xlbean.data.TableValueLoader - {aaa=2395.0, ccc=-12394.0, bbb=3394.0, ddd=695.5234500000544}
20:43:24.061 [Test worker] TRACE org.xlbean.data.TableValueLoader - {aaa=2396.0, ccc=-12395.0, bbb=3395.0, ddd=695.6234500000544}
20:43:24.061 [Test worker] TRACE org.xlbean.data.TableValueLoader - {aaa=2397.0, ccc=-12396.0, bbb=3396.0, ddd=695.7234500000544}
20:43:24.061 [Test worker] TRACE org.xlbean.data.TableValueLoader - {aaa=2398.0, ccc=-12397.0, bbb=3397.0, ddd=695.8234500000544}
20:43:24.061 [Test worker] TRACE org.xlbean.data.TableValueLoader - {aaa=2399.0, ccc=-12398.0, bbb=3398.0, ddd=695.9234500000545}
20:43:24.062 [Test worker] TRACE org.xlbean.data.TableValueLoader - {aaa=2400.0, ccc=-12399.0, bbb=3399.0, ddd=696.0234500000545}
20:43:24.062 [Test worker] TRACE org.xlbean.data.TableValueLoader - {aaa=2401.0, ccc=-12400.0, bbb=3400.0, ddd=696.1234500000545}
20:43:24.062 [Test worker] TRACE org.xlbean.data.TableValueLoader - {aaa=2402.0, ccc=-12401.0, bbb=3401.0, ddd=696.2234500000545}
20:43:24.062 [Test worker] TRACE org.xlbean.data.TableValueLoader - {aaa=2403.0, ccc=-12402.0, bbb=3402.0, ddd=696.3234500000545}
20:43:24.063 [Test worker] TRACE org.xlbean.data.TableValueLoader - {aaa=2404.0, ccc=-12403.0, bbb=3403.0, ddd=696.4234500000546}
20:43:24.063 [Test worker] TRACE org.xlbean.data.TableValueLoader - {aaa=2405.0, ccc=-12404.0, bbb=3404.0, ddd=696.5234500000546}
20:43:24.063 [Test worker] TRACE org.xlbean.data.TableValueLoader - {aaa=2406.0, ccc=-12405.0, bbb=3405.0, ddd=696.6234500000546}
20:43:24.063 [Test worker] TRACE org.xlbean.data.TableValueLoader - {aaa=2407.0, ccc=-12406.0, bbb=3406.0, ddd=696.7234500000546}
20:43:24.064 [Test worker] TRACE org.xlbean.data.TableValueLoader - {aaa=2408.0, ccc=-12407.0, bbb=3407.0, ddd=696.8234500000547}
20:43:24.064 [Test worker] TRACE org.xlbean.data.TableValueLoader - {aaa=2409.0, ccc=-12408.0, bbb=3408.0, ddd=696.9234500000547}
20:43:24.064 [Test worker] TRACE org.xlbean.data.TableValueLoader - {aaa=2410.0, ccc=-12409.0, bbb=3409.0, ddd=697.0234500000547}
20:43:24.064 [Test worker] TRACE org.xlbean.data.TableValueLoader - {aaa=2411.0, ccc=-12410.0, bbb=3410.0, ddd=697.1234500000547}
20:43:24.065 [Test worker] TRACE org.xlbean.data.TableValueLoader - {aaa=2412.0, ccc=-12411.0, bbb=3411.0, ddd=697.2234500000548}
20:43:24.065 [Test worker] TRACE org.xlbean.data.TableValueLoader - {aaa=2413.0, ccc=-12412.0, bbb=3412.0, ddd=697.3234500000548}
20:43:24.065 [Test worker] TRACE org.xlbean.data.TableValueLoader - {aaa=2414.0, ccc=-12413.0, bbb=3413.0, ddd=697.4234500000548}
20:43:24.065 [Test worker] TRACE org.xlbean.data.TableValueLoader - {aaa=2415.0, ccc=-12414.0, bbb=3414.0, ddd=697.5234500000548}
20:43:24.066 [Test worker] TRACE org.xlbean.data.TableValueLoader - {aaa=2416.0, ccc=-12415.0, bbb=3415.0, ddd=697.6234500000548}
20:43:24.066 [Test worker] TRACE org.xlbean.data.TableValueLoader - {aaa=2417.0, ccc=-12416.0, bbb=3416.0, ddd=697.7234500000549}
20:43:24.066 [Test worker] TRACE org.xlbean.data.TableValueLoader - {aaa=2418.0, ccc=-12417.0, bbb=3417.0, ddd=697.8234500000549}
20:43:24.066 [Test worker] TRACE org.xlbean.data.TableValueLoader - {aaa=2419.0, ccc=-12418.0, bbb=3418.0, ddd=697.9234500000549}
20:43:24.066 [Test worker] TRACE org.xlbean.data.TableValueLoader - {aaa=2420.0, ccc=-12419.0, bbb=3419.0, ddd=698.0234500000549}
20:43:24.067 [Test worker] TRACE org.xlbean.data.TableValueLoader - {aaa=2421.0, ccc=-12420.0, bbb=3420.0, ddd=698.123450000055}
20:43:24.068 [Test worker] TRACE org.xlbean.data.TableValueLoader - {aaa=2422.0, ccc=-12421.0, bbb=3421.0, ddd=698.223450000055}
20:43:24.069 [Test worker] TRACE org.xlbean.data.TableValueLoader - {aaa=2423.0, ccc=-12422.0, bbb=3422.0, ddd=698.323450000055}
20:43:24.069 [Test worker] TRACE org.xlbean.data.TableValueLoader - {aaa=2424.0, ccc=-12423.0, bbb=3423.0, ddd=698.423450000055}
20:43:24.069 [Test worker] TRACE org.xlbean.data.TableValueLoader - {aaa=2425.0, ccc=-12424.0, bbb=3424.0, ddd=698.523450000055}
20:43:24.069 [Test worker] TRACE org.xlbean.data.TableValueLoader - {aaa=2426.0, ccc=-12425.0, bbb=3425.0, ddd=698.6234500000551}
20:43:24.070 [Test worker] TRACE org.xlbean.data.TableValueLoader - {aaa=2427.0, ccc=-12426.0, bbb=3426.0, ddd=698.7234500000551}
20:43:24.070 [Test worker] TRACE org.xlbean.data.TableValueLoader - {aaa=2428.0, ccc=-12427.0, bbb=3427.0, ddd=698.8234500000551}
20:43:24.070 [Test worker] TRACE org.xlbean.data.TableValueLoader - {aaa=2429.0, ccc=-12428.0, bbb=3428.0, ddd=698.9234500000551}
20:43:24.070 [Test worker] TRACE org.xlbean.data.TableValueLoader - {aaa=2430.0, ccc=-12429.0, bbb=3429.0, ddd=699.0234500000552}
20:43:24.071 [Test worker] TRACE org.xlbean.data.TableValueLoader - {aaa=2431.0, ccc=-12430.0, bbb=3430.0, ddd=699.1234500000552}
20:43:24.071 [Test worker] TRACE org.xlbean.data.TableValueLoader - {aaa=2432.0, ccc=-12431.0, bbb=3431.0, ddd=699.2234500000552}
20:43:24.071 [Test worker] TRACE org.xlbean.data.TableValueLoader - {aaa=2433.0, ccc=-12432.0, bbb=3432.0, ddd=699.3234500000552}
20:43:24.071 [Test worker] TRACE org.xlbean.data.TableValueLoader - {aaa=2434.0, ccc=-12433.0, bbb=3433.0, ddd=699.4234500000553}
20:43:24.071 [Test worker] TRACE org.xlbean.data.TableValueLoader - {aaa=2435.0, ccc=-12434.0, bbb=3434.0, ddd=699.5234500000553}
20:43:24.072 [Test worker] TRACE org.xlbean.data.TableValueLoader - {aaa=2436.0, ccc=-12435.0, bbb=3435.0, ddd=699.6234500000553}
20:43:24.072 [Test worker] TRACE org.xlbean.data.TableValueLoader - {aaa=2437.0, ccc=-12436.0, bbb=3436.0, ddd=699.7234500000553}
20:43:24.072 [Test worker] TRACE org.xlbean.data.TableValueLoader - {aaa=2438.0, ccc=-12437.0, bbb=3437.0, ddd=699.8234500000553}
20:43:24.072 [Test worker] TRACE org.xlbean.data.TableValueLoader - {aaa=2439.0, ccc=-12438.0, bbb=3438.0, ddd=699.9234500000554}
20:43:24.073 [Test worker] TRACE org.xlbean.data.TableValueLoader - {aaa=2440.0, ccc=-12439.0, bbb=3439.0, ddd=700.0234500000554}
20:43:24.073 [Test worker] TRACE org.xlbean.data.TableValueLoader - {aaa=2441.0, ccc=-12440.0, bbb=3440.0, ddd=700.1234500000554}
20:43:24.073 [Test worker] TRACE org.xlbean.data.TableValueLoader - {aaa=2442.0, ccc=-12441.0, bbb=3441.0, ddd=700.2234500000554}
20:43:24.073 [Test worker] TRACE org.xlbean.data.TableValueLoader - {aaa=2443.0, ccc=-12442.0, bbb=3442.0, ddd=700.3234500000555}
20:43:24.073 [Test worker] TRACE org.xlbean.data.TableValueLoader - {aaa=2444.0, ccc=-12443.0, bbb=3443.0, ddd=700.4234500000555}
20:43:24.074 [Test worker] TRACE org.xlbean.data.TableValueLoader - {aaa=2445.0, ccc=-12444.0, bbb=3444.0, ddd=700.5234500000555}
20:43:24.074 [Test worker] TRACE org.xlbean.data.TableValueLoader - {aaa=2446.0, ccc=-12445.0, bbb=3445.0, ddd=700.6234500000555}
20:43:24.074 [Test worker] TRACE org.xlbean.data.TableValueLoader - {aaa=2447.0, ccc=-12446.0, bbb=3446.0, ddd=700.7234500000555}
20:43:24.075 [Test worker] TRACE org.xlbean.data.TableValueLoader - {aaa=2448.0, ccc=-12447.0, bbb=3447.0, ddd=700.8234500000556}
20:43:24.075 [Test worker] TRACE org.xlbean.data.TableValueLoader - {aaa=2449.0, ccc=-12448.0, bbb=3448.0, ddd=700.9234500000556}
20:43:24.075 [Test worker] TRACE org.xlbean.data.TableValueLoader - {aaa=2450.0, ccc=-12449.0, bbb=3449.0, ddd=701.0234500000556}
20:43:24.076 [Test worker] TRACE org.xlbean.data.TableValueLoader - {aaa=2451.0, ccc=-12450.0, bbb=3450.0, ddd=701.1234500000556}
20:43:24.076 [Test worker] TRACE org.xlbean.data.TableValueLoader - {aaa=2452.0, ccc=-12451.0, bbb=3451.0, ddd=701.2234500000557}
20:43:24.076 [Test worker] TRACE org.xlbean.data.TableValueLoader - {aaa=2453.0, ccc=-12452.0, bbb=3452.0, ddd=701.3234500000557}
20:43:24.077 [Test worker] TRACE org.xlbean.data.TableValueLoader - {aaa=2454.0, ccc=-12453.0, bbb=3453.0, ddd=701.4234500000557}
20:43:24.077 [Test worker] TRACE org.xlbean.data.TableValueLoader - {aaa=2455.0, ccc=-12454.0, bbb=3454.0, ddd=701.5234500000557}
20:43:24.078 [Test worker] TRACE org.xlbean.data.TableValueLoader - {aaa=2456.0, ccc=-12455.0, bbb=3455.0, ddd=701.6234500000558}
20:43:24.078 [Test worker] TRACE org.xlbean.data.TableValueLoader - {aaa=2457.0, ccc=-12456.0, bbb=3456.0, ddd=701.7234500000558}
20:43:24.078 [Test worker] TRACE org.xlbean.data.TableValueLoader - {aaa=2458.0, ccc=-12457.0, bbb=3457.0, ddd=701.8234500000558}
20:43:24.079 [Test worker] TRACE org.xlbean.data.TableValueLoader - {aaa=2459.0, ccc=-12458.0, bbb=3458.0, ddd=701.9234500000558}
20:43:24.079 [Test worker] TRACE org.xlbean.data.TableValueLoader - {aaa=2460.0, ccc=-12459.0, bbb=3459.0, ddd=702.0234500000558}
20:43:24.079 [Test worker] TRACE org.xlbean.data.TableValueLoader - {aaa=2461.0, ccc=-12460.0, bbb=3460.0, ddd=702.1234500000559}
20:43:24.079 [Test worker] TRACE org.xlbean.data.TableValueLoader - {aaa=2462.0, ccc=-12461.0, bbb=3461.0, ddd=702.2234500000559}
20:43:24.080 [Test worker] TRACE org.xlbean.data.TableValueLoader - {aaa=2463.0, ccc=-12462.0, bbb=3462.0, ddd=702.3234500000559}
20:43:24.080 [Test worker] TRACE org.xlbean.data.TableValueLoader - {aaa=2464.0, ccc=-12463.0, bbb=3463.0, ddd=702.4234500000559}
20:43:24.080 [Test worker] TRACE org.xlbean.data.TableValueLoader - {aaa=2465.0, ccc=-12464.0, bbb=3464.0, ddd=702.523450000056}
20:43:24.080 [Test worker] TRACE org.xlbean.data.TableValueLoader - {aaa=2466.0, ccc=-12465.0, bbb=3465.0, ddd=702.623450000056}
20:43:24.081 [Test worker] TRACE org.xlbean.data.TableValueLoader - {aaa=2467.0, ccc=-12466.0, bbb=3466.0, ddd=702.723450000056}
20:43:24.081 [Test worker] TRACE org.xlbean.data.TableValueLoader - {aaa=2468.0, ccc=-12467.0, bbb=3467.0, ddd=702.823450000056}
20:43:24.081 [Test worker] TRACE org.xlbean.data.TableValueLoader - {aaa=2469.0, ccc=-12468.0, bbb=3468.0, ddd=702.923450000056}
20:43:24.081 [Test worker] TRACE org.xlbean.data.TableValueLoader - {aaa=2470.0, ccc=-12469.0, bbb=3469.0, ddd=703.0234500000561}
20:43:24.081 [Test worker] TRACE org.xlbean.data.TableValueLoader - {aaa=2471.0, ccc=-12470.0, bbb=3470.0, ddd=703.1234500000561}
20:43:24.082 [Test worker] TRACE org.xlbean.data.TableValueLoader - {aaa=2472.0, ccc=-12471.0, bbb=3471.0, ddd=703.2234500000561}
20:43:24.082 [Test worker] TRACE org.xlbean.data.TableValueLoader - {aaa=2473.0, ccc=-12472.0, bbb=3472.0, ddd=703.3234500000561}
20:43:24.082 [Test worker] TRACE org.xlbean.data.TableValueLoader - {aaa=2474.0, ccc=-12473.0, bbb=3473.0, ddd=703.4234500000562}
20:43:24.082 [Test worker] TRACE org.xlbean.data.TableValueLoader - {aaa=2475.0, ccc=-12474.0, bbb=3474.0, ddd=703.5234500000562}
20:43:24.082 [Test worker] TRACE org.xlbean.data.TableValueLoader - {aaa=2476.0, ccc=-12475.0, bbb=3475.0, ddd=703.6234500000562}
20:43:24.083 [Test worker] TRACE org.xlbean.data.TableValueLoader - {aaa=2477.0, ccc=-12476.0, bbb=3476.0, ddd=703.7234500000562}
20:43:24.083 [Test worker] TRACE org.xlbean.data.TableValueLoader - {aaa=2478.0, ccc=-12477.0, bbb=3477.0, ddd=703.8234500000563}
20:43:24.083 [Test worker] TRACE org.xlbean.data.TableValueLoader - {aaa=2479.0, ccc=-12478.0, bbb=3478.0, ddd=703.9234500000563}
20:43:24.083 [Test worker] TRACE org.xlbean.data.TableValueLoader - {aaa=2480.0, ccc=-12479.0, bbb=3479.0, ddd=704.0234500000563}
20:43:24.084 [Test worker] TRACE org.xlbean.data.TableValueLoader - {aaa=2481.0, ccc=-12480.0, bbb=3480.0, ddd=704.1234500000563}
20:43:24.084 [Test worker] TRACE org.xlbean.data.TableValueLoader - {aaa=2482.0, ccc=-12481.0, bbb=3481.0, ddd=704.2234500000563}
20:43:24.084 [Test worker] TRACE org.xlbean.data.TableValueLoader - {aaa=2483.0, ccc=-12482.0, bbb=3482.0, ddd=704.3234500000564}
20:43:24.085 [Test worker] TRACE org.xlbean.data.TableValueLoader - {aaa=2484.0, ccc=-12483.0, bbb=3483.0, ddd=704.4234500000564}
20:43:24.085 [Test worker] TRACE org.xlbean.data.TableValueLoader - {aaa=2485.0, ccc=-12484.0, bbb=3484.0, ddd=704.5234500000564}
20:43:24.085 [Test worker] TRACE org.xlbean.data.TableValueLoader - {aaa=2486.0, ccc=-12485.0, bbb=3485.0, ddd=704.6234500000564}
20:43:24.085 [Test worker] TRACE org.xlbean.data.TableValueLoader - {aaa=2487.0, ccc=-12486.0, bbb=3486.0, ddd=704.7234500000565}
20:43:24.085 [Test worker] TRACE org.xlbean.data.TableValueLoader - {aaa=2488.0, ccc=-12487.0, bbb=3487.0, ddd=704.8234500000565}
20:43:24.086 [Test worker] TRACE org.xlbean.data.TableValueLoader - {aaa=2489.0, ccc=-12488.0, bbb=3488.0, ddd=704.9234500000565}
20:43:24.086 [Test worker] TRACE org.xlbean.data.TableValueLoader - {aaa=2490.0, ccc=-12489.0, bbb=3489.0, ddd=705.0234500000565}
20:43:24.086 [Test worker] TRACE org.xlbean.data.TableValueLoader - {aaa=2491.0, ccc=-12490.0, bbb=3490.0, ddd=705.1234500000566}
20:43:24.086 [Test worker] TRACE org.xlbean.data.TableValueLoader - {aaa=2492.0, ccc=-12491.0, bbb=3491.0, ddd=705.2234500000566}
20:43:24.087 [Test worker] TRACE org.xlbean.data.TableValueLoader - {aaa=2493.0, ccc=-12492.0, bbb=3492.0, ddd=705.3234500000566}
20:43:24.087 [Test worker] TRACE org.xlbean.data.TableValueLoader - {aaa=2494.0, ccc=-12493.0, bbb=3493.0, ddd=705.4234500000566}
20:43:24.087 [Test worker] TRACE org.xlbean.data.TableValueLoader - {aaa=2495.0, ccc=-12494.0, bbb=3494.0, ddd=705.5234500000566}
20:43:24.087 [Test worker] TRACE org.xlbean.data.TableValueLoader - {aaa=2496.0, ccc=-12495.0, bbb=3495.0, ddd=705.6234500000567}
20:43:24.087 [Test worker] TRACE org.xlbean.data.TableValueLoader - {aaa=2497.0, ccc=-12496.0, bbb=3496.0, ddd=705.7234500000567}
20:43:24.088 [Test worker] TRACE org.xlbean.data.TableValueLoader - {aaa=2498.0, ccc=-12497.0, bbb=3497.0, ddd=705.8234500000567}
20:43:24.088 [Test worker] TRACE org.xlbean.data.TableValueLoader - {aaa=2499.0, ccc=-12498.0, bbb=3498.0, ddd=705.9234500000567}
20:43:24.088 [Test worker] TRACE org.xlbean.data.TableValueLoader - {aaa=2500.0, ccc=-12499.0, bbb=3499.0, ddd=706.0234500000568}
20:43:24.088 [Test worker] TRACE org.xlbean.data.TableValueLoader - {}
20:43:24.088 [Test worker] INFO  org.xlbean.data.ExcelDataLoader - Loaded data: bigtable [910 msec]
{bigtable=[{aaa=1.0, ccc=-10000.0, bbb=1000.0, ddd=456.12345}, {aaa=2.0, ccc=-10001.0, bbb=1001.0, ddd=456.22345}, {aaa=3.0, ccc=-10002.0, bbb=1002.0, ddd=456.32345000000004}, {aaa=4.0, ccc=-10003.0, bbb=1003.0, ddd=456.42345000000006}, {aaa=5.0, ccc=-10004.0, bbb=1004.0, ddd=456.5234500000001}, {aaa=6.0, ccc=-10005.0, bbb=1005.0, ddd=456.6234500000001}, {aaa=7.0, ccc=-10006.0, bbb=1006.0, ddd=456.7234500000001}, {aaa=8.0, ccc=-10007.0, bbb=1007.0, ddd=456.82345000000015}, {aaa=9.0, ccc=-10008.0, bbb=1008.0, ddd=456.9234500000002}, {aaa=10.0, ccc=-10009.0, bbb=1009.0, ddd=457.0234500000002}, {aaa=11.0, ccc=-10010.0, bbb=1010.0, ddd=457.1234500000002}, {aaa=12.0, ccc=-10011.0, bbb=1011.0, ddd=457.22345000000024}, {aaa=13.0, ccc=-10012.0, bbb=1012.0, ddd=457.32345000000026}, {aaa=14.0, ccc=-10013.0, bbb=1013.0, ddd=457.4234500000003}, {aaa=15.0, ccc=-10014.0, bbb=1014.0, ddd=457.5234500000003}, {aaa=16.0, ccc=-10015.0, bbb=1015.0, ddd=457.62345000000033}, {aaa=17.0, ccc=-10016.0, bbb=1016.0, ddd=457.72345000000035}, {aaa=18.0, ccc=-10017.0, bbb=1017.0, ddd=457.8234500000004}, {aaa=19.0, ccc=-10018.0, bbb=1018.0, ddd=457.9234500000004}, {aaa=20.0, ccc=-10019.0, bbb=1019.0, ddd=458.0234500000004}, {aaa=21.0, ccc=-10020.0, bbb=1020.0, ddd=458.12345000000045}, {aaa=22.0, ccc=-10021.0, bbb=1021.0, ddd=458.22345000000047}, {aaa=23.0, ccc=-10022.0, bbb=1022.0, ddd=458.3234500000005}, {aaa=24.0, ccc=-10023.0, bbb=1023.0, ddd=458.4234500000005}, {aaa=25.0, ccc=-10024.0, bbb=1024.0, ddd=458.52345000000054}, {aaa=26.0, ccc=-10025.0, bbb=1025.0, ddd=458.62345000000056}, {aaa=27.0, ccc=-10026.0, bbb=1026.0, ddd=458.7234500000006}, {aaa=28.0, ccc=-10027.0, bbb=1027.0, ddd=458.8234500000006}, {aaa=29.0, ccc=-10028.0, bbb=1028.0, ddd=458.9234500000006}, {aaa=30.0, ccc=-10029.0, bbb=1029.0, ddd=459.02345000000065}, {aaa=31.0, ccc=-10030.0, bbb=1030.0, ddd=459.1234500000007}, {aaa=32.0, ccc=-10031.0, bbb=1031.0, ddd=459.2234500000007}, {aaa=33.0, ccc=-10032.0, bbb=1032.0, ddd=459.3234500000007}, {aaa=34.0, ccc=-10033.0, bbb=1033.0, ddd=459.42345000000074}, {aaa=35.0, ccc=-10034.0, bbb=1034.0, ddd=459.52345000000076}, {aaa=36.0, ccc=-10035.0, bbb=1035.0, ddd=459.6234500000008}, {aaa=37.0, ccc=-10036.0, bbb=1036.0, ddd=459.7234500000008}, {aaa=38.0, ccc=-10037.0, bbb=1037.0, ddd=459.82345000000083}, {aaa=39.0, ccc=-10038.0, bbb=1038.0, ddd=459.92345000000086}, {aaa=40.0, ccc=-10039.0, bbb=1039.0, ddd=460.0234500000009}, {aaa=41.0, ccc=-10040.0, bbb=1040.0, ddd=460.1234500000009}, {aaa=42.0, ccc=-10041.0, bbb=1041.0, ddd=460.2234500000009}, {aaa=43.0, ccc=-10042.0, bbb=1042.0, ddd=460.32345000000095}, {aaa=44.0, ccc=-10043.0, bbb=1043.0, ddd=460.42345000000097}, {aaa=45.0, ccc=-10044.0, bbb=1044.0, ddd=460.523450000001}, {aaa=46.0, ccc=-10045.0, bbb=1045.0, ddd=460.623450000001}, {aaa=47.0, ccc=-10046.0, bbb=1046.0, ddd=460.72345000000104}, {aaa=48.0, ccc=-10047.0, bbb=1047.0, ddd=460.82345000000106}, {aaa=49.0, ccc=-10048.0, bbb=1048.0, ddd=460.9234500000011}, {aaa=50.0, ccc=-10049.0, bbb=1049.0, ddd=461.0234500000011}, {aaa=51.0, ccc=-10050.0, bbb=1050.0, ddd=461.1234500000011}, {aaa=52.0, ccc=-10051.0, bbb=1051.0, ddd=461.22345000000115}, {aaa=53.0, ccc=-10052.0, bbb=1052.0, ddd=461.3234500000012}, {aaa=54.0, ccc=-10053.0, bbb=1053.0, ddd=461.4234500000012}, {aaa=55.0, ccc=-10054.0, bbb=1054.0, ddd=461.5234500000012}, {aaa=56.0, ccc=-10055.0, bbb=1055.0, ddd=461.62345000000124}, {aaa=57.0, ccc=-10056.0, bbb=1056.0, ddd=461.72345000000126}, {aaa=58.0, ccc=-10057.0, bbb=1057.0, ddd=461.8234500000013}, {aaa=59.0, ccc=-10058.0, bbb=1058.0, ddd=461.9234500000013}, {aaa=60.0, ccc=-10059.0, bbb=1059.0, ddd=462.02345000000133}, {aaa=61.0, ccc=-10060.0, bbb=1060.0, ddd=462.12345000000136}, {aaa=62.0, ccc=-10061.0, bbb=1061.0, ddd=462.2234500000014}, {aaa=63.0, ccc=-10062.0, bbb=1062.0, ddd=462.3234500000014}, {aaa=64.0, ccc=-10063.0, bbb=1063.0, ddd=462.4234500000014}, {aaa=65.0, ccc=-10064.0, bbb=1064.0, ddd=462.52345000000145}, {aaa=66.0, ccc=-10065.0, bbb=1065.0, ddd=462.62345000000147}, {aaa=67.0, ccc=-10066.0, bbb=1066.0, ddd=462.7234500000015}, {aaa=68.0, ccc=-10067.0, bbb=1067.0, ddd=462.8234500000015}, {aaa=69.0, ccc=-10068.0, bbb=1068.0, ddd=462.92345000000154}, {aaa=70.0, ccc=-10069.0, bbb=1069.0, ddd=463.02345000000156}, {aaa=71.0, ccc=-10070.0, bbb=1070.0, ddd=463.1234500000016}, {aaa=72.0, ccc=-10071.0, bbb=1071.0, ddd=463.2234500000016}, {aaa=73.0, ccc=-10072.0, bbb=1072.0, ddd=463.3234500000016}, {aaa=74.0, ccc=-10073.0, bbb=1073.0, ddd=463.42345000000165}, {aaa=75.0, ccc=-10074.0, bbb=1074.0, ddd=463.5234500000017}, {aaa=76.0, ccc=-10075.0, bbb=1075.0, ddd=463.6234500000017}, {aaa=77.0, ccc=-10076.0, bbb=1076.0, ddd=463.7234500000017}, {aaa=78.0, ccc=-10077.0, bbb=1077.0, ddd=463.82345000000174}, {aaa=79.0, ccc=-10078.0, bbb=1078.0, ddd=463.92345000000176}, {aaa=80.0, ccc=-10079.0, bbb=1079.0, ddd=464.0234500000018}, {aaa=81.0, ccc=-10080.0, bbb=1080.0, ddd=464.1234500000018}, {aaa=82.0, ccc=-10081.0, bbb=1081.0, ddd=464.22345000000183}, {aaa=83.0, ccc=-10082.0, bbb=1082.0, ddd=464.32345000000186}, {aaa=84.0, ccc=-10083.0, bbb=1083.0, ddd=464.4234500000019}, {aaa=85.0, ccc=-10084.0, bbb=1084.0, ddd=464.5234500000019}, {aaa=86.0, ccc=-10085.0, bbb=1085.0, ddd=464.6234500000019}, {aaa=87.0, ccc=-10086.0, bbb=1086.0, ddd=464.72345000000195}, {aaa=88.0, ccc=-10087.0, bbb=1087.0, ddd=464.82345000000197}, {aaa=89.0, ccc=-10088.0, bbb=1088.0, ddd=464.923450000002}, {aaa=90.0, ccc=-10089.0, bbb=1089.0, ddd=465.023450000002}, {aaa=91.0, ccc=-10090.0, bbb=1090.0, ddd=465.12345000000204}, {aaa=92.0, ccc=-10091.0, bbb=1091.0, ddd=465.22345000000206}, {aaa=93.0, ccc=-10092.0, bbb=1092.0, ddd=465.3234500000021}, {aaa=94.0, ccc=-10093.0, bbb=1093.0, ddd=465.4234500000021}, {aaa=95.0, ccc=-10094.0, bbb=1094.0, ddd=465.52345000000213}, {aaa=96.0, ccc=-10095.0, bbb=1095.0, ddd=465.62345000000215}, {aaa=97.0, ccc=-10096.0, bbb=1096.0, ddd=465.7234500000022}, {aaa=98.0, ccc=-10097.0, bbb=1097.0, ddd=465.8234500000022}, {aaa=99.0, ccc=-10098.0, bbb=1098.0, ddd=465.9234500000022}, {aaa=100.0, ccc=-10099.0, bbb=1099.0, ddd=466.02345000000224}, {aaa=101.0, ccc=-10100.0, bbb=1100.0, ddd=466.12345000000226}, {aaa=102.0, ccc=-10101.0, bbb=1101.0, ddd=466.2234500000023}, {aaa=103.0, ccc=-10102.0, bbb=1102.0, ddd=466.3234500000023}, {aaa=104.0, ccc=-10103.0, bbb=1103.0, ddd=466.42345000000233}, {aaa=105.0, ccc=-10104.0, bbb=1104.0, ddd=466.52345000000236}, {aaa=106.0, ccc=-10105.0, bbb=1105.0, ddd=466.6234500000024}, {aaa=107.0, ccc=-10106.0, bbb=1106.0, ddd=466.7234500000024}, {aaa=108.0, ccc=-10107.0, bbb=1107.0, ddd=466.8234500000024}, {aaa=109.0, ccc=-10108.0, bbb=1108.0, ddd=466.92345000000245}, {aaa=110.0, ccc=-10109.0, bbb=1109.0, ddd=467.02345000000247}, {aaa=111.0, ccc=-10110.0, bbb=1110.0, ddd=467.1234500000025}, {aaa=112.0, ccc=-10111.0, bbb=1111.0, ddd=467.2234500000025}, {aaa=113.0, ccc=-10112.0, bbb=1112.0, ddd=467.32345000000254}, {aaa=114.0, ccc=-10113.0, bbb=1113.0, ddd=467.42345000000256}, {aaa=115.0, ccc=-10114.0, bbb=1114.0, ddd=467.5234500000026}, {aaa=116.0, ccc=-10115.0, bbb=1115.0, ddd=467.6234500000026}, {aaa=117.0, ccc=-10116.0, bbb=1116.0, ddd=467.72345000000263}, {aaa=118.0, ccc=-10117.0, bbb=1117.0, ddd=467.82345000000265}, {aaa=119.0, ccc=-10118.0, bbb=1118.0, ddd=467.9234500000027}, {aaa=120.0, ccc=-10119.0, bbb=1119.0, ddd=468.0234500000027}, {aaa=121.0, ccc=-10120.0, bbb=1120.0, ddd=468.1234500000027}, {aaa=122.0, ccc=-10121.0, bbb=1121.0, ddd=468.22345000000274}, {aaa=123.0, ccc=-10122.0, bbb=1122.0, ddd=468.32345000000277}, {aaa=124.0, ccc=-10123.0, bbb=1123.0, ddd=468.4234500000028}, {aaa=125.0, ccc=-10124.0, bbb=1124.0, ddd=468.5234500000028}, {aaa=126.0, ccc=-10125.0, bbb=1125.0, ddd=468.62345000000283}, {aaa=127.0, ccc=-10126.0, bbb=1126.0, ddd=468.72345000000286}, {aaa=128.0, ccc=-10127.0, bbb=1127.0, ddd=468.8234500000029}, {aaa=129.0, ccc=-10128.0, bbb=1128.0, ddd=468.9234500000029}, {aaa=130.0, ccc=-10129.0, bbb=1129.0, ddd=469.0234500000029}, {aaa=131.0, ccc=-10130.0, bbb=1130.0, ddd=469.12345000000295}, {aaa=132.0, ccc=-10131.0, bbb=1131.0, ddd=469.22345000000297}, {aaa=133.0, ccc=-10132.0, bbb=1132.0, ddd=469.323450000003}, {aaa=134.0, ccc=-10133.0, bbb=1133.0, ddd=469.423450000003}, {aaa=135.0, ccc=-10134.0, bbb=1134.0, ddd=469.52345000000304}, {aaa=136.0, ccc=-10135.0, bbb=1135.0, ddd=469.62345000000306}, {aaa=137.0, ccc=-10136.0, bbb=1136.0, ddd=469.7234500000031}, {aaa=138.0, ccc=-10137.0, bbb=1137.0, ddd=469.8234500000031}, {aaa=139.0, ccc=-10138.0, bbb=1138.0, ddd=469.92345000000313}, {aaa=140.0, ccc=-10139.0, bbb=1139.0, ddd=470.02345000000315}, {aaa=141.0, ccc=-10140.0, bbb=1140.0, ddd=470.1234500000032}, {aaa=142.0, ccc=-10141.0, bbb=1141.0, ddd=470.2234500000032}, {aaa=143.0, ccc=-10142.0, bbb=1142.0, ddd=470.3234500000032}, {aaa=144.0, ccc=-10143.0, bbb=1143.0, ddd=470.42345000000324}, {aaa=145.0, ccc=-10144.0, bbb=1144.0, ddd=470.52345000000327}, {aaa=146.0, ccc=-10145.0, bbb=1145.0, ddd=470.6234500000033}, {aaa=147.0, ccc=-10146.0, bbb=1146.0, ddd=470.7234500000033}, {aaa=148.0, ccc=-10147.0, bbb=1147.0, ddd=470.82345000000333}, {aaa=149.0, ccc=-10148.0, bbb=1148.0, ddd=470.92345000000336}, {aaa=150.0, ccc=-10149.0, bbb=1149.0, ddd=471.0234500000034}, {aaa=151.0, ccc=-10150.0, bbb=1150.0, ddd=471.1234500000034}, {aaa=152.0, ccc=-10151.0, bbb=1151.0, ddd=471.2234500000034}, {aaa=153.0, ccc=-10152.0, bbb=1152.0, ddd=471.32345000000345}, {aaa=154.0, ccc=-10153.0, bbb=1153.0, ddd=471.42345000000347}, {aaa=155.0, ccc=-10154.0, bbb=1154.0, ddd=471.5234500000035}, {aaa=156.0, ccc=-10155.0, bbb=1155.0, ddd=471.6234500000035}, {aaa=157.0, ccc=-10156.0, bbb=1156.0, ddd=471.72345000000354}, {aaa=158.0, ccc=-10157.0, bbb=1157.0, ddd=471.82345000000356}, {aaa=159.0, ccc=-10158.0, bbb=1158.0, ddd=471.9234500000036}, {aaa=160.0, ccc=-10159.0, bbb=1159.0, ddd=472.0234500000036}, {aaa=161.0, ccc=-10160.0, bbb=1160.0, ddd=472.12345000000363}, {aaa=162.0, ccc=-10161.0, bbb=1161.0, ddd=472.22345000000365}, {aaa=163.0, ccc=-10162.0, bbb=1162.0, ddd=472.3234500000037}, {aaa=164.0, ccc=-10163.0, bbb=1163.0, ddd=472.4234500000037}, {aaa=165.0, ccc=-10164.0, bbb=1164.0, ddd=472.5234500000037}, {aaa=166.0, ccc=-10165.0, bbb=1165.0, ddd=472.62345000000374}, {aaa=167.0, ccc=-10166.0, bbb=1166.0, ddd=472.72345000000377}, {aaa=168.0, ccc=-10167.0, bbb=1167.0, ddd=472.8234500000038}, {aaa=169.0, ccc=-10168.0, bbb=1168.0, ddd=472.9234500000038}, {aaa=170.0, ccc=-10169.0, bbb=1169.0, ddd=473.02345000000383}, {aaa=171.0, ccc=-10170.0, bbb=1170.0, ddd=473.12345000000386}, {aaa=172.0, ccc=-10171.0, bbb=1171.0, ddd=473.2234500000039}, {aaa=173.0, ccc=-10172.0, bbb=1172.0, ddd=473.3234500000039}, {aaa=174.0, ccc=-10173.0, bbb=1173.0, ddd=473.4234500000039}, {aaa=175.0, ccc=-10174.0, bbb=1174.0, ddd=473.52345000000395}, {aaa=176.0, ccc=-10175.0, bbb=1175.0, ddd=473.62345000000397}, {aaa=177.0, ccc=-10176.0, bbb=1176.0, ddd=473.723450000004}, {aaa=178.0, ccc=-10177.0, bbb=1177.0, ddd=473.823450000004}, {aaa=179.0, ccc=-10178.0, bbb=1178.0, ddd=473.92345000000404}, {aaa=180.0, ccc=-10179.0, bbb=1179.0, ddd=474.02345000000406}, {aaa=181.0, ccc=-10180.0, bbb=1180.0, ddd=474.1234500000041}, {aaa=182.0, ccc=-10181.0, bbb=1181.0, ddd=474.2234500000041}, {aaa=183.0, ccc=-10182.0, bbb=1182.0, ddd=474.32345000000413}, {aaa=184.0, ccc=-10183.0, bbb=1183.0, ddd=474.42345000000415}, {aaa=185.0, ccc=-10184.0, bbb=1184.0, ddd=474.5234500000042}, {aaa=186.0, ccc=-10185.0, bbb=1185.0, ddd=474.6234500000042}, {aaa=187.0, ccc=-10186.0, bbb=1186.0, ddd=474.7234500000042}, {aaa=188.0, ccc=-10187.0, bbb=1187.0, ddd=474.82345000000424}, {aaa=189.0, ccc=-10188.0, bbb=1188.0, ddd=474.92345000000427}, {aaa=190.0, ccc=-10189.0, bbb=1189.0, ddd=475.0234500000043}, {aaa=191.0, ccc=-10190.0, bbb=1190.0, ddd=475.1234500000043}, {aaa=192.0, ccc=-10191.0, bbb=1191.0, ddd=475.22345000000433}, {aaa=193.0, ccc=-10192.0, bbb=1192.0, ddd=475.32345000000436}, {aaa=194.0, ccc=-10193.0, bbb=1193.0, ddd=475.4234500000044}, {aaa=195.0, ccc=-10194.0, bbb=1194.0, ddd=475.5234500000044}, {aaa=196.0, ccc=-10195.0, bbb=1195.0, ddd=475.6234500000044}, {aaa=197.0, ccc=-10196.0, bbb=1196.0, ddd=475.72345000000445}, {aaa=198.0, ccc=-10197.0, bbb=1197.0, ddd=475.82345000000447}, {aaa=199.0, ccc=-10198.0, bbb=1198.0, ddd=475.9234500000045}, {aaa=200.0, ccc=-10199.0, bbb=1199.0, ddd=476.0234500000045}, {aaa=201.0, ccc=-10200.0, bbb=1200.0, ddd=476.12345000000454}, {aaa=202.0, ccc=-10201.0, bbb=1201.0, ddd=476.22345000000456}, {aaa=203.0, ccc=-10202.0, bbb=1202.0, ddd=476.3234500000046}, {aaa=204.0, ccc=-10203.0, bbb=1203.0, ddd=476.4234500000046}, {aaa=205.0, ccc=-10204.0, bbb=1204.0, ddd=476.52345000000463}, {aaa=206.0, ccc=-10205.0, bbb=1205.0, ddd=476.62345000000465}, {aaa=207.0, ccc=-10206.0, bbb=1206.0, ddd=476.7234500000047}, {aaa=208.0, ccc=-10207.0, bbb=1207.0, ddd=476.8234500000047}, {aaa=209.0, ccc=-10208.0, bbb=1208.0, ddd=476.9234500000047}, {aaa=210.0, ccc=-10209.0, bbb=1209.0, ddd=477.02345000000474}, {aaa=211.0, ccc=-10210.0, bbb=1210.0, ddd=477.12345000000477}, {aaa=212.0, ccc=-10211.0, bbb=1211.0, ddd=477.2234500000048}, {aaa=213.0, ccc=-10212.0, bbb=1212.0, ddd=477.3234500000048}, {aaa=214.0, ccc=-10213.0, bbb=1213.0, ddd=477.42345000000483}, {aaa=215.0, ccc=-10214.0, bbb=1214.0, ddd=477.52345000000486}, {aaa=216.0, ccc=-10215.0, bbb=1215.0, ddd=477.6234500000049}, {aaa=217.0, ccc=-10216.0, bbb=1216.0, ddd=477.7234500000049}, {aaa=218.0, ccc=-10217.0, bbb=1217.0, ddd=477.8234500000049}, {aaa=219.0, ccc=-10218.0, bbb=1218.0, ddd=477.92345000000495}, {aaa=220.0, ccc=-10219.0, bbb=1219.0, ddd=478.02345000000497}, {aaa=221.0, ccc=-10220.0, bbb=1220.0, ddd=478.123450000005}, {aaa=222.0, ccc=-10221.0, bbb=1221.0, ddd=478.223450000005}, {aaa=223.0, ccc=-10222.0, bbb=1222.0, ddd=478.32345000000504}, {aaa=224.0, ccc=-10223.0, bbb=1223.0, ddd=478.42345000000506}, {aaa=225.0, ccc=-10224.0, bbb=1224.0, ddd=478.5234500000051}, {aaa=226.0, ccc=-10225.0, bbb=1225.0, ddd=478.6234500000051}, {aaa=227.0, ccc=-10226.0, bbb=1226.0, ddd=478.72345000000513}, {aaa=228.0, ccc=-10227.0, bbb=1227.0, ddd=478.82345000000515}, {aaa=229.0, ccc=-10228.0, bbb=1228.0, ddd=478.9234500000052}, {aaa=230.0, ccc=-10229.0, bbb=1229.0, ddd=479.0234500000052}, {aaa=231.0, ccc=-10230.0, bbb=1230.0, ddd=479.1234500000052}, {aaa=232.0, ccc=-10231.0, bbb=1231.0, ddd=479.22345000000524}, {aaa=233.0, ccc=-10232.0, bbb=1232.0, ddd=479.32345000000527}, {aaa=234.0, ccc=-10233.0, bbb=1233.0, ddd=479.4234500000053}, {aaa=235.0, ccc=-10234.0, bbb=1234.0, ddd=479.5234500000053}, {aaa=236.0, ccc=-10235.0, bbb=1235.0, ddd=479.62345000000533}, {aaa=237.0, ccc=-10236.0, bbb=1236.0, ddd=479.72345000000536}, {aaa=238.0, ccc=-10237.0, bbb=1237.0, ddd=479.8234500000054}, {aaa=239.0, ccc=-10238.0, bbb=1238.0, ddd=479.9234500000054}, {aaa=240.0, ccc=-10239.0, bbb=1239.0, ddd=480.0234500000054}, {aaa=241.0, ccc=-10240.0, bbb=1240.0, ddd=480.12345000000545}, {aaa=242.0, ccc=-10241.0, bbb=1241.0, ddd=480.22345000000547}, {aaa=243.0, ccc=-10242.0, bbb=1242.0, ddd=480.3234500000055}, {aaa=244.0, ccc=-10243.0, bbb=1243.0, ddd=480.4234500000055}, {aaa=245.0, ccc=-10244.0, bbb=1244.0, ddd=480.52345000000554}, {aaa=246.0, ccc=-10245.0, bbb=1245.0, ddd=480.62345000000556}, {aaa=247.0, ccc=-10246.0, bbb=1246.0, ddd=480.7234500000056}, {aaa=248.0, ccc=-10247.0, bbb=1247.0, ddd=480.8234500000056}, {aaa=249.0, ccc=-10248.0, bbb=1248.0, ddd=480.92345000000563}, {aaa=250.0, ccc=-10249.0, bbb=1249.0, ddd=481.02345000000565}, {aaa=251.0, ccc=-10250.0, bbb=1250.0, ddd=481.1234500000057}, {aaa=252.0, ccc=-10251.0, bbb=1251.0, ddd=481.2234500000057}, {aaa=253.0, ccc=-10252.0, bbb=1252.0, ddd=481.3234500000057}, {aaa=254.0, ccc=-10253.0, bbb=1253.0, ddd=481.42345000000574}, {aaa=255.0, ccc=-10254.0, bbb=1254.0, ddd=481.52345000000577}, {aaa=256.0, ccc=-10255.0, bbb=1255.0, ddd=481.6234500000058}, {aaa=257.0, ccc=-10256.0, bbb=1256.0, ddd=481.7234500000058}, {aaa=258.0, ccc=-10257.0, bbb=1257.0, ddd=481.82345000000583}, {aaa=259.0, ccc=-10258.0, bbb=1258.0, ddd=481.92345000000586}, {aaa=260.0, ccc=-10259.0, bbb=1259.0, ddd=482.0234500000059}, {aaa=261.0, ccc=-10260.0, bbb=1260.0, ddd=482.1234500000059}, {aaa=262.0, ccc=-10261.0, bbb=1261.0, ddd=482.2234500000059}, {aaa=263.0, ccc=-10262.0, bbb=1262.0, ddd=482.32345000000595}, {aaa=264.0, ccc=-10263.0, bbb=1263.0, ddd=482.42345000000597}, {aaa=265.0, ccc=-10264.0, bbb=1264.0, ddd=482.523450000006}, {aaa=266.0, ccc=-10265.0, bbb=1265.0, ddd=482.623450000006}, {aaa=267.0, ccc=-10266.0, bbb=1266.0, ddd=482.72345000000604}, {aaa=268.0, ccc=-10267.0, bbb=1267.0, ddd=482.82345000000606}, {aaa=269.0, ccc=-10268.0, bbb=1268.0, ddd=482.9234500000061}, {aaa=270.0, ccc=-10269.0, bbb=1269.0, ddd=483.0234500000061}, {aaa=271.0, ccc=-10270.0, bbb=1270.0, ddd=483.12345000000613}, {aaa=272.0, ccc=-10271.0, bbb=1271.0, ddd=483.22345000000615}, {aaa=273.0, ccc=-10272.0, bbb=1272.0, ddd=483.3234500000062}, {aaa=274.0, ccc=-10273.0, bbb=1273.0, ddd=483.4234500000062}, {aaa=275.0, ccc=-10274.0, bbb=1274.0, ddd=483.5234500000062}, {aaa=276.0, ccc=-10275.0, bbb=1275.0, ddd=483.62345000000624}, {aaa=277.0, ccc=-10276.0, bbb=1276.0, ddd=483.72345000000627}, {aaa=278.0, ccc=-10277.0, bbb=1277.0, ddd=483.8234500000063}, {aaa=279.0, ccc=-10278.0, bbb=1278.0, ddd=483.9234500000063}, {aaa=280.0, ccc=-10279.0, bbb=1279.0, ddd=484.02345000000633}, {aaa=281.0, ccc=-10280.0, bbb=1280.0, ddd=484.12345000000636}, {aaa=282.0, ccc=-10281.0, bbb=1281.0, ddd=484.2234500000064}, {aaa=283.0, ccc=-10282.0, bbb=1282.0, ddd=484.3234500000064}, {aaa=284.0, ccc=-10283.0, bbb=1283.0, ddd=484.4234500000064}, {aaa=285.0, ccc=-10284.0, bbb=1284.0, ddd=484.52345000000645}, {aaa=286.0, ccc=-10285.0, bbb=1285.0, ddd=484.62345000000647}, {aaa=287.0, ccc=-10286.0, bbb=1286.0, ddd=484.7234500000065}, {aaa=288.0, ccc=-10287.0, bbb=1287.0, ddd=484.8234500000065}, {aaa=289.0, ccc=-10288.0, bbb=1288.0, ddd=484.92345000000654}, {aaa=290.0, ccc=-10289.0, bbb=1289.0, ddd=485.02345000000656}, {aaa=291.0, ccc=-10290.0, bbb=1290.0, ddd=485.1234500000066}, {aaa=292.0, ccc=-10291.0, bbb=1291.0, ddd=485.2234500000066}, {aaa=293.0, ccc=-10292.0, bbb=1292.0, ddd=485.32345000000663}, {aaa=294.0, ccc=-10293.0, bbb=1293.0, ddd=485.42345000000665}, {aaa=295.0, ccc=-10294.0, bbb=1294.0, ddd=485.5234500000067}, {aaa=296.0, ccc=-10295.0, bbb=1295.0, ddd=485.6234500000067}, {aaa=297.0, ccc=-10296.0, bbb=1296.0, ddd=485.7234500000067}, {aaa=298.0, ccc=-10297.0, bbb=1297.0, ddd=485.82345000000674}, {aaa=299.0, ccc=-10298.0, bbb=1298.0, ddd=485.92345000000677}, {aaa=300.0, ccc=-10299.0, bbb=1299.0, ddd=486.0234500000068}, {aaa=301.0, ccc=-10300.0, bbb=1300.0, ddd=486.1234500000068}, {aaa=302.0, ccc=-10301.0, bbb=1301.0, ddd=486.22345000000684}, {aaa=303.0, ccc=-10302.0, bbb=1302.0, ddd=486.32345000000686}, {aaa=304.0, ccc=-10303.0, bbb=1303.0, ddd=486.4234500000069}, {aaa=305.0, ccc=-10304.0, bbb=1304.0, ddd=486.5234500000069}, {aaa=306.0, ccc=-10305.0, bbb=1305.0, ddd=486.6234500000069}, {aaa=307.0, ccc=-10306.0, bbb=1306.0, ddd=486.72345000000695}, {aaa=308.0, ccc=-10307.0, bbb=1307.0, ddd=486.82345000000697}, {aaa=309.0, ccc=-10308.0, bbb=1308.0, ddd=486.923450000007}, {aaa=310.0, ccc=-10309.0, bbb=1309.0, ddd=487.023450000007}, {aaa=311.0, ccc=-10310.0, bbb=1310.0, ddd=487.12345000000704}, {aaa=312.0, ccc=-10311.0, bbb=1311.0, ddd=487.22345000000706}, {aaa=313.0, ccc=-10312.0, bbb=1312.0, ddd=487.3234500000071}, {aaa=314.0, ccc=-10313.0, bbb=1313.0, ddd=487.4234500000071}, {aaa=315.0, ccc=-10314.0, bbb=1314.0, ddd=487.52345000000713}, {aaa=316.0, ccc=-10315.0, bbb=1315.0, ddd=487.62345000000715}, {aaa=317.0, ccc=-10316.0, bbb=1316.0, ddd=487.7234500000072}, {aaa=318.0, ccc=-10317.0, bbb=1317.0, ddd=487.8234500000072}, {aaa=319.0, ccc=-10318.0, bbb=1318.0, ddd=487.9234500000072}, {aaa=320.0, ccc=-10319.0, bbb=1319.0, ddd=488.02345000000724}, {aaa=321.0, ccc=-10320.0, bbb=1320.0, ddd=488.12345000000727}, {aaa=322.0, ccc=-10321.0, bbb=1321.0, ddd=488.2234500000073}, {aaa=323.0, ccc=-10322.0, bbb=1322.0, ddd=488.3234500000073}, {aaa=324.0, ccc=-10323.0, bbb=1323.0, ddd=488.42345000000734}, {aaa=325.0, ccc=-10324.0, bbb=1324.0, ddd=488.52345000000736}, {aaa=326.0, ccc=-10325.0, bbb=1325.0, ddd=488.6234500000074}, {aaa=327.0, ccc=-10326.0, bbb=1326.0, ddd=488.7234500000074}, {aaa=328.0, ccc=-10327.0, bbb=1327.0, ddd=488.8234500000074}, {aaa=329.0, ccc=-10328.0, bbb=1328.0, ddd=488.92345000000745}, {aaa=330.0, ccc=-10329.0, bbb=1329.0, ddd=489.0234500000075}, {aaa=331.0, ccc=-10330.0, bbb=1330.0, ddd=489.1234500000075}, {aaa=332.0, ccc=-10331.0, bbb=1331.0, ddd=489.2234500000075}, {aaa=333.0, ccc=-10332.0, bbb=1332.0, ddd=489.32345000000754}, {aaa=334.0, ccc=-10333.0, bbb=1333.0, ddd=489.42345000000756}, {aaa=335.0, ccc=-10334.0, bbb=1334.0, ddd=489.5234500000076}, {aaa=336.0, ccc=-10335.0, bbb=1335.0, ddd=489.6234500000076}, {aaa=337.0, ccc=-10336.0, bbb=1336.0, ddd=489.72345000000763}, {aaa=338.0, ccc=-10337.0, bbb=1337.0, ddd=489.82345000000765}, {aaa=339.0, ccc=-10338.0, bbb=1338.0, ddd=489.9234500000077}, {aaa=340.0, ccc=-10339.0, bbb=1339.0, ddd=490.0234500000077}, {aaa=341.0, ccc=-10340.0, bbb=1340.0, ddd=490.1234500000077}, {aaa=342.0, ccc=-10341.0, bbb=1341.0, ddd=490.22345000000774}, {aaa=343.0, ccc=-10342.0, bbb=1342.0, ddd=490.32345000000777}, {aaa=344.0, ccc=-10343.0, bbb=1343.0, ddd=490.4234500000078}, {aaa=345.0, ccc=-10344.0, bbb=1344.0, ddd=490.5234500000078}, {aaa=346.0, ccc=-10345.0, bbb=1345.0, ddd=490.62345000000784}, {aaa=347.0, ccc=-10346.0, bbb=1346.0, ddd=490.72345000000786}, {aaa=348.0, ccc=-10347.0, bbb=1347.0, ddd=490.8234500000079}, {aaa=349.0, ccc=-10348.0, bbb=1348.0, ddd=490.9234500000079}, {aaa=350.0, ccc=-10349.0, bbb=1349.0, ddd=491.0234500000079}, {aaa=351.0, ccc=-10350.0, bbb=1350.0, ddd=491.12345000000795}, {aaa=352.0, ccc=-10351.0, bbb=1351.0, ddd=491.223450000008}, {aaa=353.0, ccc=-10352.0, bbb=1352.0, ddd=491.323450000008}, {aaa=354.0, ccc=-10353.0, bbb=1353.0, ddd=491.423450000008}, {aaa=355.0, ccc=-10354.0, bbb=1354.0, ddd=491.52345000000804}, {aaa=356.0, ccc=-10355.0, bbb=1355.0, ddd=491.62345000000806}, {aaa=357.0, ccc=-10356.0, bbb=1356.0, ddd=491.7234500000081}, {aaa=358.0, ccc=-10357.0, bbb=1357.0, ddd=491.8234500000081}, {aaa=359.0, ccc=-10358.0, bbb=1358.0, ddd=491.92345000000813}, {aaa=360.0, ccc=-10359.0, bbb=1359.0, ddd=492.02345000000815}, {aaa=361.0, ccc=-10360.0, bbb=1360.0, ddd=492.1234500000082}, {aaa=362.0, ccc=-10361.0, bbb=1361.0, ddd=492.2234500000082}, {aaa=363.0, ccc=-10362.0, bbb=1362.0, ddd=492.3234500000082}, {aaa=364.0, ccc=-10363.0, bbb=1363.0, ddd=492.42345000000824}, {aaa=365.0, ccc=-10364.0, bbb=1364.0, ddd=492.52345000000827}, {aaa=366.0, ccc=-10365.0, bbb=1365.0, ddd=492.6234500000083}, {aaa=367.0, ccc=-10366.0, bbb=1366.0, ddd=492.7234500000083}, {aaa=368.0, ccc=-10367.0, bbb=1367.0, ddd=492.82345000000834}, {aaa=369.0, ccc=-10368.0, bbb=1368.0, ddd=492.92345000000836}, {aaa=370.0, ccc=-10369.0, bbb=1369.0, ddd=493.0234500000084}, {aaa=371.0, ccc=-10370.0, bbb=1370.0, ddd=493.1234500000084}, {aaa=372.0, ccc=-10371.0, bbb=1371.0, ddd=493.2234500000084}, {aaa=373.0, ccc=-10372.0, bbb=1372.0, ddd=493.32345000000845}, {aaa=374.0, ccc=-10373.0, bbb=1373.0, ddd=493.4234500000085}, {aaa=375.0, ccc=-10374.0, bbb=1374.0, ddd=493.5234500000085}, {aaa=376.0, ccc=-10375.0, bbb=1375.0, ddd=493.6234500000085}, {aaa=377.0, ccc=-10376.0, bbb=1376.0, ddd=493.72345000000854}, {aaa=378.0, ccc=-10377.0, bbb=1377.0, ddd=493.82345000000856}, {aaa=379.0, ccc=-10378.0, bbb=1378.0, ddd=493.9234500000086}, {aaa=380.0, ccc=-10379.0, bbb=1379.0, ddd=494.0234500000086}, {aaa=381.0, ccc=-10380.0, bbb=1380.0, ddd=494.12345000000863}, {aaa=382.0, ccc=-10381.0, bbb=1381.0, ddd=494.22345000000865}, {aaa=383.0, ccc=-10382.0, bbb=1382.0, ddd=494.3234500000087}, {aaa=384.0, ccc=-10383.0, bbb=1383.0, ddd=494.4234500000087}, {aaa=385.0, ccc=-10384.0, bbb=1384.0, ddd=494.5234500000087}, {aaa=386.0, ccc=-10385.0, bbb=1385.0, ddd=494.62345000000875}, {aaa=387.0, ccc=-10386.0, bbb=1386.0, ddd=494.72345000000877}, {aaa=388.0, ccc=-10387.0, bbb=1387.0, ddd=494.8234500000088}, {aaa=389.0, ccc=-10388.0, bbb=1388.0, ddd=494.9234500000088}, {aaa=390.0, ccc=-10389.0, bbb=1389.0, ddd=495.02345000000884}, {aaa=391.0, ccc=-10390.0, bbb=1390.0, ddd=495.12345000000886}, {aaa=392.0, ccc=-10391.0, bbb=1391.0, ddd=495.2234500000089}, {aaa=393.0, ccc=-10392.0, bbb=1392.0, ddd=495.3234500000089}, {aaa=394.0, ccc=-10393.0, bbb=1393.0, ddd=495.4234500000089}, {aaa=395.0, ccc=-10394.0, bbb=1394.0, ddd=495.52345000000895}, {aaa=396.0, ccc=-10395.0, bbb=1395.0, ddd=495.623450000009}, {aaa=397.0, ccc=-10396.0, bbb=1396.0, ddd=495.723450000009}, {aaa=398.0, ccc=-10397.0, bbb=1397.0, ddd=495.823450000009}, {aaa=399.0, ccc=-10398.0, bbb=1398.0, ddd=495.92345000000904}, {aaa=400.0, ccc=-10399.0, bbb=1399.0, ddd=496.02345000000906}, {aaa=401.0, ccc=-10400.0, bbb=1400.0, ddd=496.1234500000091}, {aaa=402.0, ccc=-10401.0, bbb=1401.0, ddd=496.2234500000091}, {aaa=403.0, ccc=-10402.0, bbb=1402.0, ddd=496.32345000000913}, {aaa=404.0, ccc=-10403.0, bbb=1403.0, ddd=496.42345000000915}, {aaa=405.0, ccc=-10404.0, bbb=1404.0, ddd=496.5234500000092}, {aaa=406.0, ccc=-10405.0, bbb=1405.0, ddd=496.6234500000092}, {aaa=407.0, ccc=-10406.0, bbb=1406.0, ddd=496.7234500000092}, {aaa=408.0, ccc=-10407.0, bbb=1407.0, ddd=496.82345000000925}, {aaa=409.0, ccc=-10408.0, bbb=1408.0, ddd=496.92345000000927}, {aaa=410.0, ccc=-10409.0, bbb=1409.0, ddd=497.0234500000093}, {aaa=411.0, ccc=-10410.0, bbb=1410.0, ddd=497.1234500000093}, {aaa=412.0, ccc=-10411.0, bbb=1411.0, ddd=497.22345000000934}, {aaa=413.0, ccc=-10412.0, bbb=1412.0, ddd=497.32345000000936}, {aaa=414.0, ccc=-10413.0, bbb=1413.0, ddd=497.4234500000094}, {aaa=415.0, ccc=-10414.0, bbb=1414.0, ddd=497.5234500000094}, {aaa=416.0, ccc=-10415.0, bbb=1415.0, ddd=497.6234500000094}, {aaa=417.0, ccc=-10416.0, bbb=1416.0, ddd=497.72345000000945}, {aaa=418.0, ccc=-10417.0, bbb=1417.0, ddd=497.8234500000095}, {aaa=419.0, ccc=-10418.0, bbb=1418.0, ddd=497.9234500000095}, {aaa=420.0, ccc=-10419.0, bbb=1419.0, ddd=498.0234500000095}, {aaa=421.0, ccc=-10420.0, bbb=1420.0, ddd=498.12345000000954}, {aaa=422.0, ccc=-10421.0, bbb=1421.0, ddd=498.22345000000956}, {aaa=423.0, ccc=-10422.0, bbb=1422.0, ddd=498.3234500000096}, {aaa=424.0, ccc=-10423.0, bbb=1423.0, ddd=498.4234500000096}, {aaa=425.0, ccc=-10424.0, bbb=1424.0, ddd=498.52345000000963}, {aaa=426.0, ccc=-10425.0, bbb=1425.0, ddd=498.62345000000965}, {aaa=427.0, ccc=-10426.0, bbb=1426.0, ddd=498.7234500000097}, {aaa=428.0, ccc=-10427.0, bbb=1427.0, ddd=498.8234500000097}, {aaa=429.0, ccc=-10428.0, bbb=1428.0, ddd=498.9234500000097}, {aaa=430.0, ccc=-10429.0, bbb=1429.0, ddd=499.02345000000975}, {aaa=431.0, ccc=-10430.0, bbb=1430.0, ddd=499.12345000000977}, {aaa=432.0, ccc=-10431.0, bbb=1431.0, ddd=499.2234500000098}, {aaa=433.0, ccc=-10432.0, bbb=1432.0, ddd=499.3234500000098}, {aaa=434.0, ccc=-10433.0, bbb=1433.0, ddd=499.42345000000984}, {aaa=435.0, ccc=-10434.0, bbb=1434.0, ddd=499.52345000000986}, {aaa=436.0, ccc=-10435.0, bbb=1435.0, ddd=499.6234500000099}, {aaa=437.0, ccc=-10436.0, bbb=1436.0, ddd=499.7234500000099}, {aaa=438.0, ccc=-10437.0, bbb=1437.0, ddd=499.8234500000099}, {aaa=439.0, ccc=-10438.0, bbb=1438.0, ddd=499.92345000000995}, {aaa=440.0, ccc=-10439.0, bbb=1439.0, ddd=500.02345000001}, {aaa=441.0, ccc=-10440.0, bbb=1440.0, ddd=500.12345000001}, {aaa=442.0, ccc=-10441.0, bbb=1441.0, ddd=500.22345000001}, {aaa=443.0, ccc=-10442.0, bbb=1442.0, ddd=500.32345000001004}, {aaa=444.0, ccc=-10443.0, bbb=1443.0, ddd=500.42345000001006}, {aaa=445.0, ccc=-10444.0, bbb=1444.0, ddd=500.5234500000101}, {aaa=446.0, ccc=-10445.0, bbb=1445.0, ddd=500.6234500000101}, {aaa=447.0, ccc=-10446.0, bbb=1446.0, ddd=500.72345000001013}, {aaa=448.0, ccc=-10447.0, bbb=1447.0, ddd=500.82345000001015}, {aaa=449.0, ccc=-10448.0, bbb=1448.0, ddd=500.9234500000102}, {aaa=450.0, ccc=-10449.0, bbb=1449.0, ddd=501.0234500000102}, {aaa=451.0, ccc=-10450.0, bbb=1450.0, ddd=501.1234500000102}, {aaa=452.0, ccc=-10451.0, bbb=1451.0, ddd=501.22345000001025}, {aaa=453.0, ccc=-10452.0, bbb=1452.0, ddd=501.32345000001027}, {aaa=454.0, ccc=-10453.0, bbb=1453.0, ddd=501.4234500000103}, {aaa=455.0, ccc=-10454.0, bbb=1454.0, ddd=501.5234500000103}, {aaa=456.0, ccc=-10455.0, bbb=1455.0, ddd=501.62345000001034}, {aaa=457.0, ccc=-10456.0, bbb=1456.0, ddd=501.72345000001036}, {aaa=458.0, ccc=-10457.0, bbb=1457.0, ddd=501.8234500000104}, {aaa=459.0, ccc=-10458.0, bbb=1458.0, ddd=501.9234500000104}, {aaa=460.0, ccc=-10459.0, bbb=1459.0, ddd=502.0234500000104}, {aaa=461.0, ccc=-10460.0, bbb=1460.0, ddd=502.12345000001045}, {aaa=462.0, ccc=-10461.0, bbb=1461.0, ddd=502.2234500000105}, {aaa=463.0, ccc=-10462.0, bbb=1462.0, ddd=502.3234500000105}, {aaa=464.0, ccc=-10463.0, bbb=1463.0, ddd=502.4234500000105}, {aaa=465.0, ccc=-10464.0, bbb=1464.0, ddd=502.52345000001054}, {aaa=466.0, ccc=-10465.0, bbb=1465.0, ddd=502.62345000001056}, {aaa=467.0, ccc=-10466.0, bbb=1466.0, ddd=502.7234500000106}, {aaa=468.0, ccc=-10467.0, bbb=1467.0, ddd=502.8234500000106}, {aaa=469.0, ccc=-10468.0, bbb=1468.0, ddd=502.92345000001063}, {aaa=470.0, ccc=-10469.0, bbb=1469.0, ddd=503.02345000001066}, {aaa=471.0, ccc=-10470.0, bbb=1470.0, ddd=503.1234500000107}, {aaa=472.0, ccc=-10471.0, bbb=1471.0, ddd=503.2234500000107}, {aaa=473.0, ccc=-10472.0, bbb=1472.0, ddd=503.3234500000107}, {aaa=474.0, ccc=-10473.0, bbb=1473.0, ddd=503.42345000001075}, {aaa=475.0, ccc=-10474.0, bbb=1474.0, ddd=503.52345000001077}, {aaa=476.0, ccc=-10475.0, bbb=1475.0, ddd=503.6234500000108}, {aaa=477.0, ccc=-10476.0, bbb=1476.0, ddd=503.7234500000108}, {aaa=478.0, ccc=-10477.0, bbb=1477.0, ddd=503.82345000001084}, {aaa=479.0, ccc=-10478.0, bbb=1478.0, ddd=503.92345000001086}, {aaa=480.0, ccc=-10479.0, bbb=1479.0, ddd=504.0234500000109}, {aaa=481.0, ccc=-10480.0, bbb=1480.0, ddd=504.1234500000109}, {aaa=482.0, ccc=-10481.0, bbb=1481.0, ddd=504.2234500000109}, {aaa=483.0, ccc=-10482.0, bbb=1482.0, ddd=504.32345000001095}, {aaa=484.0, ccc=-10483.0, bbb=1483.0, ddd=504.423450000011}, {aaa=485.0, ccc=-10484.0, bbb=1484.0, ddd=504.523450000011}, {aaa=486.0, ccc=-10485.0, bbb=1485.0, ddd=504.623450000011}, {aaa=487.0, ccc=-10486.0, bbb=1486.0, ddd=504.72345000001104}, {aaa=488.0, ccc=-10487.0, bbb=1487.0, ddd=504.82345000001106}, {aaa=489.0, ccc=-10488.0, bbb=1488.0, ddd=504.9234500000111}, {aaa=490.0, ccc=-10489.0, bbb=1489.0, ddd=505.0234500000111}, {aaa=491.0, ccc=-10490.0, bbb=1490.0, ddd=505.12345000001113}, {aaa=492.0, ccc=-10491.0, bbb=1491.0, ddd=505.22345000001116}, {aaa=493.0, ccc=-10492.0, bbb=1492.0, ddd=505.3234500000112}, {aaa=494.0, ccc=-10493.0, bbb=1493.0, ddd=505.4234500000112}, {aaa=495.0, ccc=-10494.0, bbb=1494.0, ddd=505.5234500000112}, {aaa=496.0, ccc=-10495.0, bbb=1495.0, ddd=505.62345000001125}, {aaa=497.0, ccc=-10496.0, bbb=1496.0, ddd=505.72345000001127}, {aaa=498.0, ccc=-10497.0, bbb=1497.0, ddd=505.8234500000113}, {aaa=499.0, ccc=-10498.0, bbb=1498.0, ddd=505.9234500000113}, {aaa=500.0, ccc=-10499.0, bbb=1499.0, ddd=506.02345000001134}, {aaa=501.0, ccc=-10500.0, bbb=1500.0, ddd=506.12345000001136}, {aaa=502.0, ccc=-10501.0, bbb=1501.0, ddd=506.2234500000114}, {aaa=503.0, ccc=-10502.0, bbb=1502.0, ddd=506.3234500000114}, {aaa=504.0, ccc=-10503.0, bbb=1503.0, ddd=506.4234500000114}, {aaa=505.0, ccc=-10504.0, bbb=1504.0, ddd=506.52345000001145}, {aaa=506.0, ccc=-10505.0, bbb=1505.0, ddd=506.6234500000115}, {aaa=507.0, ccc=-10506.0, bbb=1506.0, ddd=506.7234500000115}, {aaa=508.0, ccc=-10507.0, bbb=1507.0, ddd=506.8234500000115}, {aaa=509.0, ccc=-10508.0, bbb=1508.0, ddd=506.92345000001154}, {aaa=510.0, ccc=-10509.0, bbb=1509.0, ddd=507.02345000001156}, {aaa=511.0, ccc=-10510.0, bbb=1510.0, ddd=507.1234500000116}, {aaa=512.0, ccc=-10511.0, bbb=1511.0, ddd=507.2234500000116}, {aaa=513.0, ccc=-10512.0, bbb=1512.0, ddd=507.32345000001163}, {aaa=514.0, ccc=-10513.0, bbb=1513.0, ddd=507.42345000001166}, {aaa=515.0, ccc=-10514.0, bbb=1514.0, ddd=507.5234500000117}, {aaa=516.0, ccc=-10515.0, bbb=1515.0, ddd=507.6234500000117}, {aaa=517.0, ccc=-10516.0, bbb=1516.0, ddd=507.7234500000117}, {aaa=518.0, ccc=-10517.0, bbb=1517.0, ddd=507.82345000001175}, {aaa=519.0, ccc=-10518.0, bbb=1518.0, ddd=507.92345000001177}, {aaa=520.0, ccc=-10519.0, bbb=1519.0, ddd=508.0234500000118}, {aaa=521.0, ccc=-10520.0, bbb=1520.0, ddd=508.1234500000118}, {aaa=522.0, ccc=-10521.0, bbb=1521.0, ddd=508.22345000001184}, {aaa=523.0, ccc=-10522.0, bbb=1522.0, ddd=508.32345000001186}, {aaa=524.0, ccc=-10523.0, bbb=1523.0, ddd=508.4234500000119}, {aaa=525.0, ccc=-10524.0, bbb=1524.0, ddd=508.5234500000119}, {aaa=526.0, ccc=-10525.0, bbb=1525.0, ddd=508.6234500000119}, {aaa=527.0, ccc=-10526.0, bbb=1526.0, ddd=508.72345000001195}, {aaa=528.0, ccc=-10527.0, bbb=1527.0, ddd=508.823450000012}, {aaa=529.0, ccc=-10528.0, bbb=1528.0, ddd=508.923450000012}, {aaa=530.0, ccc=-10529.0, bbb=1529.0, ddd=509.023450000012}, {aaa=531.0, ccc=-10530.0, bbb=1530.0, ddd=509.12345000001204}, {aaa=532.0, ccc=-10531.0, bbb=1531.0, ddd=509.22345000001206}, {aaa=533.0, ccc=-10532.0, bbb=1532.0, ddd=509.3234500000121}, {aaa=534.0, ccc=-10533.0, bbb=1533.0, ddd=509.4234500000121}, {aaa=535.0, ccc=-10534.0, bbb=1534.0, ddd=509.52345000001213}, {aaa=536.0, ccc=-10535.0, bbb=1535.0, ddd=509.62345000001216}, {aaa=537.0, ccc=-10536.0, bbb=1536.0, ddd=509.7234500000122}, {aaa=538.0, ccc=-10537.0, bbb=1537.0, ddd=509.8234500000122}, {aaa=539.0, ccc=-10538.0, bbb=1538.0, ddd=509.9234500000122}, {aaa=540.0, ccc=-10539.0, bbb=1539.0, ddd=510.02345000001225}, {aaa=541.0, ccc=-10540.0, bbb=1540.0, ddd=510.12345000001227}, {aaa=542.0, ccc=-10541.0, bbb=1541.0, ddd=510.2234500000123}, {aaa=543.0, ccc=-10542.0, bbb=1542.0, ddd=510.3234500000123}, {aaa=544.0, ccc=-10543.0, bbb=1543.0, ddd=510.42345000001234}, {aaa=545.0, ccc=-10544.0, bbb=1544.0, ddd=510.52345000001236}, {aaa=546.0, ccc=-10545.0, bbb=1545.0, ddd=510.6234500000124}, {aaa=547.0, ccc=-10546.0, bbb=1546.0, ddd=510.7234500000124}, {aaa=548.0, ccc=-10547.0, bbb=1547.0, ddd=510.82345000001243}, {aaa=549.0, ccc=-10548.0, bbb=1548.0, ddd=510.92345000001245}, {aaa=550.0, ccc=-10549.0, bbb=1549.0, ddd=511.0234500000125}, {aaa=551.0, ccc=-10550.0, bbb=1550.0, ddd=511.1234500000125}, {aaa=552.0, ccc=-10551.0, bbb=1551.0, ddd=511.2234500000125}, {aaa=553.0, ccc=-10552.0, bbb=1552.0, ddd=511.32345000001254}, {aaa=554.0, ccc=-10553.0, bbb=1553.0, ddd=511.42345000001256}, {aaa=555.0, ccc=-10554.0, bbb=1554.0, ddd=511.5234500000126}, {aaa=556.0, ccc=-10555.0, bbb=1555.0, ddd=511.6234500000126}, {aaa=557.0, ccc=-10556.0, bbb=1556.0, ddd=511.72345000001263}, {aaa=558.0, ccc=-10557.0, bbb=1557.0, ddd=511.82345000001266}, {aaa=559.0, ccc=-10558.0, bbb=1558.0, ddd=511.9234500000127}, {aaa=560.0, ccc=-10559.0, bbb=1559.0, ddd=512.0234500000126}, {aaa=561.0, ccc=-10560.0, bbb=1560.0, ddd=512.1234500000127}, {aaa=562.0, ccc=-10561.0, bbb=1561.0, ddd=512.2234500000127}, {aaa=563.0, ccc=-10562.0, bbb=1562.0, ddd=512.3234500000127}, {aaa=564.0, ccc=-10563.0, bbb=1563.0, ddd=512.4234500000127}, {aaa=565.0, ccc=-10564.0, bbb=1564.0, ddd=512.5234500000128}, {aaa=566.0, ccc=-10565.0, bbb=1565.0, ddd=512.6234500000128}, {aaa=567.0, ccc=-10566.0, bbb=1566.0, ddd=512.7234500000128}, {aaa=568.0, ccc=-10567.0, bbb=1567.0, ddd=512.8234500000128}, {aaa=569.0, ccc=-10568.0, bbb=1568.0, ddd=512.9234500000128}, {aaa=570.0, ccc=-10569.0, bbb=1569.0, ddd=513.0234500000129}, {aaa=571.0, ccc=-10570.0, bbb=1570.0, ddd=513.1234500000129}, {aaa=572.0, ccc=-10571.0, bbb=1571.0, ddd=513.2234500000129}, {aaa=573.0, ccc=-10572.0, bbb=1572.0, ddd=513.3234500000129}, {aaa=574.0, ccc=-10573.0, bbb=1573.0, ddd=513.423450000013}, {aaa=575.0, ccc=-10574.0, bbb=1574.0, ddd=513.523450000013}, {aaa=576.0, ccc=-10575.0, bbb=1575.0, ddd=513.623450000013}, {aaa=577.0, ccc=-10576.0, bbb=1576.0, ddd=513.723450000013}, {aaa=578.0, ccc=-10577.0, bbb=1577.0, ddd=513.823450000013}, {aaa=579.0, ccc=-10578.0, bbb=1578.0, ddd=513.9234500000131}, {aaa=580.0, ccc=-10579.0, bbb=1579.0, ddd=514.0234500000131}, {aaa=581.0, ccc=-10580.0, bbb=1580.0, ddd=514.1234500000131}, {aaa=582.0, ccc=-10581.0, bbb=1581.0, ddd=514.2234500000131}, {aaa=583.0, ccc=-10582.0, bbb=1582.0, ddd=514.3234500000132}, {aaa=584.0, ccc=-10583.0, bbb=1583.0, ddd=514.4234500000132}, {aaa=585.0, ccc=-10584.0, bbb=1584.0, ddd=514.5234500000132}, {aaa=586.0, ccc=-10585.0, bbb=1585.0, ddd=514.6234500000132}, {aaa=587.0, ccc=-10586.0, bbb=1586.0, ddd=514.7234500000133}, {aaa=588.0, ccc=-10587.0, bbb=1587.0, ddd=514.8234500000133}, {aaa=589.0, ccc=-10588.0, bbb=1588.0, ddd=514.9234500000133}, {aaa=590.0, ccc=-10589.0, bbb=1589.0, ddd=515.0234500000133}, {aaa=591.0, ccc=-10590.0, bbb=1590.0, ddd=515.1234500000133}, {aaa=592.0, ccc=-10591.0, bbb=1591.0, ddd=515.2234500000134}, {aaa=593.0, ccc=-10592.0, bbb=1592.0, ddd=515.3234500000134}, {aaa=594.0, ccc=-10593.0, bbb=1593.0, ddd=515.4234500000134}, {aaa=595.0, ccc=-10594.0, bbb=1594.0, ddd=515.5234500000134}, {aaa=596.0, ccc=-10595.0, bbb=1595.0, ddd=515.6234500000135}, {aaa=597.0, ccc=-10596.0, bbb=1596.0, ddd=515.7234500000135}, {aaa=598.0, ccc=-10597.0, bbb=1597.0, ddd=515.8234500000135}, {aaa=599.0, ccc=-10598.0, bbb=1598.0, ddd=515.9234500000135}, {aaa=600.0, ccc=-10599.0, bbb=1599.0, ddd=516.0234500000136}, {aaa=601.0, ccc=-10600.0, bbb=1600.0, ddd=516.1234500000136}, {aaa=602.0, ccc=-10601.0, bbb=1601.0, ddd=516.2234500000136}, {aaa=603.0, ccc=-10602.0, bbb=1602.0, ddd=516.3234500000136}, {aaa=604.0, ccc=-10603.0, bbb=1603.0, ddd=516.4234500000136}, {aaa=605.0, ccc=-10604.0, bbb=1604.0, ddd=516.5234500000137}, {aaa=606.0, ccc=-10605.0, bbb=1605.0, ddd=516.6234500000137}, {aaa=607.0, ccc=-10606.0, bbb=1606.0, ddd=516.7234500000137}, {aaa=608.0, ccc=-10607.0, bbb=1607.0, ddd=516.8234500000137}, {aaa=609.0, ccc=-10608.0, bbb=1608.0, ddd=516.9234500000138}, {aaa=610.0, ccc=-10609.0, bbb=1609.0, ddd=517.0234500000138}, {aaa=611.0, ccc=-10610.0, bbb=1610.0, ddd=517.1234500000138}, {aaa=612.0, ccc=-10611.0, bbb=1611.0, ddd=517.2234500000138}, {aaa=613.0, ccc=-10612.0, bbb=1612.0, ddd=517.3234500000138}, {aaa=614.0, ccc=-10613.0, bbb=1613.0, ddd=517.4234500000139}, {aaa=615.0, ccc=-10614.0, bbb=1614.0, ddd=517.5234500000139}, {aaa=616.0, ccc=-10615.0, bbb=1615.0, ddd=517.6234500000139}, {aaa=617.0, ccc=-10616.0, bbb=1616.0, ddd=517.7234500000139}, {aaa=618.0, ccc=-10617.0, bbb=1617.0, ddd=517.823450000014}, {aaa=619.0, ccc=-10618.0, bbb=1618.0, ddd=517.923450000014}, {aaa=620.0, ccc=-10619.0, bbb=1619.0, ddd=518.023450000014}, {aaa=621.0, ccc=-10620.0, bbb=1620.0, ddd=518.123450000014}, {aaa=622.0, ccc=-10621.0, bbb=1621.0, ddd=518.223450000014}, {aaa=623.0, ccc=-10622.0, bbb=1622.0, ddd=518.3234500000141}, {aaa=624.0, ccc=-10623.0, bbb=1623.0, ddd=518.4234500000141}, {aaa=625.0, ccc=-10624.0, bbb=1624.0, ddd=518.5234500000141}, {aaa=626.0, ccc=-10625.0, bbb=1625.0, ddd=518.6234500000141}, {aaa=627.0, ccc=-10626.0, bbb=1626.0, ddd=518.7234500000142}, {aaa=628.0, ccc=-10627.0, bbb=1627.0, ddd=518.8234500000142}, {aaa=629.0, ccc=-10628.0, bbb=1628.0, ddd=518.9234500000142}, {aaa=630.0, ccc=-10629.0, bbb=1629.0, ddd=519.0234500000142}, {aaa=631.0, ccc=-10630.0, bbb=1630.0, ddd=519.1234500000143}, {aaa=632.0, ccc=-10631.0, bbb=1631.0, ddd=519.2234500000143}, {aaa=633.0, ccc=-10632.0, bbb=1632.0, ddd=519.3234500000143}, {aaa=634.0, ccc=-10633.0, bbb=1633.0, ddd=519.4234500000143}, {aaa=635.0, ccc=-10634.0, bbb=1634.0, ddd=519.5234500000143}, {aaa=636.0, ccc=-10635.0, bbb=1635.0, ddd=519.6234500000144}, {aaa=637.0, ccc=-10636.0, bbb=1636.0, ddd=519.7234500000144}, {aaa=638.0, ccc=-10637.0, bbb=1637.0, ddd=519.8234500000144}, {aaa=639.0, ccc=-10638.0, bbb=1638.0, ddd=519.9234500000144}, {aaa=640.0, ccc=-10639.0, bbb=1639.0, ddd=520.0234500000145}, {aaa=641.0, ccc=-10640.0, bbb=1640.0, ddd=520.1234500000145}, {aaa=642.0, ccc=-10641.0, bbb=1641.0, ddd=520.2234500000145}, {aaa=643.0, ccc=-10642.0, bbb=1642.0, ddd=520.3234500000145}, {aaa=644.0, ccc=-10643.0, bbb=1643.0, ddd=520.4234500000146}, {aaa=645.0, ccc=-10644.0, bbb=1644.0, ddd=520.5234500000146}, {aaa=646.0, ccc=-10645.0, bbb=1645.0, ddd=520.6234500000146}, {aaa=647.0, ccc=-10646.0, bbb=1646.0, ddd=520.7234500000146}, {aaa=648.0, ccc=-10647.0, bbb=1647.0, ddd=520.8234500000146}, {aaa=649.0, ccc=-10648.0, bbb=1648.0, ddd=520.9234500000147}, {aaa=650.0, ccc=-10649.0, bbb=1649.0, ddd=521.0234500000147}, {aaa=651.0, ccc=-10650.0, bbb=1650.0, ddd=521.1234500000147}, {aaa=652.0, ccc=-10651.0, bbb=1651.0, ddd=521.2234500000147}, {aaa=653.0, ccc=-10652.0, bbb=1652.0, ddd=521.3234500000148}, {aaa=654.0, ccc=-10653.0, bbb=1653.0, ddd=521.4234500000148}, {aaa=655.0, ccc=-10654.0, bbb=1654.0, ddd=521.5234500000148}, {aaa=656.0, ccc=-10655.0, bbb=1655.0, ddd=521.6234500000148}, {aaa=657.0, ccc=-10656.0, bbb=1656.0, ddd=521.7234500000149}, {aaa=658.0, ccc=-10657.0, bbb=1657.0, ddd=521.8234500000149}, {aaa=659.0, ccc=-10658.0, bbb=1658.0, ddd=521.9234500000149}, {aaa=660.0, ccc=-10659.0, bbb=1659.0, ddd=522.0234500000149}, {aaa=661.0, ccc=-10660.0, bbb=1660.0, ddd=522.1234500000149}, {aaa=662.0, ccc=-10661.0, bbb=1661.0, ddd=522.223450000015}, {aaa=663.0, ccc=-10662.0, bbb=1662.0, ddd=522.323450000015}, {aaa=664.0, ccc=-10663.0, bbb=1663.0, ddd=522.423450000015}, {aaa=665.0, ccc=-10664.0, bbb=1664.0, ddd=522.523450000015}, {aaa=666.0, ccc=-10665.0, bbb=1665.0, ddd=522.623450000015}, {aaa=667.0, ccc=-10666.0, bbb=1666.0, ddd=522.7234500000151}, {aaa=668.0, ccc=-10667.0, bbb=1667.0, ddd=522.8234500000151}, {aaa=669.0, ccc=-10668.0, bbb=1668.0, ddd=522.9234500000151}, {aaa=670.0, ccc=-10669.0, bbb=1669.0, ddd=523.0234500000151}, {aaa=671.0, ccc=-10670.0, bbb=1670.0, ddd=523.1234500000152}, {aaa=672.0, ccc=-10671.0, bbb=1671.0, ddd=523.2234500000152}, {aaa=673.0, ccc=-10672.0, bbb=1672.0, ddd=523.3234500000152}, {aaa=674.0, ccc=-10673.0, bbb=1673.0, ddd=523.4234500000152}, {aaa=675.0, ccc=-10674.0, bbb=1674.0, ddd=523.5234500000153}, {aaa=676.0, ccc=-10675.0, bbb=1675.0, ddd=523.6234500000153}, {aaa=677.0, ccc=-10676.0, bbb=1676.0, ddd=523.7234500000153}, {aaa=678.0, ccc=-10677.0, bbb=1677.0, ddd=523.8234500000153}, {aaa=679.0, ccc=-10678.0, bbb=1678.0, ddd=523.9234500000154}, {aaa=680.0, ccc=-10679.0, bbb=1679.0, ddd=524.0234500000154}, {aaa=681.0, ccc=-10680.0, bbb=1680.0, ddd=524.1234500000154}, {aaa=682.0, ccc=-10681.0, bbb=1681.0, ddd=524.2234500000154}, {aaa=683.0, ccc=-10682.0, bbb=1682.0, ddd=524.3234500000154}, {aaa=684.0, ccc=-10683.0, bbb=1683.0, ddd=524.4234500000155}, {aaa=685.0, ccc=-10684.0, bbb=1684.0, ddd=524.5234500000155}, {aaa=686.0, ccc=-10685.0, bbb=1685.0, ddd=524.6234500000155}, {aaa=687.0, ccc=-10686.0, bbb=1686.0, ddd=524.7234500000155}, {aaa=688.0, ccc=-10687.0, bbb=1687.0, ddd=524.8234500000156}, {aaa=689.0, ccc=-10688.0, bbb=1688.0, ddd=524.9234500000156}, {aaa=690.0, ccc=-10689.0, bbb=1689.0, ddd=525.0234500000156}, {aaa=691.0, ccc=-10690.0, bbb=1690.0, ddd=525.1234500000156}, {aaa=692.0, ccc=-10691.0, bbb=1691.0, ddd=525.2234500000156}, {aaa=693.0, ccc=-10692.0, bbb=1692.0, ddd=525.3234500000157}, {aaa=694.0, ccc=-10693.0, bbb=1693.0, ddd=525.4234500000157}, {aaa=695.0, ccc=-10694.0, bbb=1694.0, ddd=525.5234500000157}, {aaa=696.0, ccc=-10695.0, bbb=1695.0, ddd=525.6234500000157}, {aaa=697.0, ccc=-10696.0, bbb=1696.0, ddd=525.7234500000158}, {aaa=698.0, ccc=-10697.0, bbb=1697.0, ddd=525.8234500000158}, {aaa=699.0, ccc=-10698.0, bbb=1698.0, ddd=525.9234500000158}, {aaa=700.0, ccc=-10699.0, bbb=1699.0, ddd=526.0234500000158}, {aaa=701.0, ccc=-10700.0, bbb=1700.0, ddd=526.1234500000159}, {aaa=702.0, ccc=-10701.0, bbb=1701.0, ddd=526.2234500000159}, {aaa=703.0, ccc=-10702.0, bbb=1702.0, ddd=526.3234500000159}, {aaa=704.0, ccc=-10703.0, bbb=1703.0, ddd=526.4234500000159}, {aaa=705.0, ccc=-10704.0, bbb=1704.0, ddd=526.5234500000159}, {aaa=706.0, ccc=-10705.0, bbb=1705.0, ddd=526.623450000016}, {aaa=707.0, ccc=-10706.0, bbb=1706.0, ddd=526.723450000016}, {aaa=708.0, ccc=-10707.0, bbb=1707.0, ddd=526.823450000016}, {aaa=709.0, ccc=-10708.0, bbb=1708.0, ddd=526.923450000016}, {aaa=710.0, ccc=-10709.0, bbb=1709.0, ddd=527.023450000016}, {aaa=711.0, ccc=-10710.0, bbb=1710.0, ddd=527.1234500000161}, {aaa=712.0, ccc=-10711.0, bbb=1711.0, ddd=527.2234500000161}, {aaa=713.0, ccc=-10712.0, bbb=1712.0, ddd=527.3234500000161}, {aaa=714.0, ccc=-10713.0, bbb=1713.0, ddd=527.4234500000161}, {aaa=715.0, ccc=-10714.0, bbb=1714.0, ddd=527.5234500000162}, {aaa=716.0, ccc=-10715.0, bbb=1715.0, ddd=527.6234500000162}, {aaa=717.0, ccc=-10716.0, bbb=1716.0, ddd=527.7234500000162}, {aaa=718.0, ccc=-10717.0, bbb=1717.0, ddd=527.8234500000162}, {aaa=719.0, ccc=-10718.0, bbb=1718.0, ddd=527.9234500000163}, {aaa=720.0, ccc=-10719.0, bbb=1719.0, ddd=528.0234500000163}, {aaa=721.0, ccc=-10720.0, bbb=1720.0, ddd=528.1234500000163}, {aaa=722.0, ccc=-10721.0, bbb=1721.0, ddd=528.2234500000163}, {aaa=723.0, ccc=-10722.0, bbb=1722.0, ddd=528.3234500000164}, {aaa=724.0, ccc=-10723.0, bbb=1723.0, ddd=528.4234500000164}, {aaa=725.0, ccc=-10724.0, bbb=1724.0, ddd=528.5234500000164}, {aaa=726.0, ccc=-10725.0, bbb=1725.0, ddd=528.6234500000164}, {aaa=727.0, ccc=-10726.0, bbb=1726.0, ddd=528.7234500000164}, {aaa=728.0, ccc=-10727.0, bbb=1727.0, ddd=528.8234500000165}, {aaa=729.0, ccc=-10728.0, bbb=1728.0, ddd=528.9234500000165}, {aaa=730.0, ccc=-10729.0, bbb=1729.0, ddd=529.0234500000165}, {aaa=731.0, ccc=-10730.0, bbb=1730.0, ddd=529.1234500000165}, {aaa=732.0, ccc=-10731.0, bbb=1731.0, ddd=529.2234500000166}, {aaa=733.0, ccc=-10732.0, bbb=1732.0, ddd=529.3234500000166}, {aaa=734.0, ccc=-10733.0, bbb=1733.0, ddd=529.4234500000166}, {aaa=735.0, ccc=-10734.0, bbb=1734.0, ddd=529.5234500000166}, {aaa=736.0, ccc=-10735.0, bbb=1735.0, ddd=529.6234500000166}, {aaa=737.0, ccc=-10736.0, bbb=1736.0, ddd=529.7234500000167}, {aaa=738.0, ccc=-10737.0, bbb=1737.0, ddd=529.8234500000167}, {aaa=739.0, ccc=-10738.0, bbb=1738.0, ddd=529.9234500000167}, {aaa=740.0, ccc=-10739.0, bbb=1739.0, ddd=530.0234500000167}, {aaa=741.0, ccc=-10740.0, bbb=1740.0, ddd=530.1234500000168}, {aaa=742.0, ccc=-10741.0, bbb=1741.0, ddd=530.2234500000168}, {aaa=743.0, ccc=-10742.0, bbb=1742.0, ddd=530.3234500000168}, {aaa=744.0, ccc=-10743.0, bbb=1743.0, ddd=530.4234500000168}, {aaa=745.0, ccc=-10744.0, bbb=1744.0, ddd=530.5234500000169}, {aaa=746.0, ccc=-10745.0, bbb=1745.0, ddd=530.6234500000169}, {aaa=747.0, ccc=-10746.0, bbb=1746.0, ddd=530.7234500000169}, {aaa=748.0, ccc=-10747.0, bbb=1747.0, ddd=530.8234500000169}, {aaa=749.0, ccc=-10748.0, bbb=1748.0, ddd=530.9234500000169}, {aaa=750.0, ccc=-10749.0, bbb=1749.0, ddd=531.023450000017}, {aaa=751.0, ccc=-10750.0, bbb=1750.0, ddd=531.123450000017}, {aaa=752.0, ccc=-10751.0, bbb=1751.0, ddd=531.223450000017}, {aaa=753.0, ccc=-10752.0, bbb=1752.0, ddd=531.323450000017}, {aaa=754.0, ccc=-10753.0, bbb=1753.0, ddd=531.423450000017}, {aaa=755.0, ccc=-10754.0, bbb=1754.0, ddd=531.5234500000171}, {aaa=756.0, ccc=-10755.0, bbb=1755.0, ddd=531.6234500000171}, {aaa=757.0, ccc=-10756.0, bbb=1756.0, ddd=531.7234500000171}, {aaa=758.0, ccc=-10757.0, bbb=1757.0, ddd=531.8234500000171}, {aaa=759.0, ccc=-10758.0, bbb=1758.0, ddd=531.9234500000172}, {aaa=760.0, ccc=-10759.0, bbb=1759.0, ddd=532.0234500000172}, {aaa=761.0, ccc=-10760.0, bbb=1760.0, ddd=532.1234500000172}, {aaa=762.0, ccc=-10761.0, bbb=1761.0, ddd=532.2234500000172}, {aaa=763.0, ccc=-10762.0, bbb=1762.0, ddd=532.3234500000173}, {aaa=764.0, ccc=-10763.0, bbb=1763.0, ddd=532.4234500000173}, {aaa=765.0, ccc=-10764.0, bbb=1764.0, ddd=532.5234500000173}, {aaa=766.0, ccc=-10765.0, bbb=1765.0, ddd=532.6234500000173}, {aaa=767.0, ccc=-10766.0, bbb=1766.0, ddd=532.7234500000174}, {aaa=768.0, ccc=-10767.0, bbb=1767.0, ddd=532.8234500000174}, {aaa=769.0, ccc=-10768.0, bbb=1768.0, ddd=532.9234500000174}, {aaa=770.0, ccc=-10769.0, bbb=1769.0, ddd=533.0234500000174}, {aaa=771.0, ccc=-10770.0, bbb=1770.0, ddd=533.1234500000174}, {aaa=772.0, ccc=-10771.0, bbb=1771.0, ddd=533.2234500000175}, {aaa=773.0, ccc=-10772.0, bbb=1772.0, ddd=533.3234500000175}, {aaa=774.0, ccc=-10773.0, bbb=1773.0, ddd=533.4234500000175}, {aaa=775.0, ccc=-10774.0, bbb=1774.0, ddd=533.5234500000175}, {aaa=776.0, ccc=-10775.0, bbb=1775.0, ddd=533.6234500000176}, {aaa=777.0, ccc=-10776.0, bbb=1776.0, ddd=533.7234500000176}, {aaa=778.0, ccc=-10777.0, bbb=1777.0, ddd=533.8234500000176}, {aaa=779.0, ccc=-10778.0, bbb=1778.0, ddd=533.9234500000176}, {aaa=780.0, ccc=-10779.0, bbb=1779.0, ddd=534.0234500000176}, {aaa=781.0, ccc=-10780.0, bbb=1780.0, ddd=534.1234500000177}, {aaa=782.0, ccc=-10781.0, bbb=1781.0, ddd=534.2234500000177}, {aaa=783.0, ccc=-10782.0, bbb=1782.0, ddd=534.3234500000177}, {aaa=784.0, ccc=-10783.0, bbb=1783.0, ddd=534.4234500000177}, {aaa=785.0, ccc=-10784.0, bbb=1784.0, ddd=534.5234500000178}, {aaa=786.0, ccc=-10785.0, bbb=1785.0, ddd=534.6234500000178}, {aaa=787.0, ccc=-10786.0, bbb=1786.0, ddd=534.7234500000178}, {aaa=788.0, ccc=-10787.0, bbb=1787.0, ddd=534.8234500000178}, {aaa=789.0, ccc=-10788.0, bbb=1788.0, ddd=534.9234500000179}, {aaa=790.0, ccc=-10789.0, bbb=1789.0, ddd=535.0234500000179}, {aaa=791.0, ccc=-10790.0, bbb=1790.0, ddd=535.1234500000179}, {aaa=792.0, ccc=-10791.0, bbb=1791.0, ddd=535.2234500000179}, {aaa=793.0, ccc=-10792.0, bbb=1792.0, ddd=535.3234500000179}, {aaa=794.0, ccc=-10793.0, bbb=1793.0, ddd=535.423450000018}, {aaa=795.0, ccc=-10794.0, bbb=1794.0, ddd=535.523450000018}, {aaa=796.0, ccc=-10795.0, bbb=1795.0, ddd=535.623450000018}, {aaa=797.0, ccc=-10796.0, bbb=1796.0, ddd=535.723450000018}, {aaa=798.0, ccc=-10797.0, bbb=1797.0, ddd=535.823450000018}, {aaa=799.0, ccc=-10798.0, bbb=1798.0, ddd=535.9234500000181}, {aaa=800.0, ccc=-10799.0, bbb=1799.0, ddd=536.0234500000181}, {aaa=801.0, ccc=-10800.0, bbb=1800.0, ddd=536.1234500000181}, {aaa=802.0, ccc=-10801.0, bbb=1801.0, ddd=536.2234500000181}, {aaa=803.0, ccc=-10802.0, bbb=1802.0, ddd=536.3234500000182}, {aaa=804.0, ccc=-10803.0, bbb=1803.0, ddd=536.4234500000182}, {aaa=805.0, ccc=-10804.0, bbb=1804.0, ddd=536.5234500000182}, {aaa=806.0, ccc=-10805.0, bbb=1805.0, ddd=536.6234500000182}, {aaa=807.0, ccc=-10806.0, bbb=1806.0, ddd=536.7234500000183}, {aaa=808.0, ccc=-10807.0, bbb=1807.0, ddd=536.8234500000183}, {aaa=809.0, ccc=-10808.0, bbb=1808.0, ddd=536.9234500000183}, {aaa=810.0, ccc=-10809.0, bbb=1809.0, ddd=537.0234500000183}, {aaa=811.0, ccc=-10810.0, bbb=1810.0, ddd=537.1234500000184}, {aaa=812.0, ccc=-10811.0, bbb=1811.0, ddd=537.2234500000184}, {aaa=813.0, ccc=-10812.0, bbb=1812.0, ddd=537.3234500000184}, {aaa=814.0, ccc=-10813.0, bbb=1813.0, ddd=537.4234500000184}, {aaa=815.0, ccc=-10814.0, bbb=1814.0, ddd=537.5234500000184}, {aaa=816.0, ccc=-10815.0, bbb=1815.0, ddd=537.6234500000185}, {aaa=817.0, ccc=-10816.0, bbb=1816.0, ddd=537.7234500000185}, {aaa=818.0, ccc=-10817.0, bbb=1817.0, ddd=537.8234500000185}, {aaa=819.0, ccc=-10818.0, bbb=1818.0, ddd=537.9234500000185}, {aaa=820.0, ccc=-10819.0, bbb=1819.0, ddd=538.0234500000186}, {aaa=821.0, ccc=-10820.0, bbb=1820.0, ddd=538.1234500000186}, {aaa=822.0, ccc=-10821.0, bbb=1821.0, ddd=538.2234500000186}, {aaa=823.0, ccc=-10822.0, bbb=1822.0, ddd=538.3234500000186}, {aaa=824.0, ccc=-10823.0, bbb=1823.0, ddd=538.4234500000186}, {aaa=825.0, ccc=-10824.0, bbb=1824.0, ddd=538.5234500000187}, {aaa=826.0, ccc=-10825.0, bbb=1825.0, ddd=538.6234500000187}, {aaa=827.0, ccc=-10826.0, bbb=1826.0, ddd=538.7234500000187}, {aaa=828.0, ccc=-10827.0, bbb=1827.0, ddd=538.8234500000187}, {aaa=829.0, ccc=-10828.0, bbb=1828.0, ddd=538.9234500000188}, {aaa=830.0, ccc=-10829.0, bbb=1829.0, ddd=539.0234500000188}, {aaa=831.0, ccc=-10830.0, bbb=1830.0, ddd=539.1234500000188}, {aaa=832.0, ccc=-10831.0, bbb=1831.0, ddd=539.2234500000188}, {aaa=833.0, ccc=-10832.0, bbb=1832.0, ddd=539.3234500000189}, {aaa=834.0, ccc=-10833.0, bbb=1833.0, ddd=539.4234500000189}, {aaa=835.0, ccc=-10834.0, bbb=1834.0, ddd=539.5234500000189}, {aaa=836.0, ccc=-10835.0, bbb=1835.0, ddd=539.6234500000189}, {aaa=837.0, ccc=-10836.0, bbb=1836.0, ddd=539.7234500000189}, {aaa=838.0, ccc=-10837.0, bbb=1837.0, ddd=539.823450000019}, {aaa=839.0, ccc=-10838.0, bbb=1838.0, ddd=539.923450000019}, {aaa=840.0, ccc=-10839.0, bbb=1839.0, ddd=540.023450000019}, {aaa=841.0, ccc=-10840.0, bbb=1840.0, ddd=540.123450000019}, {aaa=842.0, ccc=-10841.0, bbb=1841.0, ddd=540.223450000019}, {aaa=843.0, ccc=-10842.0, bbb=1842.0, ddd=540.3234500000191}, {aaa=844.0, ccc=-10843.0, bbb=1843.0, ddd=540.4234500000191}, {aaa=845.0, ccc=-10844.0, bbb=1844.0, ddd=540.5234500000191}, {aaa=846.0, ccc=-10845.0, bbb=1845.0, ddd=540.6234500000191}, {aaa=847.0, ccc=-10846.0, bbb=1846.0, ddd=540.7234500000192}, {aaa=848.0, ccc=-10847.0, bbb=1847.0, ddd=540.8234500000192}, {aaa=849.0, ccc=-10848.0, bbb=1848.0, ddd=540.9234500000192}, {aaa=850.0, ccc=-10849.0, bbb=1849.0, ddd=541.0234500000192}, {aaa=851.0, ccc=-10850.0, bbb=1850.0, ddd=541.1234500000193}, {aaa=852.0, ccc=-10851.0, bbb=1851.0, ddd=541.2234500000193}, {aaa=853.0, ccc=-10852.0, bbb=1852.0, ddd=541.3234500000193}, {aaa=854.0, ccc=-10853.0, bbb=1853.0, ddd=541.4234500000193}, {aaa=855.0, ccc=-10854.0, bbb=1854.0, ddd=541.5234500000194}, {aaa=856.0, ccc=-10855.0, bbb=1855.0, ddd=541.6234500000194}, {aaa=857.0, ccc=-10856.0, bbb=1856.0, ddd=541.7234500000194}, {aaa=858.0, ccc=-10857.0, bbb=1857.0, ddd=541.8234500000194}, {aaa=859.0, ccc=-10858.0, bbb=1858.0, ddd=541.9234500000194}, {aaa=860.0, ccc=-10859.0, bbb=1859.0, ddd=542.0234500000195}, {aaa=861.0, ccc=-10860.0, bbb=1860.0, ddd=542.1234500000195}, {aaa=862.0, ccc=-10861.0, bbb=1861.0, ddd=542.2234500000195}, {aaa=863.0, ccc=-10862.0, bbb=1862.0, ddd=542.3234500000195}, {aaa=864.0, ccc=-10863.0, bbb=1863.0, ddd=542.4234500000196}, {aaa=865.0, ccc=-10864.0, bbb=1864.0, ddd=542.5234500000196}, {aaa=866.0, ccc=-10865.0, bbb=1865.0, ddd=542.6234500000196}, {aaa=867.0, ccc=-10866.0, bbb=1866.0, ddd=542.7234500000196}, {aaa=868.0, ccc=-10867.0, bbb=1867.0, ddd=542.8234500000196}, {aaa=869.0, ccc=-10868.0, bbb=1868.0, ddd=542.9234500000197}, {aaa=870.0, ccc=-10869.0, bbb=1869.0, ddd=543.0234500000197}, {aaa=871.0, ccc=-10870.0, bbb=1870.0, ddd=543.1234500000197}, {aaa=872.0, ccc=-10871.0, bbb=1871.0, ddd=543.2234500000197}, {aaa=873.0, ccc=-10872.0, bbb=1872.0, ddd=543.3234500000198}, {aaa=874.0, ccc=-10873.0, bbb=1873.0, ddd=543.4234500000198}, {aaa=875.0, ccc=-10874.0, bbb=1874.0, ddd=543.5234500000198}, {aaa=876.0, ccc=-10875.0, bbb=1875.0, ddd=543.6234500000198}, {aaa=877.0, ccc=-10876.0, bbb=1876.0, ddd=543.7234500000199}, {aaa=878.0, ccc=-10877.0, bbb=1877.0, ddd=543.8234500000199}, {aaa=879.0, ccc=-10878.0, bbb=1878.0, ddd=543.9234500000199}, {aaa=880.0, ccc=-10879.0, bbb=1879.0, ddd=544.0234500000199}, {aaa=881.0, ccc=-10880.0, bbb=1880.0, ddd=544.12345000002}, {aaa=882.0, ccc=-10881.0, bbb=1881.0, ddd=544.22345000002}, {aaa=883.0, ccc=-10882.0, bbb=1882.0, ddd=544.32345000002}, {aaa=884.0, ccc=-10883.0, bbb=1883.0, ddd=544.42345000002}, {aaa=885.0, ccc=-10884.0, bbb=1884.0, ddd=544.52345000002}, {aaa=886.0, ccc=-10885.0, bbb=1885.0, ddd=544.6234500000201}, {aaa=887.0, ccc=-10886.0, bbb=1886.0, ddd=544.7234500000201}, {aaa=888.0, ccc=-10887.0, bbb=1887.0, ddd=544.8234500000201}, {aaa=889.0, ccc=-10888.0, bbb=1888.0, ddd=544.9234500000201}, {aaa=890.0, ccc=-10889.0, bbb=1889.0, ddd=545.0234500000201}, {aaa=891.0, ccc=-10890.0, bbb=1890.0, ddd=545.1234500000202}, {aaa=892.0, ccc=-10891.0, bbb=1891.0, ddd=545.2234500000202}, {aaa=893.0, ccc=-10892.0, bbb=1892.0, ddd=545.3234500000202}, {aaa=894.0, ccc=-10893.0, bbb=1893.0, ddd=545.4234500000202}, {aaa=895.0, ccc=-10894.0, bbb=1894.0, ddd=545.5234500000203}, {aaa=896.0, ccc=-10895.0, bbb=1895.0, ddd=545.6234500000203}, {aaa=897.0, ccc=-10896.0, bbb=1896.0, ddd=545.7234500000203}, {aaa=898.0, ccc=-10897.0, bbb=1897.0, ddd=545.8234500000203}, {aaa=899.0, ccc=-10898.0, bbb=1898.0, ddd=545.9234500000204}, {aaa=900.0, ccc=-10899.0, bbb=1899.0, ddd=546.0234500000204}, {aaa=901.0, ccc=-10900.0, bbb=1900.0, ddd=546.1234500000204}, {aaa=902.0, ccc=-10901.0, bbb=1901.0, ddd=546.2234500000204}, {aaa=903.0, ccc=-10902.0, bbb=1902.0, ddd=546.3234500000204}, {aaa=904.0, ccc=-10903.0, bbb=1903.0, ddd=546.4234500000205}, {aaa=905.0, ccc=-10904.0, bbb=1904.0, ddd=546.5234500000205}, {aaa=906.0, ccc=-10905.0, bbb=1905.0, ddd=546.6234500000205}, {aaa=907.0, ccc=-10906.0, bbb=1906.0, ddd=546.7234500000205}, {aaa=908.0, ccc=-10907.0, bbb=1907.0, ddd=546.8234500000206}, {aaa=909.0, ccc=-10908.0, bbb=1908.0, ddd=546.9234500000206}, {aaa=910.0, ccc=-10909.0, bbb=1909.0, ddd=547.0234500000206}, {aaa=911.0, ccc=-10910.0, bbb=1910.0, ddd=547.1234500000206}, {aaa=912.0, ccc=-10911.0, bbb=1911.0, ddd=547.2234500000206}, {aaa=913.0, ccc=-10912.0, bbb=1912.0, ddd=547.3234500000207}, {aaa=914.0, ccc=-10913.0, bbb=1913.0, ddd=547.4234500000207}, {aaa=915.0, ccc=-10914.0, bbb=1914.0, ddd=547.5234500000207}, {aaa=916.0, ccc=-10915.0, bbb=1915.0, ddd=547.6234500000207}, {aaa=917.0, ccc=-10916.0, bbb=1916.0, ddd=547.7234500000208}, {aaa=918.0, ccc=-10917.0, bbb=1917.0, ddd=547.8234500000208}, {aaa=919.0, ccc=-10918.0, bbb=1918.0, ddd=547.9234500000208}, {aaa=920.0, ccc=-10919.0, bbb=1919.0, ddd=548.0234500000208}, {aaa=921.0, ccc=-10920.0, bbb=1920.0, ddd=548.1234500000209}, {aaa=922.0, ccc=-10921.0, bbb=1921.0, ddd=548.2234500000209}, {aaa=923.0, ccc=-10922.0, bbb=1922.0, ddd=548.3234500000209}, {aaa=924.0, ccc=-10923.0, bbb=1923.0, ddd=548.4234500000209}, {aaa=925.0, ccc=-10924.0, bbb=1924.0, ddd=548.523450000021}, {aaa=926.0, ccc=-10925.0, bbb=1925.0, ddd=548.623450000021}, {aaa=927.0, ccc=-10926.0, bbb=1926.0, ddd=548.723450000021}, {aaa=928.0, ccc=-10927.0, bbb=1927.0, ddd=548.823450000021}, {aaa=929.0, ccc=-10928.0, bbb=1928.0, ddd=548.923450000021}, {aaa=930.0, ccc=-10929.0, bbb=1929.0, ddd=549.0234500000211}, {aaa=931.0, ccc=-10930.0, bbb=1930.0, ddd=549.1234500000211}, {aaa=932.0, ccc=-10931.0, bbb=1931.0, ddd=549.2234500000211}, {aaa=933.0, ccc=-10932.0, bbb=1932.0, ddd=549.3234500000211}, {aaa=934.0, ccc=-10933.0, bbb=1933.0, ddd=549.4234500000211}, {aaa=935.0, ccc=-10934.0, bbb=1934.0, ddd=549.5234500000212}, {aaa=936.0, ccc=-10935.0, bbb=1935.0, ddd=549.6234500000212}, {aaa=937.0, ccc=-10936.0, bbb=1936.0, ddd=549.7234500000212}, {aaa=938.0, ccc=-10937.0, bbb=1937.0, ddd=549.8234500000212}, {aaa=939.0, ccc=-10938.0, bbb=1938.0, ddd=549.9234500000213}, {aaa=940.0, ccc=-10939.0, bbb=1939.0, ddd=550.0234500000213}, {aaa=941.0, ccc=-10940.0, bbb=1940.0, ddd=550.1234500000213}, {aaa=942.0, ccc=-10941.0, bbb=1941.0, ddd=550.2234500000213}, {aaa=943.0, ccc=-10942.0, bbb=1942.0, ddd=550.3234500000214}, {aaa=944.0, ccc=-10943.0, bbb=1943.0, ddd=550.4234500000214}, {aaa=945.0, ccc=-10944.0, bbb=1944.0, ddd=550.5234500000214}, {aaa=946.0, ccc=-10945.0, bbb=1945.0, ddd=550.6234500000214}, {aaa=947.0, ccc=-10946.0, bbb=1946.0, ddd=550.7234500000214}, {aaa=948.0, ccc=-10947.0, bbb=1947.0, ddd=550.8234500000215}, {aaa=949.0, ccc=-10948.0, bbb=1948.0, ddd=550.9234500000215}, {aaa=950.0, ccc=-10949.0, bbb=1949.0, ddd=551.0234500000215}, {aaa=951.0, ccc=-10950.0, bbb=1950.0, ddd=551.1234500000215}, {aaa=952.0, ccc=-10951.0, bbb=1951.0, ddd=551.2234500000216}, {aaa=953.0, ccc=-10952.0, bbb=1952.0, ddd=551.3234500000216}, {aaa=954.0, ccc=-10953.0, bbb=1953.0, ddd=551.4234500000216}, {aaa=955.0, ccc=-10954.0, bbb=1954.0, ddd=551.5234500000216}, {aaa=956.0, ccc=-10955.0, bbb=1955.0, ddd=551.6234500000216}, {aaa=957.0, ccc=-10956.0, bbb=1956.0, ddd=551.7234500000217}, {aaa=958.0, ccc=-10957.0, bbb=1957.0, ddd=551.8234500000217}, {aaa=959.0, ccc=-10958.0, bbb=1958.0, ddd=551.9234500000217}, {aaa=960.0, ccc=-10959.0, bbb=1959.0, ddd=552.0234500000217}, {aaa=961.0, ccc=-10960.0, bbb=1960.0, ddd=552.1234500000218}, {aaa=962.0, ccc=-10961.0, bbb=1961.0, ddd=552.2234500000218}, {aaa=963.0, ccc=-10962.0, bbb=1962.0, ddd=552.3234500000218}, {aaa=964.0, ccc=-10963.0, bbb=1963.0, ddd=552.4234500000218}, {aaa=965.0, ccc=-10964.0, bbb=1964.0, ddd=552.5234500000219}, {aaa=966.0, ccc=-10965.0, bbb=1965.0, ddd=552.6234500000219}, {aaa=967.0, ccc=-10966.0, bbb=1966.0, ddd=552.7234500000219}, {aaa=968.0, ccc=-10967.0, bbb=1967.0, ddd=552.8234500000219}, {aaa=969.0, ccc=-10968.0, bbb=1968.0, ddd=552.923450000022}, {aaa=970.0, ccc=-10969.0, bbb=1969.0, ddd=553.023450000022}, {aaa=971.0, ccc=-10970.0, bbb=1970.0, ddd=553.123450000022}, {aaa=972.0, ccc=-10971.0, bbb=1971.0, ddd=553.223450000022}, {aaa=973.0, ccc=-10972.0, bbb=1972.0, ddd=553.323450000022}, {aaa=974.0, ccc=-10973.0, bbb=1973.0, ddd=553.4234500000221}, {aaa=975.0, ccc=-10974.0, bbb=1974.0, ddd=553.5234500000221}, {aaa=976.0, ccc=-10975.0, bbb=1975.0, ddd=553.6234500000221}, {aaa=977.0, ccc=-10976.0, bbb=1976.0, ddd=553.7234500000221}, {aaa=978.0, ccc=-10977.0, bbb=1977.0, ddd=553.8234500000221}, {aaa=979.0, ccc=-10978.0, bbb=1978.0, ddd=553.9234500000222}, {aaa=980.0, ccc=-10979.0, bbb=1979.0, ddd=554.0234500000222}, {aaa=981.0, ccc=-10980.0, bbb=1980.0, ddd=554.1234500000222}, {aaa=982.0, ccc=-10981.0, bbb=1981.0, ddd=554.2234500000222}, {aaa=983.0, ccc=-10982.0, bbb=1982.0, ddd=554.3234500000223}, {aaa=984.0, ccc=-10983.0, bbb=1983.0, ddd=554.4234500000223}, {aaa=985.0, ccc=-10984.0, bbb=1984.0, ddd=554.5234500000223}, {aaa=986.0, ccc=-10985.0, bbb=1985.0, ddd=554.6234500000223}, {aaa=987.0, ccc=-10986.0, bbb=1986.0, ddd=554.7234500000224}, {aaa=988.0, ccc=-10987.0, bbb=1987.0, ddd=554.8234500000224}, {aaa=989.0, ccc=-10988.0, bbb=1988.0, ddd=554.9234500000224}, {aaa=990.0, ccc=-10989.0, bbb=1989.0, ddd=555.0234500000224}, {aaa=991.0, ccc=-10990.0, bbb=1990.0, ddd=555.1234500000224}, {aaa=992.0, ccc=-10991.0, bbb=1991.0, ddd=555.2234500000225}, {aaa=993.0, ccc=-10992.0, bbb=1992.0, ddd=555.3234500000225}, {aaa=994.0, ccc=-10993.0, bbb=1993.0, ddd=555.4234500000225}, {aaa=995.0, ccc=-10994.0, bbb=1994.0, ddd=555.5234500000225}, {aaa=996.0, ccc=-10995.0, bbb=1995.0, ddd=555.6234500000226}, {aaa=997.0, ccc=-10996.0, bbb=1996.0, ddd=555.7234500000226}, {aaa=998.0, ccc=-10997.0, bbb=1997.0, ddd=555.8234500000226}, {aaa=999.0, ccc=-10998.0, bbb=1998.0, ddd=555.9234500000226}, {aaa=1000.0, ccc=-10999.0, bbb=1999.0, ddd=556.0234500000226}, {aaa=1001.0, ccc=-11000.0, bbb=2000.0, ddd=556.1234500000227}, {aaa=1002.0, ccc=-11001.0, bbb=2001.0, ddd=556.2234500000227}, {aaa=1003.0, ccc=-11002.0, bbb=2002.0, ddd=556.3234500000227}, {aaa=1004.0, ccc=-11003.0, bbb=2003.0, ddd=556.4234500000227}, {aaa=1005.0, ccc=-11004.0, bbb=2004.0, ddd=556.5234500000228}, {aaa=1006.0, ccc=-11005.0, bbb=2005.0, ddd=556.6234500000228}, {aaa=1007.0, ccc=-11006.0, bbb=2006.0, ddd=556.7234500000228}, {aaa=1008.0, ccc=-11007.0, bbb=2007.0, ddd=556.8234500000228}, {aaa=1009.0, ccc=-11008.0, bbb=2008.0, ddd=556.9234500000229}, {aaa=1010.0, ccc=-11009.0, bbb=2009.0, ddd=557.0234500000229}, {aaa=1011.0, ccc=-11010.0, bbb=2010.0, ddd=557.1234500000229}, {aaa=1012.0, ccc=-11011.0, bbb=2011.0, ddd=557.2234500000229}, {aaa=1013.0, ccc=-11012.0, bbb=2012.0, ddd=557.323450000023}, {aaa=1014.0, ccc=-11013.0, bbb=2013.0, ddd=557.423450000023}, {aaa=1015.0, ccc=-11014.0, bbb=2014.0, ddd=557.523450000023}, {aaa=1016.0, ccc=-11015.0, bbb=2015.0, ddd=557.623450000023}, {aaa=1017.0, ccc=-11016.0, bbb=2016.0, ddd=557.723450000023}, {aaa=1018.0, ccc=-11017.0, bbb=2017.0, ddd=557.8234500000231}, {aaa=1019.0, ccc=-11018.0, bbb=2018.0, ddd=557.9234500000231}, {aaa=1020.0, ccc=-11019.0, bbb=2019.0, ddd=558.0234500000231}, {aaa=1021.0, ccc=-11020.0, bbb=2020.0, ddd=558.1234500000231}, {aaa=1022.0, ccc=-11021.0, bbb=2021.0, ddd=558.2234500000231}, {aaa=1023.0, ccc=-11022.0, bbb=2022.0, ddd=558.3234500000232}, {aaa=1024.0, ccc=-11023.0, bbb=2023.0, ddd=558.4234500000232}, {aaa=1025.0, ccc=-11024.0, bbb=2024.0, ddd=558.5234500000232}, {aaa=1026.0, ccc=-11025.0, bbb=2025.0, ddd=558.6234500000232}, {aaa=1027.0, ccc=-11026.0, bbb=2026.0, ddd=558.7234500000233}, {aaa=1028.0, ccc=-11027.0, bbb=2027.0, ddd=558.8234500000233}, {aaa=1029.0, ccc=-11028.0, bbb=2028.0, ddd=558.9234500000233}, {aaa=1030.0, ccc=-11029.0, bbb=2029.0, ddd=559.0234500000233}, {aaa=1031.0, ccc=-11030.0, bbb=2030.0, ddd=559.1234500000234}, {aaa=1032.0, ccc=-11031.0, bbb=2031.0, ddd=559.2234500000234}, {aaa=1033.0, ccc=-11032.0, bbb=2032.0, ddd=559.3234500000234}, {aaa=1034.0, ccc=-11033.0, bbb=2033.0, ddd=559.4234500000234}, {aaa=1035.0, ccc=-11034.0, bbb=2034.0, ddd=559.5234500000234}, {aaa=1036.0, ccc=-11035.0, bbb=2035.0, ddd=559.6234500000235}, {aaa=1037.0, ccc=-11036.0, bbb=2036.0, ddd=559.7234500000235}, {aaa=1038.0, ccc=-11037.0, bbb=2037.0, ddd=559.8234500000235}, {aaa=1039.0, ccc=-11038.0, bbb=2038.0, ddd=559.9234500000235}, {aaa=1040.0, ccc=-11039.0, bbb=2039.0, ddd=560.0234500000236}, {aaa=1041.0, ccc=-11040.0, bbb=2040.0, ddd=560.1234500000236}, {aaa=1042.0, ccc=-11041.0, bbb=2041.0, ddd=560.2234500000236}, {aaa=1043.0, ccc=-11042.0, bbb=2042.0, ddd=560.3234500000236}, {aaa=1044.0, ccc=-11043.0, bbb=2043.0, ddd=560.4234500000236}, {aaa=1045.0, ccc=-11044.0, bbb=2044.0, ddd=560.5234500000237}, {aaa=1046.0, ccc=-11045.0, bbb=2045.0, ddd=560.6234500000237}, {aaa=1047.0, ccc=-11046.0, bbb=2046.0, ddd=560.7234500000237}, {aaa=1048.0, ccc=-11047.0, bbb=2047.0, ddd=560.8234500000237}, {aaa=1049.0, ccc=-11048.0, bbb=2048.0, ddd=560.9234500000238}, {aaa=1050.0, ccc=-11049.0, bbb=2049.0, ddd=561.0234500000238}, {aaa=1051.0, ccc=-11050.0, bbb=2050.0, ddd=561.1234500000238}, {aaa=1052.0, ccc=-11051.0, bbb=2051.0, ddd=561.2234500000238}, {aaa=1053.0, ccc=-11052.0, bbb=2052.0, ddd=561.3234500000239}, {aaa=1054.0, ccc=-11053.0, bbb=2053.0, ddd=561.4234500000239}, {aaa=1055.0, ccc=-11054.0, bbb=2054.0, ddd=561.5234500000239}, {aaa=1056.0, ccc=-11055.0, bbb=2055.0, ddd=561.6234500000239}, {aaa=1057.0, ccc=-11056.0, bbb=2056.0, ddd=561.723450000024}, {aaa=1058.0, ccc=-11057.0, bbb=2057.0, ddd=561.823450000024}, {aaa=1059.0, ccc=-11058.0, bbb=2058.0, ddd=561.923450000024}, {aaa=1060.0, ccc=-11059.0, bbb=2059.0, ddd=562.023450000024}, {aaa=1061.0, ccc=-11060.0, bbb=2060.0, ddd=562.123450000024}, {aaa=1062.0, ccc=-11061.0, bbb=2061.0, ddd=562.2234500000241}, {aaa=1063.0, ccc=-11062.0, bbb=2062.0, ddd=562.3234500000241}, {aaa=1064.0, ccc=-11063.0, bbb=2063.0, ddd=562.4234500000241}, {aaa=1065.0, ccc=-11064.0, bbb=2064.0, ddd=562.5234500000241}, {aaa=1066.0, ccc=-11065.0, bbb=2065.0, ddd=562.6234500000241}, {aaa=1067.0, ccc=-11066.0, bbb=2066.0, ddd=562.7234500000242}, {aaa=1068.0, ccc=-11067.0, bbb=2067.0, ddd=562.8234500000242}, {aaa=1069.0, ccc=-11068.0, bbb=2068.0, ddd=562.9234500000242}, {aaa=1070.0, ccc=-11069.0, bbb=2069.0, ddd=563.0234500000242}, {aaa=1071.0, ccc=-11070.0, bbb=2070.0, ddd=563.1234500000243}, {aaa=1072.0, ccc=-11071.0, bbb=2071.0, ddd=563.2234500000243}, {aaa=1073.0, ccc=-11072.0, bbb=2072.0, ddd=563.3234500000243}, {aaa=1074.0, ccc=-11073.0, bbb=2073.0, ddd=563.4234500000243}, {aaa=1075.0, ccc=-11074.0, bbb=2074.0, ddd=563.5234500000244}, {aaa=1076.0, ccc=-11075.0, bbb=2075.0, ddd=563.6234500000244}, {aaa=1077.0, ccc=-11076.0, bbb=2076.0, ddd=563.7234500000244}, {aaa=1078.0, ccc=-11077.0, bbb=2077.0, ddd=563.8234500000244}, {aaa=1079.0, ccc=-11078.0, bbb=2078.0, ddd=563.9234500000244}, {aaa=1080.0, ccc=-11079.0, bbb=2079.0, ddd=564.0234500000245}, {aaa=1081.0, ccc=-11080.0, bbb=2080.0, ddd=564.1234500000245}, {aaa=1082.0, ccc=-11081.0, bbb=2081.0, ddd=564.2234500000245}, {aaa=1083.0, ccc=-11082.0, bbb=2082.0, ddd=564.3234500000245}, {aaa=1084.0, ccc=-11083.0, bbb=2083.0, ddd=564.4234500000246}, {aaa=1085.0, ccc=-11084.0, bbb=2084.0, ddd=564.5234500000246}, {aaa=1086.0, ccc=-11085.0, bbb=2085.0, ddd=564.6234500000246}, {aaa=1087.0, ccc=-11086.0, bbb=2086.0, ddd=564.7234500000246}, {aaa=1088.0, ccc=-11087.0, bbb=2087.0, ddd=564.8234500000246}, {aaa=1089.0, ccc=-11088.0, bbb=2088.0, ddd=564.9234500000247}, {aaa=1090.0, ccc=-11089.0, bbb=2089.0, ddd=565.0234500000247}, {aaa=1091.0, ccc=-11090.0, bbb=2090.0, ddd=565.1234500000247}, {aaa=1092.0, ccc=-11091.0, bbb=2091.0, ddd=565.2234500000247}, {aaa=1093.0, ccc=-11092.0, bbb=2092.0, ddd=565.3234500000248}, {aaa=1094.0, ccc=-11093.0, bbb=2093.0, ddd=565.4234500000248}, {aaa=1095.0, ccc=-11094.0, bbb=2094.0, ddd=565.5234500000248}, {aaa=1096.0, ccc=-11095.0, bbb=2095.0, ddd=565.6234500000248}, {aaa=1097.0, ccc=-11096.0, bbb=2096.0, ddd=565.7234500000249}, {aaa=1098.0, ccc=-11097.0, bbb=2097.0, ddd=565.8234500000249}, {aaa=1099.0, ccc=-11098.0, bbb=2098.0, ddd=565.9234500000249}, {aaa=1100.0, ccc=-11099.0, bbb=2099.0, ddd=566.0234500000249}, {aaa=1101.0, ccc=-11100.0, bbb=2100.0, ddd=566.123450000025}, {aaa=1102.0, ccc=-11101.0, bbb=2101.0, ddd=566.223450000025}, {aaa=1103.0, ccc=-11102.0, bbb=2102.0, ddd=566.323450000025}, {aaa=1104.0, ccc=-11103.0, bbb=2103.0, ddd=566.423450000025}, {aaa=1105.0, ccc=-11104.0, bbb=2104.0, ddd=566.523450000025}, {aaa=1106.0, ccc=-11105.0, bbb=2105.0, ddd=566.6234500000251}, {aaa=1107.0, ccc=-11106.0, bbb=2106.0, ddd=566.7234500000251}, {aaa=1108.0, ccc=-11107.0, bbb=2107.0, ddd=566.8234500000251}, {aaa=1109.0, ccc=-11108.0, bbb=2108.0, ddd=566.9234500000251}, {aaa=1110.0, ccc=-11109.0, bbb=2109.0, ddd=567.0234500000252}, {aaa=1111.0, ccc=-11110.0, bbb=2110.0, ddd=567.1234500000252}, {aaa=1112.0, ccc=-11111.0, bbb=2111.0, ddd=567.2234500000252}, {aaa=1113.0, ccc=-11112.0, bbb=2112.0, ddd=567.3234500000252}, {aaa=1114.0, ccc=-11113.0, bbb=2113.0, ddd=567.4234500000252}, {aaa=1115.0, ccc=-11114.0, bbb=2114.0, ddd=567.5234500000253}, {aaa=1116.0, ccc=-11115.0, bbb=2115.0, ddd=567.6234500000253}, {aaa=1117.0, ccc=-11116.0, bbb=2116.0, ddd=567.7234500000253}, {aaa=1118.0, ccc=-11117.0, bbb=2117.0, ddd=567.8234500000253}, {aaa=1119.0, ccc=-11118.0, bbb=2118.0, ddd=567.9234500000254}, {aaa=1120.0, ccc=-11119.0, bbb=2119.0, ddd=568.0234500000254}, {aaa=1121.0, ccc=-11120.0, bbb=2120.0, ddd=568.1234500000254}, {aaa=1122.0, ccc=-11121.0, bbb=2121.0, ddd=568.2234500000254}, {aaa=1123.0, ccc=-11122.0, bbb=2122.0, ddd=568.3234500000254}, {aaa=1124.0, ccc=-11123.0, bbb=2123.0, ddd=568.4234500000255}, {aaa=1125.0, ccc=-11124.0, bbb=2124.0, ddd=568.5234500000255}, {aaa=1126.0, ccc=-11125.0, bbb=2125.0, ddd=568.6234500000255}, {aaa=1127.0, ccc=-11126.0, bbb=2126.0, ddd=568.7234500000255}, {aaa=1128.0, ccc=-11127.0, bbb=2127.0, ddd=568.8234500000256}, {aaa=1129.0, ccc=-11128.0, bbb=2128.0, ddd=568.9234500000256}, {aaa=1130.0, ccc=-11129.0, bbb=2129.0, ddd=569.0234500000256}, {aaa=1131.0, ccc=-11130.0, bbb=2130.0, ddd=569.1234500000256}, {aaa=1132.0, ccc=-11131.0, bbb=2131.0, ddd=569.2234500000257}, {aaa=1133.0, ccc=-11132.0, bbb=2132.0, ddd=569.3234500000257}, {aaa=1134.0, ccc=-11133.0, bbb=2133.0, ddd=569.4234500000257}, {aaa=1135.0, ccc=-11134.0, bbb=2134.0, ddd=569.5234500000257}, {aaa=1136.0, ccc=-11135.0, bbb=2135.0, ddd=569.6234500000257}, {aaa=1137.0, ccc=-11136.0, bbb=2136.0, ddd=569.7234500000258}, {aaa=1138.0, ccc=-11137.0, bbb=2137.0, ddd=569.8234500000258}, {aaa=1139.0, ccc=-11138.0, bbb=2138.0, ddd=569.9234500000258}, {aaa=1140.0, ccc=-11139.0, bbb=2139.0, ddd=570.0234500000258}, {aaa=1141.0, ccc=-11140.0, bbb=2140.0, ddd=570.1234500000259}, {aaa=1142.0, ccc=-11141.0, bbb=2141.0, ddd=570.2234500000259}, {aaa=1143.0, ccc=-11142.0, bbb=2142.0, ddd=570.3234500000259}, {aaa=1144.0, ccc=-11143.0, bbb=2143.0, ddd=570.4234500000259}, {aaa=1145.0, ccc=-11144.0, bbb=2144.0, ddd=570.523450000026}, {aaa=1146.0, ccc=-11145.0, bbb=2145.0, ddd=570.623450000026}, {aaa=1147.0, ccc=-11146.0, bbb=2146.0, ddd=570.723450000026}, {aaa=1148.0, ccc=-11147.0, bbb=2147.0, ddd=570.823450000026}, {aaa=1149.0, ccc=-11148.0, bbb=2148.0, ddd=570.923450000026}, {aaa=1150.0, ccc=-11149.0, bbb=2149.0, ddd=571.0234500000261}, {aaa=1151.0, ccc=-11150.0, bbb=2150.0, ddd=571.1234500000261}, {aaa=1152.0, ccc=-11151.0, bbb=2151.0, ddd=571.2234500000261}, {aaa=1153.0, ccc=-11152.0, bbb=2152.0, ddd=571.3234500000261}, {aaa=1154.0, ccc=-11153.0, bbb=2153.0, ddd=571.4234500000262}, {aaa=1155.0, ccc=-11154.0, bbb=2154.0, ddd=571.5234500000262}, {aaa=1156.0, ccc=-11155.0, bbb=2155.0, ddd=571.6234500000262}, {aaa=1157.0, ccc=-11156.0, bbb=2156.0, ddd=571.7234500000262}, {aaa=1158.0, ccc=-11157.0, bbb=2157.0, ddd=571.8234500000262}, {aaa=1159.0, ccc=-11158.0, bbb=2158.0, ddd=571.9234500000263}, {aaa=1160.0, ccc=-11159.0, bbb=2159.0, ddd=572.0234500000263}, {aaa=1161.0, ccc=-11160.0, bbb=2160.0, ddd=572.1234500000263}, {aaa=1162.0, ccc=-11161.0, bbb=2161.0, ddd=572.2234500000263}, {aaa=1163.0, ccc=-11162.0, bbb=2162.0, ddd=572.3234500000264}, {aaa=1164.0, ccc=-11163.0, bbb=2163.0, ddd=572.4234500000264}, {aaa=1165.0, ccc=-11164.0, bbb=2164.0, ddd=572.5234500000264}, {aaa=1166.0, ccc=-11165.0, bbb=2165.0, ddd=572.6234500000264}, {aaa=1167.0, ccc=-11166.0, bbb=2166.0, ddd=572.7234500000264}, {aaa=1168.0, ccc=-11167.0, bbb=2167.0, ddd=572.8234500000265}, {aaa=1169.0, ccc=-11168.0, bbb=2168.0, ddd=572.9234500000265}, {aaa=1170.0, ccc=-11169.0, bbb=2169.0, ddd=573.0234500000265}, {aaa=1171.0, ccc=-11170.0, bbb=2170.0, ddd=573.1234500000265}, {aaa=1172.0, ccc=-11171.0, bbb=2171.0, ddd=573.2234500000266}, {aaa=1173.0, ccc=-11172.0, bbb=2172.0, ddd=573.3234500000266}, {aaa=1174.0, ccc=-11173.0, bbb=2173.0, ddd=573.4234500000266}, {aaa=1175.0, ccc=-11174.0, bbb=2174.0, ddd=573.5234500000266}, {aaa=1176.0, ccc=-11175.0, bbb=2175.0, ddd=573.6234500000267}, {aaa=1177.0, ccc=-11176.0, bbb=2176.0, ddd=573.7234500000267}, {aaa=1178.0, ccc=-11177.0, bbb=2177.0, ddd=573.8234500000267}, {aaa=1179.0, ccc=-11178.0, bbb=2178.0, ddd=573.9234500000267}, {aaa=1180.0, ccc=-11179.0, bbb=2179.0, ddd=574.0234500000267}, {aaa=1181.0, ccc=-11180.0, bbb=2180.0, ddd=574.1234500000268}, {aaa=1182.0, ccc=-11181.0, bbb=2181.0, ddd=574.2234500000268}, {aaa=1183.0, ccc=-11182.0, bbb=2182.0, ddd=574.3234500000268}, {aaa=1184.0, ccc=-11183.0, bbb=2183.0, ddd=574.4234500000268}, {aaa=1185.0, ccc=-11184.0, bbb=2184.0, ddd=574.5234500000269}, {aaa=1186.0, ccc=-11185.0, bbb=2185.0, ddd=574.6234500000269}, {aaa=1187.0, ccc=-11186.0, bbb=2186.0, ddd=574.7234500000269}, {aaa=1188.0, ccc=-11187.0, bbb=2187.0, ddd=574.8234500000269}, {aaa=1189.0, ccc=-11188.0, bbb=2188.0, ddd=574.923450000027}, {aaa=1190.0, ccc=-11189.0, bbb=2189.0, ddd=575.023450000027}, {aaa=1191.0, ccc=-11190.0, bbb=2190.0, ddd=575.123450000027}, {aaa=1192.0, ccc=-11191.0, bbb=2191.0, ddd=575.223450000027}, {aaa=1193.0, ccc=-11192.0, bbb=2192.0, ddd=575.323450000027}, {aaa=1194.0, ccc=-11193.0, bbb=2193.0, ddd=575.4234500000271}, {aaa=1195.0, ccc=-11194.0, bbb=2194.0, ddd=575.5234500000271}, {aaa=1196.0, ccc=-11195.0, bbb=2195.0, ddd=575.6234500000271}, {aaa=1197.0, ccc=-11196.0, bbb=2196.0, ddd=575.7234500000271}, {aaa=1198.0, ccc=-11197.0, bbb=2197.0, ddd=575.8234500000272}, {aaa=1199.0, ccc=-11198.0, bbb=2198.0, ddd=575.9234500000272}, {aaa=1200.0, ccc=-11199.0, bbb=2199.0, ddd=576.0234500000272}, {aaa=1201.0, ccc=-11200.0, bbb=2200.0, ddd=576.1234500000272}, {aaa=1202.0, ccc=-11201.0, bbb=2201.0, ddd=576.2234500000272}, {aaa=1203.0, ccc=-11202.0, bbb=2202.0, ddd=576.3234500000273}, {aaa=1204.0, ccc=-11203.0, bbb=2203.0, ddd=576.4234500000273}, {aaa=1205.0, ccc=-11204.0, bbb=2204.0, ddd=576.5234500000273}, {aaa=1206.0, ccc=-11205.0, bbb=2205.0, ddd=576.6234500000273}, {aaa=1207.0, ccc=-11206.0, bbb=2206.0, ddd=576.7234500000274}, {aaa=1208.0, ccc=-11207.0, bbb=2207.0, ddd=576.8234500000274}, {aaa=1209.0, ccc=-11208.0, bbb=2208.0, ddd=576.9234500000274}, {aaa=1210.0, ccc=-11209.0, bbb=2209.0, ddd=577.0234500000274}, {aaa=1211.0, ccc=-11210.0, bbb=2210.0, ddd=577.1234500000274}, {aaa=1212.0, ccc=-11211.0, bbb=2211.0, ddd=577.2234500000275}, {aaa=1213.0, ccc=-11212.0, bbb=2212.0, ddd=577.3234500000275}, {aaa=1214.0, ccc=-11213.0, bbb=2213.0, ddd=577.4234500000275}, {aaa=1215.0, ccc=-11214.0, bbb=2214.0, ddd=577.5234500000275}, {aaa=1216.0, ccc=-11215.0, bbb=2215.0, ddd=577.6234500000276}, {aaa=1217.0, ccc=-11216.0, bbb=2216.0, ddd=577.7234500000276}, {aaa=1218.0, ccc=-11217.0, bbb=2217.0, ddd=577.8234500000276}, {aaa=1219.0, ccc=-11218.0, bbb=2218.0, ddd=577.9234500000276}, {aaa=1220.0, ccc=-11219.0, bbb=2219.0, ddd=578.0234500000277}, {aaa=1221.0, ccc=-11220.0, bbb=2220.0, ddd=578.1234500000277}, {aaa=1222.0, ccc=-11221.0, bbb=2221.0, ddd=578.2234500000277}, {aaa=1223.0, ccc=-11222.0, bbb=2222.0, ddd=578.3234500000277}, {aaa=1224.0, ccc=-11223.0, bbb=2223.0, ddd=578.4234500000277}, {aaa=1225.0, ccc=-11224.0, bbb=2224.0, ddd=578.5234500000278}, {aaa=1226.0, ccc=-11225.0, bbb=2225.0, ddd=578.6234500000278}, {aaa=1227.0, ccc=-11226.0, bbb=2226.0, ddd=578.7234500000278}, {aaa=1228.0, ccc=-11227.0, bbb=2227.0, ddd=578.8234500000278}, {aaa=1229.0, ccc=-11228.0, bbb=2228.0, ddd=578.9234500000279}, {aaa=1230.0, ccc=-11229.0, bbb=2229.0, ddd=579.0234500000279}, {aaa=1231.0, ccc=-11230.0, bbb=2230.0, ddd=579.1234500000279}, {aaa=1232.0, ccc=-11231.0, bbb=2231.0, ddd=579.2234500000279}, {aaa=1233.0, ccc=-11232.0, bbb=2232.0, ddd=579.323450000028}, {aaa=1234.0, ccc=-11233.0, bbb=2233.0, ddd=579.423450000028}, {aaa=1235.0, ccc=-11234.0, bbb=2234.0, ddd=579.523450000028}, {aaa=1236.0, ccc=-11235.0, bbb=2235.0, ddd=579.623450000028}, {aaa=1237.0, ccc=-11236.0, bbb=2236.0, ddd=579.723450000028}, {aaa=1238.0, ccc=-11237.0, bbb=2237.0, ddd=579.8234500000281}, {aaa=1239.0, ccc=-11238.0, bbb=2238.0, ddd=579.9234500000281}, {aaa=1240.0, ccc=-11239.0, bbb=2239.0, ddd=580.0234500000281}, {aaa=1241.0, ccc=-11240.0, bbb=2240.0, ddd=580.1234500000281}, {aaa=1242.0, ccc=-11241.0, bbb=2241.0, ddd=580.2234500000282}, {aaa=1243.0, ccc=-11242.0, bbb=2242.0, ddd=580.3234500000282}, {aaa=1244.0, ccc=-11243.0, bbb=2243.0, ddd=580.4234500000282}, {aaa=1245.0, ccc=-11244.0, bbb=2244.0, ddd=580.5234500000282}, {aaa=1246.0, ccc=-11245.0, bbb=2245.0, ddd=580.6234500000282}, {aaa=1247.0, ccc=-11246.0, bbb=2246.0, ddd=580.7234500000283}, {aaa=1248.0, ccc=-11247.0, bbb=2247.0, ddd=580.8234500000283}, {aaa=1249.0, ccc=-11248.0, bbb=2248.0, ddd=580.9234500000283}, {aaa=1250.0, ccc=-11249.0, bbb=2249.0, ddd=581.0234500000283}, {aaa=1251.0, ccc=-11250.0, bbb=2250.0, ddd=581.1234500000284}, {aaa=1252.0, ccc=-11251.0, bbb=2251.0, ddd=581.2234500000284}, {aaa=1253.0, ccc=-11252.0, bbb=2252.0, ddd=581.3234500000284}, {aaa=1254.0, ccc=-11253.0, bbb=2253.0, ddd=581.4234500000284}, {aaa=1255.0, ccc=-11254.0, bbb=2254.0, ddd=581.5234500000284}, {aaa=1256.0, ccc=-11255.0, bbb=2255.0, ddd=581.6234500000285}, {aaa=1257.0, ccc=-11256.0, bbb=2256.0, ddd=581.7234500000285}, {aaa=1258.0, ccc=-11257.0, bbb=2257.0, ddd=581.8234500000285}, {aaa=1259.0, ccc=-11258.0, bbb=2258.0, ddd=581.9234500000285}, {aaa=1260.0, ccc=-11259.0, bbb=2259.0, ddd=582.0234500000286}, {aaa=1261.0, ccc=-11260.0, bbb=2260.0, ddd=582.1234500000286}, {aaa=1262.0, ccc=-11261.0, bbb=2261.0, ddd=582.2234500000286}, {aaa=1263.0, ccc=-11262.0, bbb=2262.0, ddd=582.3234500000286}, {aaa=1264.0, ccc=-11263.0, bbb=2263.0, ddd=582.4234500000287}, {aaa=1265.0, ccc=-11264.0, bbb=2264.0, ddd=582.5234500000287}, {aaa=1266.0, ccc=-11265.0, bbb=2265.0, ddd=582.6234500000287}, {aaa=1267.0, ccc=-11266.0, bbb=2266.0, ddd=582.7234500000287}, {aaa=1268.0, ccc=-11267.0, bbb=2267.0, ddd=582.8234500000287}, {aaa=1269.0, ccc=-11268.0, bbb=2268.0, ddd=582.9234500000288}, {aaa=1270.0, ccc=-11269.0, bbb=2269.0, ddd=583.0234500000288}, {aaa=1271.0, ccc=-11270.0, bbb=2270.0, ddd=583.1234500000288}, {aaa=1272.0, ccc=-11271.0, bbb=2271.0, ddd=583.2234500000288}, {aaa=1273.0, ccc=-11272.0, bbb=2272.0, ddd=583.3234500000289}, {aaa=1274.0, ccc=-11273.0, bbb=2273.0, ddd=583.4234500000289}, {aaa=1275.0, ccc=-11274.0, bbb=2274.0, ddd=583.5234500000289}, {aaa=1276.0, ccc=-11275.0, bbb=2275.0, ddd=583.6234500000289}, {aaa=1277.0, ccc=-11276.0, bbb=2276.0, ddd=583.723450000029}, {aaa=1278.0, ccc=-11277.0, bbb=2277.0, ddd=583.823450000029}, {aaa=1279.0, ccc=-11278.0, bbb=2278.0, ddd=583.923450000029}, {aaa=1280.0, ccc=-11279.0, bbb=2279.0, ddd=584.023450000029}, {aaa=1281.0, ccc=-11280.0, bbb=2280.0, ddd=584.123450000029}, {aaa=1282.0, ccc=-11281.0, bbb=2281.0, ddd=584.2234500000291}, {aaa=1283.0, ccc=-11282.0, bbb=2282.0, ddd=584.3234500000291}, {aaa=1284.0, ccc=-11283.0, bbb=2283.0, ddd=584.4234500000291}, {aaa=1285.0, ccc=-11284.0, bbb=2284.0, ddd=584.5234500000291}, {aaa=1286.0, ccc=-11285.0, bbb=2285.0, ddd=584.6234500000292}, {aaa=1287.0, ccc=-11286.0, bbb=2286.0, ddd=584.7234500000292}, {aaa=1288.0, ccc=-11287.0, bbb=2287.0, ddd=584.8234500000292}, {aaa=1289.0, ccc=-11288.0, bbb=2288.0, ddd=584.9234500000292}, {aaa=1290.0, ccc=-11289.0, bbb=2289.0, ddd=585.0234500000292}, {aaa=1291.0, ccc=-11290.0, bbb=2290.0, ddd=585.1234500000293}, {aaa=1292.0, ccc=-11291.0, bbb=2291.0, ddd=585.2234500000293}, {aaa=1293.0, ccc=-11292.0, bbb=2292.0, ddd=585.3234500000293}, {aaa=1294.0, ccc=-11293.0, bbb=2293.0, ddd=585.4234500000293}, {aaa=1295.0, ccc=-11294.0, bbb=2294.0, ddd=585.5234500000294}, {aaa=1296.0, ccc=-11295.0, bbb=2295.0, ddd=585.6234500000294}, {aaa=1297.0, ccc=-11296.0, bbb=2296.0, ddd=585.7234500000294}, {aaa=1298.0, ccc=-11297.0, bbb=2297.0, ddd=585.8234500000294}, {aaa=1299.0, ccc=-11298.0, bbb=2298.0, ddd=585.9234500000294}, {aaa=1300.0, ccc=-11299.0, bbb=2299.0, ddd=586.0234500000295}, {aaa=1301.0, ccc=-11300.0, bbb=2300.0, ddd=586.1234500000295}, {aaa=1302.0, ccc=-11301.0, bbb=2301.0, ddd=586.2234500000295}, {aaa=1303.0, ccc=-11302.0, bbb=2302.0, ddd=586.3234500000295}, {aaa=1304.0, ccc=-11303.0, bbb=2303.0, ddd=586.4234500000296}, {aaa=1305.0, ccc=-11304.0, bbb=2304.0, ddd=586.5234500000296}, {aaa=1306.0, ccc=-11305.0, bbb=2305.0, ddd=586.6234500000296}, {aaa=1307.0, ccc=-11306.0, bbb=2306.0, ddd=586.7234500000296}, {aaa=1308.0, ccc=-11307.0, bbb=2307.0, ddd=586.8234500000297}, {aaa=1309.0, ccc=-11308.0, bbb=2308.0, ddd=586.9234500000297}, {aaa=1310.0, ccc=-11309.0, bbb=2309.0, ddd=587.0234500000297}, {aaa=1311.0, ccc=-11310.0, bbb=2310.0, ddd=587.1234500000297}, {aaa=1312.0, ccc=-11311.0, bbb=2311.0, ddd=587.2234500000297}, {aaa=1313.0, ccc=-11312.0, bbb=2312.0, ddd=587.3234500000298}, {aaa=1314.0, ccc=-11313.0, bbb=2313.0, ddd=587.4234500000298}, {aaa=1315.0, ccc=-11314.0, bbb=2314.0, ddd=587.5234500000298}, {aaa=1316.0, ccc=-11315.0, bbb=2315.0, ddd=587.6234500000298}, {aaa=1317.0, ccc=-11316.0, bbb=2316.0, ddd=587.7234500000299}, {aaa=1318.0, ccc=-11317.0, bbb=2317.0, ddd=587.8234500000299}, {aaa=1319.0, ccc=-11318.0, bbb=2318.0, ddd=587.9234500000299}, {aaa=1320.0, ccc=-11319.0, bbb=2319.0, ddd=588.0234500000299}, {aaa=1321.0, ccc=-11320.0, bbb=2320.0, ddd=588.12345000003}, {aaa=1322.0, ccc=-11321.0, bbb=2321.0, ddd=588.22345000003}, {aaa=1323.0, ccc=-11322.0, bbb=2322.0, ddd=588.32345000003}, {aaa=1324.0, ccc=-11323.0, bbb=2323.0, ddd=588.42345000003}, {aaa=1325.0, ccc=-11324.0, bbb=2324.0, ddd=588.52345000003}, {aaa=1326.0, ccc=-11325.0, bbb=2325.0, ddd=588.6234500000301}, {aaa=1327.0, ccc=-11326.0, bbb=2326.0, ddd=588.7234500000301}, {aaa=1328.0, ccc=-11327.0, bbb=2327.0, ddd=588.8234500000301}, {aaa=1329.0, ccc=-11328.0, bbb=2328.0, ddd=588.9234500000301}, {aaa=1330.0, ccc=-11329.0, bbb=2329.0, ddd=589.0234500000302}, {aaa=1331.0, ccc=-11330.0, bbb=2330.0, ddd=589.1234500000302}, {aaa=1332.0, ccc=-11331.0, bbb=2331.0, ddd=589.2234500000302}, {aaa=1333.0, ccc=-11332.0, bbb=2332.0, ddd=589.3234500000302}, {aaa=1334.0, ccc=-11333.0, bbb=2333.0, ddd=589.4234500000302}, {aaa=1335.0, ccc=-11334.0, bbb=2334.0, ddd=589.5234500000303}, {aaa=1336.0, ccc=-11335.0, bbb=2335.0, ddd=589.6234500000303}, {aaa=1337.0, ccc=-11336.0, bbb=2336.0, ddd=589.7234500000303}, {aaa=1338.0, ccc=-11337.0, bbb=2337.0, ddd=589.8234500000303}, {aaa=1339.0, ccc=-11338.0, bbb=2338.0, ddd=589.9234500000304}, {aaa=1340.0, ccc=-11339.0, bbb=2339.0, ddd=590.0234500000304}, {aaa=1341.0, ccc=-11340.0, bbb=2340.0, ddd=590.1234500000304}, {aaa=1342.0, ccc=-11341.0, bbb=2341.0, ddd=590.2234500000304}, {aaa=1343.0, ccc=-11342.0, bbb=2342.0, ddd=590.3234500000304}, {aaa=1344.0, ccc=-11343.0, bbb=2343.0, ddd=590.4234500000305}, {aaa=1345.0, ccc=-11344.0, bbb=2344.0, ddd=590.5234500000305}, {aaa=1346.0, ccc=-11345.0, bbb=2345.0, ddd=590.6234500000305}, {aaa=1347.0, ccc=-11346.0, bbb=2346.0, ddd=590.7234500000305}, {aaa=1348.0, ccc=-11347.0, bbb=2347.0, ddd=590.8234500000306}, {aaa=1349.0, ccc=-11348.0, bbb=2348.0, ddd=590.9234500000306}, {aaa=1350.0, ccc=-11349.0, bbb=2349.0, ddd=591.0234500000306}, {aaa=1351.0, ccc=-11350.0, bbb=2350.0, ddd=591.1234500000306}, {aaa=1352.0, ccc=-11351.0, bbb=2351.0, ddd=591.2234500000307}, {aaa=1353.0, ccc=-11352.0, bbb=2352.0, ddd=591.3234500000307}, {aaa=1354.0, ccc=-11353.0, bbb=2353.0, ddd=591.4234500000307}, {aaa=1355.0, ccc=-11354.0, bbb=2354.0, ddd=591.5234500000307}, {aaa=1356.0, ccc=-11355.0, bbb=2355.0, ddd=591.6234500000307}, {aaa=1357.0, ccc=-11356.0, bbb=2356.0, ddd=591.7234500000308}, {aaa=1358.0, ccc=-11357.0, bbb=2357.0, ddd=591.8234500000308}, {aaa=1359.0, ccc=-11358.0, bbb=2358.0, ddd=591.9234500000308}, {aaa=1360.0, ccc=-11359.0, bbb=2359.0, ddd=592.0234500000308}, {aaa=1361.0, ccc=-11360.0, bbb=2360.0, ddd=592.1234500000309}, {aaa=1362.0, ccc=-11361.0, bbb=2361.0, ddd=592.2234500000309}, {aaa=1363.0, ccc=-11362.0, bbb=2362.0, ddd=592.3234500000309}, {aaa=1364.0, ccc=-11363.0, bbb=2363.0, ddd=592.4234500000309}, {aaa=1365.0, ccc=-11364.0, bbb=2364.0, ddd=592.523450000031}, {aaa=1366.0, ccc=-11365.0, bbb=2365.0, ddd=592.623450000031}, {aaa=1367.0, ccc=-11366.0, bbb=2366.0, ddd=592.723450000031}, {aaa=1368.0, ccc=-11367.0, bbb=2367.0, ddd=592.823450000031}, {aaa=1369.0, ccc=-11368.0, bbb=2368.0, ddd=592.923450000031}, {aaa=1370.0, ccc=-11369.0, bbb=2369.0, ddd=593.0234500000311}, {aaa=1371.0, ccc=-11370.0, bbb=2370.0, ddd=593.1234500000311}, {aaa=1372.0, ccc=-11371.0, bbb=2371.0, ddd=593.2234500000311}, {aaa=1373.0, ccc=-11372.0, bbb=2372.0, ddd=593.3234500000311}, {aaa=1374.0, ccc=-11373.0, bbb=2373.0, ddd=593.4234500000312}, {aaa=1375.0, ccc=-11374.0, bbb=2374.0, ddd=593.5234500000312}, {aaa=1376.0, ccc=-11375.0, bbb=2375.0, ddd=593.6234500000312}, {aaa=1377.0, ccc=-11376.0, bbb=2376.0, ddd=593.7234500000312}, {aaa=1378.0, ccc=-11377.0, bbb=2377.0, ddd=593.8234500000312}, {aaa=1379.0, ccc=-11378.0, bbb=2378.0, ddd=593.9234500000313}, {aaa=1380.0, ccc=-11379.0, bbb=2379.0, ddd=594.0234500000313}, {aaa=1381.0, ccc=-11380.0, bbb=2380.0, ddd=594.1234500000313}, {aaa=1382.0, ccc=-11381.0, bbb=2381.0, ddd=594.2234500000313}, {aaa=1383.0, ccc=-11382.0, bbb=2382.0, ddd=594.3234500000314}, {aaa=1384.0, ccc=-11383.0, bbb=2383.0, ddd=594.4234500000314}, {aaa=1385.0, ccc=-11384.0, bbb=2384.0, ddd=594.5234500000314}, {aaa=1386.0, ccc=-11385.0, bbb=2385.0, ddd=594.6234500000314}, {aaa=1387.0, ccc=-11386.0, bbb=2386.0, ddd=594.7234500000314}, {aaa=1388.0, ccc=-11387.0, bbb=2387.0, ddd=594.8234500000315}, {aaa=1389.0, ccc=-11388.0, bbb=2388.0, ddd=594.9234500000315}, {aaa=1390.0, ccc=-11389.0, bbb=2389.0, ddd=595.0234500000315}, {aaa=1391.0, ccc=-11390.0, bbb=2390.0, ddd=595.1234500000315}, {aaa=1392.0, ccc=-11391.0, bbb=2391.0, ddd=595.2234500000316}, {aaa=1393.0, ccc=-11392.0, bbb=2392.0, ddd=595.3234500000316}, {aaa=1394.0, ccc=-11393.0, bbb=2393.0, ddd=595.4234500000316}, {aaa=1395.0, ccc=-11394.0, bbb=2394.0, ddd=595.5234500000316}, {aaa=1396.0, ccc=-11395.0, bbb=2395.0, ddd=595.6234500000317}, {aaa=1397.0, ccc=-11396.0, bbb=2396.0, ddd=595.7234500000317}, {aaa=1398.0, ccc=-11397.0, bbb=2397.0, ddd=595.8234500000317}, {aaa=1399.0, ccc=-11398.0, bbb=2398.0, ddd=595.9234500000317}, {aaa=1400.0, ccc=-11399.0, bbb=2399.0, ddd=596.0234500000317}, {aaa=1401.0, ccc=-11400.0, bbb=2400.0, ddd=596.1234500000318}, {aaa=1402.0, ccc=-11401.0, bbb=2401.0, ddd=596.2234500000318}, {aaa=1403.0, ccc=-11402.0, bbb=2402.0, ddd=596.3234500000318}, {aaa=1404.0, ccc=-11403.0, bbb=2403.0, ddd=596.4234500000318}, {aaa=1405.0, ccc=-11404.0, bbb=2404.0, ddd=596.5234500000319}, {aaa=1406.0, ccc=-11405.0, bbb=2405.0, ddd=596.6234500000319}, {aaa=1407.0, ccc=-11406.0, bbb=2406.0, ddd=596.7234500000319}, {aaa=1408.0, ccc=-11407.0, bbb=2407.0, ddd=596.8234500000319}, {aaa=1409.0, ccc=-11408.0, bbb=2408.0, ddd=596.923450000032}, {aaa=1410.0, ccc=-11409.0, bbb=2409.0, ddd=597.023450000032}, {aaa=1411.0, ccc=-11410.0, bbb=2410.0, ddd=597.123450000032}, {aaa=1412.0, ccc=-11411.0, bbb=2411.0, ddd=597.223450000032}, {aaa=1413.0, ccc=-11412.0, bbb=2412.0, ddd=597.323450000032}, {aaa=1414.0, ccc=-11413.0, bbb=2413.0, ddd=597.4234500000321}, {aaa=1415.0, ccc=-11414.0, bbb=2414.0, ddd=597.5234500000321}, {aaa=1416.0, ccc=-11415.0, bbb=2415.0, ddd=597.6234500000321}, {aaa=1417.0, ccc=-11416.0, bbb=2416.0, ddd=597.7234500000321}, {aaa=1418.0, ccc=-11417.0, bbb=2417.0, ddd=597.8234500000322}, {aaa=1419.0, ccc=-11418.0, bbb=2418.0, ddd=597.9234500000322}, {aaa=1420.0, ccc=-11419.0, bbb=2419.0, ddd=598.0234500000322}, {aaa=1421.0, ccc=-11420.0, bbb=2420.0, ddd=598.1234500000322}, {aaa=1422.0, ccc=-11421.0, bbb=2421.0, ddd=598.2234500000322}, {aaa=1423.0, ccc=-11422.0, bbb=2422.0, ddd=598.3234500000323}, {aaa=1424.0, ccc=-11423.0, bbb=2423.0, ddd=598.4234500000323}, {aaa=1425.0, ccc=-11424.0, bbb=2424.0, ddd=598.5234500000323}, {aaa=1426.0, ccc=-11425.0, bbb=2425.0, ddd=598.6234500000323}, {aaa=1427.0, ccc=-11426.0, bbb=2426.0, ddd=598.7234500000324}, {aaa=1428.0, ccc=-11427.0, bbb=2427.0, ddd=598.8234500000324}, {aaa=1429.0, ccc=-11428.0, bbb=2428.0, ddd=598.9234500000324}, {aaa=1430.0, ccc=-11429.0, bbb=2429.0, ddd=599.0234500000324}, {aaa=1431.0, ccc=-11430.0, bbb=2430.0, ddd=599.1234500000324}, {aaa=1432.0, ccc=-11431.0, bbb=2431.0, ddd=599.2234500000325}, {aaa=1433.0, ccc=-11432.0, bbb=2432.0, ddd=599.3234500000325}, {aaa=1434.0, ccc=-11433.0, bbb=2433.0, ddd=599.4234500000325}, {aaa=1435.0, ccc=-11434.0, bbb=2434.0, ddd=599.5234500000325}, {aaa=1436.0, ccc=-11435.0, bbb=2435.0, ddd=599.6234500000326}, {aaa=1437.0, ccc=-11436.0, bbb=2436.0, ddd=599.7234500000326}, {aaa=1438.0, ccc=-11437.0, bbb=2437.0, ddd=599.8234500000326}, {aaa=1439.0, ccc=-11438.0, bbb=2438.0, ddd=599.9234500000326}, {aaa=1440.0, ccc=-11439.0, bbb=2439.0, ddd=600.0234500000327}, {aaa=1441.0, ccc=-11440.0, bbb=2440.0, ddd=600.1234500000327}, {aaa=1442.0, ccc=-11441.0, bbb=2441.0, ddd=600.2234500000327}, {aaa=1443.0, ccc=-11442.0, bbb=2442.0, ddd=600.3234500000327}, {aaa=1444.0, ccc=-11443.0, bbb=2443.0, ddd=600.4234500000327}, {aaa=1445.0, ccc=-11444.0, bbb=2444.0, ddd=600.5234500000328}, {aaa=1446.0, ccc=-11445.0, bbb=2445.0, ddd=600.6234500000328}, {aaa=1447.0, ccc=-11446.0, bbb=2446.0, ddd=600.7234500000328}, {aaa=1448.0, ccc=-11447.0, bbb=2447.0, ddd=600.8234500000328}, {aaa=1449.0, ccc=-11448.0, bbb=2448.0, ddd=600.9234500000329}, {aaa=1450.0, ccc=-11449.0, bbb=2449.0, ddd=601.0234500000329}, {aaa=1451.0, ccc=-11450.0, bbb=2450.0, ddd=601.1234500000329}, {aaa=1452.0, ccc=-11451.0, bbb=2451.0, ddd=601.2234500000329}, {aaa=1453.0, ccc=-11452.0, bbb=2452.0, ddd=601.323450000033}, {aaa=1454.0, ccc=-11453.0, bbb=2453.0, ddd=601.423450000033}, {aaa=1455.0, ccc=-11454.0, bbb=2454.0, ddd=601.523450000033}, {aaa=1456.0, ccc=-11455.0, bbb=2455.0, ddd=601.623450000033}, {aaa=1457.0, ccc=-11456.0, bbb=2456.0, ddd=601.723450000033}, {aaa=1458.0, ccc=-11457.0, bbb=2457.0, ddd=601.8234500000331}, {aaa=1459.0, ccc=-11458.0, bbb=2458.0, ddd=601.9234500000331}, {aaa=1460.0, ccc=-11459.0, bbb=2459.0, ddd=602.0234500000331}, {aaa=1461.0, ccc=-11460.0, bbb=2460.0, ddd=602.1234500000331}, {aaa=1462.0, ccc=-11461.0, bbb=2461.0, ddd=602.2234500000332}, {aaa=1463.0, ccc=-11462.0, bbb=2462.0, ddd=602.3234500000332}, {aaa=1464.0, ccc=-11463.0, bbb=2463.0, ddd=602.4234500000332}, {aaa=1465.0, ccc=-11464.0, bbb=2464.0, ddd=602.5234500000332}, {aaa=1466.0, ccc=-11465.0, bbb=2465.0, ddd=602.6234500000332}, {aaa=1467.0, ccc=-11466.0, bbb=2466.0, ddd=602.7234500000333}, {aaa=1468.0, ccc=-11467.0, bbb=2467.0, ddd=602.8234500000333}, {aaa=1469.0, ccc=-11468.0, bbb=2468.0, ddd=602.9234500000333}, {aaa=1470.0, ccc=-11469.0, bbb=2469.0, ddd=603.0234500000333}, {aaa=1471.0, ccc=-11470.0, bbb=2470.0, ddd=603.1234500000334}, {aaa=1472.0, ccc=-11471.0, bbb=2471.0, ddd=603.2234500000334}, {aaa=1473.0, ccc=-11472.0, bbb=2472.0, ddd=603.3234500000334}, {aaa=1474.0, ccc=-11473.0, bbb=2473.0, ddd=603.4234500000334}, {aaa=1475.0, ccc=-11474.0, bbb=2474.0, ddd=603.5234500000334}, {aaa=1476.0, ccc=-11475.0, bbb=2475.0, ddd=603.6234500000335}, {aaa=1477.0, ccc=-11476.0, bbb=2476.0, ddd=603.7234500000335}, {aaa=1478.0, ccc=-11477.0, bbb=2477.0, ddd=603.8234500000335}, {aaa=1479.0, ccc=-11478.0, bbb=2478.0, ddd=603.9234500000335}, {aaa=1480.0, ccc=-11479.0, bbb=2479.0, ddd=604.0234500000336}, {aaa=1481.0, ccc=-11480.0, bbb=2480.0, ddd=604.1234500000336}, {aaa=1482.0, ccc=-11481.0, bbb=2481.0, ddd=604.2234500000336}, {aaa=1483.0, ccc=-11482.0, bbb=2482.0, ddd=604.3234500000336}, {aaa=1484.0, ccc=-11483.0, bbb=2483.0, ddd=604.4234500000337}, {aaa=1485.0, ccc=-11484.0, bbb=2484.0, ddd=604.5234500000337}, {aaa=1486.0, ccc=-11485.0, bbb=2485.0, ddd=604.6234500000337}, {aaa=1487.0, ccc=-11486.0, bbb=2486.0, ddd=604.7234500000337}, {aaa=1488.0, ccc=-11487.0, bbb=2487.0, ddd=604.8234500000337}, {aaa=1489.0, ccc=-11488.0, bbb=2488.0, ddd=604.9234500000338}, {aaa=1490.0, ccc=-11489.0, bbb=2489.0, ddd=605.0234500000338}, {aaa=1491.0, ccc=-11490.0, bbb=2490.0, ddd=605.1234500000338}, {aaa=1492.0, ccc=-11491.0, bbb=2491.0, ddd=605.2234500000338}, {aaa=1493.0, ccc=-11492.0, bbb=2492.0, ddd=605.3234500000339}, {aaa=1494.0, ccc=-11493.0, bbb=2493.0, ddd=605.4234500000339}, {aaa=1495.0, ccc=-11494.0, bbb=2494.0, ddd=605.5234500000339}, {aaa=1496.0, ccc=-11495.0, bbb=2495.0, ddd=605.6234500000339}, {aaa=1497.0, ccc=-11496.0, bbb=2496.0, ddd=605.723450000034}, {aaa=1498.0, ccc=-11497.0, bbb=2497.0, ddd=605.823450000034}, {aaa=1499.0, ccc=-11498.0, bbb=2498.0, ddd=605.923450000034}, {aaa=1500.0, ccc=-11499.0, bbb=2499.0, ddd=606.023450000034}, {aaa=1501.0, ccc=-11500.0, bbb=2500.0, ddd=606.123450000034}, {aaa=1502.0, ccc=-11501.0, bbb=2501.0, ddd=606.2234500000341}, {aaa=1503.0, ccc=-11502.0, bbb=2502.0, ddd=606.3234500000341}, {aaa=1504.0, ccc=-11503.0, bbb=2503.0, ddd=606.4234500000341}, {aaa=1505.0, ccc=-11504.0, bbb=2504.0, ddd=606.5234500000341}, {aaa=1506.0, ccc=-11505.0, bbb=2505.0, ddd=606.6234500000342}, {aaa=1507.0, ccc=-11506.0, bbb=2506.0, ddd=606.7234500000342}, {aaa=1508.0, ccc=-11507.0, bbb=2507.0, ddd=606.8234500000342}, {aaa=1509.0, ccc=-11508.0, bbb=2508.0, ddd=606.9234500000342}, {aaa=1510.0, ccc=-11509.0, bbb=2509.0, ddd=607.0234500000342}, {aaa=1511.0, ccc=-11510.0, bbb=2510.0, ddd=607.1234500000343}, {aaa=1512.0, ccc=-11511.0, bbb=2511.0, ddd=607.2234500000343}, {aaa=1513.0, ccc=-11512.0, bbb=2512.0, ddd=607.3234500000343}, {aaa=1514.0, ccc=-11513.0, bbb=2513.0, ddd=607.4234500000343}, {aaa=1515.0, ccc=-11514.0, bbb=2514.0, ddd=607.5234500000344}, {aaa=1516.0, ccc=-11515.0, bbb=2515.0, ddd=607.6234500000344}, {aaa=1517.0, ccc=-11516.0, bbb=2516.0, ddd=607.7234500000344}, {aaa=1518.0, ccc=-11517.0, bbb=2517.0, ddd=607.8234500000344}, {aaa=1519.0, ccc=-11518.0, bbb=2518.0, ddd=607.9234500000344}, {aaa=1520.0, ccc=-11519.0, bbb=2519.0, ddd=608.0234500000345}, {aaa=1521.0, ccc=-11520.0, bbb=2520.0, ddd=608.1234500000345}, {aaa=1522.0, ccc=-11521.0, bbb=2521.0, ddd=608.2234500000345}, {aaa=1523.0, ccc=-11522.0, bbb=2522.0, ddd=608.3234500000345}, {aaa=1524.0, ccc=-11523.0, bbb=2523.0, ddd=608.4234500000346}, {aaa=1525.0, ccc=-11524.0, bbb=2524.0, ddd=608.5234500000346}, {aaa=1526.0, ccc=-11525.0, bbb=2525.0, ddd=608.6234500000346}, {aaa=1527.0, ccc=-11526.0, bbb=2526.0, ddd=608.7234500000346}, {aaa=1528.0, ccc=-11527.0, bbb=2527.0, ddd=608.8234500000347}, {aaa=1529.0, ccc=-11528.0, bbb=2528.0, ddd=608.9234500000347}, {aaa=1530.0, ccc=-11529.0, bbb=2529.0, ddd=609.0234500000347}, {aaa=1531.0, ccc=-11530.0, bbb=2530.0, ddd=609.1234500000347}, {aaa=1532.0, ccc=-11531.0, bbb=2531.0, ddd=609.2234500000347}, {aaa=1533.0, ccc=-11532.0, bbb=2532.0, ddd=609.3234500000348}, {aaa=1534.0, ccc=-11533.0, bbb=2533.0, ddd=609.4234500000348}, {aaa=1535.0, ccc=-11534.0, bbb=2534.0, ddd=609.5234500000348}, {aaa=1536.0, ccc=-11535.0, bbb=2535.0, ddd=609.6234500000348}, {aaa=1537.0, ccc=-11536.0, bbb=2536.0, ddd=609.7234500000349}, {aaa=1538.0, ccc=-11537.0, bbb=2537.0, ddd=609.8234500000349}, {aaa=1539.0, ccc=-11538.0, bbb=2538.0, ddd=609.9234500000349}, {aaa=1540.0, ccc=-11539.0, bbb=2539.0, ddd=610.0234500000349}, {aaa=1541.0, ccc=-11540.0, bbb=2540.0, ddd=610.123450000035}, {aaa=1542.0, ccc=-11541.0, bbb=2541.0, ddd=610.223450000035}, {aaa=1543.0, ccc=-11542.0, bbb=2542.0, ddd=610.323450000035}, {aaa=1544.0, ccc=-11543.0, bbb=2543.0, ddd=610.423450000035}, {aaa=1545.0, ccc=-11544.0, bbb=2544.0, ddd=610.523450000035}, {aaa=1546.0, ccc=-11545.0, bbb=2545.0, ddd=610.6234500000351}, {aaa=1547.0, ccc=-11546.0, bbb=2546.0, ddd=610.7234500000351}, {aaa=1548.0, ccc=-11547.0, bbb=2547.0, ddd=610.8234500000351}, {aaa=1549.0, ccc=-11548.0, bbb=2548.0, ddd=610.9234500000351}, {aaa=1550.0, ccc=-11549.0, bbb=2549.0, ddd=611.0234500000352}, {aaa=1551.0, ccc=-11550.0, bbb=2550.0, ddd=611.1234500000352}, {aaa=1552.0, ccc=-11551.0, bbb=2551.0, ddd=611.2234500000352}, {aaa=1553.0, ccc=-11552.0, bbb=2552.0, ddd=611.3234500000352}, {aaa=1554.0, ccc=-11553.0, bbb=2553.0, ddd=611.4234500000352}, {aaa=1555.0, ccc=-11554.0, bbb=2554.0, ddd=611.5234500000353}, {aaa=1556.0, ccc=-11555.0, bbb=2555.0, ddd=611.6234500000353}, {aaa=1557.0, ccc=-11556.0, bbb=2556.0, ddd=611.7234500000353}, {aaa=1558.0, ccc=-11557.0, bbb=2557.0, ddd=611.8234500000353}, {aaa=1559.0, ccc=-11558.0, bbb=2558.0, ddd=611.9234500000354}, {aaa=1560.0, ccc=-11559.0, bbb=2559.0, ddd=612.0234500000354}, {aaa=1561.0, ccc=-11560.0, bbb=2560.0, ddd=612.1234500000354}, {aaa=1562.0, ccc=-11561.0, bbb=2561.0, ddd=612.2234500000354}, {aaa=1563.0, ccc=-11562.0, bbb=2562.0, ddd=612.3234500000355}, {aaa=1564.0, ccc=-11563.0, bbb=2563.0, ddd=612.4234500000355}, {aaa=1565.0, ccc=-11564.0, bbb=2564.0, ddd=612.5234500000355}, {aaa=1566.0, ccc=-11565.0, bbb=2565.0, ddd=612.6234500000355}, {aaa=1567.0, ccc=-11566.0, bbb=2566.0, ddd=612.7234500000355}, {aaa=1568.0, ccc=-11567.0, bbb=2567.0, ddd=612.8234500000356}, {aaa=1569.0, ccc=-11568.0, bbb=2568.0, ddd=612.9234500000356}, {aaa=1570.0, ccc=-11569.0, bbb=2569.0, ddd=613.0234500000356}, {aaa=1571.0, ccc=-11570.0, bbb=2570.0, ddd=613.1234500000356}, {aaa=1572.0, ccc=-11571.0, bbb=2571.0, ddd=613.2234500000357}, {aaa=1573.0, ccc=-11572.0, bbb=2572.0, ddd=613.3234500000357}, {aaa=1574.0, ccc=-11573.0, bbb=2573.0, ddd=613.4234500000357}, {aaa=1575.0, ccc=-11574.0, bbb=2574.0, ddd=613.5234500000357}, {aaa=1576.0, ccc=-11575.0, bbb=2575.0, ddd=613.6234500000357}, {aaa=1577.0, ccc=-11576.0, bbb=2576.0, ddd=613.7234500000358}, {aaa=1578.0, ccc=-11577.0, bbb=2577.0, ddd=613.8234500000358}, {aaa=1579.0, ccc=-11578.0, bbb=2578.0, ddd=613.9234500000358}, {aaa=1580.0, ccc=-11579.0, bbb=2579.0, ddd=614.0234500000358}, {aaa=1581.0, ccc=-11580.0, bbb=2580.0, ddd=614.1234500000359}, {aaa=1582.0, ccc=-11581.0, bbb=2581.0, ddd=614.2234500000359}, {aaa=1583.0, ccc=-11582.0, bbb=2582.0, ddd=614.3234500000359}, {aaa=1584.0, ccc=-11583.0, bbb=2583.0, ddd=614.4234500000359}, {aaa=1585.0, ccc=-11584.0, bbb=2584.0, ddd=614.523450000036}, {aaa=1586.0, ccc=-11585.0, bbb=2585.0, ddd=614.623450000036}, {aaa=1587.0, ccc=-11586.0, bbb=2586.0, ddd=614.723450000036}, {aaa=1588.0, ccc=-11587.0, bbb=2587.0, ddd=614.823450000036}, {aaa=1589.0, ccc=-11588.0, bbb=2588.0, ddd=614.923450000036}, {aaa=1590.0, ccc=-11589.0, bbb=2589.0, ddd=615.0234500000361}, {aaa=1591.0, ccc=-11590.0, bbb=2590.0, ddd=615.1234500000361}, {aaa=1592.0, ccc=-11591.0, bbb=2591.0, ddd=615.2234500000361}, {aaa=1593.0, ccc=-11592.0, bbb=2592.0, ddd=615.3234500000361}, {aaa=1594.0, ccc=-11593.0, bbb=2593.0, ddd=615.4234500000362}, {aaa=1595.0, ccc=-11594.0, bbb=2594.0, ddd=615.5234500000362}, {aaa=1596.0, ccc=-11595.0, bbb=2595.0, ddd=615.6234500000362}, {aaa=1597.0, ccc=-11596.0, bbb=2596.0, ddd=615.7234500000362}, {aaa=1598.0, ccc=-11597.0, bbb=2597.0, ddd=615.8234500000362}, {aaa=1599.0, ccc=-11598.0, bbb=2598.0, ddd=615.9234500000363}, {aaa=1600.0, ccc=-11599.0, bbb=2599.0, ddd=616.0234500000363}, {aaa=1601.0, ccc=-11600.0, bbb=2600.0, ddd=616.1234500000363}, {aaa=1602.0, ccc=-11601.0, bbb=2601.0, ddd=616.2234500000363}, {aaa=1603.0, ccc=-11602.0, bbb=2602.0, ddd=616.3234500000364}, {aaa=1604.0, ccc=-11603.0, bbb=2603.0, ddd=616.4234500000364}, {aaa=1605.0, ccc=-11604.0, bbb=2604.0, ddd=616.5234500000364}, {aaa=1606.0, ccc=-11605.0, bbb=2605.0, ddd=616.6234500000364}, {aaa=1607.0, ccc=-11606.0, bbb=2606.0, ddd=616.7234500000365}, {aaa=1608.0, ccc=-11607.0, bbb=2607.0, ddd=616.8234500000365}, {aaa=1609.0, ccc=-11608.0, bbb=2608.0, ddd=616.9234500000365}, {aaa=1610.0, ccc=-11609.0, bbb=2609.0, ddd=617.0234500000365}, {aaa=1611.0, ccc=-11610.0, bbb=2610.0, ddd=617.1234500000365}, {aaa=1612.0, ccc=-11611.0, bbb=2611.0, ddd=617.2234500000366}, {aaa=1613.0, ccc=-11612.0, bbb=2612.0, ddd=617.3234500000366}, {aaa=1614.0, ccc=-11613.0, bbb=2613.0, ddd=617.4234500000366}, {aaa=1615.0, ccc=-11614.0, bbb=2614.0, ddd=617.5234500000366}, {aaa=1616.0, ccc=-11615.0, bbb=2615.0, ddd=617.6234500000367}, {aaa=1617.0, ccc=-11616.0, bbb=2616.0, ddd=617.7234500000367}, {aaa=1618.0, ccc=-11617.0, bbb=2617.0, ddd=617.8234500000367}, {aaa=1619.0, ccc=-11618.0, bbb=2618.0, ddd=617.9234500000367}, {aaa=1620.0, ccc=-11619.0, bbb=2619.0, ddd=618.0234500000367}, {aaa=1621.0, ccc=-11620.0, bbb=2620.0, ddd=618.1234500000368}, {aaa=1622.0, ccc=-11621.0, bbb=2621.0, ddd=618.2234500000368}, {aaa=1623.0, ccc=-11622.0, bbb=2622.0, ddd=618.3234500000368}, {aaa=1624.0, ccc=-11623.0, bbb=2623.0, ddd=618.4234500000368}, {aaa=1625.0, ccc=-11624.0, bbb=2624.0, ddd=618.5234500000369}, {aaa=1626.0, ccc=-11625.0, bbb=2625.0, ddd=618.6234500000369}, {aaa=1627.0, ccc=-11626.0, bbb=2626.0, ddd=618.7234500000369}, {aaa=1628.0, ccc=-11627.0, bbb=2627.0, ddd=618.8234500000369}, {aaa=1629.0, ccc=-11628.0, bbb=2628.0, ddd=618.923450000037}, {aaa=1630.0, ccc=-11629.0, bbb=2629.0, ddd=619.023450000037}, {aaa=1631.0, ccc=-11630.0, bbb=2630.0, ddd=619.123450000037}, {aaa=1632.0, ccc=-11631.0, bbb=2631.0, ddd=619.223450000037}, {aaa=1633.0, ccc=-11632.0, bbb=2632.0, ddd=619.323450000037}, {aaa=1634.0, ccc=-11633.0, bbb=2633.0, ddd=619.4234500000371}, {aaa=1635.0, ccc=-11634.0, bbb=2634.0, ddd=619.5234500000371}, {aaa=1636.0, ccc=-11635.0, bbb=2635.0, ddd=619.6234500000371}, {aaa=1637.0, ccc=-11636.0, bbb=2636.0, ddd=619.7234500000371}, {aaa=1638.0, ccc=-11637.0, bbb=2637.0, ddd=619.8234500000372}, {aaa=1639.0, ccc=-11638.0, bbb=2638.0, ddd=619.9234500000372}, {aaa=1640.0, ccc=-11639.0, bbb=2639.0, ddd=620.0234500000372}, {aaa=1641.0, ccc=-11640.0, bbb=2640.0, ddd=620.1234500000372}, {aaa=1642.0, ccc=-11641.0, bbb=2641.0, ddd=620.2234500000372}, {aaa=1643.0, ccc=-11642.0, bbb=2642.0, ddd=620.3234500000373}, {aaa=1644.0, ccc=-11643.0, bbb=2643.0, ddd=620.4234500000373}, {aaa=1645.0, ccc=-11644.0, bbb=2644.0, ddd=620.5234500000373}, {aaa=1646.0, ccc=-11645.0, bbb=2645.0, ddd=620.6234500000373}, {aaa=1647.0, ccc=-11646.0, bbb=2646.0, ddd=620.7234500000374}, {aaa=1648.0, ccc=-11647.0, bbb=2647.0, ddd=620.8234500000374}, {aaa=1649.0, ccc=-11648.0, bbb=2648.0, ddd=620.9234500000374}, {aaa=1650.0, ccc=-11649.0, bbb=2649.0, ddd=621.0234500000374}, {aaa=1651.0, ccc=-11650.0, bbb=2650.0, ddd=621.1234500000375}, {aaa=1652.0, ccc=-11651.0, bbb=2651.0, ddd=621.2234500000375}, {aaa=1653.0, ccc=-11652.0, bbb=2652.0, ddd=621.3234500000375}, {aaa=1654.0, ccc=-11653.0, bbb=2653.0, ddd=621.4234500000375}, {aaa=1655.0, ccc=-11654.0, bbb=2654.0, ddd=621.5234500000375}, {aaa=1656.0, ccc=-11655.0, bbb=2655.0, ddd=621.6234500000376}, {aaa=1657.0, ccc=-11656.0, bbb=2656.0, ddd=621.7234500000376}, {aaa=1658.0, ccc=-11657.0, bbb=2657.0, ddd=621.8234500000376}, {aaa=1659.0, ccc=-11658.0, bbb=2658.0, ddd=621.9234500000376}, {aaa=1660.0, ccc=-11659.0, bbb=2659.0, ddd=622.0234500000377}, {aaa=1661.0, ccc=-11660.0, bbb=2660.0, ddd=622.1234500000377}, {aaa=1662.0, ccc=-11661.0, bbb=2661.0, ddd=622.2234500000377}, {aaa=1663.0, ccc=-11662.0, bbb=2662.0, ddd=622.3234500000377}, {aaa=1664.0, ccc=-11663.0, bbb=2663.0, ddd=622.4234500000377}, {aaa=1665.0, ccc=-11664.0, bbb=2664.0, ddd=622.5234500000378}, {aaa=1666.0, ccc=-11665.0, bbb=2665.0, ddd=622.6234500000378}, {aaa=1667.0, ccc=-11666.0, bbb=2666.0, ddd=622.7234500000378}, {aaa=1668.0, ccc=-11667.0, bbb=2667.0, ddd=622.8234500000378}, {aaa=1669.0, ccc=-11668.0, bbb=2668.0, ddd=622.9234500000379}, {aaa=1670.0, ccc=-11669.0, bbb=2669.0, ddd=623.0234500000379}, {aaa=1671.0, ccc=-11670.0, bbb=2670.0, ddd=623.1234500000379}, {aaa=1672.0, ccc=-11671.0, bbb=2671.0, ddd=623.2234500000379}, {aaa=1673.0, ccc=-11672.0, bbb=2672.0, ddd=623.323450000038}, {aaa=1674.0, ccc=-11673.0, bbb=2673.0, ddd=623.423450000038}, {aaa=1675.0, ccc=-11674.0, bbb=2674.0, ddd=623.523450000038}, {aaa=1676.0, ccc=-11675.0, bbb=2675.0, ddd=623.623450000038}, {aaa=1677.0, ccc=-11676.0, bbb=2676.0, ddd=623.723450000038}, {aaa=1678.0, ccc=-11677.0, bbb=2677.0, ddd=623.8234500000381}, {aaa=1679.0, ccc=-11678.0, bbb=2678.0, ddd=623.9234500000381}, {aaa=1680.0, ccc=-11679.0, bbb=2679.0, ddd=624.0234500000381}, {aaa=1681.0, ccc=-11680.0, bbb=2680.0, ddd=624.1234500000381}, {aaa=1682.0, ccc=-11681.0, bbb=2681.0, ddd=624.2234500000382}, {aaa=1683.0, ccc=-11682.0, bbb=2682.0, ddd=624.3234500000382}, {aaa=1684.0, ccc=-11683.0, bbb=2683.0, ddd=624.4234500000382}, {aaa=1685.0, ccc=-11684.0, bbb=2684.0, ddd=624.5234500000382}, {aaa=1686.0, ccc=-11685.0, bbb=2685.0, ddd=624.6234500000382}, {aaa=1687.0, ccc=-11686.0, bbb=2686.0, ddd=624.7234500000383}, {aaa=1688.0, ccc=-11687.0, bbb=2687.0, ddd=624.8234500000383}, {aaa=1689.0, ccc=-11688.0, bbb=2688.0, ddd=624.9234500000383}, {aaa=1690.0, ccc=-11689.0, bbb=2689.0, ddd=625.0234500000383}, {aaa=1691.0, ccc=-11690.0, bbb=2690.0, ddd=625.1234500000384}, {aaa=1692.0, ccc=-11691.0, bbb=2691.0, ddd=625.2234500000384}, {aaa=1693.0, ccc=-11692.0, bbb=2692.0, ddd=625.3234500000384}, {aaa=1694.0, ccc=-11693.0, bbb=2693.0, ddd=625.4234500000384}, {aaa=1695.0, ccc=-11694.0, bbb=2694.0, ddd=625.5234500000385}, {aaa=1696.0, ccc=-11695.0, bbb=2695.0, ddd=625.6234500000385}, {aaa=1697.0, ccc=-11696.0, bbb=2696.0, ddd=625.7234500000385}, {aaa=1698.0, ccc=-11697.0, bbb=2697.0, ddd=625.8234500000385}, {aaa=1699.0, ccc=-11698.0, bbb=2698.0, ddd=625.9234500000385}, {aaa=1700.0, ccc=-11699.0, bbb=2699.0, ddd=626.0234500000386}, {aaa=1701.0, ccc=-11700.0, bbb=2700.0, ddd=626.1234500000386}, {aaa=1702.0, ccc=-11701.0, bbb=2701.0, ddd=626.2234500000386}, {aaa=1703.0, ccc=-11702.0, bbb=2702.0, ddd=626.3234500000386}, {aaa=1704.0, ccc=-11703.0, bbb=2703.0, ddd=626.4234500000387}, {aaa=1705.0, ccc=-11704.0, bbb=2704.0, ddd=626.5234500000387}, {aaa=1706.0, ccc=-11705.0, bbb=2705.0, ddd=626.6234500000387}, {aaa=1707.0, ccc=-11706.0, bbb=2706.0, ddd=626.7234500000387}, {aaa=1708.0, ccc=-11707.0, bbb=2707.0, ddd=626.8234500000387}, {aaa=1709.0, ccc=-11708.0, bbb=2708.0, ddd=626.9234500000388}, {aaa=1710.0, ccc=-11709.0, bbb=2709.0, ddd=627.0234500000388}, {aaa=1711.0, ccc=-11710.0, bbb=2710.0, ddd=627.1234500000388}, {aaa=1712.0, ccc=-11711.0, bbb=2711.0, ddd=627.2234500000388}, {aaa=1713.0, ccc=-11712.0, bbb=2712.0, ddd=627.3234500000389}, {aaa=1714.0, ccc=-11713.0, bbb=2713.0, ddd=627.4234500000389}, {aaa=1715.0, ccc=-11714.0, bbb=2714.0, ddd=627.5234500000389}, {aaa=1716.0, ccc=-11715.0, bbb=2715.0, ddd=627.6234500000389}, {aaa=1717.0, ccc=-11716.0, bbb=2716.0, ddd=627.723450000039}, {aaa=1718.0, ccc=-11717.0, bbb=2717.0, ddd=627.823450000039}, {aaa=1719.0, ccc=-11718.0, bbb=2718.0, ddd=627.923450000039}, {aaa=1720.0, ccc=-11719.0, bbb=2719.0, ddd=628.023450000039}, {aaa=1721.0, ccc=-11720.0, bbb=2720.0, ddd=628.123450000039}, {aaa=1722.0, ccc=-11721.0, bbb=2721.0, ddd=628.2234500000391}, {aaa=1723.0, ccc=-11722.0, bbb=2722.0, ddd=628.3234500000391}, {aaa=1724.0, ccc=-11723.0, bbb=2723.0, ddd=628.4234500000391}, {aaa=1725.0, ccc=-11724.0, bbb=2724.0, ddd=628.5234500000391}, {aaa=1726.0, ccc=-11725.0, bbb=2725.0, ddd=628.6234500000392}, {aaa=1727.0, ccc=-11726.0, bbb=2726.0, ddd=628.7234500000392}, {aaa=1728.0, ccc=-11727.0, bbb=2727.0, ddd=628.8234500000392}, {aaa=1729.0, ccc=-11728.0, bbb=2728.0, ddd=628.9234500000392}, {aaa=1730.0, ccc=-11729.0, bbb=2729.0, ddd=629.0234500000392}, {aaa=1731.0, ccc=-11730.0, bbb=2730.0, ddd=629.1234500000393}, {aaa=1732.0, ccc=-11731.0, bbb=2731.0, ddd=629.2234500000393}, {aaa=1733.0, ccc=-11732.0, bbb=2732.0, ddd=629.3234500000393}, {aaa=1734.0, ccc=-11733.0, bbb=2733.0, ddd=629.4234500000393}, {aaa=1735.0, ccc=-11734.0, bbb=2734.0, ddd=629.5234500000394}, {aaa=1736.0, ccc=-11735.0, bbb=2735.0, ddd=629.6234500000394}, {aaa=1737.0, ccc=-11736.0, bbb=2736.0, ddd=629.7234500000394}, {aaa=1738.0, ccc=-11737.0, bbb=2737.0, ddd=629.8234500000394}, {aaa=1739.0, ccc=-11738.0, bbb=2738.0, ddd=629.9234500000395}, {aaa=1740.0, ccc=-11739.0, bbb=2739.0, ddd=630.0234500000395}, {aaa=1741.0, ccc=-11740.0, bbb=2740.0, ddd=630.1234500000395}, {aaa=1742.0, ccc=-11741.0, bbb=2741.0, ddd=630.2234500000395}, {aaa=1743.0, ccc=-11742.0, bbb=2742.0, ddd=630.3234500000395}, {aaa=1744.0, ccc=-11743.0, bbb=2743.0, ddd=630.4234500000396}, {aaa=1745.0, ccc=-11744.0, bbb=2744.0, ddd=630.5234500000396}, {aaa=1746.0, ccc=-11745.0, bbb=2745.0, ddd=630.6234500000396}, {aaa=1747.0, ccc=-11746.0, bbb=2746.0, ddd=630.7234500000396}, {aaa=1748.0, ccc=-11747.0, bbb=2747.0, ddd=630.8234500000397}, {aaa=1749.0, ccc=-11748.0, bbb=2748.0, ddd=630.9234500000397}, {aaa=1750.0, ccc=-11749.0, bbb=2749.0, ddd=631.0234500000397}, {aaa=1751.0, ccc=-11750.0, bbb=2750.0, ddd=631.1234500000397}, {aaa=1752.0, ccc=-11751.0, bbb=2751.0, ddd=631.2234500000397}, {aaa=1753.0, ccc=-11752.0, bbb=2752.0, ddd=631.3234500000398}, {aaa=1754.0, ccc=-11753.0, bbb=2753.0, ddd=631.4234500000398}, {aaa=1755.0, ccc=-11754.0, bbb=2754.0, ddd=631.5234500000398}, {aaa=1756.0, ccc=-11755.0, bbb=2755.0, ddd=631.6234500000398}, {aaa=1757.0, ccc=-11756.0, bbb=2756.0, ddd=631.7234500000399}, {aaa=1758.0, ccc=-11757.0, bbb=2757.0, ddd=631.8234500000399}, {aaa=1759.0, ccc=-11758.0, bbb=2758.0, ddd=631.9234500000399}, {aaa=1760.0, ccc=-11759.0, bbb=2759.0, ddd=632.0234500000399}, {aaa=1761.0, ccc=-11760.0, bbb=2760.0, ddd=632.12345000004}, {aaa=1762.0, ccc=-11761.0, bbb=2761.0, ddd=632.22345000004}, {aaa=1763.0, ccc=-11762.0, bbb=2762.0, ddd=632.32345000004}, {aaa=1764.0, ccc=-11763.0, bbb=2763.0, ddd=632.42345000004}, {aaa=1765.0, ccc=-11764.0, bbb=2764.0, ddd=632.52345000004}, {aaa=1766.0, ccc=-11765.0, bbb=2765.0, ddd=632.6234500000401}, {aaa=1767.0, ccc=-11766.0, bbb=2766.0, ddd=632.7234500000401}, {aaa=1768.0, ccc=-11767.0, bbb=2767.0, ddd=632.8234500000401}, {aaa=1769.0, ccc=-11768.0, bbb=2768.0, ddd=632.9234500000401}, {aaa=1770.0, ccc=-11769.0, bbb=2769.0, ddd=633.0234500000402}, {aaa=1771.0, ccc=-11770.0, bbb=2770.0, ddd=633.1234500000402}, {aaa=1772.0, ccc=-11771.0, bbb=2771.0, ddd=633.2234500000402}, {aaa=1773.0, ccc=-11772.0, bbb=2772.0, ddd=633.3234500000402}, {aaa=1774.0, ccc=-11773.0, bbb=2773.0, ddd=633.4234500000402}, {aaa=1775.0, ccc=-11774.0, bbb=2774.0, ddd=633.5234500000403}, {aaa=1776.0, ccc=-11775.0, bbb=2775.0, ddd=633.6234500000403}, {aaa=1777.0, ccc=-11776.0, bbb=2776.0, ddd=633.7234500000403}, {aaa=1778.0, ccc=-11777.0, bbb=2777.0, ddd=633.8234500000403}, {aaa=1779.0, ccc=-11778.0, bbb=2778.0, ddd=633.9234500000404}, {aaa=1780.0, ccc=-11779.0, bbb=2779.0, ddd=634.0234500000404}, {aaa=1781.0, ccc=-11780.0, bbb=2780.0, ddd=634.1234500000404}, {aaa=1782.0, ccc=-11781.0, bbb=2781.0, ddd=634.2234500000404}, {aaa=1783.0, ccc=-11782.0, bbb=2782.0, ddd=634.3234500000405}, {aaa=1784.0, ccc=-11783.0, bbb=2783.0, ddd=634.4234500000405}, {aaa=1785.0, ccc=-11784.0, bbb=2784.0, ddd=634.5234500000405}, {aaa=1786.0, ccc=-11785.0, bbb=2785.0, ddd=634.6234500000405}, {aaa=1787.0, ccc=-11786.0, bbb=2786.0, ddd=634.7234500000405}, {aaa=1788.0, ccc=-11787.0, bbb=2787.0, ddd=634.8234500000406}, {aaa=1789.0, ccc=-11788.0, bbb=2788.0, ddd=634.9234500000406}, {aaa=1790.0, ccc=-11789.0, bbb=2789.0, ddd=635.0234500000406}, {aaa=1791.0, ccc=-11790.0, bbb=2790.0, ddd=635.1234500000406}, {aaa=1792.0, ccc=-11791.0, bbb=2791.0, ddd=635.2234500000407}, {aaa=1793.0, ccc=-11792.0, bbb=2792.0, ddd=635.3234500000407}, {aaa=1794.0, ccc=-11793.0, bbb=2793.0, ddd=635.4234500000407}, {aaa=1795.0, ccc=-11794.0, bbb=2794.0, ddd=635.5234500000407}, {aaa=1796.0, ccc=-11795.0, bbb=2795.0, ddd=635.6234500000407}, {aaa=1797.0, ccc=-11796.0, bbb=2796.0, ddd=635.7234500000408}, {aaa=1798.0, ccc=-11797.0, bbb=2797.0, ddd=635.8234500000408}, {aaa=1799.0, ccc=-11798.0, bbb=2798.0, ddd=635.9234500000408}, {aaa=1800.0, ccc=-11799.0, bbb=2799.0, ddd=636.0234500000408}, {aaa=1801.0, ccc=-11800.0, bbb=2800.0, ddd=636.1234500000409}, {aaa=1802.0, ccc=-11801.0, bbb=2801.0, ddd=636.2234500000409}, {aaa=1803.0, ccc=-11802.0, bbb=2802.0, ddd=636.3234500000409}, {aaa=1804.0, ccc=-11803.0, bbb=2803.0, ddd=636.4234500000409}, {aaa=1805.0, ccc=-11804.0, bbb=2804.0, ddd=636.523450000041}, {aaa=1806.0, ccc=-11805.0, bbb=2805.0, ddd=636.623450000041}, {aaa=1807.0, ccc=-11806.0, bbb=2806.0, ddd=636.723450000041}, {aaa=1808.0, ccc=-11807.0, bbb=2807.0, ddd=636.823450000041}, {aaa=1809.0, ccc=-11808.0, bbb=2808.0, ddd=636.923450000041}, {aaa=1810.0, ccc=-11809.0, bbb=2809.0, ddd=637.0234500000411}, {aaa=1811.0, ccc=-11810.0, bbb=2810.0, ddd=637.1234500000411}, {aaa=1812.0, ccc=-11811.0, bbb=2811.0, ddd=637.2234500000411}, {aaa=1813.0, ccc=-11812.0, bbb=2812.0, ddd=637.3234500000411}, {aaa=1814.0, ccc=-11813.0, bbb=2813.0, ddd=637.4234500000412}, {aaa=1815.0, ccc=-11814.0, bbb=2814.0, ddd=637.5234500000412}, {aaa=1816.0, ccc=-11815.0, bbb=2815.0, ddd=637.6234500000412}, {aaa=1817.0, ccc=-11816.0, bbb=2816.0, ddd=637.7234500000412}, {aaa=1818.0, ccc=-11817.0, bbb=2817.0, ddd=637.8234500000412}, {aaa=1819.0, ccc=-11818.0, bbb=2818.0, ddd=637.9234500000413}, {aaa=1820.0, ccc=-11819.0, bbb=2819.0, ddd=638.0234500000413}, {aaa=1821.0, ccc=-11820.0, bbb=2820.0, ddd=638.1234500000413}, {aaa=1822.0, ccc=-11821.0, bbb=2821.0, ddd=638.2234500000413}, {aaa=1823.0, ccc=-11822.0, bbb=2822.0, ddd=638.3234500000414}, {aaa=1824.0, ccc=-11823.0, bbb=2823.0, ddd=638.4234500000414}, {aaa=1825.0, ccc=-11824.0, bbb=2824.0, ddd=638.5234500000414}, {aaa=1826.0, ccc=-11825.0, bbb=2825.0, ddd=638.6234500000414}, {aaa=1827.0, ccc=-11826.0, bbb=2826.0, ddd=638.7234500000415}, {aaa=1828.0, ccc=-11827.0, bbb=2827.0, ddd=638.8234500000415}, {aaa=1829.0, ccc=-11828.0, bbb=2828.0, ddd=638.9234500000415}, {aaa=1830.0, ccc=-11829.0, bbb=2829.0, ddd=639.0234500000415}, {aaa=1831.0, ccc=-11830.0, bbb=2830.0, ddd=639.1234500000415}, {aaa=1832.0, ccc=-11831.0, bbb=2831.0, ddd=639.2234500000416}, {aaa=1833.0, ccc=-11832.0, bbb=2832.0, ddd=639.3234500000416}, {aaa=1834.0, ccc=-11833.0, bbb=2833.0, ddd=639.4234500000416}, {aaa=1835.0, ccc=-11834.0, bbb=2834.0, ddd=639.5234500000416}, {aaa=1836.0, ccc=-11835.0, bbb=2835.0, ddd=639.6234500000417}, {aaa=1837.0, ccc=-11836.0, bbb=2836.0, ddd=639.7234500000417}, {aaa=1838.0, ccc=-11837.0, bbb=2837.0, ddd=639.8234500000417}, {aaa=1839.0, ccc=-11838.0, bbb=2838.0, ddd=639.9234500000417}, {aaa=1840.0, ccc=-11839.0, bbb=2839.0, ddd=640.0234500000417}, {aaa=1841.0, ccc=-11840.0, bbb=2840.0, ddd=640.1234500000418}, {aaa=1842.0, ccc=-11841.0, bbb=2841.0, ddd=640.2234500000418}, {aaa=1843.0, ccc=-11842.0, bbb=2842.0, ddd=640.3234500000418}, {aaa=1844.0, ccc=-11843.0, bbb=2843.0, ddd=640.4234500000418}, {aaa=1845.0, ccc=-11844.0, bbb=2844.0, ddd=640.5234500000419}, {aaa=1846.0, ccc=-11845.0, bbb=2845.0, ddd=640.6234500000419}, {aaa=1847.0, ccc=-11846.0, bbb=2846.0, ddd=640.7234500000419}, {aaa=1848.0, ccc=-11847.0, bbb=2847.0, ddd=640.8234500000419}, {aaa=1849.0, ccc=-11848.0, bbb=2848.0, ddd=640.923450000042}, {aaa=1850.0, ccc=-11849.0, bbb=2849.0, ddd=641.023450000042}, {aaa=1851.0, ccc=-11850.0, bbb=2850.0, ddd=641.123450000042}, {aaa=1852.0, ccc=-11851.0, bbb=2851.0, ddd=641.223450000042}, {aaa=1853.0, ccc=-11852.0, bbb=2852.0, ddd=641.323450000042}, {aaa=1854.0, ccc=-11853.0, bbb=2853.0, ddd=641.4234500000421}, {aaa=1855.0, ccc=-11854.0, bbb=2854.0, ddd=641.5234500000421}, {aaa=1856.0, ccc=-11855.0, bbb=2855.0, ddd=641.6234500000421}, {aaa=1857.0, ccc=-11856.0, bbb=2856.0, ddd=641.7234500000421}, {aaa=1858.0, ccc=-11857.0, bbb=2857.0, ddd=641.8234500000422}, {aaa=1859.0, ccc=-11858.0, bbb=2858.0, ddd=641.9234500000422}, {aaa=1860.0, ccc=-11859.0, bbb=2859.0, ddd=642.0234500000422}, {aaa=1861.0, ccc=-11860.0, bbb=2860.0, ddd=642.1234500000422}, {aaa=1862.0, ccc=-11861.0, bbb=2861.0, ddd=642.2234500000422}, {aaa=1863.0, ccc=-11862.0, bbb=2862.0, ddd=642.3234500000423}, {aaa=1864.0, ccc=-11863.0, bbb=2863.0, ddd=642.4234500000423}, {aaa=1865.0, ccc=-11864.0, bbb=2864.0, ddd=642.5234500000423}, {aaa=1866.0, ccc=-11865.0, bbb=2865.0, ddd=642.6234500000423}, {aaa=1867.0, ccc=-11866.0, bbb=2866.0, ddd=642.7234500000424}, {aaa=1868.0, ccc=-11867.0, bbb=2867.0, ddd=642.8234500000424}, {aaa=1869.0, ccc=-11868.0, bbb=2868.0, ddd=642.9234500000424}, {aaa=1870.0, ccc=-11869.0, bbb=2869.0, ddd=643.0234500000424}, {aaa=1871.0, ccc=-11870.0, bbb=2870.0, ddd=643.1234500000425}, {aaa=1872.0, ccc=-11871.0, bbb=2871.0, ddd=643.2234500000425}, {aaa=1873.0, ccc=-11872.0, bbb=2872.0, ddd=643.3234500000425}, {aaa=1874.0, ccc=-11873.0, bbb=2873.0, ddd=643.4234500000425}, {aaa=1875.0, ccc=-11874.0, bbb=2874.0, ddd=643.5234500000425}, {aaa=1876.0, ccc=-11875.0, bbb=2875.0, ddd=643.6234500000426}, {aaa=1877.0, ccc=-11876.0, bbb=2876.0, ddd=643.7234500000426}, {aaa=1878.0, ccc=-11877.0, bbb=2877.0, ddd=643.8234500000426}, {aaa=1879.0, ccc=-11878.0, bbb=2878.0, ddd=643.9234500000426}, {aaa=1880.0, ccc=-11879.0, bbb=2879.0, ddd=644.0234500000427}, {aaa=1881.0, ccc=-11880.0, bbb=2880.0, ddd=644.1234500000427}, {aaa=1882.0, ccc=-11881.0, bbb=2881.0, ddd=644.2234500000427}, {aaa=1883.0, ccc=-11882.0, bbb=2882.0, ddd=644.3234500000427}, {aaa=1884.0, ccc=-11883.0, bbb=2883.0, ddd=644.4234500000427}, {aaa=1885.0, ccc=-11884.0, bbb=2884.0, ddd=644.5234500000428}, {aaa=1886.0, ccc=-11885.0, bbb=2885.0, ddd=644.6234500000428}, {aaa=1887.0, ccc=-11886.0, bbb=2886.0, ddd=644.7234500000428}, {aaa=1888.0, ccc=-11887.0, bbb=2887.0, ddd=644.8234500000428}, {aaa=1889.0, ccc=-11888.0, bbb=2888.0, ddd=644.9234500000429}, {aaa=1890.0, ccc=-11889.0, bbb=2889.0, ddd=645.0234500000429}, {aaa=1891.0, ccc=-11890.0, bbb=2890.0, ddd=645.1234500000429}, {aaa=1892.0, ccc=-11891.0, bbb=2891.0, ddd=645.2234500000429}, {aaa=1893.0, ccc=-11892.0, bbb=2892.0, ddd=645.323450000043}, {aaa=1894.0, ccc=-11893.0, bbb=2893.0, ddd=645.423450000043}, {aaa=1895.0, ccc=-11894.0, bbb=2894.0, ddd=645.523450000043}, {aaa=1896.0, ccc=-11895.0, bbb=2895.0, ddd=645.623450000043}, {aaa=1897.0, ccc=-11896.0, bbb=2896.0, ddd=645.723450000043}, {aaa=1898.0, ccc=-11897.0, bbb=2897.0, ddd=645.8234500000431}, {aaa=1899.0, ccc=-11898.0, bbb=2898.0, ddd=645.9234500000431}, {aaa=1900.0, ccc=-11899.0, bbb=2899.0, ddd=646.0234500000431}, {aaa=1901.0, ccc=-11900.0, bbb=2900.0, ddd=646.1234500000431}, {aaa=1902.0, ccc=-11901.0, bbb=2901.0, ddd=646.2234500000432}, {aaa=1903.0, ccc=-11902.0, bbb=2902.0, ddd=646.3234500000432}, {aaa=1904.0, ccc=-11903.0, bbb=2903.0, ddd=646.4234500000432}, {aaa=1905.0, ccc=-11904.0, bbb=2904.0, ddd=646.5234500000432}, {aaa=1906.0, ccc=-11905.0, bbb=2905.0, ddd=646.6234500000432}, {aaa=1907.0, ccc=-11906.0, bbb=2906.0, ddd=646.7234500000433}, {aaa=1908.0, ccc=-11907.0, bbb=2907.0, ddd=646.8234500000433}, {aaa=1909.0, ccc=-11908.0, bbb=2908.0, ddd=646.9234500000433}, {aaa=1910.0, ccc=-11909.0, bbb=2909.0, ddd=647.0234500000433}, {aaa=1911.0, ccc=-11910.0, bbb=2910.0, ddd=647.1234500000434}, {aaa=1912.0, ccc=-11911.0, bbb=2911.0, ddd=647.2234500000434}, {aaa=1913.0, ccc=-11912.0, bbb=2912.0, ddd=647.3234500000434}, {aaa=1914.0, ccc=-11913.0, bbb=2913.0, ddd=647.4234500000434}, {aaa=1915.0, ccc=-11914.0, bbb=2914.0, ddd=647.5234500000435}, {aaa=1916.0, ccc=-11915.0, bbb=2915.0, ddd=647.6234500000435}, {aaa=1917.0, ccc=-11916.0, bbb=2916.0, ddd=647.7234500000435}, {aaa=1918.0, ccc=-11917.0, bbb=2917.0, ddd=647.8234500000435}, {aaa=1919.0, ccc=-11918.0, bbb=2918.0, ddd=647.9234500000435}, {aaa=1920.0, ccc=-11919.0, bbb=2919.0, ddd=648.0234500000436}, {aaa=1921.0, ccc=-11920.0, bbb=2920.0, ddd=648.1234500000436}, {aaa=1922.0, ccc=-11921.0, bbb=2921.0, ddd=648.2234500000436}, {aaa=1923.0, ccc=-11922.0, bbb=2922.0, ddd=648.3234500000436}, {aaa=1924.0, ccc=-11923.0, bbb=2923.0, ddd=648.4234500000437}, {aaa=1925.0, ccc=-11924.0, bbb=2924.0, ddd=648.5234500000437}, {aaa=1926.0, ccc=-11925.0, bbb=2925.0, ddd=648.6234500000437}, {aaa=1927.0, ccc=-11926.0, bbb=2926.0, ddd=648.7234500000437}, {aaa=1928.0, ccc=-11927.0, bbb=2927.0, ddd=648.8234500000437}, {aaa=1929.0, ccc=-11928.0, bbb=2928.0, ddd=648.9234500000438}, {aaa=1930.0, ccc=-11929.0, bbb=2929.0, ddd=649.0234500000438}, {aaa=1931.0, ccc=-11930.0, bbb=2930.0, ddd=649.1234500000438}, {aaa=1932.0, ccc=-11931.0, bbb=2931.0, ddd=649.2234500000438}, {aaa=1933.0, ccc=-11932.0, bbb=2932.0, ddd=649.3234500000439}, {aaa=1934.0, ccc=-11933.0, bbb=2933.0, ddd=649.4234500000439}, {aaa=1935.0, ccc=-11934.0, bbb=2934.0, ddd=649.5234500000439}, {aaa=1936.0, ccc=-11935.0, bbb=2935.0, ddd=649.6234500000439}, {aaa=1937.0, ccc=-11936.0, bbb=2936.0, ddd=649.723450000044}, {aaa=1938.0, ccc=-11937.0, bbb=2937.0, ddd=649.823450000044}, {aaa=1939.0, ccc=-11938.0, bbb=2938.0, ddd=649.923450000044}, {aaa=1940.0, ccc=-11939.0, bbb=2939.0, ddd=650.023450000044}, {aaa=1941.0, ccc=-11940.0, bbb=2940.0, ddd=650.123450000044}, {aaa=1942.0, ccc=-11941.0, bbb=2941.0, ddd=650.2234500000441}, {aaa=1943.0, ccc=-11942.0, bbb=2942.0, ddd=650.3234500000441}, {aaa=1944.0, ccc=-11943.0, bbb=2943.0, ddd=650.4234500000441}, {aaa=1945.0, ccc=-11944.0, bbb=2944.0, ddd=650.5234500000441}, {aaa=1946.0, ccc=-11945.0, bbb=2945.0, ddd=650.6234500000442}, {aaa=1947.0, ccc=-11946.0, bbb=2946.0, ddd=650.7234500000442}, {aaa=1948.0, ccc=-11947.0, bbb=2947.0, ddd=650.8234500000442}, {aaa=1949.0, ccc=-11948.0, bbb=2948.0, ddd=650.9234500000442}, {aaa=1950.0, ccc=-11949.0, bbb=2949.0, ddd=651.0234500000442}, {aaa=1951.0, ccc=-11950.0, bbb=2950.0, ddd=651.1234500000443}, {aaa=1952.0, ccc=-11951.0, bbb=2951.0, ddd=651.2234500000443}, {aaa=1953.0, ccc=-11952.0, bbb=2952.0, ddd=651.3234500000443}, {aaa=1954.0, ccc=-11953.0, bbb=2953.0, ddd=651.4234500000443}, {aaa=1955.0, ccc=-11954.0, bbb=2954.0, ddd=651.5234500000444}, {aaa=1956.0, ccc=-11955.0, bbb=2955.0, ddd=651.6234500000444}, {aaa=1957.0, ccc=-11956.0, bbb=2956.0, ddd=651.7234500000444}, {aaa=1958.0, ccc=-11957.0, bbb=2957.0, ddd=651.8234500000444}, {aaa=1959.0, ccc=-11958.0, bbb=2958.0, ddd=651.9234500000445}, {aaa=1960.0, ccc=-11959.0, bbb=2959.0, ddd=652.0234500000445}, {aaa=1961.0, ccc=-11960.0, bbb=2960.0, ddd=652.1234500000445}, {aaa=1962.0, ccc=-11961.0, bbb=2961.0, ddd=652.2234500000445}, {aaa=1963.0, ccc=-11962.0, bbb=2962.0, ddd=652.3234500000445}, {aaa=1964.0, ccc=-11963.0, bbb=2963.0, ddd=652.4234500000446}, {aaa=1965.0, ccc=-11964.0, bbb=2964.0, ddd=652.5234500000446}, {aaa=1966.0, ccc=-11965.0, bbb=2965.0, ddd=652.6234500000446}, {aaa=1967.0, ccc=-11966.0, bbb=2966.0, ddd=652.7234500000446}, {aaa=1968.0, ccc=-11967.0, bbb=2967.0, ddd=652.8234500000447}, {aaa=1969.0, ccc=-11968.0, bbb=2968.0, ddd=652.9234500000447}, {aaa=1970.0, ccc=-11969.0, bbb=2969.0, ddd=653.0234500000447}, {aaa=1971.0, ccc=-11970.0, bbb=2970.0, ddd=653.1234500000447}, {aaa=1972.0, ccc=-11971.0, bbb=2971.0, ddd=653.2234500000447}, {aaa=1973.0, ccc=-11972.0, bbb=2972.0, ddd=653.3234500000448}, {aaa=1974.0, ccc=-11973.0, bbb=2973.0, ddd=653.4234500000448}, {aaa=1975.0, ccc=-11974.0, bbb=2974.0, ddd=653.5234500000448}, {aaa=1976.0, ccc=-11975.0, bbb=2975.0, ddd=653.6234500000448}, {aaa=1977.0, ccc=-11976.0, bbb=2976.0, ddd=653.7234500000449}, {aaa=1978.0, ccc=-11977.0, bbb=2977.0, ddd=653.8234500000449}, {aaa=1979.0, ccc=-11978.0, bbb=2978.0, ddd=653.9234500000449}, {aaa=1980.0, ccc=-11979.0, bbb=2979.0, ddd=654.0234500000449}, {aaa=1981.0, ccc=-11980.0, bbb=2980.0, ddd=654.123450000045}, {aaa=1982.0, ccc=-11981.0, bbb=2981.0, ddd=654.223450000045}, {aaa=1983.0, ccc=-11982.0, bbb=2982.0, ddd=654.323450000045}, {aaa=1984.0, ccc=-11983.0, bbb=2983.0, ddd=654.423450000045}, {aaa=1985.0, ccc=-11984.0, bbb=2984.0, ddd=654.523450000045}, {aaa=1986.0, ccc=-11985.0, bbb=2985.0, ddd=654.6234500000451}, {aaa=1987.0, ccc=-11986.0, bbb=2986.0, ddd=654.7234500000451}, {aaa=1988.0, ccc=-11987.0, bbb=2987.0, ddd=654.8234500000451}, {aaa=1989.0, ccc=-11988.0, bbb=2988.0, ddd=654.9234500000451}, {aaa=1990.0, ccc=-11989.0, bbb=2989.0, ddd=655.0234500000452}, {aaa=1991.0, ccc=-11990.0, bbb=2990.0, ddd=655.1234500000452}, {aaa=1992.0, ccc=-11991.0, bbb=2991.0, ddd=655.2234500000452}, {aaa=1993.0, ccc=-11992.0, bbb=2992.0, ddd=655.3234500000452}, {aaa=1994.0, ccc=-11993.0, bbb=2993.0, ddd=655.4234500000452}, {aaa=1995.0, ccc=-11994.0, bbb=2994.0, ddd=655.5234500000453}, {aaa=1996.0, ccc=-11995.0, bbb=2995.0, ddd=655.6234500000453}, {aaa=1997.0, ccc=-11996.0, bbb=2996.0, ddd=655.7234500000453}, {aaa=1998.0, ccc=-11997.0, bbb=2997.0, ddd=655.8234500000453}, {aaa=1999.0, ccc=-11998.0, bbb=2998.0, ddd=655.9234500000454}, {aaa=2000.0, ccc=-11999.0, bbb=2999.0, ddd=656.0234500000454}, {aaa=2001.0, ccc=-12000.0, bbb=3000.0, ddd=656.1234500000454}, {aaa=2002.0, ccc=-12001.0, bbb=3001.0, ddd=656.2234500000454}, {aaa=2003.0, ccc=-12002.0, bbb=3002.0, ddd=656.3234500000455}, {aaa=2004.0, ccc=-12003.0, bbb=3003.0, ddd=656.4234500000455}, {aaa=2005.0, ccc=-12004.0, bbb=3004.0, ddd=656.5234500000455}, {aaa=2006.0, ccc=-12005.0, bbb=3005.0, ddd=656.6234500000455}, {aaa=2007.0, ccc=-12006.0, bbb=3006.0, ddd=656.7234500000455}, {aaa=2008.0, ccc=-12007.0, bbb=3007.0, ddd=656.8234500000456}, {aaa=2009.0, ccc=-12008.0, bbb=3008.0, ddd=656.9234500000456}, {aaa=2010.0, ccc=-12009.0, bbb=3009.0, ddd=657.0234500000456}, {aaa=2011.0, ccc=-12010.0, bbb=3010.0, ddd=657.1234500000456}, {aaa=2012.0, ccc=-12011.0, bbb=3011.0, ddd=657.2234500000457}, {aaa=2013.0, ccc=-12012.0, bbb=3012.0, ddd=657.3234500000457}, {aaa=2014.0, ccc=-12013.0, bbb=3013.0, ddd=657.4234500000457}, {aaa=2015.0, ccc=-12014.0, bbb=3014.0, ddd=657.5234500000457}, {aaa=2016.0, ccc=-12015.0, bbb=3015.0, ddd=657.6234500000458}, {aaa=2017.0, ccc=-12016.0, bbb=3016.0, ddd=657.7234500000458}, {aaa=2018.0, ccc=-12017.0, bbb=3017.0, ddd=657.8234500000458}, {aaa=2019.0, ccc=-12018.0, bbb=3018.0, ddd=657.9234500000458}, {aaa=2020.0, ccc=-12019.0, bbb=3019.0, ddd=658.0234500000458}, {aaa=2021.0, ccc=-12020.0, bbb=3020.0, ddd=658.1234500000459}, {aaa=2022.0, ccc=-12021.0, bbb=3021.0, ddd=658.2234500000459}, {aaa=2023.0, ccc=-12022.0, bbb=3022.0, ddd=658.3234500000459}, {aaa=2024.0, ccc=-12023.0, bbb=3023.0, ddd=658.4234500000459}, {aaa=2025.0, ccc=-12024.0, bbb=3024.0, ddd=658.523450000046}, {aaa=2026.0, ccc=-12025.0, bbb=3025.0, ddd=658.623450000046}, {aaa=2027.0, ccc=-12026.0, bbb=3026.0, ddd=658.723450000046}, {aaa=2028.0, ccc=-12027.0, bbb=3027.0, ddd=658.823450000046}, {aaa=2029.0, ccc=-12028.0, bbb=3028.0, ddd=658.923450000046}, {aaa=2030.0, ccc=-12029.0, bbb=3029.0, ddd=659.0234500000461}, {aaa=2031.0, ccc=-12030.0, bbb=3030.0, ddd=659.1234500000461}, {aaa=2032.0, ccc=-12031.0, bbb=3031.0, ddd=659.2234500000461}, {aaa=2033.0, ccc=-12032.0, bbb=3032.0, ddd=659.3234500000461}, {aaa=2034.0, ccc=-12033.0, bbb=3033.0, ddd=659.4234500000462}, {aaa=2035.0, ccc=-12034.0, bbb=3034.0, ddd=659.5234500000462}, {aaa=2036.0, ccc=-12035.0, bbb=3035.0, ddd=659.6234500000462}, {aaa=2037.0, ccc=-12036.0, bbb=3036.0, ddd=659.7234500000462}, {aaa=2038.0, ccc=-12037.0, bbb=3037.0, ddd=659.8234500000463}, {aaa=2039.0, ccc=-12038.0, bbb=3038.0, ddd=659.9234500000463}, {aaa=2040.0, ccc=-12039.0, bbb=3039.0, ddd=660.0234500000463}, {aaa=2041.0, ccc=-12040.0, bbb=3040.0, ddd=660.1234500000463}, {aaa=2042.0, ccc=-12041.0, bbb=3041.0, ddd=660.2234500000463}, {aaa=2043.0, ccc=-12042.0, bbb=3042.0, ddd=660.3234500000464}, {aaa=2044.0, ccc=-12043.0, bbb=3043.0, ddd=660.4234500000464}, {aaa=2045.0, ccc=-12044.0, bbb=3044.0, ddd=660.5234500000464}, {aaa=2046.0, ccc=-12045.0, bbb=3045.0, ddd=660.6234500000464}, {aaa=2047.0, ccc=-12046.0, bbb=3046.0, ddd=660.7234500000465}, {aaa=2048.0, ccc=-12047.0, bbb=3047.0, ddd=660.8234500000465}, {aaa=2049.0, ccc=-12048.0, bbb=3048.0, ddd=660.9234500000465}, {aaa=2050.0, ccc=-12049.0, bbb=3049.0, ddd=661.0234500000465}, {aaa=2051.0, ccc=-12050.0, bbb=3050.0, ddd=661.1234500000465}, {aaa=2052.0, ccc=-12051.0, bbb=3051.0, ddd=661.2234500000466}, {aaa=2053.0, ccc=-12052.0, bbb=3052.0, ddd=661.3234500000466}, {aaa=2054.0, ccc=-12053.0, bbb=3053.0, ddd=661.4234500000466}, {aaa=2055.0, ccc=-12054.0, bbb=3054.0, ddd=661.5234500000466}, {aaa=2056.0, ccc=-12055.0, bbb=3055.0, ddd=661.6234500000467}, {aaa=2057.0, ccc=-12056.0, bbb=3056.0, ddd=661.7234500000467}, {aaa=2058.0, ccc=-12057.0, bbb=3057.0, ddd=661.8234500000467}, {aaa=2059.0, ccc=-12058.0, bbb=3058.0, ddd=661.9234500000467}, {aaa=2060.0, ccc=-12059.0, bbb=3059.0, ddd=662.0234500000468}, {aaa=2061.0, ccc=-12060.0, bbb=3060.0, ddd=662.1234500000468}, {aaa=2062.0, ccc=-12061.0, bbb=3061.0, ddd=662.2234500000468}, {aaa=2063.0, ccc=-12062.0, bbb=3062.0, ddd=662.3234500000468}, {aaa=2064.0, ccc=-12063.0, bbb=3063.0, ddd=662.4234500000468}, {aaa=2065.0, ccc=-12064.0, bbb=3064.0, ddd=662.5234500000469}, {aaa=2066.0, ccc=-12065.0, bbb=3065.0, ddd=662.6234500000469}, {aaa=2067.0, ccc=-12066.0, bbb=3066.0, ddd=662.7234500000469}, {aaa=2068.0, ccc=-12067.0, bbb=3067.0, ddd=662.8234500000469}, {aaa=2069.0, ccc=-12068.0, bbb=3068.0, ddd=662.923450000047}, {aaa=2070.0, ccc=-12069.0, bbb=3069.0, ddd=663.023450000047}, {aaa=2071.0, ccc=-12070.0, bbb=3070.0, ddd=663.123450000047}, {aaa=2072.0, ccc=-12071.0, bbb=3071.0, ddd=663.223450000047}, {aaa=2073.0, ccc=-12072.0, bbb=3072.0, ddd=663.323450000047}, {aaa=2074.0, ccc=-12073.0, bbb=3073.0, ddd=663.4234500000471}, {aaa=2075.0, ccc=-12074.0, bbb=3074.0, ddd=663.5234500000471}, {aaa=2076.0, ccc=-12075.0, bbb=3075.0, ddd=663.6234500000471}, {aaa=2077.0, ccc=-12076.0, bbb=3076.0, ddd=663.7234500000471}, {aaa=2078.0, ccc=-12077.0, bbb=3077.0, ddd=663.8234500000472}, {aaa=2079.0, ccc=-12078.0, bbb=3078.0, ddd=663.9234500000472}, {aaa=2080.0, ccc=-12079.0, bbb=3079.0, ddd=664.0234500000472}, {aaa=2081.0, ccc=-12080.0, bbb=3080.0, ddd=664.1234500000472}, {aaa=2082.0, ccc=-12081.0, bbb=3081.0, ddd=664.2234500000473}, {aaa=2083.0, ccc=-12082.0, bbb=3082.0, ddd=664.3234500000473}, {aaa=2084.0, ccc=-12083.0, bbb=3083.0, ddd=664.4234500000473}, {aaa=2085.0, ccc=-12084.0, bbb=3084.0, ddd=664.5234500000473}, {aaa=2086.0, ccc=-12085.0, bbb=3085.0, ddd=664.6234500000473}, {aaa=2087.0, ccc=-12086.0, bbb=3086.0, ddd=664.7234500000474}, {aaa=2088.0, ccc=-12087.0, bbb=3087.0, ddd=664.8234500000474}, {aaa=2089.0, ccc=-12088.0, bbb=3088.0, ddd=664.9234500000474}, {aaa=2090.0, ccc=-12089.0, bbb=3089.0, ddd=665.0234500000474}, {aaa=2091.0, ccc=-12090.0, bbb=3090.0, ddd=665.1234500000475}, {aaa=2092.0, ccc=-12091.0, bbb=3091.0, ddd=665.2234500000475}, {aaa=2093.0, ccc=-12092.0, bbb=3092.0, ddd=665.3234500000475}, {aaa=2094.0, ccc=-12093.0, bbb=3093.0, ddd=665.4234500000475}, {aaa=2095.0, ccc=-12094.0, bbb=3094.0, ddd=665.5234500000475}, {aaa=2096.0, ccc=-12095.0, bbb=3095.0, ddd=665.6234500000476}, {aaa=2097.0, ccc=-12096.0, bbb=3096.0, ddd=665.7234500000476}, {aaa=2098.0, ccc=-12097.0, bbb=3097.0, ddd=665.8234500000476}, {aaa=2099.0, ccc=-12098.0, bbb=3098.0, ddd=665.9234500000476}, {aaa=2100.0, ccc=-12099.0, bbb=3099.0, ddd=666.0234500000477}, {aaa=2101.0, ccc=-12100.0, bbb=3100.0, ddd=666.1234500000477}, {aaa=2102.0, ccc=-12101.0, bbb=3101.0, ddd=666.2234500000477}, {aaa=2103.0, ccc=-12102.0, bbb=3102.0, ddd=666.3234500000477}, {aaa=2104.0, ccc=-12103.0, bbb=3103.0, ddd=666.4234500000478}, {aaa=2105.0, ccc=-12104.0, bbb=3104.0, ddd=666.5234500000478}, {aaa=2106.0, ccc=-12105.0, bbb=3105.0, ddd=666.6234500000478}, {aaa=2107.0, ccc=-12106.0, bbb=3106.0, ddd=666.7234500000478}, {aaa=2108.0, ccc=-12107.0, bbb=3107.0, ddd=666.8234500000478}, {aaa=2109.0, ccc=-12108.0, bbb=3108.0, ddd=666.9234500000479}, {aaa=2110.0, ccc=-12109.0, bbb=3109.0, ddd=667.0234500000479}, {aaa=2111.0, ccc=-12110.0, bbb=3110.0, ddd=667.1234500000479}, {aaa=2112.0, ccc=-12111.0, bbb=3111.0, ddd=667.2234500000479}, {aaa=2113.0, ccc=-12112.0, bbb=3112.0, ddd=667.323450000048}, {aaa=2114.0, ccc=-12113.0, bbb=3113.0, ddd=667.423450000048}, {aaa=2115.0, ccc=-12114.0, bbb=3114.0, ddd=667.523450000048}, {aaa=2116.0, ccc=-12115.0, bbb=3115.0, ddd=667.623450000048}, {aaa=2117.0, ccc=-12116.0, bbb=3116.0, ddd=667.723450000048}, {aaa=2118.0, ccc=-12117.0, bbb=3117.0, ddd=667.8234500000481}, {aaa=2119.0, ccc=-12118.0, bbb=3118.0, ddd=667.9234500000481}, {aaa=2120.0, ccc=-12119.0, bbb=3119.0, ddd=668.0234500000481}, {aaa=2121.0, ccc=-12120.0, bbb=3120.0, ddd=668.1234500000481}, {aaa=2122.0, ccc=-12121.0, bbb=3121.0, ddd=668.2234500000482}, {aaa=2123.0, ccc=-12122.0, bbb=3122.0, ddd=668.3234500000482}, {aaa=2124.0, ccc=-12123.0, bbb=3123.0, ddd=668.4234500000482}, {aaa=2125.0, ccc=-12124.0, bbb=3124.0, ddd=668.5234500000482}, {aaa=2126.0, ccc=-12125.0, bbb=3125.0, ddd=668.6234500000483}, {aaa=2127.0, ccc=-12126.0, bbb=3126.0, ddd=668.7234500000483}, {aaa=2128.0, ccc=-12127.0, bbb=3127.0, ddd=668.8234500000483}, {aaa=2129.0, ccc=-12128.0, bbb=3128.0, ddd=668.9234500000483}, {aaa=2130.0, ccc=-12129.0, bbb=3129.0, ddd=669.0234500000483}, {aaa=2131.0, ccc=-12130.0, bbb=3130.0, ddd=669.1234500000484}, {aaa=2132.0, ccc=-12131.0, bbb=3131.0, ddd=669.2234500000484}, {aaa=2133.0, ccc=-12132.0, bbb=3132.0, ddd=669.3234500000484}, {aaa=2134.0, ccc=-12133.0, bbb=3133.0, ddd=669.4234500000484}, {aaa=2135.0, ccc=-12134.0, bbb=3134.0, ddd=669.5234500000485}, {aaa=2136.0, ccc=-12135.0, bbb=3135.0, ddd=669.6234500000485}, {aaa=2137.0, ccc=-12136.0, bbb=3136.0, ddd=669.7234500000485}, {aaa=2138.0, ccc=-12137.0, bbb=3137.0, ddd=669.8234500000485}, {aaa=2139.0, ccc=-12138.0, bbb=3138.0, ddd=669.9234500000485}, {aaa=2140.0, ccc=-12139.0, bbb=3139.0, ddd=670.0234500000486}, {aaa=2141.0, ccc=-12140.0, bbb=3140.0, ddd=670.1234500000486}, {aaa=2142.0, ccc=-12141.0, bbb=3141.0, ddd=670.2234500000486}, {aaa=2143.0, ccc=-12142.0, bbb=3142.0, ddd=670.3234500000486}, {aaa=2144.0, ccc=-12143.0, bbb=3143.0, ddd=670.4234500000487}, {aaa=2145.0, ccc=-12144.0, bbb=3144.0, ddd=670.5234500000487}, {aaa=2146.0, ccc=-12145.0, bbb=3145.0, ddd=670.6234500000487}, {aaa=2147.0, ccc=-12146.0, bbb=3146.0, ddd=670.7234500000487}, {aaa=2148.0, ccc=-12147.0, bbb=3147.0, ddd=670.8234500000488}, {aaa=2149.0, ccc=-12148.0, bbb=3148.0, ddd=670.9234500000488}, {aaa=2150.0, ccc=-12149.0, bbb=3149.0, ddd=671.0234500000488}, {aaa=2151.0, ccc=-12150.0, bbb=3150.0, ddd=671.1234500000488}, {aaa=2152.0, ccc=-12151.0, bbb=3151.0, ddd=671.2234500000488}, {aaa=2153.0, ccc=-12152.0, bbb=3152.0, ddd=671.3234500000489}, {aaa=2154.0, ccc=-12153.0, bbb=3153.0, ddd=671.4234500000489}, {aaa=2155.0, ccc=-12154.0, bbb=3154.0, ddd=671.5234500000489}, {aaa=2156.0, ccc=-12155.0, bbb=3155.0, ddd=671.6234500000489}, {aaa=2157.0, ccc=-12156.0, bbb=3156.0, ddd=671.723450000049}, {aaa=2158.0, ccc=-12157.0, bbb=3157.0, ddd=671.823450000049}, {aaa=2159.0, ccc=-12158.0, bbb=3158.0, ddd=671.923450000049}, {aaa=2160.0, ccc=-12159.0, bbb=3159.0, ddd=672.023450000049}, {aaa=2161.0, ccc=-12160.0, bbb=3160.0, ddd=672.123450000049}, {aaa=2162.0, ccc=-12161.0, bbb=3161.0, ddd=672.2234500000491}, {aaa=2163.0, ccc=-12162.0, bbb=3162.0, ddd=672.3234500000491}, {aaa=2164.0, ccc=-12163.0, bbb=3163.0, ddd=672.4234500000491}, {aaa=2165.0, ccc=-12164.0, bbb=3164.0, ddd=672.5234500000491}, {aaa=2166.0, ccc=-12165.0, bbb=3165.0, ddd=672.6234500000492}, {aaa=2167.0, ccc=-12166.0, bbb=3166.0, ddd=672.7234500000492}, {aaa=2168.0, ccc=-12167.0, bbb=3167.0, ddd=672.8234500000492}, {aaa=2169.0, ccc=-12168.0, bbb=3168.0, ddd=672.9234500000492}, {aaa=2170.0, ccc=-12169.0, bbb=3169.0, ddd=673.0234500000493}, {aaa=2171.0, ccc=-12170.0, bbb=3170.0, ddd=673.1234500000493}, {aaa=2172.0, ccc=-12171.0, bbb=3171.0, ddd=673.2234500000493}, {aaa=2173.0, ccc=-12172.0, bbb=3172.0, ddd=673.3234500000493}, {aaa=2174.0, ccc=-12173.0, bbb=3173.0, ddd=673.4234500000493}, {aaa=2175.0, ccc=-12174.0, bbb=3174.0, ddd=673.5234500000494}, {aaa=2176.0, ccc=-12175.0, bbb=3175.0, ddd=673.6234500000494}, {aaa=2177.0, ccc=-12176.0, bbb=3176.0, ddd=673.7234500000494}, {aaa=2178.0, ccc=-12177.0, bbb=3177.0, ddd=673.8234500000494}, {aaa=2179.0, ccc=-12178.0, bbb=3178.0, ddd=673.9234500000495}, {aaa=2180.0, ccc=-12179.0, bbb=3179.0, ddd=674.0234500000495}, {aaa=2181.0, ccc=-12180.0, bbb=3180.0, ddd=674.1234500000495}, {aaa=2182.0, ccc=-12181.0, bbb=3181.0, ddd=674.2234500000495}, {aaa=2183.0, ccc=-12182.0, bbb=3182.0, ddd=674.3234500000495}, {aaa=2184.0, ccc=-12183.0, bbb=3183.0, ddd=674.4234500000496}, {aaa=2185.0, ccc=-12184.0, bbb=3184.0, ddd=674.5234500000496}, {aaa=2186.0, ccc=-12185.0, bbb=3185.0, ddd=674.6234500000496}, {aaa=2187.0, ccc=-12186.0, bbb=3186.0, ddd=674.7234500000496}, {aaa=2188.0, ccc=-12187.0, bbb=3187.0, ddd=674.8234500000497}, {aaa=2189.0, ccc=-12188.0, bbb=3188.0, ddd=674.9234500000497}, {aaa=2190.0, ccc=-12189.0, bbb=3189.0, ddd=675.0234500000497}, {aaa=2191.0, ccc=-12190.0, bbb=3190.0, ddd=675.1234500000497}, {aaa=2192.0, ccc=-12191.0, bbb=3191.0, ddd=675.2234500000498}, {aaa=2193.0, ccc=-12192.0, bbb=3192.0, ddd=675.3234500000498}, {aaa=2194.0, ccc=-12193.0, bbb=3193.0, ddd=675.4234500000498}, {aaa=2195.0, ccc=-12194.0, bbb=3194.0, ddd=675.5234500000498}, {aaa=2196.0, ccc=-12195.0, bbb=3195.0, ddd=675.6234500000498}, {aaa=2197.0, ccc=-12196.0, bbb=3196.0, ddd=675.7234500000499}, {aaa=2198.0, ccc=-12197.0, bbb=3197.0, ddd=675.8234500000499}, {aaa=2199.0, ccc=-12198.0, bbb=3198.0, ddd=675.9234500000499}, {aaa=2200.0, ccc=-12199.0, bbb=3199.0, ddd=676.0234500000499}, {aaa=2201.0, ccc=-12200.0, bbb=3200.0, ddd=676.12345000005}, {aaa=2202.0, ccc=-12201.0, bbb=3201.0, ddd=676.22345000005}, {aaa=2203.0, ccc=-12202.0, bbb=3202.0, ddd=676.32345000005}, {aaa=2204.0, ccc=-12203.0, bbb=3203.0, ddd=676.42345000005}, {aaa=2205.0, ccc=-12204.0, bbb=3204.0, ddd=676.52345000005}, {aaa=2206.0, ccc=-12205.0, bbb=3205.0, ddd=676.6234500000501}, {aaa=2207.0, ccc=-12206.0, bbb=3206.0, ddd=676.7234500000501}, {aaa=2208.0, ccc=-12207.0, bbb=3207.0, ddd=676.8234500000501}, {aaa=2209.0, ccc=-12208.0, bbb=3208.0, ddd=676.9234500000501}, {aaa=2210.0, ccc=-12209.0, bbb=3209.0, ddd=677.0234500000502}, {aaa=2211.0, ccc=-12210.0, bbb=3210.0, ddd=677.1234500000502}, {aaa=2212.0, ccc=-12211.0, bbb=3211.0, ddd=677.2234500000502}, {aaa=2213.0, ccc=-12212.0, bbb=3212.0, ddd=677.3234500000502}, {aaa=2214.0, ccc=-12213.0, bbb=3213.0, ddd=677.4234500000503}, {aaa=2215.0, ccc=-12214.0, bbb=3214.0, ddd=677.5234500000503}, {aaa=2216.0, ccc=-12215.0, bbb=3215.0, ddd=677.6234500000503}, {aaa=2217.0, ccc=-12216.0, bbb=3216.0, ddd=677.7234500000503}, {aaa=2218.0, ccc=-12217.0, bbb=3217.0, ddd=677.8234500000503}, {aaa=2219.0, ccc=-12218.0, bbb=3218.0, ddd=677.9234500000504}, {aaa=2220.0, ccc=-12219.0, bbb=3219.0, ddd=678.0234500000504}, {aaa=2221.0, ccc=-12220.0, bbb=3220.0, ddd=678.1234500000504}, {aaa=2222.0, ccc=-12221.0, bbb=3221.0, ddd=678.2234500000504}, {aaa=2223.0, ccc=-12222.0, bbb=3222.0, ddd=678.3234500000505}, {aaa=2224.0, ccc=-12223.0, bbb=3223.0, ddd=678.4234500000505}, {aaa=2225.0, ccc=-12224.0, bbb=3224.0, ddd=678.5234500000505}, {aaa=2226.0, ccc=-12225.0, bbb=3225.0, ddd=678.6234500000505}, {aaa=2227.0, ccc=-12226.0, bbb=3226.0, ddd=678.7234500000505}, {aaa=2228.0, ccc=-12227.0, bbb=3227.0, ddd=678.8234500000506}, {aaa=2229.0, ccc=-12228.0, bbb=3228.0, ddd=678.9234500000506}, {aaa=2230.0, ccc=-12229.0, bbb=3229.0, ddd=679.0234500000506}, {aaa=2231.0, ccc=-12230.0, bbb=3230.0, ddd=679.1234500000506}, {aaa=2232.0, ccc=-12231.0, bbb=3231.0, ddd=679.2234500000507}, {aaa=2233.0, ccc=-12232.0, bbb=3232.0, ddd=679.3234500000507}, {aaa=2234.0, ccc=-12233.0, bbb=3233.0, ddd=679.4234500000507}, {aaa=2235.0, ccc=-12234.0, bbb=3234.0, ddd=679.5234500000507}, {aaa=2236.0, ccc=-12235.0, bbb=3235.0, ddd=679.6234500000508}, {aaa=2237.0, ccc=-12236.0, bbb=3236.0, ddd=679.7234500000508}, {aaa=2238.0, ccc=-12237.0, bbb=3237.0, ddd=679.8234500000508}, {aaa=2239.0, ccc=-12238.0, bbb=3238.0, ddd=679.9234500000508}, {aaa=2240.0, ccc=-12239.0, bbb=3239.0, ddd=680.0234500000508}, {aaa=2241.0, ccc=-12240.0, bbb=3240.0, ddd=680.1234500000509}, {aaa=2242.0, ccc=-12241.0, bbb=3241.0, ddd=680.2234500000509}, {aaa=2243.0, ccc=-12242.0, bbb=3242.0, ddd=680.3234500000509}, {aaa=2244.0, ccc=-12243.0, bbb=3243.0, ddd=680.4234500000509}, {aaa=2245.0, ccc=-12244.0, bbb=3244.0, ddd=680.523450000051}, {aaa=2246.0, ccc=-12245.0, bbb=3245.0, ddd=680.623450000051}, {aaa=2247.0, ccc=-12246.0, bbb=3246.0, ddd=680.723450000051}, {aaa=2248.0, ccc=-12247.0, bbb=3247.0, ddd=680.823450000051}, {aaa=2249.0, ccc=-12248.0, bbb=3248.0, ddd=680.923450000051}, {aaa=2250.0, ccc=-12249.0, bbb=3249.0, ddd=681.0234500000511}, {aaa=2251.0, ccc=-12250.0, bbb=3250.0, ddd=681.1234500000511}, {aaa=2252.0, ccc=-12251.0, bbb=3251.0, ddd=681.2234500000511}, {aaa=2253.0, ccc=-12252.0, bbb=3252.0, ddd=681.3234500000511}, {aaa=2254.0, ccc=-12253.0, bbb=3253.0, ddd=681.4234500000512}, {aaa=2255.0, ccc=-12254.0, bbb=3254.0, ddd=681.5234500000512}, {aaa=2256.0, ccc=-12255.0, bbb=3255.0, ddd=681.6234500000512}, {aaa=2257.0, ccc=-12256.0, bbb=3256.0, ddd=681.7234500000512}, {aaa=2258.0, ccc=-12257.0, bbb=3257.0, ddd=681.8234500000513}, {aaa=2259.0, ccc=-12258.0, bbb=3258.0, ddd=681.9234500000513}, {aaa=2260.0, ccc=-12259.0, bbb=3259.0, ddd=682.0234500000513}, {aaa=2261.0, ccc=-12260.0, bbb=3260.0, ddd=682.1234500000513}, {aaa=2262.0, ccc=-12261.0, bbb=3261.0, ddd=682.2234500000513}, {aaa=2263.0, ccc=-12262.0, bbb=3262.0, ddd=682.3234500000514}, {aaa=2264.0, ccc=-12263.0, bbb=3263.0, ddd=682.4234500000514}, {aaa=2265.0, ccc=-12264.0, bbb=3264.0, ddd=682.5234500000514}, {aaa=2266.0, ccc=-12265.0, bbb=3265.0, ddd=682.6234500000514}, {aaa=2267.0, ccc=-12266.0, bbb=3266.0, ddd=682.7234500000515}, {aaa=2268.0, ccc=-12267.0, bbb=3267.0, ddd=682.8234500000515}, {aaa=2269.0, ccc=-12268.0, bbb=3268.0, ddd=682.9234500000515}, {aaa=2270.0, ccc=-12269.0, bbb=3269.0, ddd=683.0234500000515}, {aaa=2271.0, ccc=-12270.0, bbb=3270.0, ddd=683.1234500000515}, {aaa=2272.0, ccc=-12271.0, bbb=3271.0, ddd=683.2234500000516}, {aaa=2273.0, ccc=-12272.0, bbb=3272.0, ddd=683.3234500000516}, {aaa=2274.0, ccc=-12273.0, bbb=3273.0, ddd=683.4234500000516}, {aaa=2275.0, ccc=-12274.0, bbb=3274.0, ddd=683.5234500000516}, {aaa=2276.0, ccc=-12275.0, bbb=3275.0, ddd=683.6234500000517}, {aaa=2277.0, ccc=-12276.0, bbb=3276.0, ddd=683.7234500000517}, {aaa=2278.0, ccc=-12277.0, bbb=3277.0, ddd=683.8234500000517}, {aaa=2279.0, ccc=-12278.0, bbb=3278.0, ddd=683.9234500000517}, {aaa=2280.0, ccc=-12279.0, bbb=3279.0, ddd=684.0234500000518}, {aaa=2281.0, ccc=-12280.0, bbb=3280.0, ddd=684.1234500000518}, {aaa=2282.0, ccc=-12281.0, bbb=3281.0, ddd=684.2234500000518}, {aaa=2283.0, ccc=-12282.0, bbb=3282.0, ddd=684.3234500000518}, {aaa=2284.0, ccc=-12283.0, bbb=3283.0, ddd=684.4234500000518}, {aaa=2285.0, ccc=-12284.0, bbb=3284.0, ddd=684.5234500000519}, {aaa=2286.0, ccc=-12285.0, bbb=3285.0, ddd=684.6234500000519}, {aaa=2287.0, ccc=-12286.0, bbb=3286.0, ddd=684.7234500000519}, {aaa=2288.0, ccc=-12287.0, bbb=3287.0, ddd=684.8234500000519}, {aaa=2289.0, ccc=-12288.0, bbb=3288.0, ddd=684.923450000052}, {aaa=2290.0, ccc=-12289.0, bbb=3289.0, ddd=685.023450000052}, {aaa=2291.0, ccc=-12290.0, bbb=3290.0, ddd=685.123450000052}, {aaa=2292.0, ccc=-12291.0, bbb=3291.0, ddd=685.223450000052}, {aaa=2293.0, ccc=-12292.0, bbb=3292.0, ddd=685.323450000052}, {aaa=2294.0, ccc=-12293.0, bbb=3293.0, ddd=685.4234500000521}, {aaa=2295.0, ccc=-12294.0, bbb=3294.0, ddd=685.5234500000521}, {aaa=2296.0, ccc=-12295.0, bbb=3295.0, ddd=685.6234500000521}, {aaa=2297.0, ccc=-12296.0, bbb=3296.0, ddd=685.7234500000521}, {aaa=2298.0, ccc=-12297.0, bbb=3297.0, ddd=685.8234500000522}, {aaa=2299.0, ccc=-12298.0, bbb=3298.0, ddd=685.9234500000522}, {aaa=2300.0, ccc=-12299.0, bbb=3299.0, ddd=686.0234500000522}, {aaa=2301.0, ccc=-12300.0, bbb=3300.0, ddd=686.1234500000522}, {aaa=2302.0, ccc=-12301.0, bbb=3301.0, ddd=686.2234500000523}, {aaa=2303.0, ccc=-12302.0, bbb=3302.0, ddd=686.3234500000523}, {aaa=2304.0, ccc=-12303.0, bbb=3303.0, ddd=686.4234500000523}, {aaa=2305.0, ccc=-12304.0, bbb=3304.0, ddd=686.5234500000523}, {aaa=2306.0, ccc=-12305.0, bbb=3305.0, ddd=686.6234500000523}, {aaa=2307.0, ccc=-12306.0, bbb=3306.0, ddd=686.7234500000524}, {aaa=2308.0, ccc=-12307.0, bbb=3307.0, ddd=686.8234500000524}, {aaa=2309.0, ccc=-12308.0, bbb=3308.0, ddd=686.9234500000524}, {aaa=2310.0, ccc=-12309.0, bbb=3309.0, ddd=687.0234500000524}, {aaa=2311.0, ccc=-12310.0, bbb=3310.0, ddd=687.1234500000525}, {aaa=2312.0, ccc=-12311.0, bbb=3311.0, ddd=687.2234500000525}, {aaa=2313.0, ccc=-12312.0, bbb=3312.0, ddd=687.3234500000525}, {aaa=2314.0, ccc=-12313.0, bbb=3313.0, ddd=687.4234500000525}, {aaa=2315.0, ccc=-12314.0, bbb=3314.0, ddd=687.5234500000525}, {aaa=2316.0, ccc=-12315.0, bbb=3315.0, ddd=687.6234500000526}, {aaa=2317.0, ccc=-12316.0, bbb=3316.0, ddd=687.7234500000526}, {aaa=2318.0, ccc=-12317.0, bbb=3317.0, ddd=687.8234500000526}, {aaa=2319.0, ccc=-12318.0, bbb=3318.0, ddd=687.9234500000526}, {aaa=2320.0, ccc=-12319.0, bbb=3319.0, ddd=688.0234500000527}, {aaa=2321.0, ccc=-12320.0, bbb=3320.0, ddd=688.1234500000527}, {aaa=2322.0, ccc=-12321.0, bbb=3321.0, ddd=688.2234500000527}, {aaa=2323.0, ccc=-12322.0, bbb=3322.0, ddd=688.3234500000527}, {aaa=2324.0, ccc=-12323.0, bbb=3323.0, ddd=688.4234500000528}, {aaa=2325.0, ccc=-12324.0, bbb=3324.0, ddd=688.5234500000528}, {aaa=2326.0, ccc=-12325.0, bbb=3325.0, ddd=688.6234500000528}, {aaa=2327.0, ccc=-12326.0, bbb=3326.0, ddd=688.7234500000528}, {aaa=2328.0, ccc=-12327.0, bbb=3327.0, ddd=688.8234500000528}, {aaa=2329.0, ccc=-12328.0, bbb=3328.0, ddd=688.9234500000529}, {aaa=2330.0, ccc=-12329.0, bbb=3329.0, ddd=689.0234500000529}, {aaa=2331.0, ccc=-12330.0, bbb=3330.0, ddd=689.1234500000529}, {aaa=2332.0, ccc=-12331.0, bbb=3331.0, ddd=689.2234500000529}, {aaa=2333.0, ccc=-12332.0, bbb=3332.0, ddd=689.323450000053}, {aaa=2334.0, ccc=-12333.0, bbb=3333.0, ddd=689.423450000053}, {aaa=2335.0, ccc=-12334.0, bbb=3334.0, ddd=689.523450000053}, {aaa=2336.0, ccc=-12335.0, bbb=3335.0, ddd=689.623450000053}, {aaa=2337.0, ccc=-12336.0, bbb=3336.0, ddd=689.723450000053}, {aaa=2338.0, ccc=-12337.0, bbb=3337.0, ddd=689.8234500000531}, {aaa=2339.0, ccc=-12338.0, bbb=3338.0, ddd=689.9234500000531}, {aaa=2340.0, ccc=-12339.0, bbb=3339.0, ddd=690.0234500000531}, {aaa=2341.0, ccc=-12340.0, bbb=3340.0, ddd=690.1234500000531}, {aaa=2342.0, ccc=-12341.0, bbb=3341.0, ddd=690.2234500000532}, {aaa=2343.0, ccc=-12342.0, bbb=3342.0, ddd=690.3234500000532}, {aaa=2344.0, ccc=-12343.0, bbb=3343.0, ddd=690.4234500000532}, {aaa=2345.0, ccc=-12344.0, bbb=3344.0, ddd=690.5234500000532}, {aaa=2346.0, ccc=-12345.0, bbb=3345.0, ddd=690.6234500000533}, {aaa=2347.0, ccc=-12346.0, bbb=3346.0, ddd=690.7234500000533}, {aaa=2348.0, ccc=-12347.0, bbb=3347.0, ddd=690.8234500000533}, {aaa=2349.0, ccc=-12348.0, bbb=3348.0, ddd=690.9234500000533}, {aaa=2350.0, ccc=-12349.0, bbb=3349.0, ddd=691.0234500000533}, {aaa=2351.0, ccc=-12350.0, bbb=3350.0, ddd=691.1234500000534}, {aaa=2352.0, ccc=-12351.0, bbb=3351.0, ddd=691.2234500000534}, {aaa=2353.0, ccc=-12352.0, bbb=3352.0, ddd=691.3234500000534}, {aaa=2354.0, ccc=-12353.0, bbb=3353.0, ddd=691.4234500000534}, {aaa=2355.0, ccc=-12354.0, bbb=3354.0, ddd=691.5234500000535}, {aaa=2356.0, ccc=-12355.0, bbb=3355.0, ddd=691.6234500000535}, {aaa=2357.0, ccc=-12356.0, bbb=3356.0, ddd=691.7234500000535}, {aaa=2358.0, ccc=-12357.0, bbb=3357.0, ddd=691.8234500000535}, {aaa=2359.0, ccc=-12358.0, bbb=3358.0, ddd=691.9234500000535}, {aaa=2360.0, ccc=-12359.0, bbb=3359.0, ddd=692.0234500000536}, {aaa=2361.0, ccc=-12360.0, bbb=3360.0, ddd=692.1234500000536}, {aaa=2362.0, ccc=-12361.0, bbb=3361.0, ddd=692.2234500000536}, {aaa=2363.0, ccc=-12362.0, bbb=3362.0, ddd=692.3234500000536}, {aaa=2364.0, ccc=-12363.0, bbb=3363.0, ddd=692.4234500000537}, {aaa=2365.0, ccc=-12364.0, bbb=3364.0, ddd=692.5234500000537}, {aaa=2366.0, ccc=-12365.0, bbb=3365.0, ddd=692.6234500000537}, {aaa=2367.0, ccc=-12366.0, bbb=3366.0, ddd=692.7234500000537}, {aaa=2368.0, ccc=-12367.0, bbb=3367.0, ddd=692.8234500000538}, {aaa=2369.0, ccc=-12368.0, bbb=3368.0, ddd=692.9234500000538}, {aaa=2370.0, ccc=-12369.0, bbb=3369.0, ddd=693.0234500000538}, {aaa=2371.0, ccc=-12370.0, bbb=3370.0, ddd=693.1234500000538}, {aaa=2372.0, ccc=-12371.0, bbb=3371.0, ddd=693.2234500000538}, {aaa=2373.0, ccc=-12372.0, bbb=3372.0, ddd=693.3234500000539}, {aaa=2374.0, ccc=-12373.0, bbb=3373.0, ddd=693.4234500000539}, {aaa=2375.0, ccc=-12374.0, bbb=3374.0, ddd=693.5234500000539}, {aaa=2376.0, ccc=-12375.0, bbb=3375.0, ddd=693.6234500000539}, {aaa=2377.0, ccc=-12376.0, bbb=3376.0, ddd=693.723450000054}, {aaa=2378.0, ccc=-12377.0, bbb=3377.0, ddd=693.823450000054}, {aaa=2379.0, ccc=-12378.0, bbb=3378.0, ddd=693.923450000054}, {aaa=2380.0, ccc=-12379.0, bbb=3379.0, ddd=694.023450000054}, {aaa=2381.0, ccc=-12380.0, bbb=3380.0, ddd=694.123450000054}, {aaa=2382.0, ccc=-12381.0, bbb=3381.0, ddd=694.2234500000541}, {aaa=2383.0, ccc=-12382.0, bbb=3382.0, ddd=694.3234500000541}, {aaa=2384.0, ccc=-12383.0, bbb=3383.0, ddd=694.4234500000541}, {aaa=2385.0, ccc=-12384.0, bbb=3384.0, ddd=694.5234500000541}, {aaa=2386.0, ccc=-12385.0, bbb=3385.0, ddd=694.6234500000542}, {aaa=2387.0, ccc=-12386.0, bbb=3386.0, ddd=694.7234500000542}, {aaa=2388.0, ccc=-12387.0, bbb=3387.0, ddd=694.8234500000542}, {aaa=2389.0, ccc=-12388.0, bbb=3388.0, ddd=694.9234500000542}, {aaa=2390.0, ccc=-12389.0, bbb=3389.0, ddd=695.0234500000543}, {aaa=2391.0, ccc=-12390.0, bbb=3390.0, ddd=695.1234500000543}, {aaa=2392.0, ccc=-12391.0, bbb=3391.0, ddd=695.2234500000543}, {aaa=2393.0, ccc=-12392.0, bbb=3392.0, ddd=695.3234500000543}, {aaa=2394.0, ccc=-12393.0, bbb=3393.0, ddd=695.4234500000543}, {aaa=2395.0, ccc=-12394.0, bbb=3394.0, ddd=695.5234500000544}, {aaa=2396.0, ccc=-12395.0, bbb=3395.0, ddd=695.6234500000544}, {aaa=2397.0, ccc=-12396.0, bbb=3396.0, ddd=695.7234500000544}, {aaa=2398.0, ccc=-12397.0, bbb=3397.0, ddd=695.8234500000544}, {aaa=2399.0, ccc=-12398.0, bbb=3398.0, ddd=695.9234500000545}, {aaa=2400.0, ccc=-12399.0, bbb=3399.0, ddd=696.0234500000545}, {aaa=2401.0, ccc=-12400.0, bbb=3400.0, ddd=696.1234500000545}, {aaa=2402.0, ccc=-12401.0, bbb=3401.0, ddd=696.2234500000545}, {aaa=2403.0, ccc=-12402.0, bbb=3402.0, ddd=696.3234500000545}, {aaa=2404.0, ccc=-12403.0, bbb=3403.0, ddd=696.4234500000546}, {aaa=2405.0, ccc=-12404.0, bbb=3404.0, ddd=696.5234500000546}, {aaa=2406.0, ccc=-12405.0, bbb=3405.0, ddd=696.6234500000546}, {aaa=2407.0, ccc=-12406.0, bbb=3406.0, ddd=696.7234500000546}, {aaa=2408.0, ccc=-12407.0, bbb=3407.0, ddd=696.8234500000547}, {aaa=2409.0, ccc=-12408.0, bbb=3408.0, ddd=696.9234500000547}, {aaa=2410.0, ccc=-12409.0, bbb=3409.0, ddd=697.0234500000547}, {aaa=2411.0, ccc=-12410.0, bbb=3410.0, ddd=697.1234500000547}, {aaa=2412.0, ccc=-12411.0, bbb=3411.0, ddd=697.2234500000548}, {aaa=2413.0, ccc=-12412.0, bbb=3412.0, ddd=697.3234500000548}, {aaa=2414.0, ccc=-12413.0, bbb=3413.0, ddd=697.4234500000548}, {aaa=2415.0, ccc=-12414.0, bbb=3414.0, ddd=697.5234500000548}, {aaa=2416.0, ccc=-12415.0, bbb=3415.0, ddd=697.6234500000548}, {aaa=2417.0, ccc=-12416.0, bbb=3416.0, ddd=697.7234500000549}, {aaa=2418.0, ccc=-12417.0, bbb=3417.0, ddd=697.8234500000549}, {aaa=2419.0, ccc=-12418.0, bbb=3418.0, ddd=697.9234500000549}, {aaa=2420.0, ccc=-12419.0, bbb=3419.0, ddd=698.0234500000549}, {aaa=2421.0, ccc=-12420.0, bbb=3420.0, ddd=698.123450000055}, {aaa=2422.0, ccc=-12421.0, bbb=3421.0, ddd=698.223450000055}, {aaa=2423.0, ccc=-12422.0, bbb=3422.0, ddd=698.323450000055}, {aaa=2424.0, ccc=-12423.0, bbb=3423.0, ddd=698.423450000055}, {aaa=2425.0, ccc=-12424.0, bbb=3424.0, ddd=698.523450000055}, {aaa=2426.0, ccc=-12425.0, bbb=3425.0, ddd=698.6234500000551}, {aaa=2427.0, ccc=-12426.0, bbb=3426.0, ddd=698.7234500000551}, {aaa=2428.0, ccc=-12427.0, bbb=3427.0, ddd=698.8234500000551}, {aaa=2429.0, ccc=-12428.0, bbb=3428.0, ddd=698.9234500000551}, {aaa=2430.0, ccc=-12429.0, bbb=3429.0, ddd=699.0234500000552}, {aaa=2431.0, ccc=-12430.0, bbb=3430.0, ddd=699.1234500000552}, {aaa=2432.0, ccc=-12431.0, bbb=3431.0, ddd=699.2234500000552}, {aaa=2433.0, ccc=-12432.0, bbb=3432.0, ddd=699.3234500000552}, {aaa=2434.0, ccc=-12433.0, bbb=3433.0, ddd=699.4234500000553}, {aaa=2435.0, ccc=-12434.0, bbb=3434.0, ddd=699.5234500000553}, {aaa=2436.0, ccc=-12435.0, bbb=3435.0, ddd=699.6234500000553}, {aaa=2437.0, ccc=-12436.0, bbb=3436.0, ddd=699.7234500000553}, {aaa=2438.0, ccc=-12437.0, bbb=3437.0, ddd=699.8234500000553}, {aaa=2439.0, ccc=-12438.0, bbb=3438.0, ddd=699.9234500000554}, {aaa=2440.0, ccc=-12439.0, bbb=3439.0, ddd=700.0234500000554}, {aaa=2441.0, ccc=-12440.0, bbb=3440.0, ddd=700.1234500000554}, {aaa=2442.0, ccc=-12441.0, bbb=3441.0, ddd=700.2234500000554}, {aaa=2443.0, ccc=-12442.0, bbb=3442.0, ddd=700.3234500000555}, {aaa=2444.0, ccc=-12443.0, bbb=3443.0, ddd=700.4234500000555}, {aaa=2445.0, ccc=-12444.0, bbb=3444.0, ddd=700.5234500000555}, {aaa=2446.0, ccc=-12445.0, bbb=3445.0, ddd=700.6234500000555}, {aaa=2447.0, ccc=-12446.0, bbb=3446.0, ddd=700.7234500000555}, {aaa=2448.0, ccc=-12447.0, bbb=3447.0, ddd=700.8234500000556}, {aaa=2449.0, ccc=-12448.0, bbb=3448.0, ddd=700.9234500000556}, {aaa=2450.0, ccc=-12449.0, bbb=3449.0, ddd=701.0234500000556}, {aaa=2451.0, ccc=-12450.0, bbb=3450.0, ddd=701.1234500000556}, {aaa=2452.0, ccc=-12451.0, bbb=3451.0, ddd=701.2234500000557}, {aaa=2453.0, ccc=-12452.0, bbb=3452.0, ddd=701.3234500000557}, {aaa=2454.0, ccc=-12453.0, bbb=3453.0, ddd=701.4234500000557}, {aaa=2455.0, ccc=-12454.0, bbb=3454.0, ddd=701.5234500000557}, {aaa=2456.0, ccc=-12455.0, bbb=3455.0, ddd=701.6234500000558}, {aaa=2457.0, ccc=-12456.0, bbb=3456.0, ddd=701.7234500000558}, {aaa=2458.0, ccc=-12457.0, bbb=3457.0, ddd=701.8234500000558}, {aaa=2459.0, ccc=-12458.0, bbb=3458.0, ddd=701.9234500000558}, {aaa=2460.0, ccc=-12459.0, bbb=3459.0, ddd=702.0234500000558}, {aaa=2461.0, ccc=-12460.0, bbb=3460.0, ddd=702.1234500000559}, {aaa=2462.0, ccc=-12461.0, bbb=3461.0, ddd=702.2234500000559}, {aaa=2463.0, ccc=-12462.0, bbb=3462.0, ddd=702.3234500000559}, {aaa=2464.0, ccc=-12463.0, bbb=3463.0, ddd=702.4234500000559}, {aaa=2465.0, ccc=-12464.0, bbb=3464.0, ddd=702.523450000056}, {aaa=2466.0, ccc=-12465.0, bbb=3465.0, ddd=702.623450000056}, {aaa=2467.0, ccc=-12466.0, bbb=3466.0, ddd=702.723450000056}, {aaa=2468.0, ccc=-12467.0, bbb=3467.0, ddd=702.823450000056}, {aaa=2469.0, ccc=-12468.0, bbb=3468.0, ddd=702.923450000056}, {aaa=2470.0, ccc=-12469.0, bbb=3469.0, ddd=703.0234500000561}, {aaa=2471.0, ccc=-12470.0, bbb=3470.0, ddd=703.1234500000561}, {aaa=2472.0, ccc=-12471.0, bbb=3471.0, ddd=703.2234500000561}, {aaa=2473.0, ccc=-12472.0, bbb=3472.0, ddd=703.3234500000561}, {aaa=2474.0, ccc=-12473.0, bbb=3473.0, ddd=703.4234500000562}, {aaa=2475.0, ccc=-12474.0, bbb=3474.0, ddd=703.5234500000562}, {aaa=2476.0, ccc=-12475.0, bbb=3475.0, ddd=703.6234500000562}, {aaa=2477.0, ccc=-12476.0, bbb=3476.0, ddd=703.7234500000562}, {aaa=2478.0, ccc=-12477.0, bbb=3477.0, ddd=703.8234500000563}, {aaa=2479.0, ccc=-12478.0, bbb=3478.0, ddd=703.9234500000563}, {aaa=2480.0, ccc=-12479.0, bbb=3479.0, ddd=704.0234500000563}, {aaa=2481.0, ccc=-12480.0, bbb=3480.0, ddd=704.1234500000563}, {aaa=2482.0, ccc=-12481.0, bbb=3481.0, ddd=704.2234500000563}, {aaa=2483.0, ccc=-12482.0, bbb=3482.0, ddd=704.3234500000564}, {aaa=2484.0, ccc=-12483.0, bbb=3483.0, ddd=704.4234500000564}, {aaa=2485.0, ccc=-12484.0, bbb=3484.0, ddd=704.5234500000564}, {aaa=2486.0, ccc=-12485.0, bbb=3485.0, ddd=704.6234500000564}, {aaa=2487.0, ccc=-12486.0, bbb=3486.0, ddd=704.7234500000565}, {aaa=2488.0, ccc=-12487.0, bbb=3487.0, ddd=704.8234500000565}, {aaa=2489.0, ccc=-12488.0, bbb=3488.0, ddd=704.9234500000565}, {aaa=2490.0, ccc=-12489.0, bbb=3489.0, ddd=705.0234500000565}, {aaa=2491.0, ccc=-12490.0, bbb=3490.0, ddd=705.1234500000566}, {aaa=2492.0, ccc=-12491.0, bbb=3491.0, ddd=705.2234500000566}, {aaa=2493.0, ccc=-12492.0, bbb=3492.0, ddd=705.3234500000566}, {aaa=2494.0, ccc=-12493.0, bbb=3493.0, ddd=705.4234500000566}, {aaa=2495.0, ccc=-12494.0, bbb=3494.0, ddd=705.5234500000566}, {aaa=2496.0, ccc=-12495.0, bbb=3495.0, ddd=705.6234500000567}, {aaa=2497.0, ccc=-12496.0, bbb=3496.0, ddd=705.7234500000567}, {aaa=2498.0, ccc=-12497.0, bbb=3497.0, ddd=705.8234500000567}, {aaa=2499.0, ccc=-12498.0, bbb=3498.0, ddd=705.9234500000567}, {aaa=2500.0, ccc=-12499.0, bbb=3499.0, ddd=706.0234500000568}]}
20:43:24.149 [Test worker] DEBUG o.x.d.ExcelR1C1DefinitionLoader - Start loading table definition from sheet formatForceString
20:43:24.153 [Test worker] INFO  o.x.d.ExcelR1C1DefinitionLoader - Loaded table definition from sheet formatForceString [4 msec]
20:43:24.153 [Test worker] DEBUG org.xlbean.data.ExcelDataLoader - Start loading data: tests
20:43:24.154 [Test worker] TRACE org.xlbean.data.TableValueLoader - {aaaa=1.0, bbbb=[{value=1.0, key=key1}, {value=2.0, key=key2}, {value=3.0, key=key3}, {value=4.0, key=key4}, {value=5.0, key=key5}, {value=6.0, key=key6}]}
20:43:24.154 [Test worker] TRACE org.xlbean.data.TableValueLoader - {aaaa=2.0, bbbb=[{value=1.0, key=key1}, {value=2.0, key=key2}, {value=3.0, key=key3}, {value=4.0, key=key4}, {value=5.0, key=key5}]}
20:43:24.155 [Test worker] TRACE org.xlbean.data.TableValueLoader - {aaaa=3.0, bbbb=[{value=1.0, key=key1}, null, {value=3.0, key=key3}, {value=4.0, key=key4}, {value=5.0, key=key5}]}
20:43:24.155 [Test worker] TRACE org.xlbean.data.TableValueLoader - {aaaa=4.0, bbbb=[{value=1.0, key=key1}, {value=2.0, key=key2}]}
20:43:24.155 [Test worker] TRACE org.xlbean.data.TableValueLoader - {aaaa=5.0, bbbb=[{value=1.0}]}
20:43:24.155 [Test worker] TRACE org.xlbean.data.TableValueLoader - {aaaa=6.0, bbbb=[null, null, null, null, null, {value=6.0, key=key6}]}
20:43:24.155 [Test worker] TRACE org.xlbean.data.TableValueLoader - {aaaa=7.0, bbbb=[{key=key1}]}
20:43:24.155 [Test worker] TRACE org.xlbean.data.TableValueLoader - {}
20:43:24.155 [Test worker] INFO  org.xlbean.data.ExcelDataLoader - Loaded data: tests [2 msec]
20:43:24.273 [Test worker] DEBUG o.x.d.ExcelR1C1DefinitionLoader - Start loading table definition from sheet format
20:43:24.275 [Test worker] INFO  o.x.d.ExcelR1C1DefinitionLoader - Loaded table definition from sheet format [2 msec]
20:43:24.275 [Test worker] DEBUG o.x.d.ExcelR1C1DefinitionLoader - Start loading table definition from sheet formatForceString
20:43:24.277 [Test worker] INFO  o.x.d.ExcelR1C1DefinitionLoader - Loaded table definition from sheet formatForceString [2 msec]
20:43:24.277 [Test worker] DEBUG org.xlbean.data.ExcelDataLoader - Start loading data: format
20:43:24.279 [Test worker] TRACE org.xlbean.data.TableValueLoader - {date=2017/03/18 00:00:00.000, number=12345.6789, string=abcde, percentage=0.1, currency=100.12, id=1.0, accounting=100.12, time=06:55:00.000, user=2017/03/18 00:00:00.000}
20:43:24.280 [Test worker] TRACE org.xlbean.data.TableValueLoader - {date=2017/03/18 00:00:00.000, number=12345.6789, string=12345, percentage=1.1, currency=100.12, id=2.0, accounting=100.12, time=06:55:00.000, user=2017/03/18 00:00:00.000}
20:43:24.281 [Test worker] TRACE org.xlbean.data.TableValueLoader - {date=2017/03/18 00:00:00.000, number=12345.6789, currency=100.12, id=3.0, accounting=100.12, time=06:55:00.000, user=06:59:00.000}
20:43:24.281 [Test worker] TRACE org.xlbean.data.TableValueLoader - {date=2017/03/18 00:00:00.000, number=12345.6789, currency=100.12, id=4.0, time=06:55:00.000, user=06:59:00.000}
20:43:24.282 [Test worker] TRACE org.xlbean.data.TableValueLoader - {date=2017/03/18 00:00:00.000, number=12345.6789, currency=100.12, id=5.0, time=06:55:00.000, user=1234.0}
20:43:24.283 [Test worker] TRACE org.xlbean.data.TableValueLoader - {date=2017/03/18 00:00:00.000, number=12345.6789, currency=100.12, id=6.0, time=06:55:00.000}
20:43:24.284 [Test worker] TRACE org.xlbean.data.TableValueLoader - {date=2017/03/18 00:00:00.000, number=12345.6789, currency=100.12, id=7.0, time=06:55:00.000}
20:43:24.285 [Test worker] TRACE org.xlbean.data.TableValueLoader - {date=2017/03/18 00:00:00.000, number=12345.6789, currency=100.12, id=8.0, time=06:55:00.000}
20:43:24.286 [Test worker] TRACE org.xlbean.data.TableValueLoader - {date=2017/03/18 00:00:00.000, number=12345.6789, currency=100.12, id=9.0, time=06:55:00.000}
20:43:24.286 [Test worker] TRACE org.xlbean.data.TableValueLoader - {date=2017/03/18 00:00:00.000, number=12345.6789, id=10.0, time=06:55:00.000}
20:43:24.286 [Test worker] TRACE org.xlbean.data.TableValueLoader - {date=2017/03/18 00:00:00.000, number=12345.6789, id=11.0}
20:43:24.286 [Test worker] TRACE org.xlbean.data.TableValueLoader - {date=2017/03/18 00:00:00.000, number=1.0, id=12.0}
20:43:24.286 [Test worker] TRACE org.xlbean.data.TableValueLoader - {date=2017/03/18 00:00:00.000, id=13.0}
20:43:24.286 [Test worker] TRACE org.xlbean.data.TableValueLoader - {date=2017/03/18 00:00:00.000, id=14.0}
20:43:24.287 [Test worker] TRACE org.xlbean.data.TableValueLoader - {date=2017/03/18 00:00:00.000, id=15.0}
20:43:24.287 [Test worker] TRACE org.xlbean.data.TableValueLoader - {}
20:43:24.287 [Test worker] INFO  org.xlbean.data.ExcelDataLoader - Loaded data: format [10 msec]
20:43:24.287 [Test worker] DEBUG org.xlbean.data.ExcelDataLoader - Start loading data: formatStr
20:43:24.405 [Test worker] TRACE org.xlbean.data.TableValueLoader - {date=3/18/17, number=12345.6789, string=abcde, percentage=10%, currency=¥100, id=1.0, accounting=¥   100, time=6:55:00 午前, user=2017}
20:43:24.409 [Test worker] TRACE org.xlbean.data.TableValueLoader - {date=土曜日, 3月 18, 2017, number=12346, string=12345, percentage=110.0%, currency=¥100, id=2.0, accounting=¥   100.120, time=6:55, user=3}
20:43:24.412 [Test worker] TRACE org.xlbean.data.TableValueLoader - {date=2017"年"3"月"18"日", number=12346, currency=¥100, id=3.0, accounting=100, time=6:55 午前, user=6}
20:43:24.414 [Test worker] TRACE org.xlbean.data.TableValueLoader - {date=2017"年"3"月", number=12346, currency=¥100, id=4.0, time=6:55:00, user=659}
20:43:24.417 [Test worker] TRACE org.xlbean.data.TableValueLoader - {date=3"月"18"日", number=12346, currency=¥100, id=5.0, time=6:55:00 午前, user=1234.000}
20:43:24.419 [Test worker] TRACE org.xlbean.data.TableValueLoader - {date=2017/3/18, number=12346, currency=¥100, id=6.0, time=1899/12/31 6:55 午前}
20:43:24.421 [Test worker] TRACE org.xlbean.data.TableValueLoader - {date=2017/3/18 12:00 午前, number=12346, currency=¥100.12, id=7.0, time=1899/12/31 6:55}
20:43:24.423 [Test worker] TRACE org.xlbean.data.TableValueLoader - {date=2017/3/18 0:00, number=12346, currency=$100.12, id=8.0, time=0.2881944444444445}
20:43:24.425 [Test worker] TRACE org.xlbean.data.TableValueLoader - {date=3/18, number=12346, currency=100.12, id=9.0, time=0.2881944444444445}
20:43:24.426 [Test worker] TRACE org.xlbean.data.TableValueLoader - {date=03/18/17, number=12345.68, id=10.0, time=6:55}
20:43:24.428 [Test worker] TRACE org.xlbean.data.TableValueLoader - {date=18-3, number=12,346, id=11.0, time=}
20:43:24.429 [Test worker] TRACE org.xlbean.data.TableValueLoader - {date=3-17, number=1, id=12.0, time=}
20:43:24.431 [Test worker] TRACE org.xlbean.data.TableValueLoader - {date=3月-17, id=13.0, time=}
20:43:24.435 [Test worker] TRACE org.xlbean.data.TableValueLoader - {date=3, id=14.0, time=}
20:43:24.436 [Test worker] TRACE org.xlbean.data.TableValueLoader - {date=3-17, id=15.0, time=}
20:43:24.437 [Test worker] TRACE org.xlbean.data.TableValueLoader - {date=}
20:43:24.437 [Test worker] INFO  org.xlbean.data.ExcelDataLoader - Loaded data: formatStr [150 msec]
{formatStr=[{date=3/18/17, number=12345.6789, string=abcde, percentage=10%, currency=¥100, id=1.0, accounting=¥   100, time=6:55:00 午前, user=2017}, {date=土曜日, 3月 18, 2017, number=12346, string=12345, percentage=110.0%, currency=¥100, id=2.0, accounting=¥   100.120, time=6:55, user=3}, {date=2017"年"3"月"18"日", number=12346, currency=¥100, id=3.0, accounting=100, time=6:55 午前, user=6}, {date=2017"年"3"月", number=12346, currency=¥100, id=4.0, time=6:55:00, user=659}, {date=3"月"18"日", number=12346, currency=¥100, id=5.0, time=6:55:00 午前, user=1234.000}, {date=2017/3/18, number=12346, currency=¥100, id=6.0, time=1899/12/31 6:55 午前}, {date=2017/3/18 12:00 午前, number=12346, currency=¥100.12, id=7.0, time=1899/12/31 6:55}, {date=2017/3/18 0:00, number=12346, currency=$100.12, id=8.0, time=0.2881944444444445}, {date=3/18, number=12346, currency=100.12, id=9.0, time=0.2881944444444445}, {date=03/18/17, number=12345.68, id=10.0, time=6:55}, {date=18-3, number=12,346, id=11.0, time=}, {date=3-17, number=1, id=12.0, time=}, {date=3月-17, id=13.0, time=}, {date=3, id=14.0, time=}, {date=3-17, id=15.0, time=}], format=[{date=2017/03/18 00:00:00.000, number=12345.6789, string=abcde, percentage=0.1, currency=100.12, id=1.0, accounting=100.12, time=06:55:00.000, user=2017/03/18 00:00:00.000}, {date=2017/03/18 00:00:00.000, number=12345.6789, string=12345, percentage=1.1, currency=100.12, id=2.0, accounting=100.12, time=06:55:00.000, user=2017/03/18 00:00:00.000}, {date=2017/03/18 00:00:00.000, number=12345.6789, currency=100.12, id=3.0, accounting=100.12, time=06:55:00.000, user=06:59:00.000}, {date=2017/03/18 00:00:00.000, number=12345.6789, currency=100.12, id=4.0, time=06:55:00.000, user=06:59:00.000}, {date=2017/03/18 00:00:00.000, number=12345.6789, currency=100.12, id=5.0, time=06:55:00.000, user=1234.0}, {date=2017/03/18 00:00:00.000, number=12345.6789, currency=100.12, id=6.0, time=06:55:00.000}, {date=2017/03/18 00:00:00.000, number=12345.6789, currency=100.12, id=7.0, time=06:55:00.000}, {date=2017/03/18 00:00:00.000, number=12345.6789, currency=100.12, id=8.0, time=06:55:00.000}, {date=2017/03/18 00:00:00.000, number=12345.6789, currency=100.12, id=9.0, time=06:55:00.000}, {date=2017/03/18 00:00:00.000, number=12345.6789, id=10.0, time=06:55:00.000}, {date=2017/03/18 00:00:00.000, number=12345.6789, id=11.0}, {date=2017/03/18 00:00:00.000, number=1.0, id=12.0}, {date=2017/03/18 00:00:00.000, id=13.0}, {date=2017/03/18 00:00:00.000, id=14.0}, {date=2017/03/18 00:00:00.000, id=15.0}]}
20:43:24.655 [Test worker] DEBUG o.x.d.ExcelR1C1DefinitionLoader - Start loading table definition from sheet bigtable
20:43:24.658 [Test worker] INFO  o.x.d.ExcelR1C1DefinitionLoader - Loaded table definition from sheet bigtable [3 msec]
]]></system-out>
  <system-err><![CDATA[]]></system-err>
</testsuite>
