<?xml version="1.0" encoding="UTF-8"?>
<testsuite name="org.xlbean.excel.XlSheetTest" tests="1" skipped="0" failures="0" errors="0" timestamp="2017-07-24T11:44:43" hostname="DESKTOP-F58CKQI" time="0.04">
  <properties/>
  <testcase name="parseDateTimeValue" classname="org.xlbean.excel.XlSheetTest" time="0.04"/>
  <system-out><![CDATA[]]></system-out>
  <system-err><![CDATA[]]></system-err>
</testsuite>
